#
# There is insufficient memory for the Java Runtime Environment to continue.
# Native memory allocation (mmap) failed to map 266338304 bytes for Failed to commit area from 0x0000000702c00000 to 0x0000000712a00000 of length 266338304.
# Possible reasons:
#   The system is out of physical RAM or swap space
#   The process is running with CompressedOops enabled, and the Java Heap may be blocking the growth of the native heap
# Possible solutions:
#   Reduce memory load on the system
#   Increase physical memory or swap space
#   Check if swap backing store is full
#   Decrease Java heap size (-Xmx/-Xms)
#   Decrease number of Java threads
#   Decrease Java thread stack sizes (-Xss)
#   Set larger code cache with -XX:ReservedCodeCacheSize=
# This output file may be truncated or incomplete.
#
#  Out of Memory Error (./src/hotspot/os/windows/os_windows.cpp:3521), pid=14080, tid=15772
#
# JRE version:  (11.0.12+7) (build )
# Java VM: OpenJDK 64-Bit Server VM (11.0.12+7-b1504.28-7817840, mixed mode, sharing, tiered, compressed oops, g1 gc, windows-amd64)
# No core dump will be written. Minidumps are not enabled by default on client versions of Windows
#

---------------  S U M M A R Y ------------

Command Line: org.jetbrains.kotlin.cli.jvm.K2JVMCompiler @D:\android1\7MinutesWorkout\app\build\20221027_7439307210453284583.compiler.options

Host: Intel(R) Core(TM) i7-10750H CPU @ 2.60GHz, 12 cores, 15G,  Windows 10 , 64 bit Build 19041 (10.0.19041.1706)
Time: Thu Oct 27 21:15:37 2022 Egypt Standard Time elapsed time: 0.007070 seconds (0d 0h 0m 0s)

---------------  T H R E A D  ---------------

Current thread (0x000002b70bcb9000):  JavaThread "Unknown thread" [_thread_in_vm, id=15772, stack(0x000000edd0500000,0x000000edd0600000)]

Stack: [0x000000edd0500000,0x000000edd0600000]
Native frames: (J=compiled Java code, j=interpreted, Vv=VM code, C=native code)
V  [jvm.dll+0x5fbcea]
V  [jvm.dll+0x731905]
V  [jvm.dll+0x732f1d]
V  [jvm.dll+0x7335d3]
V  [jvm.dll+0x247bf8]
V  [jvm.dll+0x5f90b4]
V  [jvm.dll+0x5edc85]
V  [jvm.dll+0x305aeb]
V  [jvm.dll+0x305a5a]
V  [jvm.dll+0x305932]
V  [jvm.dll+0x30a896]
V  [jvm.dll+0x353803]
V  [jvm.dll+0x353f06]
V  [jvm.dll+0x353903]
V  [jvm.dll+0x2e0678]
V  [jvm.dll+0x2e1827]
V  [jvm.dll+0x710037]
V  [jvm.dll+0x71182c]
V  [jvm.dll+0x360da9]
V  [jvm.dll+0x6f390e]
V  [jvm.dll+0x3c9723]
V  [jvm.dll+0x3cb9b1]
C  [jli.dll+0x536b]
C  [ucrtbase.dll+0x21bb2]
C  [KERNEL32.DLL+0x17034]
C  [ntdll.dll+0x52651]


---------------  P R O C E S S  ---------------

Threads class SMR info:
_java_thread_list=0x000002b70a130b70, length=0, elements={
}

Java Threads: ( => current thread )

Other Threads:
  0x000002b70bcd1000 GCTaskThread "GC Thread#0" [stack: 0x000000edd0600000,0x000000edd0700000] [id=5976]
  0x000002b70bd2d000 ConcurrentGCThread "G1 Main Marker" [stack: 0x000000edd0700000,0x000000edd0800000] [id=1988]
  0x000002b70bd2e800 ConcurrentGCThread "G1 Conc#0" [stack: 0x000000edd0800000,0x000000edd0900000] [id=5416]

[error occurred during error reporting (printing all threads), id 0xc0000005, EXCEPTION_ACCESS_VIOLATION (0xc0000005) at pc=0x00007ff9d2640be7]

VM state:not at safepoint (not fully initialized)

VM Mutex/Monitor currently owned by a thread:  ([mutex/lock_event])
[0x000002b70bcb5da0] Heap_lock - owner thread: 0x000002b70bcb9000

Heap address: 0x0000000702c00000, size: 4052 MB, Compressed Oops mode: Non-zero based: 0x0000000702c00000
Narrow klass base: 0x0000000000000000, Narrow klass shift: 0

GC Heap History (0 events):
No events

Deoptimization events (0 events):
No events

Classes redefined (0 events):
No events

Internal exceptions (0 events):
No events

Events (1 events):
Event: 0.005 Loaded shared library C:\Program Files\Android\Android Studio\jre\bin\zip.dll


Dynamic libraries:
0x00007ff695940000 - 0x00007ff69594a000 	C:\Program Files\Android\Android Studio\jre\bin\java.exe
0x00007ffa6a190000 - 0x00007ffa6a385000 	C:\Windows\SYSTEM32\ntdll.dll
0x00007ffa69de0000 - 0x00007ffa69e9d000 	C:\Windows\System32\KERNEL32.DLL
0x00007ffa678d0000 - 0x00007ffa67b9d000 	C:\Windows\System32\KERNELBASE.dll
0x00007ffa67de0000 - 0x00007ffa67ee0000 	C:\Windows\System32\ucrtbase.dll
0x00007ffa44380000 - 0x00007ffa44399000 	C:\Program Files\Android\Android Studio\jre\bin\jli.dll
0x00007ffa3c8a0000 - 0x00007ffa3c8b7000 	C:\Program Files\Android\Android Studio\jre\bin\VCRUNTIME140.dll
0x00007ffa68d40000 - 0x00007ffa68ee0000 	C:\Windows\System32\USER32.dll
0x00007ffa4b670000 - 0x00007ffa4b90a000 	C:\Windows\WinSxS\amd64_microsoft.windows.common-controls_6595b64144ccf1df_6.0.19041.1110_none_60b5254171f9507e\COMCTL32.dll
0x00007ffa678a0000 - 0x00007ffa678c2000 	C:\Windows\System32\win32u.dll
0x00007ffa68850000 - 0x00007ffa688ee000 	C:\Windows\System32\msvcrt.dll
0x00007ffa690e0000 - 0x00007ffa6910a000 	C:\Windows\System32\GDI32.dll
0x00007ffa67ba0000 - 0x00007ffa67cab000 	C:\Windows\System32\gdi32full.dll
0x00007ffa67cb0000 - 0x00007ffa67d4d000 	C:\Windows\System32\msvcp_win.dll
0x00007ffa68950000 - 0x00007ffa68980000 	C:\Windows\System32\IMM32.DLL
0x00007ffa2d290000 - 0x00007ffa2d32d000 	C:\Program Files\Android\Android Studio\jre\bin\msvcp140.dll
0x00007ff9d2350000 - 0x00007ff9d2e35000 	C:\Program Files\Android\Android Studio\jre\bin\server\jvm.dll
0x00007ffa68ee0000 - 0x00007ffa68f8e000 	C:\Windows\System32\ADVAPI32.dll
0x00007ffa69ea0000 - 0x00007ffa69f3c000 	C:\Windows\System32\sechost.dll
0x00007ffa69110000 - 0x00007ffa69235000 	C:\Windows\System32\RPCRT4.dll
0x00007ffa68f90000 - 0x00007ffa68f98000 	C:\Windows\System32\PSAPI.DLL
0x00007ffa572b0000 - 0x00007ffa572b9000 	C:\Windows\SYSTEM32\WSOCK32.dll
0x00007ffa55650000 - 0x00007ffa55677000 	C:\Windows\SYSTEM32\WINMM.dll
0x00007ffa61cb0000 - 0x00007ffa61cba000 	C:\Windows\SYSTEM32\VERSION.dll
0x00007ffa68be0000 - 0x00007ffa68c4b000 	C:\Windows\System32\WS2_32.dll
0x00007ffa657a0000 - 0x00007ffa657b2000 	C:\Windows\SYSTEM32\kernel.appcore.dll
0x00007ffa4cab0000 - 0x00007ffa4cac1000 	C:\Program Files\Android\Android Studio\jre\bin\verify.dll
0x00007ffa54700000 - 0x00007ffa548e4000 	C:\Windows\SYSTEM32\DBGHELP.DLL
0x00007ffa54120000 - 0x00007ffa5414c000 	C:\Windows\SYSTEM32\dbgcore.DLL
0x00007ffa67d50000 - 0x00007ffa67dd2000 	C:\Windows\System32\bcryptPrimitives.dll
0x00007ffa47740000 - 0x00007ffa47769000 	C:\Program Files\Android\Android Studio\jre\bin\java.dll
0x00007ffa570f0000 - 0x00007ffa570fb000 	C:\Program Files\Android\Android Studio\jre\bin\jimage.dll
0x00007ffa4a4b0000 - 0x00007ffa4a4c8000 	C:\Program Files\Android\Android Studio\jre\bin\zip.dll

dbghelp: loaded successfully - version: 4.0.5 - missing functions: none
symbol engine: initialized successfully - sym options: 0x614 - pdb path: .;C:\Program Files\Android\Android Studio\jre\bin;C:\Windows\SYSTEM32;C:\Windows\WinSxS\amd64_microsoft.windows.common-controls_6595b64144ccf1df_6.0.19041.1110_none_60b5254171f9507e;C:\Program Files\Android\Android Studio\jre\bin\server

VM Arguments:
java_command: org.jetbrains.kotlin.cli.jvm.K2JVMCompiler @D:\android1\7MinutesWorkout\app\build\20221027_7439307210453284583.compiler.options
java_class_path (initial): C:\Users\diaah\.gradle\caches\modules-2\files-2.1\org.jetbrains.kotlin\kotlin-compiler-embeddable\1.7.10\909803167c98606fcf22b4c848647c68e351d48d\kotlin-compiler-embeddable-1.7.10.jar;C:\Users\diaah\.gradle\caches\modules-2\files-2.1\org.jetbrains.kotlin\kotlin-reflect\1.7.10\165e600dfea6185cf5efa700756294cc4904dbeb\kotlin-reflect-1.7.10.jar;C:\Users\diaah\.gradle\caches\modules-2\files-2.1\org.jetbrains.kotlin\kotlin-stdlib\1.7.10\d2abf9e77736acc4450dc4a3f707fa2c10f5099d\kotlin-stdlib-1.7.10.jar;C:\Users\diaah\.gradle\caches\modules-2\files-2.1\org.jetbrains.kotlin\kotlin-script-runtime\1.7.10\c99c87a6988d8fd8d5142e9ed5c9f34a7cf561ee\kotlin-script-runtime-1.7.10.jar;C:\Users\diaah\.gradle\caches\modules-2\files-2.1\org.jetbrains.kotlin\kotlin-daemon-embeddable\1.7.10\3a9f7aef7080d3ae63126cbba4f827ed664f32fa\kotlin-daemon-embeddable-1.7.10.jar;C:\Users\diaah\.gradle\caches\modules-2\files-2.1\org.jetbrains.intellij.deps\trove4j\1.0.20200330\3afb14d5f9ceb459d724e907a21145e8ff394f02\trove4j-1.0.20200330.jar;C:\Users\diaah\.gradle\caches\modules-2\files-2.1\net.java.dev.jna\jna\5.6.0\330f2244e9030119ab3030fc3fededc86713d9cc\jna-5.6.0.jar;C:\Users\diaah\.gradle\caches\modules-2\files-2.1\org.jetbrains.kotlin\kotlin-stdlib-common\1.7.10\bac80c520d0a9e3f3673bc2658c6ed02ef45a76a\kotlin-stdlib-common-1.7.10.jar;C:\Users\diaah\.gradle\caches\modules-2\files-2.1\org.jetbrains\annotations\13.0\919f0dfe192fb4e063e7dacadee7f8bb9a2672a9\annotations-13.0.jar
Launcher Type: SUN_STANDARD

[Global flags]
     intx CICompilerCount                          = 4                                         {product} {ergonomic}
     uint ConcGCThreads                            = 3                                         {product} {ergonomic}
     uint G1ConcRefinementThreads                  = 10                                        {product} {ergonomic}
   size_t G1HeapRegionSize                         = 1048576                                   {product} {ergonomic}
    uintx GCDrainStackTargetSize                   = 64                                        {product} {ergonomic}
   size_t InitialHeapSize                          = 266338304                                 {product} {ergonomic}
   size_t MarkStackSize                            = 4194304                                   {product} {ergonomic}
   size_t MaxHeapSize                              = 4248829952                                {product} {ergonomic}
   size_t MinHeapDeltaBytes                        = 1048576                                   {product} {ergonomic}
    uintx NonNMethodCodeHeapSize                   = 5836300                                {pd product} {ergonomic}
    uintx NonProfiledCodeHeapSize                  = 122910970                              {pd product} {ergonomic}
    uintx ProfiledCodeHeapSize                     = 122910970                              {pd product} {ergonomic}
    uintx ReservedCodeCacheSize                    = 251658240                              {pd product} {ergonomic}
     bool SegmentedCodeCache                       = true                                      {product} {ergonomic}
     bool UseCompressedClassPointers               = true                                 {lp64_product} {ergonomic}
     bool UseCompressedOops                        = true                                 {lp64_product} {ergonomic}
     bool UseG1GC                                  = true                                      {product} {ergonomic}
     bool UseLargePagesIndividualAllocation        = false                                  {pd product} {ergonomic}

Logging:
Log output configuration:
 #0: stdout all=warning uptime,level,tags
 #1: stderr all=off uptime,level,tags

Environment Variables:
PATH=C:\Program Files\Common Files\Oracle\Java\javapath;C:\ProgramData\Oracle\Java\javapath;C:\Windows\system32;C:\Windows;C:\Windows\System32\Wbem;C:\Windows\System32\WindowsPowerShell\v1.0\;C:\Windows\System32\OpenSSH\;C:\Program Files (x86)\NVIDIA Corporation\PhysX\Common;C:\Program Files\NVIDIA Corporation\NVIDIA NvDLISR;D:\git\Git\cmd;C:\Users\diaah\AppData\Local\Microsoft\WindowsApps
USERNAME=diaa
OS=Windows_NT
PROCESSOR_IDENTIFIER=Intel64 Family 6 Model 165 Stepping 2, GenuineIntel



---------------  S Y S T E M  ---------------

OS: Windows 10 , 64 bit Build 19041 (10.0.19041.1706)
OS uptime: 0 days 4:03 hours

CPU:total 12 (initial active 12) (6 cores per cpu, 2 threads per core) family 6 model 165 stepping 2 microcode 0xe2, cmov, cx8, fxsr, mmx, sse, sse2, sse3, ssse3, sse4.1, sse4.2, popcnt, avx, avx2, aes, clmul, erms, 3dnowpref, lzcnt, ht, tsc, tscinvbit, bmi1, bmi2, adx, fma

Memory: 4k page, system-wide physical 16205M (3238M free)
TotalPageFile size 16205M (AvailPageFile size 20M)
current process WorkingSet (physical memory assigned to process): 10M, peak: 10M
current process commit charge ("private bytes"): 64M, peak: 318M

vm_info: OpenJDK 64-Bit Server VM (11.0.12+7-b1504.28-7817840) for windows-amd64 JRE (11.0.12+7-b1504.28-7817840), built on Oct 13 2021 22:12:33 by "builder" with MS VC++ 14.0 (VS2015)

END.
