#
# There is insufficient memory for the Java Runtime Environment to continue.
# Native memory allocation (malloc) failed to allocate 670416 bytes for Chunk::new
# Possible reasons:
#   The system is out of physical RAM or swap space
#   The process is running with CompressedOops enabled, and the Java Heap may be blocking the growth of the native heap
# Possible solutions:
#   Reduce memory load on the system
#   Increase physical memory or swap space
#   Check if swap backing store is full
#   Decrease Java heap size (-Xmx/-Xms)
#   Decrease number of Java threads
#   Decrease Java thread stack sizes (-Xss)
#   Set larger code cache with -XX:ReservedCodeCacheSize=
#   JVM is running with Unscaled Compressed Oops mode in which the Java heap is
#     placed in the first 4GB address space. The Java Heap base address is the
#     maximum limit for the native heap growth. Please use -XX:HeapBaseMinAddress
#     to set the Java Heap base and to place the Java Heap above 4GB virtual address.
# This output file may be truncated or incomplete.
#
#  Out of Memory Error (./src/hotspot/share/memory/arena.cpp:197), pid=12160, tid=16244
#
# JRE version: OpenJDK Runtime Environment (11.0.12+7) (build 11.0.12+7-b1504.28-7817840)
# Java VM: OpenJDK 64-Bit Server VM (11.0.12+7-b1504.28-7817840, mixed mode, tiered, compressed oops, g1 gc, windows-amd64)
# No core dump will be written. Minidumps are not enabled by default on client versions of Windows
#

---------------  S U M M A R Y ------------

Command Line: --add-opens=java.base/java.util=ALL-UNNAMED --add-opens=java.base/java.lang=ALL-UNNAMED --add-opens=java.base/java.lang.invoke=ALL-UNNAMED --add-opens=java.base/java.util=ALL-UNNAMED --add-opens=java.prefs/java.util.prefs=ALL-UNNAMED --add-opens=java.prefs/java.util.prefs=ALL-UNNAMED --add-opens=java.base/java.nio.charset=ALL-UNNAMED --add-opens=java.base/java.net=ALL-UNNAMED --add-opens=java.base/java.util.concurrent.atomic=ALL-UNNAMED -Xmx2048m -Dfile.encoding=UTF-8 -Duser.country=US -Duser.language=en -Duser.variant org.gradle.launcher.daemon.bootstrap.GradleDaemon 7.3.3

Host: Intel(R) Core(TM) i7-10750H CPU @ 2.60GHz, 12 cores, 15G,  Windows 10 , 64 bit Build 19041 (10.0.19041.1706)
Time: Sat Oct  8 12:55:12 2022 Egypt Standard Time elapsed time: 3.066844 seconds (0d 0h 0m 3s)

---------------  T H R E A D  ---------------

Current thread (0x00000291e92f9800):  JavaThread "C2 CompilerThread2" daemon [_thread_in_native, id=16244, stack(0x000000edd0e00000,0x000000edd0f00000)]


Current CompileTask:
C2:   3066 2816       4       sun.net.util.URLUtil::urlNoFragString (114 bytes)

Stack: [0x000000edd0e00000,0x000000edd0f00000]
Native frames: (J=compiled Java code, j=interpreted, Vv=VM code, C=native code)
V  [jvm.dll+0x5fbcea]
V  [jvm.dll+0x731905]
V  [jvm.dll+0x732f1d]
V  [jvm.dll+0x7335d3]
V  [jvm.dll+0x247bf8]
V  [jvm.dll+0xc018c]
V  [jvm.dll+0xc06cc]
V  [jvm.dll+0x35b31d]
V  [jvm.dll+0x328803]
V  [jvm.dll+0x327cfa]
V  [jvm.dll+0x200602]
V  [jvm.dll+0x1ff794]
V  [jvm.dll+0x18868c]
V  [jvm.dll+0x20e0d7]
V  [jvm.dll+0x20c901]
V  [jvm.dll+0x6f9b7f]
V  [jvm.dll+0x6f26a5]
V  [jvm.dll+0x5fabf6]
C  [ucrtbase.dll+0x21bb2]
C  [KERNEL32.DLL+0x17034]
C  [ntdll.dll+0x52651]


---------------  P R O C E S S  ---------------

Threads class SMR info:
_java_thread_list=0x00000291e9a39760, length=44, elements={
0x00000291cbe4b800, 0x00000291e7783800, 0x00000291e7787000, 0x00000291e77e5800,
0x00000291e77e8000, 0x00000291e77ea000, 0x00000291e77f8800, 0x00000291e77f9800,
0x00000291e77fd800, 0x00000291e7976800, 0x00000291e7977000, 0x00000291e7978000,
0x00000291e7a6b800, 0x00000291e7979000, 0x00000291e797a800, 0x00000291e7975800,
0x00000291e7974800, 0x00000291e7979800, 0x00000291e797b000, 0x00000291e93a8000,
0x00000291e93a9000, 0x00000291e93ab800, 0x00000291e93ad000, 0x00000291e93ac000,
0x00000291e93a7800, 0x00000291e92f9800, 0x00000291e93ae000, 0x00000291e93aa800,
0x00000291e93ae800, 0x00000291e93a9800, 0x00000291e93b0800, 0x00000291e93b1000,
0x00000291e93b3800, 0x00000291e93b4800, 0x00000291e93b5000, 0x00000291e93af800,
0x00000291e93b6000, 0x00000291e93b2000, 0x00000291e93b2800, 0x00000291ed28f800,
0x00000291ed28c000, 0x00000291ed28d800, 0x00000291ed290000, 0x00000291ed28e800
}

Java Threads: ( => current thread )
  0x00000291cbe4b800 JavaThread "main" [_thread_blocked, id=2212, stack(0x000000edce300000,0x000000edce400000)]
  0x00000291e7783800 JavaThread "Reference Handler" daemon [_thread_blocked, id=15080, stack(0x000000edcea00000,0x000000edceb00000)]
  0x00000291e7787000 JavaThread "Finalizer" daemon [_thread_blocked, id=16464, stack(0x000000edceb00000,0x000000edcec00000)]
  0x00000291e77e5800 JavaThread "Signal Dispatcher" daemon [_thread_blocked, id=17692, stack(0x000000edcec00000,0x000000edced00000)]
  0x00000291e77e8000 JavaThread "Attach Listener" daemon [_thread_blocked, id=12212, stack(0x000000edced00000,0x000000edcee00000)]
  0x00000291e77ea000 JavaThread "Service Thread" daemon [_thread_blocked, id=14592, stack(0x000000edcee00000,0x000000edcef00000)]
  0x00000291e77f8800 JavaThread "C2 CompilerThread0" daemon [_thread_in_native, id=17912, stack(0x000000edcef00000,0x000000edcf000000)]
  0x00000291e77f9800 JavaThread "C1 CompilerThread0" daemon [_thread_blocked, id=17784, stack(0x000000edcf000000,0x000000edcf100000)]
  0x00000291e77fd800 JavaThread "Sweeper thread" daemon [_thread_blocked, id=17964, stack(0x000000edcf100000,0x000000edcf200000)]
  0x00000291e7976800 JavaThread "Common-Cleaner" daemon [_thread_blocked, id=9652, stack(0x000000edcf200000,0x000000edcf300000)]
  0x00000291e7977000 JavaThread "Daemon health stats" [_thread_blocked, id=4276, stack(0x000000edcfb00000,0x000000edcfc00000)]
  0x00000291e7978000 JavaThread "Incoming local TCP Connector on port 11108" [_thread_in_native, id=4008, stack(0x000000edcf400000,0x000000edcf500000)]
  0x00000291e7a6b800 JavaThread "C2 CompilerThread1" daemon [_thread_in_vm, id=17196, stack(0x000000edcfa00000,0x000000edcfb00000)]
  0x00000291e7979000 JavaThread "Daemon periodic checks" [_thread_blocked, id=16648, stack(0x000000edcfc00000,0x000000edcfd00000)]
  0x00000291e797a800 JavaThread "Daemon" [_thread_blocked, id=5260, stack(0x000000edcfd00000,0x000000edcfe00000)]
  0x00000291e7975800 JavaThread "Handler for socket connection from /127.0.0.1:11108 to /127.0.0.1:11109" [_thread_in_native, id=14268, stack(0x000000edcfe00000,0x000000edcff00000)]
  0x00000291e7974800 JavaThread "Cancel handler" [_thread_blocked, id=5844, stack(0x000000edcff00000,0x000000edd0000000)]
  0x00000291e7979800 JavaThread "Daemon worker" [_thread_in_native, id=14340, stack(0x000000edd0000000,0x000000edd0100000)]
  0x00000291e797b000 JavaThread "Asynchronous log dispatcher for DefaultDaemonConnection: socket connection from /127.0.0.1:11108 to /127.0.0.1:11109" [_thread_blocked, id=9640, stack(0x000000edd0100000,0x000000edd0200000)]
  0x00000291e93a8000 JavaThread "Stdin handler" [_thread_blocked, id=16536, stack(0x000000edd0200000,0x000000edd0300000)]
  0x00000291e93a9000 JavaThread "Daemon client event forwarder" [_thread_blocked, id=14364, stack(0x000000edd0300000,0x000000edd0400000)]
  0x00000291e93ab800 JavaThread "Cache worker for journal cache (C:\Users\diaah\.gradle\caches\journal-1)" [_thread_blocked, id=5408, stack(0x000000edd0400000,0x000000edd0500000)]
  0x00000291e93ad000 JavaThread "File lock request listener" [_thread_in_native, id=17884, stack(0x000000edd0500000,0x000000edd0600000)]
  0x00000291e93ac000 JavaThread "Cache worker for file hash cache (C:\Users\diaah\.gradle\caches\7.3.3\fileHashes)" [_thread_blocked, id=7408, stack(0x000000edd0c00000,0x000000edd0d00000)]
  0x00000291e93a7800 JavaThread "Cache worker for file hash cache (D:\android1\7MinutesWorkout\.gradle\7.3.3\fileHashes)" [_thread_blocked, id=3748, stack(0x000000edd0d00000,0x000000edd0e00000)]
=>0x00000291e92f9800 JavaThread "C2 CompilerThread2" daemon [_thread_in_native, id=16244, stack(0x000000edd0e00000,0x000000edd0f00000)]
  0x00000291e93ae000 JavaThread "File watcher server" daemon [_thread_in_native, id=16184, stack(0x000000edd0f00000,0x000000edd1000000)]
  0x00000291e93aa800 JavaThread "File watcher consumer" daemon [_thread_blocked, id=8808, stack(0x000000edd1000000,0x000000edd1100000)]
  0x00000291e93ae800 JavaThread "jar transforms" [_thread_blocked, id=7360, stack(0x000000edd1100000,0x000000edd1200000)]
  0x00000291e93a9800 JavaThread "jar transforms Thread 2" [_thread_blocked, id=13412, stack(0x000000edd1200000,0x000000edd1300000)]
  0x00000291e93b0800 JavaThread "jar transforms Thread 3" [_thread_blocked, id=14816, stack(0x000000edd1300000,0x000000edd1400000)]
  0x00000291e93b1000 JavaThread "jar transforms Thread 4" [_thread_blocked, id=14376, stack(0x000000edd1400000,0x000000edd1500000)]
  0x00000291e93b3800 JavaThread "jar transforms Thread 5" [_thread_blocked, id=9404, stack(0x000000edd1500000,0x000000edd1600000)]
  0x00000291e93b4800 JavaThread "jar transforms Thread 6" [_thread_blocked, id=16460, stack(0x000000edd1600000,0x000000edd1700000)]
  0x00000291e93b5000 JavaThread "jar transforms Thread 7" [_thread_blocked, id=13740, stack(0x000000edd1700000,0x000000edd1800000)]
  0x00000291e93af800 JavaThread "jar transforms Thread 8" [_thread_blocked, id=11496, stack(0x000000edd1800000,0x000000edd1900000)]
  0x00000291e93b6000 JavaThread "jar transforms Thread 9" [_thread_blocked, id=3160, stack(0x000000edd1900000,0x000000edd1a00000)]
  0x00000291e93b2000 JavaThread "jar transforms Thread 10" [_thread_blocked, id=9268, stack(0x000000edd1a00000,0x000000edd1b00000)]
  0x00000291e93b2800 JavaThread "jar transforms Thread 11" [_thread_blocked, id=5132, stack(0x000000edd1b00000,0x000000edd1c00000)]
  0x00000291ed28f800 JavaThread "jar transforms Thread 12" [_thread_blocked, id=3708, stack(0x000000edd1c00000,0x000000edd1d00000)]
  0x00000291ed28c000 JavaThread "Cache worker for checksums cache (D:\android1\7MinutesWorkout\.gradle\7.3.3\checksums)" [_thread_blocked, id=11836, stack(0x000000edd1d00000,0x000000edd1e00000)]
  0x00000291ed28d800 JavaThread "Cache worker for cache directory md-supplier (C:\Users\diaah\.gradle\caches\7.3.3\md-supplier)" [_thread_blocked, id=16848, stack(0x000000edd1e00000,0x000000edd1f00000)]
  0x00000291ed290000 JavaThread "Cache worker for cache directory md-rule (C:\Users\diaah\.gradle\caches\7.3.3\md-rule)" [_thread_blocked, id=6988, stack(0x000000edd1f00000,0x000000edd2000000)]
  0x00000291ed28e800 JavaThread "Cache worker for execution history cache (C:\Users\diaah\.gradle\caches\7.3.3\executionHistory)" [_thread_blocked, id=6652, stack(0x000000edd2000000,0x000000edd2100000)]

Other Threads:
  0x00000291e6f4e000 VMThread "VM Thread" [stack: 0x000000edce900000,0x000000edcea00000] [id=7540]
  0x00000291e79a8800 WatcherThread [stack: 0x000000edcf300000,0x000000edcf400000] [id=7004]
  0x00000291cbe65800 GCTaskThread "GC Thread#0" [stack: 0x000000edce400000,0x000000edce500000] [id=15172]
  0x00000291e8846800 GCTaskThread "GC Thread#1" [stack: 0x000000edcf500000,0x000000edcf600000] [id=11128]
  0x00000291e8632000 GCTaskThread "GC Thread#2" [stack: 0x000000edcf600000,0x000000edcf700000] [id=10948]
  0x00000291e8155800 GCTaskThread "GC Thread#3" [stack: 0x000000edcf700000,0x000000edcf800000] [id=2508]
  0x00000291e85a3000 GCTaskThread "GC Thread#4" [stack: 0x000000edcf800000,0x000000edcf900000] [id=10852]
  0x00000291e85a3800 GCTaskThread "GC Thread#5" [stack: 0x000000edcf900000,0x000000edcfa00000] [id=9312]
  0x00000291ea024800 GCTaskThread "GC Thread#6" [stack: 0x000000edd0600000,0x000000edd0700000] [id=12224]
  0x00000291ea402800 GCTaskThread "GC Thread#7" [stack: 0x000000edd0700000,0x000000edd0800000] [id=10688]
  0x00000291e9ddf000 GCTaskThread "GC Thread#8" [stack: 0x000000edd0800000,0x000000edd0900000] [id=8168]
  0x00000291eaa2d800 GCTaskThread "GC Thread#9" [stack: 0x000000edd0900000,0x000000edd0a00000] [id=4432]
  0x00000291cbe99800 ConcurrentGCThread "G1 Main Marker" [stack: 0x000000edce500000,0x000000edce600000] [id=16268]
  0x00000291cbe9a800 ConcurrentGCThread "G1 Conc#0" [stack: 0x000000edce600000,0x000000edce700000] [id=4656]
  0x00000291e9b0f000 ConcurrentGCThread "G1 Conc#1" [stack: 0x000000edd0a00000,0x000000edd0b00000] [id=16684]
  0x00000291e7f3f000 ConcurrentGCThread "G1 Conc#2" [stack: 0x000000edd0b00000,0x000000edd0c00000] [id=15564]
  0x00000291e6dd0800 ConcurrentGCThread "G1 Refine#0" [stack: 0x000000edce700000,0x000000edce800000] [id=4116]
  0x00000291e6dd1800 ConcurrentGCThread "G1 Young RemSet Sampling" [stack: 0x000000edce800000,0x000000edce900000] [id=1812]

Threads with active compile tasks:
C2 CompilerThread0   3087 2839  s!   4       jdk.internal.loader.URLClassPath::getLoader (194 bytes)
C2 CompilerThread1   3087 2840       4       jdk.internal.loader.URLClassPath::getResource (74 bytes)
C2 CompilerThread2   3087 2816       4       sun.net.util.URLUtil::urlNoFragString (114 bytes)

VM state:not at safepoint (normal execution)

VM Mutex/Monitor currently owned by a thread: None

Heap address: 0x0000000080000000, size: 2048 MB, Compressed Oops mode: 32-bit
Narrow klass base: 0x0000000000000000, Narrow klass shift: 3
Compressed class space size: 1073741824 Address: 0x0000000100000000

Heap:
 garbage-first heap   total 260096K, used 119581K [0x0000000080000000, 0x0000000100000000)
  region size 1024K, 92 young (94208K), 2 survivors (2048K)
 Metaspace       used 33951K, capacity 34850K, committed 34944K, reserved 1079296K
  class space    used 4593K, capacity 4937K, committed 4992K, reserved 1048576K
Heap Regions: E=young(eden), S=young(survivor), O=old, HS=humongous(starts), HC=humongous(continues), CS=collection set, F=free, A=archive, TAMS=top-at-mark-start (previous, next)
|   0|0x0000000080000000, 0x0000000080100000, 0x0000000080100000|100%| O|  |TAMS 0x0000000080000000, 0x0000000080000000| Untracked 
|   1|0x0000000080100000, 0x0000000080200000, 0x0000000080200000|100%| O|  |TAMS 0x0000000080100000, 0x0000000080100000| Untracked 
|   2|0x0000000080200000, 0x0000000080300000, 0x0000000080300000|100%| O|  |TAMS 0x0000000080200000, 0x0000000080200000| Untracked 
|   3|0x0000000080300000, 0x0000000080400000, 0x0000000080400000|100%|HS|  |TAMS 0x0000000080400000, 0x0000000080300000| Complete 
|   4|0x0000000080400000, 0x0000000080500000, 0x0000000080500000|100%|HC|  |TAMS 0x0000000080500000, 0x0000000080400000| Complete 
|   5|0x0000000080500000, 0x0000000080600000, 0x0000000080600000|100%|HC|  |TAMS 0x0000000080600000, 0x0000000080500000| Complete 
|   6|0x0000000080600000, 0x0000000080700000, 0x0000000080700000|100%| O|  |TAMS 0x0000000080700000, 0x0000000080600000| Untracked 
|   7|0x0000000080700000, 0x0000000080800000, 0x0000000080800000|100%| O|  |TAMS 0x0000000080800000, 0x0000000080700000| Untracked 
|   8|0x0000000080800000, 0x0000000080900000, 0x0000000080900000|100%| O|  |TAMS 0x00000000808c4a00, 0x0000000080800000| Untracked 
|   9|0x0000000080900000, 0x0000000080a00000, 0x0000000080a00000|100%| O|  |TAMS 0x0000000080900000, 0x0000000080900000| Untracked 
|  10|0x0000000080a00000, 0x0000000080b00000, 0x0000000080b00000|100%| O|  |TAMS 0x0000000080a00000, 0x0000000080a00000| Untracked 
|  11|0x0000000080b00000, 0x0000000080c00000, 0x0000000080c00000|100%| O|  |TAMS 0x0000000080b00000, 0x0000000080b00000| Untracked 
|  12|0x0000000080c00000, 0x0000000080d00000, 0x0000000080d00000|100%| O|  |TAMS 0x0000000080c00000, 0x0000000080c00000| Untracked 
|  13|0x0000000080d00000, 0x0000000080e00000, 0x0000000080e00000|100%| O|  |TAMS 0x0000000080d00000, 0x0000000080d00000| Untracked 
|  14|0x0000000080e00000, 0x0000000080f00000, 0x0000000080f00000|100%| O|  |TAMS 0x0000000080e00000, 0x0000000080e00000| Untracked 
|  15|0x0000000080f00000, 0x0000000080fecc00, 0x0000000081000000| 92%| O|  |TAMS 0x0000000080f00000, 0x0000000080f00000| Untracked 
|  16|0x0000000081000000, 0x0000000081100000, 0x0000000081100000|100%|HS|  |TAMS 0x0000000081000000, 0x0000000081000000| Complete 
|  17|0x0000000081100000, 0x0000000081200000, 0x0000000081200000|100%|HC|  |TAMS 0x0000000081100000, 0x0000000081100000| Complete 
|  18|0x0000000081200000, 0x0000000081300000, 0x0000000081300000|100%|HS|  |TAMS 0x0000000081200000, 0x0000000081200000| Complete 
|  19|0x0000000081300000, 0x0000000081400000, 0x0000000081400000|100%|HC|  |TAMS 0x0000000081300000, 0x0000000081300000| Complete 
|  20|0x0000000081400000, 0x0000000081500000, 0x0000000081500000|100%|HC|  |TAMS 0x0000000081400000, 0x0000000081400000| Complete 
|  21|0x0000000081500000, 0x0000000081600000, 0x0000000081600000|100%|HS|  |TAMS 0x0000000081500000, 0x0000000081500000| Complete 
|  22|0x0000000081600000, 0x0000000081700000, 0x0000000081700000|100%|HS|  |TAMS 0x0000000081600000, 0x0000000081600000| Complete 
|  23|0x0000000081700000, 0x0000000081800000, 0x0000000081800000|100%|HC|  |TAMS 0x0000000081700000, 0x0000000081700000| Complete 
|  24|0x0000000081800000, 0x0000000081900000, 0x0000000081900000|100%|HC|  |TAMS 0x0000000081800000, 0x0000000081800000| Complete 
|  25|0x0000000081900000, 0x0000000081a00000, 0x0000000081a00000|100%|HC|  |TAMS 0x0000000081900000, 0x0000000081900000| Complete 
|  26|0x0000000081a00000, 0x0000000081a00000, 0x0000000081b00000|  0%| F|  |TAMS 0x0000000081a00000, 0x0000000081a00000| Untracked 
|  27|0x0000000081b00000, 0x0000000081b00000, 0x0000000081c00000|  0%| F|  |TAMS 0x0000000081b00000, 0x0000000081b00000| Untracked 
|  28|0x0000000081c00000, 0x0000000081c00000, 0x0000000081d00000|  0%| F|  |TAMS 0x0000000081c00000, 0x0000000081c00000| Untracked 
|  29|0x0000000081d00000, 0x0000000081d00000, 0x0000000081e00000|  0%| F|  |TAMS 0x0000000081d00000, 0x0000000081d00000| Untracked 
|  30|0x0000000081e00000, 0x0000000081e00000, 0x0000000081f00000|  0%| F|  |TAMS 0x0000000081e00000, 0x0000000081e00000| Untracked 
|  31|0x0000000081f00000, 0x0000000081f00000, 0x0000000082000000|  0%| F|  |TAMS 0x0000000081f00000, 0x0000000081f00000| Untracked 
|  32|0x0000000082000000, 0x0000000082000000, 0x0000000082100000|  0%| F|  |TAMS 0x0000000082000000, 0x0000000082000000| Untracked 
|  33|0x0000000082100000, 0x0000000082100000, 0x0000000082200000|  0%| F|  |TAMS 0x0000000082100000, 0x0000000082100000| Untracked 
|  34|0x0000000082200000, 0x0000000082200000, 0x0000000082300000|  0%| F|  |TAMS 0x0000000082200000, 0x0000000082200000| Untracked 
|  35|0x0000000082300000, 0x0000000082300000, 0x0000000082400000|  0%| F|  |TAMS 0x0000000082300000, 0x0000000082300000| Untracked 
|  36|0x0000000082400000, 0x0000000082400000, 0x0000000082500000|  0%| F|  |TAMS 0x0000000082400000, 0x0000000082400000| Untracked 
|  37|0x0000000082500000, 0x0000000082500000, 0x0000000082600000|  0%| F|  |TAMS 0x0000000082500000, 0x0000000082500000| Untracked 
|  38|0x0000000082600000, 0x0000000082600000, 0x0000000082700000|  0%| F|  |TAMS 0x0000000082600000, 0x0000000082600000| Untracked 
|  39|0x0000000082700000, 0x0000000082700000, 0x0000000082800000|  0%| F|  |TAMS 0x0000000082700000, 0x0000000082700000| Untracked 
|  40|0x0000000082800000, 0x0000000082800000, 0x0000000082900000|  0%| F|  |TAMS 0x0000000082800000, 0x0000000082800000| Untracked 
|  41|0x0000000082900000, 0x0000000082900000, 0x0000000082a00000|  0%| F|  |TAMS 0x0000000082900000, 0x0000000082900000| Untracked 
|  42|0x0000000082a00000, 0x0000000082a00000, 0x0000000082b00000|  0%| F|  |TAMS 0x0000000082a00000, 0x0000000082a00000| Untracked 
|  43|0x0000000082b00000, 0x0000000082b00000, 0x0000000082c00000|  0%| F|  |TAMS 0x0000000082b00000, 0x0000000082b00000| Untracked 
|  44|0x0000000082c00000, 0x0000000082c00000, 0x0000000082d00000|  0%| F|  |TAMS 0x0000000082c00000, 0x0000000082c00000| Untracked 
|  45|0x0000000082d00000, 0x0000000082d00000, 0x0000000082e00000|  0%| F|  |TAMS 0x0000000082d00000, 0x0000000082d00000| Untracked 
|  46|0x0000000082e00000, 0x0000000082e00000, 0x0000000082f00000|  0%| F|  |TAMS 0x0000000082e00000, 0x0000000082e00000| Untracked 
|  47|0x0000000082f00000, 0x0000000082f00000, 0x0000000083000000|  0%| F|  |TAMS 0x0000000082f00000, 0x0000000082f00000| Untracked 
|  48|0x0000000083000000, 0x0000000083000000, 0x0000000083100000|  0%| F|  |TAMS 0x0000000083000000, 0x0000000083000000| Untracked 
|  49|0x0000000083100000, 0x0000000083100000, 0x0000000083200000|  0%| F|  |TAMS 0x0000000083100000, 0x0000000083100000| Untracked 
|  50|0x0000000083200000, 0x0000000083200000, 0x0000000083300000|  0%| F|  |TAMS 0x0000000083200000, 0x0000000083200000| Untracked 
|  51|0x0000000083300000, 0x0000000083300000, 0x0000000083400000|  0%| F|  |TAMS 0x0000000083300000, 0x0000000083300000| Untracked 
|  52|0x0000000083400000, 0x0000000083400000, 0x0000000083500000|  0%| F|  |TAMS 0x0000000083400000, 0x0000000083400000| Untracked 
|  53|0x0000000083500000, 0x0000000083500000, 0x0000000083600000|  0%| F|  |TAMS 0x0000000083500000, 0x0000000083500000| Untracked 
|  54|0x0000000083600000, 0x0000000083600000, 0x0000000083700000|  0%| F|  |TAMS 0x0000000083600000, 0x0000000083600000| Untracked 
|  55|0x0000000083700000, 0x0000000083700000, 0x0000000083800000|  0%| F|  |TAMS 0x0000000083700000, 0x0000000083700000| Untracked 
|  56|0x0000000083800000, 0x0000000083800000, 0x0000000083900000|  0%| F|  |TAMS 0x0000000083800000, 0x0000000083800000| Untracked 
|  57|0x0000000083900000, 0x0000000083900000, 0x0000000083a00000|  0%| F|  |TAMS 0x0000000083900000, 0x0000000083900000| Untracked 
|  58|0x0000000083a00000, 0x0000000083a00000, 0x0000000083b00000|  0%| F|  |TAMS 0x0000000083a00000, 0x0000000083a00000| Untracked 
|  59|0x0000000083b00000, 0x0000000083b00000, 0x0000000083c00000|  0%| F|  |TAMS 0x0000000083b00000, 0x0000000083b00000| Untracked 
|  60|0x0000000083c00000, 0x0000000083c00000, 0x0000000083d00000|  0%| F|  |TAMS 0x0000000083c00000, 0x0000000083c00000| Untracked 
|  61|0x0000000083d00000, 0x0000000083d00000, 0x0000000083e00000|  0%| F|  |TAMS 0x0000000083d00000, 0x0000000083d00000| Untracked 
|  62|0x0000000083e00000, 0x0000000083e00000, 0x0000000083f00000|  0%| F|  |TAMS 0x0000000083e00000, 0x0000000083e00000| Untracked 
|  63|0x0000000083f00000, 0x0000000083f00000, 0x0000000084000000|  0%| F|  |TAMS 0x0000000083f00000, 0x0000000083f00000| Untracked 
|  64|0x0000000084000000, 0x0000000084000000, 0x0000000084100000|  0%| F|  |TAMS 0x0000000084000000, 0x0000000084000000| Untracked 
|  65|0x0000000084100000, 0x0000000084100000, 0x0000000084200000|  0%| F|  |TAMS 0x0000000084100000, 0x0000000084100000| Untracked 
|  66|0x0000000084200000, 0x0000000084200000, 0x0000000084300000|  0%| F|  |TAMS 0x0000000084200000, 0x0000000084200000| Untracked 
|  67|0x0000000084300000, 0x0000000084300000, 0x0000000084400000|  0%| F|  |TAMS 0x0000000084300000, 0x0000000084300000| Untracked 
|  68|0x0000000084400000, 0x0000000084400000, 0x0000000084500000|  0%| F|  |TAMS 0x0000000084400000, 0x0000000084400000| Untracked 
|  69|0x0000000084500000, 0x0000000084500000, 0x0000000084600000|  0%| F|  |TAMS 0x0000000084500000, 0x0000000084500000| Untracked 
|  70|0x0000000084600000, 0x0000000084600000, 0x0000000084700000|  0%| F|  |TAMS 0x0000000084600000, 0x0000000084600000| Untracked 
|  71|0x0000000084700000, 0x0000000084700000, 0x0000000084800000|  0%| F|  |TAMS 0x0000000084700000, 0x0000000084700000| Untracked 
|  72|0x0000000084800000, 0x0000000084800000, 0x0000000084900000|  0%| F|  |TAMS 0x0000000084800000, 0x0000000084800000| Untracked 
|  73|0x0000000084900000, 0x0000000084900000, 0x0000000084a00000|  0%| F|  |TAMS 0x0000000084900000, 0x0000000084900000| Untracked 
|  74|0x0000000084a00000, 0x0000000084a00000, 0x0000000084b00000|  0%| F|  |TAMS 0x0000000084a00000, 0x0000000084a00000| Untracked 
|  75|0x0000000084b00000, 0x0000000084b00000, 0x0000000084c00000|  0%| F|  |TAMS 0x0000000084b00000, 0x0000000084b00000| Untracked 
|  76|0x0000000084c00000, 0x0000000084c00000, 0x0000000084d00000|  0%| F|  |TAMS 0x0000000084c00000, 0x0000000084c00000| Untracked 
|  77|0x0000000084d00000, 0x0000000084d00000, 0x0000000084e00000|  0%| F|  |TAMS 0x0000000084d00000, 0x0000000084d00000| Untracked 
|  78|0x0000000084e00000, 0x0000000084e00000, 0x0000000084f00000|  0%| F|  |TAMS 0x0000000084e00000, 0x0000000084e00000| Untracked 
|  79|0x0000000084f00000, 0x0000000084f00000, 0x0000000085000000|  0%| F|  |TAMS 0x0000000084f00000, 0x0000000084f00000| Untracked 
|  80|0x0000000085000000, 0x0000000085000000, 0x0000000085100000|  0%| F|  |TAMS 0x0000000085000000, 0x0000000085000000| Untracked 
|  81|0x0000000085100000, 0x0000000085100000, 0x0000000085200000|  0%| F|  |TAMS 0x0000000085100000, 0x0000000085100000| Untracked 
|  82|0x0000000085200000, 0x0000000085200000, 0x0000000085300000|  0%| F|  |TAMS 0x0000000085200000, 0x0000000085200000| Untracked 
|  83|0x0000000085300000, 0x0000000085300000, 0x0000000085400000|  0%| F|  |TAMS 0x0000000085300000, 0x0000000085300000| Untracked 
|  84|0x0000000085400000, 0x0000000085400000, 0x0000000085500000|  0%| F|  |TAMS 0x0000000085400000, 0x0000000085400000| Untracked 
|  85|0x0000000085500000, 0x0000000085500000, 0x0000000085600000|  0%| F|  |TAMS 0x0000000085500000, 0x0000000085500000| Untracked 
|  86|0x0000000085600000, 0x0000000085600000, 0x0000000085700000|  0%| F|  |TAMS 0x0000000085600000, 0x0000000085600000| Untracked 
|  87|0x0000000085700000, 0x0000000085700000, 0x0000000085800000|  0%| F|  |TAMS 0x0000000085700000, 0x0000000085700000| Untracked 
|  88|0x0000000085800000, 0x0000000085800000, 0x0000000085900000|  0%| F|  |TAMS 0x0000000085800000, 0x0000000085800000| Untracked 
|  89|0x0000000085900000, 0x0000000085900000, 0x0000000085a00000|  0%| F|  |TAMS 0x0000000085900000, 0x0000000085900000| Untracked 
|  90|0x0000000085a00000, 0x0000000085a00000, 0x0000000085b00000|  0%| F|  |TAMS 0x0000000085a00000, 0x0000000085a00000| Untracked 
|  91|0x0000000085b00000, 0x0000000085b00000, 0x0000000085c00000|  0%| F|  |TAMS 0x0000000085b00000, 0x0000000085b00000| Untracked 
|  92|0x0000000085c00000, 0x0000000085c00000, 0x0000000085d00000|  0%| F|  |TAMS 0x0000000085c00000, 0x0000000085c00000| Untracked 
|  93|0x0000000085d00000, 0x0000000085d00000, 0x0000000085e00000|  0%| F|  |TAMS 0x0000000085d00000, 0x0000000085d00000| Untracked 
|  94|0x0000000085e00000, 0x0000000085e00000, 0x0000000085f00000|  0%| F|  |TAMS 0x0000000085e00000, 0x0000000085e00000| Untracked 
|  95|0x0000000085f00000, 0x0000000085f00000, 0x0000000086000000|  0%| F|  |TAMS 0x0000000085f00000, 0x0000000085f00000| Untracked 
|  96|0x0000000086000000, 0x0000000086000000, 0x0000000086100000|  0%| F|  |TAMS 0x0000000086000000, 0x0000000086000000| Untracked 
|  97|0x0000000086100000, 0x0000000086100000, 0x0000000086200000|  0%| F|  |TAMS 0x0000000086100000, 0x0000000086100000| Untracked 
|  98|0x0000000086200000, 0x0000000086200000, 0x0000000086300000|  0%| F|  |TAMS 0x0000000086200000, 0x0000000086200000| Untracked 
|  99|0x0000000086300000, 0x0000000086300000, 0x0000000086400000|  0%| F|  |TAMS 0x0000000086300000, 0x0000000086300000| Untracked 
| 100|0x0000000086400000, 0x0000000086400000, 0x0000000086500000|  0%| F|  |TAMS 0x0000000086400000, 0x0000000086400000| Untracked 
| 101|0x0000000086500000, 0x0000000086500000, 0x0000000086600000|  0%| F|  |TAMS 0x0000000086500000, 0x0000000086500000| Untracked 
| 102|0x0000000086600000, 0x0000000086600000, 0x0000000086700000|  0%| F|  |TAMS 0x0000000086600000, 0x0000000086600000| Untracked 
| 103|0x0000000086700000, 0x0000000086700000, 0x0000000086800000|  0%| F|  |TAMS 0x0000000086700000, 0x0000000086700000| Untracked 
| 104|0x0000000086800000, 0x0000000086800000, 0x0000000086900000|  0%| F|  |TAMS 0x0000000086800000, 0x0000000086800000| Untracked 
| 105|0x0000000086900000, 0x0000000086900000, 0x0000000086a00000|  0%| F|  |TAMS 0x0000000086900000, 0x0000000086900000| Untracked 
| 106|0x0000000086a00000, 0x0000000086a00000, 0x0000000086b00000|  0%| F|  |TAMS 0x0000000086a00000, 0x0000000086a00000| Untracked 
| 107|0x0000000086b00000, 0x0000000086b00000, 0x0000000086c00000|  0%| F|  |TAMS 0x0000000086b00000, 0x0000000086b00000| Untracked 
| 108|0x0000000086c00000, 0x0000000086c00000, 0x0000000086d00000|  0%| F|  |TAMS 0x0000000086c00000, 0x0000000086c00000| Untracked 
| 109|0x0000000086d00000, 0x0000000086d00000, 0x0000000086e00000|  0%| F|  |TAMS 0x0000000086d00000, 0x0000000086d00000| Untracked 
| 110|0x0000000086e00000, 0x0000000086e00000, 0x0000000086f00000|  0%| F|  |TAMS 0x0000000086e00000, 0x0000000086e00000| Untracked 
| 111|0x0000000086f00000, 0x0000000086f00000, 0x0000000087000000|  0%| F|  |TAMS 0x0000000086f00000, 0x0000000086f00000| Untracked 
| 112|0x0000000087000000, 0x0000000087000000, 0x0000000087100000|  0%| F|  |TAMS 0x0000000087000000, 0x0000000087000000| Untracked 
| 113|0x0000000087100000, 0x0000000087100000, 0x0000000087200000|  0%| F|  |TAMS 0x0000000087100000, 0x0000000087100000| Untracked 
| 114|0x0000000087200000, 0x0000000087200000, 0x0000000087300000|  0%| F|  |TAMS 0x0000000087200000, 0x0000000087200000| Untracked 
| 115|0x0000000087300000, 0x0000000087300000, 0x0000000087400000|  0%| F|  |TAMS 0x0000000087300000, 0x0000000087300000| Untracked 
| 116|0x0000000087400000, 0x0000000087400000, 0x0000000087500000|  0%| F|  |TAMS 0x0000000087400000, 0x0000000087400000| Untracked 
| 117|0x0000000087500000, 0x0000000087500000, 0x0000000087600000|  0%| F|  |TAMS 0x0000000087500000, 0x0000000087500000| Untracked 
| 118|0x0000000087600000, 0x0000000087600000, 0x0000000087700000|  0%| F|  |TAMS 0x0000000087600000, 0x0000000087600000| Untracked 
| 119|0x0000000087700000, 0x0000000087700000, 0x0000000087800000|  0%| F|  |TAMS 0x0000000087700000, 0x0000000087700000| Untracked 
| 120|0x0000000087800000, 0x0000000087800000, 0x0000000087900000|  0%| F|  |TAMS 0x0000000087800000, 0x0000000087800000| Untracked 
| 121|0x0000000087900000, 0x0000000087900000, 0x0000000087a00000|  0%| F|  |TAMS 0x0000000087900000, 0x0000000087900000| Untracked 
| 122|0x0000000087a00000, 0x0000000087a00000, 0x0000000087b00000|  0%| F|  |TAMS 0x0000000087a00000, 0x0000000087a00000| Untracked 
| 123|0x0000000087b00000, 0x0000000087b00000, 0x0000000087c00000|  0%| F|  |TAMS 0x0000000087b00000, 0x0000000087b00000| Untracked 
| 124|0x0000000087c00000, 0x0000000087c00000, 0x0000000087d00000|  0%| F|  |TAMS 0x0000000087c00000, 0x0000000087c00000| Untracked 
| 125|0x0000000087d00000, 0x0000000087d00000, 0x0000000087e00000|  0%| F|  |TAMS 0x0000000087d00000, 0x0000000087d00000| Untracked 
| 126|0x0000000087e00000, 0x0000000087e00000, 0x0000000087f00000|  0%| F|  |TAMS 0x0000000087e00000, 0x0000000087e00000| Untracked 
| 127|0x0000000087f00000, 0x0000000087f00000, 0x0000000088000000|  0%| F|  |TAMS 0x0000000087f00000, 0x0000000087f00000| Untracked 
| 128|0x0000000088000000, 0x0000000088000000, 0x0000000088100000|  0%| F|  |TAMS 0x0000000088000000, 0x0000000088000000| Untracked 
| 129|0x0000000088100000, 0x0000000088100000, 0x0000000088200000|  0%| F|  |TAMS 0x0000000088100000, 0x0000000088100000| Untracked 
| 130|0x0000000088200000, 0x0000000088200000, 0x0000000088300000|  0%| F|  |TAMS 0x0000000088200000, 0x0000000088200000| Untracked 
| 131|0x0000000088300000, 0x0000000088300000, 0x0000000088400000|  0%| F|  |TAMS 0x0000000088300000, 0x0000000088300000| Untracked 
| 132|0x0000000088400000, 0x0000000088400000, 0x0000000088500000|  0%| F|  |TAMS 0x0000000088400000, 0x0000000088400000| Untracked 
| 133|0x0000000088500000, 0x0000000088500000, 0x0000000088600000|  0%| F|  |TAMS 0x0000000088500000, 0x0000000088500000| Untracked 
| 134|0x0000000088600000, 0x0000000088600000, 0x0000000088700000|  0%| F|  |TAMS 0x0000000088600000, 0x0000000088600000| Untracked 
| 135|0x0000000088700000, 0x0000000088700000, 0x0000000088800000|  0%| F|  |TAMS 0x0000000088700000, 0x0000000088700000| Untracked 
| 136|0x0000000088800000, 0x0000000088800000, 0x0000000088900000|  0%| F|  |TAMS 0x0000000088800000, 0x0000000088800000| Untracked 
| 137|0x0000000088900000, 0x0000000088900000, 0x0000000088a00000|  0%| F|  |TAMS 0x0000000088900000, 0x0000000088900000| Untracked 
| 138|0x0000000088a00000, 0x0000000088a00000, 0x0000000088b00000|  0%| F|  |TAMS 0x0000000088a00000, 0x0000000088a00000| Untracked 
| 139|0x0000000088b00000, 0x0000000088b00000, 0x0000000088c00000|  0%| F|  |TAMS 0x0000000088b00000, 0x0000000088b00000| Untracked 
| 140|0x0000000088c00000, 0x0000000088c00000, 0x0000000088d00000|  0%| F|  |TAMS 0x0000000088c00000, 0x0000000088c00000| Untracked 
| 141|0x0000000088d00000, 0x0000000088d00000, 0x0000000088e00000|  0%| F|  |TAMS 0x0000000088d00000, 0x0000000088d00000| Untracked 
| 142|0x0000000088e00000, 0x0000000088e00000, 0x0000000088f00000|  0%| F|  |TAMS 0x0000000088e00000, 0x0000000088e00000| Untracked 
| 143|0x0000000088f00000, 0x0000000088f00000, 0x0000000089000000|  0%| F|  |TAMS 0x0000000088f00000, 0x0000000088f00000| Untracked 
| 144|0x0000000089000000, 0x0000000089000000, 0x0000000089100000|  0%| F|  |TAMS 0x0000000089000000, 0x0000000089000000| Untracked 
| 145|0x0000000089100000, 0x0000000089100000, 0x0000000089200000|  0%| F|  |TAMS 0x0000000089100000, 0x0000000089100000| Untracked 
| 146|0x0000000089200000, 0x0000000089200000, 0x0000000089300000|  0%| F|  |TAMS 0x0000000089200000, 0x0000000089200000| Untracked 
| 147|0x0000000089300000, 0x0000000089300000, 0x0000000089400000|  0%| F|  |TAMS 0x0000000089300000, 0x0000000089300000| Untracked 
| 148|0x0000000089400000, 0x0000000089400000, 0x0000000089500000|  0%| F|  |TAMS 0x0000000089400000, 0x0000000089400000| Untracked 
| 149|0x0000000089500000, 0x0000000089500000, 0x0000000089600000|  0%| F|  |TAMS 0x0000000089500000, 0x0000000089500000| Untracked 
| 150|0x0000000089600000, 0x0000000089600000, 0x0000000089700000|  0%| F|  |TAMS 0x0000000089600000, 0x0000000089600000| Untracked 
| 151|0x0000000089700000, 0x0000000089700000, 0x0000000089800000|  0%| F|  |TAMS 0x0000000089700000, 0x0000000089700000| Untracked 
| 152|0x0000000089800000, 0x0000000089800000, 0x0000000089900000|  0%| F|  |TAMS 0x0000000089800000, 0x0000000089800000| Untracked 
| 153|0x0000000089900000, 0x0000000089900000, 0x0000000089a00000|  0%| F|  |TAMS 0x0000000089900000, 0x0000000089900000| Untracked 
| 154|0x0000000089a00000, 0x0000000089a00000, 0x0000000089b00000|  0%| F|  |TAMS 0x0000000089a00000, 0x0000000089a00000| Untracked 
| 155|0x0000000089b00000, 0x0000000089b00000, 0x0000000089c00000|  0%| F|  |TAMS 0x0000000089b00000, 0x0000000089b00000| Untracked 
| 156|0x0000000089c00000, 0x0000000089c00000, 0x0000000089d00000|  0%| F|  |TAMS 0x0000000089c00000, 0x0000000089c00000| Untracked 
| 157|0x0000000089d00000, 0x0000000089d00000, 0x0000000089e00000|  0%| F|  |TAMS 0x0000000089d00000, 0x0000000089d00000| Untracked 
| 158|0x0000000089e00000, 0x0000000089e00000, 0x0000000089f00000|  0%| F|  |TAMS 0x0000000089e00000, 0x0000000089e00000| Untracked 
| 159|0x0000000089f00000, 0x0000000089f00000, 0x000000008a000000|  0%| F|  |TAMS 0x0000000089f00000, 0x0000000089f00000| Untracked 
| 160|0x000000008a000000, 0x000000008a000000, 0x000000008a100000|  0%| F|  |TAMS 0x000000008a000000, 0x000000008a000000| Untracked 
| 161|0x000000008a100000, 0x000000008a100000, 0x000000008a200000|  0%| F|  |TAMS 0x000000008a100000, 0x000000008a100000| Untracked 
| 162|0x000000008a200000, 0x000000008a300000, 0x000000008a300000|100%| E|  |TAMS 0x000000008a200000, 0x000000008a200000| Complete 
| 163|0x000000008a300000, 0x000000008a400000, 0x000000008a400000|100%| E|CS|TAMS 0x000000008a300000, 0x000000008a300000| Complete 
| 164|0x000000008a400000, 0x000000008a500000, 0x000000008a500000|100%| E|CS|TAMS 0x000000008a400000, 0x000000008a400000| Complete 
| 165|0x000000008a500000, 0x000000008a600000, 0x000000008a600000|100%| E|CS|TAMS 0x000000008a500000, 0x000000008a500000| Complete 
| 166|0x000000008a600000, 0x000000008a700000, 0x000000008a700000|100%| E|CS|TAMS 0x000000008a600000, 0x000000008a600000| Complete 
| 167|0x000000008a700000, 0x000000008a800000, 0x000000008a800000|100%| E|CS|TAMS 0x000000008a700000, 0x000000008a700000| Complete 
| 168|0x000000008a800000, 0x000000008a900000, 0x000000008a900000|100%| E|CS|TAMS 0x000000008a800000, 0x000000008a800000| Complete 
| 169|0x000000008a900000, 0x000000008aa00000, 0x000000008aa00000|100%| E|CS|TAMS 0x000000008a900000, 0x000000008a900000| Complete 
| 170|0x000000008aa00000, 0x000000008ab00000, 0x000000008ab00000|100%| E|CS|TAMS 0x000000008aa00000, 0x000000008aa00000| Complete 
| 171|0x000000008ab00000, 0x000000008ac00000, 0x000000008ac00000|100%| E|CS|TAMS 0x000000008ab00000, 0x000000008ab00000| Complete 
| 172|0x000000008ac00000, 0x000000008ad00000, 0x000000008ad00000|100%| E|CS|TAMS 0x000000008ac00000, 0x000000008ac00000| Complete 
| 173|0x000000008ad00000, 0x000000008ae00000, 0x000000008ae00000|100%| E|CS|TAMS 0x000000008ad00000, 0x000000008ad00000| Complete 
| 174|0x000000008ae00000, 0x000000008af00000, 0x000000008af00000|100%| E|CS|TAMS 0x000000008ae00000, 0x000000008ae00000| Complete 
| 175|0x000000008af00000, 0x000000008b000000, 0x000000008b000000|100%| E|CS|TAMS 0x000000008af00000, 0x000000008af00000| Complete 
| 176|0x000000008b000000, 0x000000008b100000, 0x000000008b100000|100%| E|CS|TAMS 0x000000008b000000, 0x000000008b000000| Complete 
| 177|0x000000008b100000, 0x000000008b200000, 0x000000008b200000|100%| E|CS|TAMS 0x000000008b100000, 0x000000008b100000| Complete 
| 178|0x000000008b200000, 0x000000008b300000, 0x000000008b300000|100%| E|CS|TAMS 0x000000008b200000, 0x000000008b200000| Complete 
| 179|0x000000008b300000, 0x000000008b400000, 0x000000008b400000|100%| E|CS|TAMS 0x000000008b300000, 0x000000008b300000| Complete 
| 180|0x000000008b400000, 0x000000008b500000, 0x000000008b500000|100%| E|CS|TAMS 0x000000008b400000, 0x000000008b400000| Complete 
| 181|0x000000008b500000, 0x000000008b600000, 0x000000008b600000|100%| E|CS|TAMS 0x000000008b500000, 0x000000008b500000| Complete 
| 182|0x000000008b600000, 0x000000008b700000, 0x000000008b700000|100%| E|CS|TAMS 0x000000008b600000, 0x000000008b600000| Complete 
| 183|0x000000008b700000, 0x000000008b800000, 0x000000008b800000|100%| E|CS|TAMS 0x000000008b700000, 0x000000008b700000| Complete 
| 184|0x000000008b800000, 0x000000008b900000, 0x000000008b900000|100%| E|CS|TAMS 0x000000008b800000, 0x000000008b800000| Complete 
| 185|0x000000008b900000, 0x000000008ba00000, 0x000000008ba00000|100%| E|CS|TAMS 0x000000008b900000, 0x000000008b900000| Complete 
| 186|0x000000008ba00000, 0x000000008bb00000, 0x000000008bb00000|100%| E|CS|TAMS 0x000000008ba00000, 0x000000008ba00000| Complete 
| 187|0x000000008bb00000, 0x000000008bc00000, 0x000000008bc00000|100%| E|CS|TAMS 0x000000008bb00000, 0x000000008bb00000| Complete 
| 188|0x000000008bc00000, 0x000000008bd00000, 0x000000008bd00000|100%| E|CS|TAMS 0x000000008bc00000, 0x000000008bc00000| Complete 
| 189|0x000000008bd00000, 0x000000008be00000, 0x000000008be00000|100%| E|CS|TAMS 0x000000008bd00000, 0x000000008bd00000| Complete 
| 190|0x000000008be00000, 0x000000008bf00000, 0x000000008bf00000|100%| E|CS|TAMS 0x000000008be00000, 0x000000008be00000| Complete 
| 191|0x000000008bf00000, 0x000000008c000000, 0x000000008c000000|100%| E|CS|TAMS 0x000000008bf00000, 0x000000008bf00000| Complete 
| 192|0x000000008c000000, 0x000000008c100000, 0x000000008c100000|100%| E|CS|TAMS 0x000000008c000000, 0x000000008c000000| Complete 
| 193|0x000000008c100000, 0x000000008c200000, 0x000000008c200000|100%| E|CS|TAMS 0x000000008c100000, 0x000000008c100000| Complete 
| 194|0x000000008c200000, 0x000000008c300000, 0x000000008c300000|100%| E|CS|TAMS 0x000000008c200000, 0x000000008c200000| Complete 
| 195|0x000000008c300000, 0x000000008c400000, 0x000000008c400000|100%| E|CS|TAMS 0x000000008c300000, 0x000000008c300000| Complete 
| 196|0x000000008c400000, 0x000000008c500000, 0x000000008c500000|100%| E|CS|TAMS 0x000000008c400000, 0x000000008c400000| Complete 
| 197|0x000000008c500000, 0x000000008c600000, 0x000000008c600000|100%| E|CS|TAMS 0x000000008c500000, 0x000000008c500000| Complete 
| 198|0x000000008c600000, 0x000000008c700000, 0x000000008c700000|100%| E|CS|TAMS 0x000000008c600000, 0x000000008c600000| Complete 
| 199|0x000000008c700000, 0x000000008c800000, 0x000000008c800000|100%| E|CS|TAMS 0x000000008c700000, 0x000000008c700000| Complete 
| 200|0x000000008c800000, 0x000000008c900000, 0x000000008c900000|100%| E|CS|TAMS 0x000000008c800000, 0x000000008c800000| Complete 
| 201|0x000000008c900000, 0x000000008ca00000, 0x000000008ca00000|100%| E|CS|TAMS 0x000000008c900000, 0x000000008c900000| Complete 
| 202|0x000000008ca00000, 0x000000008cb00000, 0x000000008cb00000|100%| E|CS|TAMS 0x000000008ca00000, 0x000000008ca00000| Complete 
| 203|0x000000008cb00000, 0x000000008cc00000, 0x000000008cc00000|100%| E|CS|TAMS 0x000000008cb00000, 0x000000008cb00000| Complete 
| 204|0x000000008cc00000, 0x000000008cd00000, 0x000000008cd00000|100%| E|CS|TAMS 0x000000008cc00000, 0x000000008cc00000| Complete 
| 205|0x000000008cd00000, 0x000000008ce00000, 0x000000008ce00000|100%| E|CS|TAMS 0x000000008cd00000, 0x000000008cd00000| Complete 
| 206|0x000000008ce00000, 0x000000008cf00000, 0x000000008cf00000|100%| E|CS|TAMS 0x000000008ce00000, 0x000000008ce00000| Complete 
| 207|0x000000008cf00000, 0x000000008d000000, 0x000000008d000000|100%| E|CS|TAMS 0x000000008cf00000, 0x000000008cf00000| Complete 
| 208|0x000000008d000000, 0x000000008d100000, 0x000000008d100000|100%| E|CS|TAMS 0x000000008d000000, 0x000000008d000000| Complete 
| 209|0x000000008d100000, 0x000000008d1da9d0, 0x000000008d200000| 85%| S|CS|TAMS 0x000000008d100000, 0x000000008d100000| Complete 
| 210|0x000000008d200000, 0x000000008d300000, 0x000000008d300000|100%| S|CS|TAMS 0x000000008d200000, 0x000000008d200000| Complete 
| 211|0x000000008d300000, 0x000000008d400000, 0x000000008d400000|100%| E|CS|TAMS 0x000000008d300000, 0x000000008d300000| Complete 
| 212|0x000000008d400000, 0x000000008d500000, 0x000000008d500000|100%| E|CS|TAMS 0x000000008d400000, 0x000000008d400000| Complete 
| 213|0x000000008d500000, 0x000000008d600000, 0x000000008d600000|100%| E|CS|TAMS 0x000000008d500000, 0x000000008d500000| Complete 
| 214|0x000000008d600000, 0x000000008d700000, 0x000000008d700000|100%| E|CS|TAMS 0x000000008d600000, 0x000000008d600000| Complete 
| 215|0x000000008d700000, 0x000000008d800000, 0x000000008d800000|100%| E|CS|TAMS 0x000000008d700000, 0x000000008d700000| Complete 
| 216|0x000000008d800000, 0x000000008d900000, 0x000000008d900000|100%| E|CS|TAMS 0x000000008d800000, 0x000000008d800000| Complete 
| 217|0x000000008d900000, 0x000000008da00000, 0x000000008da00000|100%| E|CS|TAMS 0x000000008d900000, 0x000000008d900000| Complete 
| 218|0x000000008da00000, 0x000000008db00000, 0x000000008db00000|100%| E|CS|TAMS 0x000000008da00000, 0x000000008da00000| Complete 
| 219|0x000000008db00000, 0x000000008dc00000, 0x000000008dc00000|100%| E|CS|TAMS 0x000000008db00000, 0x000000008db00000| Complete 
| 220|0x000000008dc00000, 0x000000008dd00000, 0x000000008dd00000|100%| E|CS|TAMS 0x000000008dc00000, 0x000000008dc00000| Complete 
| 221|0x000000008dd00000, 0x000000008de00000, 0x000000008de00000|100%| E|CS|TAMS 0x000000008dd00000, 0x000000008dd00000| Complete 
| 222|0x000000008de00000, 0x000000008df00000, 0x000000008df00000|100%| E|CS|TAMS 0x000000008de00000, 0x000000008de00000| Complete 
| 223|0x000000008df00000, 0x000000008e000000, 0x000000008e000000|100%| E|CS|TAMS 0x000000008df00000, 0x000000008df00000| Complete 
| 224|0x000000008e000000, 0x000000008e100000, 0x000000008e100000|100%| E|CS|TAMS 0x000000008e000000, 0x000000008e000000| Complete 
| 225|0x000000008e100000, 0x000000008e200000, 0x000000008e200000|100%| E|CS|TAMS 0x000000008e100000, 0x000000008e100000| Complete 
| 226|0x000000008e200000, 0x000000008e300000, 0x000000008e300000|100%| E|CS|TAMS 0x000000008e200000, 0x000000008e200000| Complete 
| 227|0x000000008e300000, 0x000000008e400000, 0x000000008e400000|100%| E|CS|TAMS 0x000000008e300000, 0x000000008e300000| Complete 
| 228|0x000000008e400000, 0x000000008e500000, 0x000000008e500000|100%| E|CS|TAMS 0x000000008e400000, 0x000000008e400000| Complete 
| 229|0x000000008e500000, 0x000000008e600000, 0x000000008e600000|100%| E|CS|TAMS 0x000000008e500000, 0x000000008e500000| Complete 
| 230|0x000000008e600000, 0x000000008e700000, 0x000000008e700000|100%| E|CS|TAMS 0x000000008e600000, 0x000000008e600000| Complete 
| 231|0x000000008e700000, 0x000000008e800000, 0x000000008e800000|100%| E|CS|TAMS 0x000000008e700000, 0x000000008e700000| Complete 
| 232|0x000000008e800000, 0x000000008e900000, 0x000000008e900000|100%| E|CS|TAMS 0x000000008e800000, 0x000000008e800000| Complete 
| 233|0x000000008e900000, 0x000000008ea00000, 0x000000008ea00000|100%| E|CS|TAMS 0x000000008e900000, 0x000000008e900000| Complete 
| 234|0x000000008ea00000, 0x000000008eb00000, 0x000000008eb00000|100%| E|CS|TAMS 0x000000008ea00000, 0x000000008ea00000| Complete 
| 235|0x000000008eb00000, 0x000000008ec00000, 0x000000008ec00000|100%| E|CS|TAMS 0x000000008eb00000, 0x000000008eb00000| Complete 
| 236|0x000000008ec00000, 0x000000008ed00000, 0x000000008ed00000|100%| E|CS|TAMS 0x000000008ec00000, 0x000000008ec00000| Complete 
| 237|0x000000008ed00000, 0x000000008ee00000, 0x000000008ee00000|100%| E|CS|TAMS 0x000000008ed00000, 0x000000008ed00000| Complete 
| 238|0x000000008ee00000, 0x000000008ef00000, 0x000000008ef00000|100%| E|CS|TAMS 0x000000008ee00000, 0x000000008ee00000| Complete 
| 239|0x000000008ef00000, 0x000000008f000000, 0x000000008f000000|100%| E|CS|TAMS 0x000000008ef00000, 0x000000008ef00000| Complete 
| 240|0x000000008f000000, 0x000000008f100000, 0x000000008f100000|100%| E|CS|TAMS 0x000000008f000000, 0x000000008f000000| Complete 
| 241|0x000000008f100000, 0x000000008f200000, 0x000000008f200000|100%| E|CS|TAMS 0x000000008f100000, 0x000000008f100000| Complete 
| 242|0x000000008f200000, 0x000000008f300000, 0x000000008f300000|100%| E|CS|TAMS 0x000000008f200000, 0x000000008f200000| Complete 
| 243|0x000000008f300000, 0x000000008f400000, 0x000000008f400000|100%| E|CS|TAMS 0x000000008f300000, 0x000000008f300000| Complete 
| 244|0x000000008f400000, 0x000000008f500000, 0x000000008f500000|100%| E|CS|TAMS 0x000000008f400000, 0x000000008f400000| Complete 
| 245|0x000000008f500000, 0x000000008f600000, 0x000000008f600000|100%| E|CS|TAMS 0x000000008f500000, 0x000000008f500000| Complete 
| 246|0x000000008f600000, 0x000000008f700000, 0x000000008f700000|100%| E|CS|TAMS 0x000000008f600000, 0x000000008f600000| Complete 
| 247|0x000000008f700000, 0x000000008f800000, 0x000000008f800000|100%| E|CS|TAMS 0x000000008f700000, 0x000000008f700000| Complete 
| 248|0x000000008f800000, 0x000000008f900000, 0x000000008f900000|100%| E|CS|TAMS 0x000000008f800000, 0x000000008f800000| Complete 
| 249|0x000000008f900000, 0x000000008fa00000, 0x000000008fa00000|100%| E|CS|TAMS 0x000000008f900000, 0x000000008f900000| Complete 
| 250|0x000000008fa00000, 0x000000008fb00000, 0x000000008fb00000|100%| E|CS|TAMS 0x000000008fa00000, 0x000000008fa00000| Complete 
| 251|0x000000008fb00000, 0x000000008fc00000, 0x000000008fc00000|100%| E|CS|TAMS 0x000000008fb00000, 0x000000008fb00000| Complete 
| 252|0x000000008fc00000, 0x000000008fd00000, 0x000000008fd00000|100%| E|CS|TAMS 0x000000008fc00000, 0x000000008fc00000| Complete 
| 253|0x000000008fd00000, 0x000000008fe00000, 0x000000008fe00000|100%| E|CS|TAMS 0x000000008fd00000, 0x000000008fd00000| Complete 

Card table byte_map: [0x00000291dfa20000,0x00000291dfe20000] _byte_map_base: 0x00000291df620000

Marking Bits (Prev, Next): (CMBitMap*) 0x00000291cbe90760, (CMBitMap*) 0x00000291cbe90728
 Prev Bits: [0x00000291e2220000, 0x00000291e4220000)
 Next Bits: [0x00000291e0220000, 0x00000291e2220000)

Polling page: 0x00000291cf960000

Metaspace:

Usage:
  Non-class:     29.36 MB capacity,    28.80 MB ( 98%) used,   486.03 KB (  2%) free+waste,    82.50 KB ( <1%) overhead. 
      Class:      4.83 MB capacity,     4.49 MB ( 93%) used,   305.65 KB (  6%) free+waste,    41.44 KB ( <1%) overhead. 
       Both:     34.19 MB capacity,    33.30 MB ( 97%) used,   791.68 KB (  2%) free+waste,   123.94 KB ( <1%) overhead. 

Virtual space:
  Non-class space:       30.00 MB reserved,      29.50 MB ( 98%) committed 
      Class space:        1.00 GB reserved,       4.88 MB ( <1%) committed 
             Both:        1.03 GB reserved,      34.38 MB (  3%) committed 

Chunk freelists:
   Non-Class:  17.00 KB
       Class:  13.00 KB
        Both:  30.00 KB

MaxMetaspaceSize: 17179869184.00 GB
CompressedClassSpaceSize: 1.00 GB
Initial GC threshold: 20.80 MB
Current GC threshold: 35.00 MB
CDS: off

CodeHeap 'non-profiled nmethods': size=120000Kb used=1563Kb max_used=1563Kb free=118437Kb
 bounds [0x00000291d7450000, 0x00000291d76c0000, 0x00000291de980000]
CodeHeap 'profiled nmethods': size=120000Kb used=6055Kb max_used=6055Kb free=113944Kb
 bounds [0x00000291cff20000, 0x00000291d0510000, 0x00000291d7450000]
CodeHeap 'non-nmethods': size=5760Kb used=1240Kb max_used=1290Kb free=4519Kb
 bounds [0x00000291cf980000, 0x00000291cfbf0000, 0x00000291cff20000]
 total_blobs=3406 nmethods=2892 adapters=426
 compilation: enabled
              stopped_count=0, restarted_count=0
 full_count=0

Compilation events (20 events):
Event: 3.038 Thread 0x00000291e77f9800 nmethod 2812 0x00000291d04e4a90 code [0x00000291d04e4c80, 0x00000291d04e50c8]
Event: 3.039 Thread 0x00000291e92f9800 2813       4       java.util.jar.JarFile$1::apply (9 bytes)
Event: 3.041 Thread 0x00000291e77f8800 nmethod 2791 0x00000291d75c5190 code [0x00000291d75c53a0, 0x00000291d75c6848]
Event: 3.042 Thread 0x00000291e92f9800 nmethod 2813 0x00000291d75c7510 code [0x00000291d75c76c0, 0x00000291d75c7998]
Event: 3.042 Thread 0x00000291e77f9800 2814   !   3       java.lang.ClassLoader::loadClass (122 bytes)
Event: 3.044 Thread 0x00000291e77f9800 nmethod 2814 0x00000291d04e5210 code [0x00000291d04e55e0, 0x00000291d04e7858]
Event: 3.044 Thread 0x00000291e77f8800 2815   !   4       java.util.zip.ZipFile$ZipFileInflaterInputStream::close (67 bytes)
Event: 3.045 Thread 0x00000291e92f9800 2816       4       sun.net.util.URLUtil::urlNoFragString (114 bytes)
Event: 3.047 Thread 0x00000291e77f9800 2817       3       java.util.jar.JarFile::getMetaInfEntryNames (10 bytes)
Event: 3.048 Thread 0x00000291e77f9800 nmethod 2817 0x00000291d04e8590 code [0x00000291d04e8760, 0x00000291d04e88e8]
Event: 3.048 Thread 0x00000291e77f9800 2818       3       java.util.zip.ZipFile$1::getMetaInfEntryNames (5 bytes)
Event: 3.048 Thread 0x00000291e77f9800 nmethod 2818 0x00000291d04e8a10 code [0x00000291d04e8bc0, 0x00000291d04e8ce8]
Event: 3.052 Thread 0x00000291e77f9800 2820       3       org.codehaus.groovy.reflection.GeneratedMetaMethod$DgmMethodRecord::<init> (5 bytes)
Event: 3.052 Thread 0x00000291e77f9800 nmethod 2820 0x00000291d04e8d90 code [0x00000291d04e8f40, 0x00000291d04e9098]
Event: 3.063 Thread 0x00000291e77f9800 2822       3       java.lang.Class::getPackageName (81 bytes)
Event: 3.064 Thread 0x00000291e77f9800 nmethod 2822 0x00000291d04e9190 code [0x00000291d04e9420, 0x00000291d04e9d48]
Event: 3.064 Thread 0x00000291e77f9800 2823       3       java.util.concurrent.locks.AbstractQueuedSynchronizer::<init> (5 bytes)
Event: 3.064 Thread 0x00000291e77f9800 nmethod 2823 0x00000291d04ea090 code [0x00000291d04ea240, 0x00000291d04ea3f8]
Event: 3.064 Thread 0x00000291e77f9800 2824       3       java.util.concurrent.locks.AbstractOwnableSynchronizer::<init> (5 bytes)
Event: 3.064 Thread 0x00000291e77f9800 nmethod 2824 0x00000291d04ea510 code [0x00000291d04ea6c0, 0x00000291d04ea818]

GC Heap History (6 events):
Event: 0.516 GC heap before
{Heap before GC invocations=0 (full 0):
 garbage-first heap   total 260096K, used 30720K [0x0000000080000000, 0x0000000100000000)
  region size 1024K, 24 young (24576K), 0 survivors (0K)
 Metaspace       used 9849K, capacity 10050K, committed 10112K, reserved 1058816K
  class space    used 1027K, capacity 1102K, committed 1152K, reserved 1048576K
}
Event: 0.519 GC heap after
{Heap after GC invocations=1 (full 0):
 garbage-first heap   total 260096K, used 8978K [0x0000000080000000, 0x0000000100000000)
  region size 1024K, 3 young (3072K), 3 survivors (3072K)
 Metaspace       used 9849K, capacity 10050K, committed 10112K, reserved 1058816K
  class space    used 1027K, capacity 1102K, committed 1152K, reserved 1048576K
}
Event: 1.970 GC heap before
{Heap before GC invocations=1 (full 0):
 garbage-first heap   total 260096K, used 109330K [0x0000000080000000, 0x0000000100000000)
  region size 1024K, 102 young (104448K), 3 survivors (3072K)
 Metaspace       used 20676K, capacity 21148K, committed 21248K, reserved 1067008K
  class space    used 2542K, capacity 2727K, committed 2816K, reserved 1048576K
}
Event: 1.978 GC heap after
{Heap after GC invocations=2 (full 0):
 garbage-first heap   total 260096K, used 17392K [0x0000000080000000, 0x0000000100000000)
  region size 1024K, 12 young (12288K), 12 survivors (12288K)
 Metaspace       used 20676K, capacity 21148K, committed 21248K, reserved 1067008K
  class space    used 2542K, capacity 2727K, committed 2816K, reserved 1048576K
}
Event: 2.274 GC heap before
{Heap before GC invocations=3 (full 0):
 garbage-first heap   total 260096K, used 60400K [0x0000000080000000, 0x0000000100000000)
  region size 1024K, 55 young (56320K), 12 survivors (12288K)
 Metaspace       used 25146K, capacity 25722K, committed 25984K, reserved 1071104K
  class space    used 3217K, capacity 3405K, committed 3456K, reserved 1048576K
}
Event: 2.278 GC heap after
{Heap after GC invocations=4 (full 0):
 garbage-first heap   total 260096K, used 18205K [0x0000000080000000, 0x0000000100000000)
  region size 1024K, 2 young (2048K), 2 survivors (2048K)
 Metaspace       used 25146K, capacity 25722K, committed 25984K, reserved 1071104K
  class space    used 3217K, capacity 3405K, committed 3456K, reserved 1048576K
}

Deoptimization events (20 events):
Event: 3.052 Thread 0x00000291e7979800 Uncommon trap: trap_request=0xffffffde fr.pc=0x00000291d751f4d0 relative=0x00000000000012f0
Event: 3.052 Thread 0x00000291e7979800 Uncommon trap: reason=class_check action=maybe_recompile pc=0x00000291d751f4d0 method=java.io.BufferedInputStream.read([BII)I @ 101 c2
Event: 3.052 Thread 0x00000291e7979800 DEOPT PACKING pc=0x00000291d751f4d0 sp=0x000000edd00f7d10
Event: 3.052 Thread 0x00000291e7979800 DEOPT UNPACKING pc=0x00000291cf9ca1af sp=0x000000edd00f7bd0 mode 2
Event: 3.052 Thread 0x00000291e7979800 Uncommon trap: trap_request=0xffffffde fr.pc=0x00000291d751f4d0 relative=0x00000000000012f0
Event: 3.052 Thread 0x00000291e7979800 Uncommon trap: reason=class_check action=maybe_recompile pc=0x00000291d751f4d0 method=java.io.BufferedInputStream.read([BII)I @ 101 c2
Event: 3.052 Thread 0x00000291e7979800 DEOPT PACKING pc=0x00000291d751f4d0 sp=0x000000edd00f7d10
Event: 3.053 Thread 0x00000291e7979800 DEOPT UNPACKING pc=0x00000291cf9ca1af sp=0x000000edd00f7bd0 mode 2
Event: 3.053 Thread 0x00000291e7979800 Uncommon trap: trap_request=0xffffffc6 fr.pc=0x00000291d7573fc8 relative=0x00000000000002c8
Event: 3.053 Thread 0x00000291e7979800 Uncommon trap: reason=bimorphic_or_optimized_type_check action=maybe_recompile pc=0x00000291d7573fc8 method=java.io.BufferedInputStream.read([BII)I @ 101 c2
Event: 3.053 Thread 0x00000291e7979800 DEOPT PACKING pc=0x00000291d7573fc8 sp=0x000000edd00f7c30
Event: 3.053 Thread 0x00000291e7979800 DEOPT UNPACKING pc=0x00000291cf9ca1af sp=0x000000edd00f7be8 mode 2
Event: 3.053 Thread 0x00000291e7979800 Uncommon trap: trap_request=0xffffffc6 fr.pc=0x00000291d7573fc8 relative=0x00000000000002c8
Event: 3.053 Thread 0x00000291e7979800 Uncommon trap: reason=bimorphic_or_optimized_type_check action=maybe_recompile pc=0x00000291d7573fc8 method=java.io.BufferedInputStream.read([BII)I @ 101 c2
Event: 3.053 Thread 0x00000291e7979800 DEOPT PACKING pc=0x00000291d7573fc8 sp=0x000000edd00f7c30
Event: 3.053 Thread 0x00000291e7979800 DEOPT UNPACKING pc=0x00000291cf9ca1af sp=0x000000edd00f7be8 mode 2
Event: 3.054 Thread 0x00000291e7979800 Uncommon trap: trap_request=0xffffffc6 fr.pc=0x00000291d7573fc8 relative=0x00000000000002c8
Event: 3.054 Thread 0x00000291e7979800 Uncommon trap: reason=bimorphic_or_optimized_type_check action=maybe_recompile pc=0x00000291d7573fc8 method=java.io.BufferedInputStream.read([BII)I @ 101 c2
Event: 3.054 Thread 0x00000291e7979800 DEOPT PACKING pc=0x00000291d7573fc8 sp=0x000000edd00f7c30
Event: 3.054 Thread 0x00000291e7979800 DEOPT UNPACKING pc=0x00000291cf9ca1af sp=0x000000edd00f7be8 mode 2

Classes redefined (0 events):
No events

Internal exceptions (20 events):
Event: 2.605 Thread 0x00000291e7979800 Exception <a 'java/lang/NoSuchMethodError'{0x000000008e1dd828}: <clinit>> (0x000000008e1dd828) thrown at [./src/hotspot/share/prims/jni.cpp, line 1365]
Event: 2.605 Thread 0x00000291e7979800 Exception <a 'java/lang/NoSuchMethodError'{0x000000008e1dee30}: <clinit>> (0x000000008e1dee30) thrown at [./src/hotspot/share/prims/jni.cpp, line 1365]
Event: 2.606 Thread 0x00000291e7979800 Exception <a 'java/lang/NoSuchMethodError'{0x000000008e1e03c8}: <clinit>> (0x000000008e1e03c8) thrown at [./src/hotspot/share/prims/jni.cpp, line 1365]
Event: 2.606 Thread 0x00000291e7979800 Exception <a 'java/lang/NoSuchMethodError'{0x000000008e1e1b28}: <clinit>> (0x000000008e1e1b28) thrown at [./src/hotspot/share/prims/jni.cpp, line 1365]
Event: 2.606 Thread 0x00000291e7979800 Exception <a 'java/lang/NoSuchMethodError'{0x000000008e1e31c0}: <clinit>> (0x000000008e1e31c0) thrown at [./src/hotspot/share/prims/jni.cpp, line 1365]
Event: 2.606 Thread 0x00000291e7979800 Exception <a 'java/lang/NoSuchMethodError'{0x000000008e1e46f8}: <clinit>> (0x000000008e1e46f8) thrown at [./src/hotspot/share/prims/jni.cpp, line 1365]
Event: 2.721 Thread 0x00000291e7979800 Exception <a 'java/lang/NoSuchMethodError'{0x000000008ce669e8}: 'java.lang.Object java.lang.invoke.DirectMethodHandle$Holder.invokeSpecialIFC(java.lang.Object, java.lang.Object, java.lang.Object, java.lang.Object)'> (0x000000008ce669e8) thrown at [./src/hotspot/share/interpreter/linkResolver.cpp, line 773]
Event: 2.727 Thread 0x00000291e7979800 Exception <a 'java/lang/NoSuchMethodError'{0x000000008cdac060}: 'java.lang.Object java.lang.invoke.DirectMethodHandle$Holder.invokeSpecial(java.lang.Object, java.lang.Object, java.lang.Object, java.lang.Object, java.lang.Object, java.lang.Object, java.lang.Object, java.lang.Object, java.lang.Object, java.lang.Object, java.lang.Object, java.lang.Object, java.lang.Object)'> (0x000000008cdac060) thrown at [./src/hotspot/share/interpreter/linkResolver.cpp, line 773]
Event: 2.727 Thread 0x00000291e7979800 Exception <a 'java/lang/NoSuchMethodError'{0x000000008cdbd168}: 'java.lang.Object java.lang.invoke.DirectMethodHandle$Holder.invokeSpecial(java.lang.Object, java.lang.Object, java.lang.Object, java.lang.Object, java.lang.Object, java.lang.Object, java.lang.Object, java.lang.Object, java.lang.Object, java.lang.Object, java.lang.Object, java.lang.Object)'> (0x000000008cdbd168) thrown at [./src/hotspot/share/interpreter/linkResolver.cpp, line 773]
Event: 2.728 Thread 0x00000291e7979800 Exception <a 'java/lang/NoSuchMethodError'{0x000000008cdc2538}: 'java.lang.Object java.lang.invoke.Invokers$Holder.linkToTargetMethod(java.lang.Object, java.lang.Object, java.lang.Object, java.lang.Object, java.lang.Object, java.lang.Object, java.lang.Object, java.lang.Object, java.lang.Object, java.lang.Object, java.lang.Object)'> (0x000000008cdc2538) thrown at [./src/hotspot/share/interpreter/linkResolver.cpp, line 773]
Event: 2.735 Thread 0x00000291e7979800 Exception <a 'java/lang/NoSuchMethodError'{0x000000008cb0fd88}: 'java.lang.Object java.lang.invoke.DirectMethodHandle$Holder.invokeSpecial(java.lang.Object, java.lang.Object, java.lang.Object, java.lang.Object, java.lang.Object, java.lang.Object, java.lang.Object, java.lang.Object, java.lang.Object, java.lang.Object, java.lang.Object, java.lang.Object, java.lang.Object, java.lang.Object)'> (0x000000008cb0fd88) thrown at [./src/hotspot/share/interpreter/linkResolver.cpp, line 773]
Event: 2.735 Thread 0x00000291e7979800 Exception <a 'java/lang/NoSuchMethodError'{0x000000008cb216a8}: 'java.lang.Object java.lang.invoke.Invokers$Holder.linkToTargetMethod(java.lang.Object, java.lang.Object, java.lang.Object, java.lang.Object, java.lang.Object, java.lang.Object, java.lang.Object, java.lang.Object, java.lang.Object, java.lang.Object, java.lang.Object, java.lang.Object)'> (0x000000008cb216a8) thrown at [./src/hotspot/share/interpreter/linkResolver.cpp, line 773]
Event: 2.742 Thread 0x00000291e7979800 Exception <a 'java/lang/NoSuchMethodError'{0x000000008ca10920}: 'java.lang.Object java.lang.invoke.DirectMethodHandle$Holder.invokeStaticInit(java.lang.Object, java.lang.Object, java.lang.Object, java.lang.Object)'> (0x000000008ca10920) thrown at [./src/hotspot/share/interpreter/linkResolver.cpp, line 773]
Event: 2.794 Thread 0x00000291e7979800 Implicit null exception at 0x00000291d7524275 to 0x00000291d752443c
Event: 2.794 Thread 0x00000291e7979800 Implicit null exception at 0x00000291d753e6af to 0x00000291d753e71d
Event: 2.881 Thread 0x00000291e7979800 Exception <a 'java/lang/NoSuchMethodError'{0x000000008b9c5088}: 'java.lang.Object java.lang.invoke.Invokers$Holder.linkToTargetMethod(java.lang.Object, java.lang.Object, java.lang.Object, java.lang.Object, java.lang.Object, java.lang.Object, java.lang.Object, java.lang.Object)'> (0x000000008b9c5088) thrown at [./src/hotspot/share/interpreter/linkResolver.cpp, line 773]
Event: 2.883 Thread 0x00000291e7979800 Exception <a 'java/lang/NoSuchMethodError'{0x000000008b813770}: 'java.lang.Object java.lang.invoke.Invokers$Holder.linkToTargetMethod(java.lang.Object, java.lang.Object, java.lang.Object, java.lang.Object, java.lang.Object, java.lang.Object, java.lang.Object)'> (0x000000008b813770) thrown at [./src/hotspot/share/interpreter/linkResolver.cpp, line 773]
Event: 2.885 Thread 0x00000291e7979800 Exception <a 'java/lang/IncompatibleClassChangeError'{0x000000008b8538c0}: Found class java.lang.Object, but interface was expected> (0x000000008b8538c0) thrown at [./src/hotspot/share/interpreter/linkResolver.cpp, line 839]
Event: 3.010 Thread 0x00000291e7979800 Exception <a 'java/lang/NoSuchMethodError'{0x000000008a9d9478}: 'int java.lang.invoke.DirectMethodHandle$Holder.invokeStatic(java.lang.Object, java.lang.Object, java.lang.Object, java.lang.Object, java.lang.Object)'> (0x000000008a9d9478) thrown at [./src/hotspot/share/interpreter/linkResolver.cpp, line 773]
Event: 3.038 Thread 0x00000291e7979800 Exception <a 'java/lang/NoSuchMethodError'{0x000000008a7d5ff8}: 'void java.lang.invoke.DirectMethodHandle$Holder.invokeStaticInit(java.lang.Object, java.lang.Object, java.lang.Object, java.lang.Object)'> (0x000000008a7d5ff8) thrown at [./src/hotspot/share/interpreter/linkResolver.cpp, line 773]

Events (20 events):
Event: 3.062 loading class org/codehaus/groovy/reflection/CachedClass$4
Event: 3.062 loading class org/codehaus/groovy/reflection/CachedClass$4 done
Event: 3.062 loading class org/codehaus/groovy/reflection/CachedClass$5
Event: 3.062 loading class org/codehaus/groovy/reflection/CachedClass$5 done
Event: 3.063 loading class org/codehaus/groovy/reflection/CachedClass$6
Event: 3.063 loading class org/codehaus/groovy/reflection/CachedClass$6 done
Event: 3.063 loading class org/codehaus/groovy/reflection/CachedClass$7
Event: 3.063 loading class org/codehaus/groovy/reflection/CachedClass$7 done
Event: 3.063 loading class org/codehaus/groovy/reflection/CachedClass$8
Event: 3.063 loading class org/codehaus/groovy/reflection/CachedClass$8 done
Event: 3.064 loading class java/security/AccessControlException
Event: 3.064 loading class java/security/AccessControlException done
Event: 3.064 Executing VM operation: Deoptimize
Event: 3.064 Executing VM operation: Deoptimize done
Event: 3.064 loading class org/codehaus/groovy/util/ReferenceType$SoftRef
Event: 3.064 loading class org/codehaus/groovy/util/ReferenceType$SoftRef done
Event: 3.065 loading class org/codehaus/groovy/transform/trait/Traits$Implemented
Event: 3.065 loading class org/codehaus/groovy/transform/trait/Traits$Implemented done
Event: 3.065 Executing VM operation: RevokeBias
Event: 3.065 Executing VM operation: RevokeBias done


Dynamic libraries:
0x00007ff7cfd40000 - 0x00007ff7cfd4a000 	C:\Program Files\Android\Android Studio\jre\bin\java.exe
0x00007fff00e90000 - 0x00007fff01085000 	C:\Windows\SYSTEM32\ntdll.dll
0x00007ffefeee0000 - 0x00007ffefef9d000 	C:\Windows\System32\KERNEL32.DLL
0x00007ffefeb00000 - 0x00007ffefedcd000 	C:\Windows\System32\KERNELBASE.dll
0x00007ffefe670000 - 0x00007ffefe770000 	C:\Windows\System32\ucrtbase.dll
0x00007ffeea5d0000 - 0x00007ffeea5e7000 	C:\Program Files\Android\Android Studio\jre\bin\VCRUNTIME140.dll
0x00007ffeea980000 - 0x00007ffeea999000 	C:\Program Files\Android\Android Studio\jre\bin\jli.dll
0x00007fff008a0000 - 0x00007fff00a40000 	C:\Windows\System32\USER32.dll
0x00007ffeec1d0000 - 0x00007ffeec46a000 	C:\Windows\WinSxS\amd64_microsoft.windows.common-controls_6595b64144ccf1df_6.0.19041.1110_none_60b5254171f9507e\COMCTL32.dll
0x00007ffeffd10000 - 0x00007ffeffdae000 	C:\Windows\System32\msvcrt.dll
0x00007ffefe5a0000 - 0x00007ffefe5c2000 	C:\Windows\System32\win32u.dll
0x00007fff00730000 - 0x00007fff0075a000 	C:\Windows\System32\GDI32.dll
0x00007ffefedd0000 - 0x00007ffefeedb000 	C:\Windows\System32\gdi32full.dll
0x00007ffefe5d0000 - 0x00007ffefe66d000 	C:\Windows\System32\msvcp_win.dll
0x00007fff00ae0000 - 0x00007fff00b10000 	C:\Windows\System32\IMM32.DLL
0x00007ffeca370000 - 0x00007ffeca40d000 	C:\Program Files\Android\Android Studio\jre\bin\msvcp140.dll
0x00007ffe76200000 - 0x00007ffe76ce5000 	C:\Program Files\Android\Android Studio\jre\bin\server\jvm.dll
0x00007fff00760000 - 0x00007fff0080e000 	C:\Windows\System32\ADVAPI32.dll
0x00007ffeff8a0000 - 0x00007ffeff93c000 	C:\Windows\System32\sechost.dll
0x00007fff00d20000 - 0x00007fff00e45000 	C:\Windows\System32\RPCRT4.dll
0x00007fff00ad0000 - 0x00007fff00ad8000 	C:\Windows\System32\PSAPI.DLL
0x00007ffeb9de0000 - 0x00007ffeb9de9000 	C:\Windows\SYSTEM32\WSOCK32.dll
0x00007ffef8e00000 - 0x00007ffef8e27000 	C:\Windows\SYSTEM32\WINMM.dll
0x00007ffef87e0000 - 0x00007ffef87ea000 	C:\Windows\SYSTEM32\VERSION.dll
0x00007fff00b90000 - 0x00007fff00bfb000 	C:\Windows\System32\WS2_32.dll
0x00007ffefc4a0000 - 0x00007ffefc4b2000 	C:\Windows\SYSTEM32\kernel.appcore.dll
0x00007ffeb9dc0000 - 0x00007ffeb9dd1000 	C:\Program Files\Android\Android Studio\jre\bin\verify.dll
0x00007ffef6550000 - 0x00007ffef6734000 	C:\Windows\SYSTEM32\DBGHELP.DLL
0x00007ffeea910000 - 0x00007ffeea93c000 	C:\Windows\SYSTEM32\dbgcore.DLL
0x00007ffefe8a0000 - 0x00007ffefe922000 	C:\Windows\System32\bcryptPrimitives.dll
0x00007ffeb4580000 - 0x00007ffeb45a9000 	C:\Program Files\Android\Android Studio\jre\bin\java.dll
0x00007ffeb6e40000 - 0x00007ffeb6e4b000 	C:\Program Files\Android\Android Studio\jre\bin\jimage.dll
0x00007ffeb4560000 - 0x00007ffeb4578000 	C:\Program Files\Android\Android Studio\jre\bin\zip.dll
0x00007ffeff150000 - 0x00007ffeff894000 	C:\Windows\System32\SHELL32.dll
0x00007ffefc6a0000 - 0x00007ffefce34000 	C:\Windows\SYSTEM32\windows.storage.dll
0x00007fff003d0000 - 0x00007fff00724000 	C:\Windows\System32\combase.dll
0x00007ffefe000000 - 0x00007ffefe02c000 	C:\Windows\SYSTEM32\Wldp.dll
0x00007ffeffa70000 - 0x00007ffeffb1d000 	C:\Windows\System32\SHCORE.dll
0x00007ffeffbe0000 - 0x00007ffeffc35000 	C:\Windows\System32\shlwapi.dll
0x00007ffefe4e0000 - 0x00007ffefe4ff000 	C:\Windows\SYSTEM32\profapi.dll
0x00007ffeb4540000 - 0x00007ffeb455a000 	C:\Program Files\Android\Android Studio\jre\bin\net.dll
0x00007ffef87f0000 - 0x00007ffef88fa000 	C:\Windows\SYSTEM32\WINHTTP.dll
0x00007ffefdd60000 - 0x00007ffefddca000 	C:\Windows\system32\mswsock.dll
0x00007ffeb4520000 - 0x00007ffeb4534000 	C:\Program Files\Android\Android Studio\jre\bin\nio.dll
0x00007ffef89b0000 - 0x00007ffef89d7000 	C:\Users\diaah\.gradle\native\e1d6ef7f7dcc3fd88c89a11ec53ec762bb8ba0a96d01ffa2cd45eb1d1d8dd5c5\windows-amd64\native-platform.dll
0x00007ffebd450000 - 0x00007ffebd594000 	C:\Users\diaah\.gradle\native\5664cfc778a61ccfe75a443a1ab52a65af34e5dc3c78e0209fed803814484fcb\windows-amd64\native-platform-file-events.dll
0x00007ffeb4510000 - 0x00007ffeb451a000 	C:\Program Files\Android\Android Studio\jre\bin\management.dll
0x00007ffeb4500000 - 0x00007ffeb450d000 	C:\Program Files\Android\Android Studio\jre\bin\management_ext.dll
0x00007ffefdf60000 - 0x00007ffefdf78000 	C:\Windows\SYSTEM32\CRYPTSP.dll
0x00007ffefd670000 - 0x00007ffefd6a4000 	C:\Windows\system32\rsaenh.dll
0x00007ffefe7c0000 - 0x00007ffefe7e7000 	C:\Windows\System32\bcrypt.dll
0x00007ffefe460000 - 0x00007ffefe48e000 	C:\Windows\SYSTEM32\USERENV.dll
0x00007ffefdf50000 - 0x00007ffefdf5c000 	C:\Windows\SYSTEM32\CRYPTBASE.dll
0x00007ffefda00000 - 0x00007ffefda3b000 	C:\Windows\SYSTEM32\IPHLPAPI.DLL
0x00007fff00a40000 - 0x00007fff00a48000 	C:\Windows\System32\NSI.dll
0x00007ffef8240000 - 0x00007ffef8257000 	C:\Windows\SYSTEM32\dhcpcsvc6.DLL
0x00007ffef8220000 - 0x00007ffef823d000 	C:\Windows\SYSTEM32\dhcpcsvc.DLL
0x00007ffefda50000 - 0x00007ffefdb1b000 	C:\Windows\SYSTEM32\DNSAPI.dll

dbghelp: loaded successfully - version: 4.0.5 - missing functions: none
symbol engine: initialized successfully - sym options: 0x614 - pdb path: .;C:\Program Files\Android\Android Studio\jre\bin;C:\Windows\SYSTEM32;C:\Windows\WinSxS\amd64_microsoft.windows.common-controls_6595b64144ccf1df_6.0.19041.1110_none_60b5254171f9507e;C:\Program Files\Android\Android Studio\jre\bin\server;C:\Users\diaah\.gradle\native\e1d6ef7f7dcc3fd88c89a11ec53ec762bb8ba0a96d01ffa2cd45eb1d1d8dd5c5\windows-amd64;C:\Users\diaah\.gradle\native\5664cfc778a61ccfe75a443a1ab52a65af34e5dc3c78e0209fed803814484fcb\windows-amd64

VM Arguments:
jvm_args: --add-opens=java.base/java.util=ALL-UNNAMED --add-opens=java.base/java.lang=ALL-UNNAMED --add-opens=java.base/java.lang.invoke=ALL-UNNAMED --add-opens=java.base/java.util=ALL-UNNAMED --add-opens=java.prefs/java.util.prefs=ALL-UNNAMED --add-opens=java.prefs/java.util.prefs=ALL-UNNAMED --add-opens=java.base/java.nio.charset=ALL-UNNAMED --add-opens=java.base/java.net=ALL-UNNAMED --add-opens=java.base/java.util.concurrent.atomic=ALL-UNNAMED -Xmx2048m -Dfile.encoding=UTF-8 -Duser.country=US -Duser.language=en -Duser.variant 
java_command: org.gradle.launcher.daemon.bootstrap.GradleDaemon 7.3.3
java_class_path (initial): C:\Users\diaah\.gradle\wrapper\dists\gradle-7.3.3-bin\6a41zxkdtcxs8rphpq6y0069z\gradle-7.3.3\lib\gradle-launcher-7.3.3.jar
Launcher Type: SUN_STANDARD

[Global flags]
     intx CICompilerCount                          = 4                                         {product} {ergonomic}
     uint ConcGCThreads                            = 3                                         {product} {ergonomic}
     uint G1ConcRefinementThreads                  = 10                                        {product} {ergonomic}
   size_t G1HeapRegionSize                         = 1048576                                   {product} {ergonomic}
    uintx GCDrainStackTargetSize                   = 64                                        {product} {ergonomic}
   size_t InitialHeapSize                          = 266338304                                 {product} {ergonomic}
   size_t MarkStackSize                            = 4194304                                   {product} {ergonomic}
   size_t MaxHeapSize                              = 2147483648                                {product} {command line}
   size_t MaxNewSize                               = 1287651328                                {product} {ergonomic}
   size_t MinHeapDeltaBytes                        = 1048576                                   {product} {ergonomic}
    uintx NonNMethodCodeHeapSize                   = 5836300                                {pd product} {ergonomic}
    uintx NonProfiledCodeHeapSize                  = 122910970                              {pd product} {ergonomic}
    uintx ProfiledCodeHeapSize                     = 122910970                              {pd product} {ergonomic}
    uintx ReservedCodeCacheSize                    = 251658240                              {pd product} {ergonomic}
     bool SegmentedCodeCache                       = true                                      {product} {ergonomic}
     bool UseCompressedClassPointers               = true                                 {lp64_product} {ergonomic}
     bool UseCompressedOops                        = true                                 {lp64_product} {ergonomic}
     bool UseG1GC                                  = true                                      {product} {ergonomic}
     bool UseLargePagesIndividualAllocation        = false                                  {pd product} {ergonomic}

Logging:
Log output configuration:
 #0: stdout all=warning uptime,level,tags
 #1: stderr all=off uptime,level,tags

Environment Variables:
PATH=C:\Program Files\Common Files\Oracle\Java\javapath;C:\ProgramData\Oracle\Java\javapath;C:\Windows\system32;C:\Windows;C:\Windows\System32\Wbem;C:\Windows\System32\WindowsPowerShell\v1.0\;C:\Windows\System32\OpenSSH\;C:\Program Files (x86)\NVIDIA Corporation\PhysX\Common;C:\Program Files\NVIDIA Corporation\NVIDIA NvDLISR;D:\git\Git\cmd;C:\Users\diaah\AppData\Local\Microsoft\WindowsApps
USERNAME=diaa
OS=Windows_NT
PROCESSOR_IDENTIFIER=Intel64 Family 6 Model 165 Stepping 2, GenuineIntel



---------------  S Y S T E M  ---------------

OS: Windows 10 , 64 bit Build 19041 (10.0.19041.1706)
OS uptime: 0 days 0:57 hours

CPU:total 12 (initial active 12) (6 cores per cpu, 2 threads per core) family 6 model 165 stepping 2 microcode 0xe2, cmov, cx8, fxsr, mmx, sse, sse2, sse3, ssse3, sse4.1, sse4.2, popcnt, avx, avx2, aes, clmul, erms, 3dnowpref, lzcnt, ht, tsc, tscinvbit, bmi1, bmi2, adx, fma

Memory: 4k page, system-wide physical 16205M (3667M free)
TotalPageFile size 16205M (AvailPageFile size 7M)
current process WorkingSet (physical memory assigned to process): 289M, peak: 292M
current process commit charge ("private bytes"): 447M, peak: 451M

vm_info: OpenJDK 64-Bit Server VM (11.0.12+7-b1504.28-7817840) for windows-amd64 JRE (11.0.12+7-b1504.28-7817840), built on Oct 13 2021 22:12:33 by "builder" with MS VC++ 14.0 (VS2015)

END.
