#
# There is insufficient memory for the Java Runtime Environment to continue.
# Native memory allocation (malloc) failed to allocate 1073216 bytes for Chunk::new
# Possible reasons:
#   The system is out of physical RAM or swap space
#   The process is running with CompressedOops enabled, and the Java Heap may be blocking the growth of the native heap
# Possible solutions:
#   Reduce memory load on the system
#   Increase physical memory or swap space
#   Check if swap backing store is full
#   Decrease Java heap size (-Xmx/-Xms)
#   Decrease number of Java threads
#   Decrease Java thread stack sizes (-Xss)
#   Set larger code cache with -XX:ReservedCodeCacheSize=
#   JVM is running with Zero Based Compressed Oops mode in which the Java heap is
#     placed in the first 32GB address space. The Java Heap base address is the
#     maximum limit for the native heap growth. Please use -XX:HeapBaseMinAddress
#     to set the Java Heap base and to place the Java Heap above 32GB virtual address.
# This output file may be truncated or incomplete.
#
#  Out of Memory Error (./src/hotspot/share/memory/arena.cpp:197), pid=15796, tid=16152
#
# JRE version: OpenJDK Runtime Environment (11.0.12+7) (build 11.0.12+7-b1504.28-7817840)
# Java VM: OpenJDK 64-Bit Server VM (11.0.12+7-b1504.28-7817840, mixed mode, tiered, compressed oops, g1 gc, windows-amd64)
# No core dump will be written. Minidumps are not enabled by default on client versions of Windows
#

---------------  S U M M A R Y ------------

Command Line: org.jetbrains.kotlin.cli.jvm.K2JVMCompiler @D:\android1\7MinutesWorkout\app\build\20221017_649718702161267279.compiler.options

Host: Intel(R) Core(TM) i7-10750H CPU @ 2.60GHz, 12 cores, 15G,  Windows 10 , 64 bit Build 19041 (10.0.19041.1706)
Time: Mon Oct 17 04:04:55 2022 Egypt Standard Time elapsed time: 1.805939 seconds (0d 0h 0m 1s)

---------------  T H R E A D  ---------------

Current thread (0x000001ee28043000):  JavaThread "C2 CompilerThread0" daemon [_thread_in_native, id=16152, stack(0x0000001de2500000,0x0000001de2600000)]


Current CompileTask:
C2:   1805 3022   !   4       jdk.internal.loader.BuiltinClassLoader::findClassOnClassPathOrNull (64 bytes)

Stack: [0x0000001de2500000,0x0000001de2600000]
Native frames: (J=compiled Java code, j=interpreted, Vv=VM code, C=native code)
V  [jvm.dll+0x5fbcea]
V  [jvm.dll+0x731905]
V  [jvm.dll+0x732f1d]
V  [jvm.dll+0x7335d3]
V  [jvm.dll+0x247bf8]
V  [jvm.dll+0xc018c]
V  [jvm.dll+0xc06cc]
V  [jvm.dll+0x2bcc04]
V  [jvm.dll+0x5113a8]
V  [jvm.dll+0x208303]
V  [jvm.dll+0x201fe0]
V  [jvm.dll+0x1ff71f]
V  [jvm.dll+0x18868c]
V  [jvm.dll+0x20e0d7]
V  [jvm.dll+0x20c901]
V  [jvm.dll+0x6f9b7f]
V  [jvm.dll+0x6f26a5]
V  [jvm.dll+0x5fabf6]
C  [ucrtbase.dll+0x21bb2]
C  [KERNEL32.DLL+0x17034]
C  [ntdll.dll+0x52651]


---------------  P R O C E S S  ---------------

Threads class SMR info:
_java_thread_list=0x000001ee28225680, length=12, elements={
0x000001ee07bba000, 0x000001ee2777f000, 0x000001ee27785000, 0x000001ee2803a800,
0x000001ee2803c800, 0x000001ee2803d800, 0x000001ee28043000, 0x000001ee28091800,
0x000001ee280a4800, 0x000001ee281f1000, 0x000001ee281ed800, 0x000001ee281ec800
}

Java Threads: ( => current thread )
  0x000001ee07bba000 JavaThread "main" [_thread_in_native, id=14996, stack(0x0000001de1900000,0x0000001de1a00000)]
  0x000001ee2777f000 JavaThread "Reference Handler" daemon [_thread_blocked, id=16580, stack(0x0000001de2000000,0x0000001de2100000)]
  0x000001ee27785000 JavaThread "Finalizer" daemon [_thread_blocked, id=14664, stack(0x0000001de2100000,0x0000001de2200000)]
  0x000001ee2803a800 JavaThread "Signal Dispatcher" daemon [_thread_blocked, id=11848, stack(0x0000001de2200000,0x0000001de2300000)]
  0x000001ee2803c800 JavaThread "Attach Listener" daemon [_thread_blocked, id=16684, stack(0x0000001de2300000,0x0000001de2400000)]
  0x000001ee2803d800 JavaThread "Service Thread" daemon [_thread_blocked, id=7992, stack(0x0000001de2400000,0x0000001de2500000)]
=>0x000001ee28043000 JavaThread "C2 CompilerThread0" daemon [_thread_in_native, id=16152, stack(0x0000001de2500000,0x0000001de2600000)]
  0x000001ee28091800 JavaThread "C1 CompilerThread0" daemon [_thread_blocked, id=10552, stack(0x0000001de2600000,0x0000001de2700000)]
  0x000001ee280a4800 JavaThread "Sweeper thread" daemon [_thread_blocked, id=2032, stack(0x0000001de2700000,0x0000001de2800000)]
  0x000001ee281f1000 JavaThread "Common-Cleaner" daemon [_thread_blocked, id=3184, stack(0x0000001de2900000,0x0000001de2a00000)]
  0x000001ee281ed800 JavaThread "C2 CompilerThread1" daemon [_thread_in_native, id=13920, stack(0x0000001de2a00000,0x0000001de2b00000)]
  0x000001ee281ec800 JavaThread "C2 CompilerThread2" daemon [_thread_in_native, id=1344, stack(0x0000001de2b00000,0x0000001de2c00000)]

Other Threads:
  0x000001ee2776c000 VMThread "VM Thread" [stack: 0x0000001de1f00000,0x0000001de2000000] [id=5368]
  0x000001ee281f3000 WatcherThread [stack: 0x0000001de2800000,0x0000001de2900000] [id=16980]
  0x000001ee07bd1800 GCTaskThread "GC Thread#0" [stack: 0x0000001de1a00000,0x0000001de1b00000] [id=16748]
  0x000001ee28831800 GCTaskThread "GC Thread#1" [stack: 0x0000001de2c00000,0x0000001de2d00000] [id=11136]
  0x000001ee28377000 GCTaskThread "GC Thread#2" [stack: 0x0000001de2d00000,0x0000001de2e00000] [id=13092]
  0x000001ee28377800 GCTaskThread "GC Thread#3" [stack: 0x0000001de2e00000,0x0000001de2f00000] [id=10372]
  0x000001ee28b00800 GCTaskThread "GC Thread#4" [stack: 0x0000001de2f00000,0x0000001de3000000] [id=568]
  0x000001ee28b01800 GCTaskThread "GC Thread#5" [stack: 0x0000001de3000000,0x0000001de3100000] [id=12164]
  0x000001ee07c2c000 ConcurrentGCThread "G1 Main Marker" [stack: 0x0000001de1b00000,0x0000001de1c00000] [id=11656]
  0x000001ee07c2d800 ConcurrentGCThread "G1 Conc#0" [stack: 0x0000001de1c00000,0x0000001de1d00000] [id=16656]
  0x000001ee29103000 ConcurrentGCThread "G1 Conc#1" [stack: 0x0000001de3100000,0x0000001de3200000] [id=2892]
  0x000001ee28aeb800 ConcurrentGCThread "G1 Conc#2" [stack: 0x0000001de3200000,0x0000001de3300000] [id=14720]
  0x000001ee27647800 ConcurrentGCThread "G1 Refine#0" [stack: 0x0000001de1d00000,0x0000001de1e00000] [id=15732]
  0x000001ee299ba800 ConcurrentGCThread "G1 Refine#1" [stack: 0x0000001de3300000,0x0000001de3400000] [id=6740]
  0x000001ee27649800 ConcurrentGCThread "G1 Young RemSet Sampling" [stack: 0x0000001de1e00000,0x0000001de1f00000] [id=16856]

Threads with active compile tasks:
C2 CompilerThread0   1813 3022   !   4       jdk.internal.loader.BuiltinClassLoader::findClassOnClassPathOrNull (64 bytes)
C2 CompilerThread1   1813 2855       4       java.lang.ClassLoader::loadClass (7 bytes)
C2 CompilerThread2   1813 3027       4       jdk.internal.loader.ClassLoaders$AppClassLoader::loadClass (40 bytes)

VM state:not at safepoint (normal execution)

VM Mutex/Monitor currently owned by a thread: None

Heap address: 0x0000000702c00000, size: 4052 MB, Compressed Oops mode: Zero based, Oop shift amount: 3
Narrow klass base: 0x0000000800000000, Narrow klass shift: 0
Compressed class space size: 1073741824 Address: 0x0000000800000000

Heap:
 garbage-first heap   total 260096K, used 66326K [0x0000000702c00000, 0x0000000800000000)
  region size 1024K, 48 young (49152K), 3 survivors (3072K)
 Metaspace       used 45313K, capacity 45774K, committed 45872K, reserved 1089536K
  class space    used 5421K, capacity 5604K, committed 5680K, reserved 1048576K
Heap Regions: E=young(eden), S=young(survivor), O=old, HS=humongous(starts), HC=humongous(continues), CS=collection set, F=free, A=archive, TAMS=top-at-mark-start (previous, next)
|   0|0x0000000702c00000, 0x0000000702d00000, 0x0000000702d00000|100%|HS|  |TAMS 0x0000000702d00000, 0x0000000702c00000| Complete 
|   1|0x0000000702d00000, 0x0000000702e00000, 0x0000000702e00000|100%|HC|  |TAMS 0x0000000702e00000, 0x0000000702d00000| Complete 
|   2|0x0000000702e00000, 0x0000000702f00000, 0x0000000702f00000|100%|HC|  |TAMS 0x0000000702f00000, 0x0000000702e00000| Complete 
|   3|0x0000000702f00000, 0x0000000703000000, 0x0000000703000000|100%| O|  |TAMS 0x0000000703000000, 0x0000000702f00000| Untracked 
|   4|0x0000000703000000, 0x0000000703100000, 0x0000000703100000|100%| O|  |TAMS 0x0000000703100000, 0x0000000703000000| Untracked 
|   5|0x0000000703100000, 0x0000000703200000, 0x0000000703200000|100%|HS|  |TAMS 0x0000000703200000, 0x0000000703100000| Complete 
|   6|0x0000000703200000, 0x0000000703300000, 0x0000000703300000|100%|HC|  |TAMS 0x0000000703300000, 0x0000000703200000| Complete 
|   7|0x0000000703300000, 0x0000000703400000, 0x0000000703400000|100%|HC|  |TAMS 0x0000000703400000, 0x0000000703300000| Complete 
|   8|0x0000000703400000, 0x0000000703400000, 0x0000000703500000|  0%| F|  |TAMS 0x0000000703400000, 0x0000000703400000| Untracked 
|   9|0x0000000703500000, 0x0000000703500000, 0x0000000703600000|  0%| F|  |TAMS 0x0000000703500000, 0x0000000703500000| Untracked 
|  10|0x0000000703600000, 0x0000000703700000, 0x0000000703700000|100%| O|  |TAMS 0x0000000703700000, 0x0000000703600000| Untracked 
|  11|0x0000000703700000, 0x0000000703800000, 0x0000000703800000|100%| O|  |TAMS 0x0000000703800000, 0x0000000703700000| Untracked 
|  12|0x0000000703800000, 0x0000000703900000, 0x0000000703900000|100%| O|  |TAMS 0x0000000703900000, 0x0000000703800000| Untracked 
|  13|0x0000000703900000, 0x0000000703a00000, 0x0000000703a00000|100%| O|  |TAMS 0x0000000703a00000, 0x0000000703900000| Untracked 
|  14|0x0000000703a00000, 0x0000000703b00000, 0x0000000703b00000|100%| O|  |TAMS 0x0000000703b00000, 0x0000000703a00000| Untracked 
|  15|0x0000000703b00000, 0x0000000703c00000, 0x0000000703c00000|100%| O|  |TAMS 0x0000000703c00000, 0x0000000703b00000| Untracked 
|  16|0x0000000703c00000, 0x0000000703d00000, 0x0000000703d00000|100%| O|  |TAMS 0x0000000703d00000, 0x0000000703c00000| Untracked 
|  17|0x0000000703d00000, 0x0000000703e00000, 0x0000000703e00000|100%| O|  |TAMS 0x0000000703e00000, 0x0000000703d00000| Untracked 
|  18|0x0000000703e00000, 0x0000000703f00000, 0x0000000703f00000|100%| O|  |TAMS 0x0000000703f00000, 0x0000000703e00000| Untracked 
|  19|0x0000000703f00000, 0x0000000704000000, 0x0000000704000000|100%| O|  |TAMS 0x0000000704000000, 0x0000000703f00000| Untracked 
|  20|0x0000000704000000, 0x0000000704050e00, 0x0000000704100000| 31%| O|  |TAMS 0x0000000704050e00, 0x0000000704000000| Untracked 
|  21|0x0000000704100000, 0x0000000704100000, 0x0000000704200000|  0%| F|  |TAMS 0x0000000704100000, 0x0000000704100000| Untracked 
|  22|0x0000000704200000, 0x0000000704200000, 0x0000000704300000|  0%| F|  |TAMS 0x0000000704200000, 0x0000000704200000| Untracked 
|  23|0x0000000704300000, 0x0000000704300000, 0x0000000704400000|  0%| F|  |TAMS 0x0000000704300000, 0x0000000704300000| Untracked 
|  24|0x0000000704400000, 0x0000000704400000, 0x0000000704500000|  0%| F|  |TAMS 0x0000000704400000, 0x0000000704400000| Untracked 
|  25|0x0000000704500000, 0x0000000704500000, 0x0000000704600000|  0%| F|  |TAMS 0x0000000704500000, 0x0000000704500000| Untracked 
|  26|0x0000000704600000, 0x0000000704600000, 0x0000000704700000|  0%| F|  |TAMS 0x0000000704600000, 0x0000000704600000| Untracked 
|  27|0x0000000704700000, 0x0000000704700000, 0x0000000704800000|  0%| F|  |TAMS 0x0000000704700000, 0x0000000704700000| Untracked 
|  28|0x0000000704800000, 0x0000000704800000, 0x0000000704900000|  0%| F|  |TAMS 0x0000000704800000, 0x0000000704800000| Untracked 
|  29|0x0000000704900000, 0x0000000704900000, 0x0000000704a00000|  0%| F|  |TAMS 0x0000000704900000, 0x0000000704900000| Untracked 
|  30|0x0000000704a00000, 0x0000000704a00000, 0x0000000704b00000|  0%| F|  |TAMS 0x0000000704a00000, 0x0000000704a00000| Untracked 
|  31|0x0000000704b00000, 0x0000000704b00000, 0x0000000704c00000|  0%| F|  |TAMS 0x0000000704b00000, 0x0000000704b00000| Untracked 
|  32|0x0000000704c00000, 0x0000000704c00000, 0x0000000704d00000|  0%| F|  |TAMS 0x0000000704c00000, 0x0000000704c00000| Untracked 
|  33|0x0000000704d00000, 0x0000000704d00000, 0x0000000704e00000|  0%| F|  |TAMS 0x0000000704d00000, 0x0000000704d00000| Untracked 
|  34|0x0000000704e00000, 0x0000000704e00000, 0x0000000704f00000|  0%| F|  |TAMS 0x0000000704e00000, 0x0000000704e00000| Untracked 
|  35|0x0000000704f00000, 0x0000000704f00000, 0x0000000705000000|  0%| F|  |TAMS 0x0000000704f00000, 0x0000000704f00000| Untracked 
|  36|0x0000000705000000, 0x0000000705000000, 0x0000000705100000|  0%| F|  |TAMS 0x0000000705000000, 0x0000000705000000| Untracked 
|  37|0x0000000705100000, 0x0000000705100000, 0x0000000705200000|  0%| F|  |TAMS 0x0000000705100000, 0x0000000705100000| Untracked 
|  38|0x0000000705200000, 0x0000000705200000, 0x0000000705300000|  0%| F|  |TAMS 0x0000000705200000, 0x0000000705200000| Untracked 
|  39|0x0000000705300000, 0x0000000705300000, 0x0000000705400000|  0%| F|  |TAMS 0x0000000705300000, 0x0000000705300000| Untracked 
|  40|0x0000000705400000, 0x0000000705400000, 0x0000000705500000|  0%| F|  |TAMS 0x0000000705400000, 0x0000000705400000| Untracked 
|  41|0x0000000705500000, 0x0000000705500000, 0x0000000705600000|  0%| F|  |TAMS 0x0000000705500000, 0x0000000705500000| Untracked 
|  42|0x0000000705600000, 0x0000000705600000, 0x0000000705700000|  0%| F|  |TAMS 0x0000000705600000, 0x0000000705600000| Untracked 
|  43|0x0000000705700000, 0x0000000705700000, 0x0000000705800000|  0%| F|  |TAMS 0x0000000705700000, 0x0000000705700000| Untracked 
|  44|0x0000000705800000, 0x0000000705800000, 0x0000000705900000|  0%| F|  |TAMS 0x0000000705800000, 0x0000000705800000| Untracked 
|  45|0x0000000705900000, 0x0000000705900000, 0x0000000705a00000|  0%| F|  |TAMS 0x0000000705900000, 0x0000000705900000| Untracked 
|  46|0x0000000705a00000, 0x0000000705a00000, 0x0000000705b00000|  0%| F|  |TAMS 0x0000000705a00000, 0x0000000705a00000| Untracked 
|  47|0x0000000705b00000, 0x0000000705b00000, 0x0000000705c00000|  0%| F|  |TAMS 0x0000000705b00000, 0x0000000705b00000| Untracked 
|  48|0x0000000705c00000, 0x0000000705c00000, 0x0000000705d00000|  0%| F|  |TAMS 0x0000000705c00000, 0x0000000705c00000| Untracked 
|  49|0x0000000705d00000, 0x0000000705d00000, 0x0000000705e00000|  0%| F|  |TAMS 0x0000000705d00000, 0x0000000705d00000| Untracked 
|  50|0x0000000705e00000, 0x0000000705e00000, 0x0000000705f00000|  0%| F|  |TAMS 0x0000000705e00000, 0x0000000705e00000| Untracked 
|  51|0x0000000705f00000, 0x0000000705f00000, 0x0000000706000000|  0%| F|  |TAMS 0x0000000705f00000, 0x0000000705f00000| Untracked 
|  52|0x0000000706000000, 0x0000000706000000, 0x0000000706100000|  0%| F|  |TAMS 0x0000000706000000, 0x0000000706000000| Untracked 
|  53|0x0000000706100000, 0x0000000706100000, 0x0000000706200000|  0%| F|  |TAMS 0x0000000706100000, 0x0000000706100000| Untracked 
|  54|0x0000000706200000, 0x0000000706200000, 0x0000000706300000|  0%| F|  |TAMS 0x0000000706200000, 0x0000000706200000| Untracked 
|  55|0x0000000706300000, 0x0000000706300000, 0x0000000706400000|  0%| F|  |TAMS 0x0000000706300000, 0x0000000706300000| Untracked 
|  56|0x0000000706400000, 0x0000000706400000, 0x0000000706500000|  0%| F|  |TAMS 0x0000000706400000, 0x0000000706400000| Untracked 
|  57|0x0000000706500000, 0x0000000706500000, 0x0000000706600000|  0%| F|  |TAMS 0x0000000706500000, 0x0000000706500000| Untracked 
|  58|0x0000000706600000, 0x0000000706600000, 0x0000000706700000|  0%| F|  |TAMS 0x0000000706600000, 0x0000000706600000| Untracked 
|  59|0x0000000706700000, 0x0000000706700000, 0x0000000706800000|  0%| F|  |TAMS 0x0000000706700000, 0x0000000706700000| Untracked 
|  60|0x0000000706800000, 0x0000000706800000, 0x0000000706900000|  0%| F|  |TAMS 0x0000000706800000, 0x0000000706800000| Untracked 
|  61|0x0000000706900000, 0x0000000706900000, 0x0000000706a00000|  0%| F|  |TAMS 0x0000000706900000, 0x0000000706900000| Untracked 
|  62|0x0000000706a00000, 0x0000000706a00000, 0x0000000706b00000|  0%| F|  |TAMS 0x0000000706a00000, 0x0000000706a00000| Untracked 
|  63|0x0000000706b00000, 0x0000000706b00000, 0x0000000706c00000|  0%| F|  |TAMS 0x0000000706b00000, 0x0000000706b00000| Untracked 
|  64|0x0000000706c00000, 0x0000000706c00000, 0x0000000706d00000|  0%| F|  |TAMS 0x0000000706c00000, 0x0000000706c00000| Untracked 
|  65|0x0000000706d00000, 0x0000000706d00000, 0x0000000706e00000|  0%| F|  |TAMS 0x0000000706d00000, 0x0000000706d00000| Untracked 
|  66|0x0000000706e00000, 0x0000000706e00000, 0x0000000706f00000|  0%| F|  |TAMS 0x0000000706e00000, 0x0000000706e00000| Untracked 
|  67|0x0000000706f00000, 0x0000000706f00000, 0x0000000707000000|  0%| F|  |TAMS 0x0000000706f00000, 0x0000000706f00000| Untracked 
|  68|0x0000000707000000, 0x0000000707000000, 0x0000000707100000|  0%| F|  |TAMS 0x0000000707000000, 0x0000000707000000| Untracked 
|  69|0x0000000707100000, 0x0000000707100000, 0x0000000707200000|  0%| F|  |TAMS 0x0000000707100000, 0x0000000707100000| Untracked 
|  70|0x0000000707200000, 0x0000000707200000, 0x0000000707300000|  0%| F|  |TAMS 0x0000000707200000, 0x0000000707200000| Untracked 
|  71|0x0000000707300000, 0x0000000707300000, 0x0000000707400000|  0%| F|  |TAMS 0x0000000707300000, 0x0000000707300000| Untracked 
|  72|0x0000000707400000, 0x0000000707400000, 0x0000000707500000|  0%| F|  |TAMS 0x0000000707400000, 0x0000000707400000| Untracked 
|  73|0x0000000707500000, 0x0000000707500000, 0x0000000707600000|  0%| F|  |TAMS 0x0000000707500000, 0x0000000707500000| Untracked 
|  74|0x0000000707600000, 0x0000000707600000, 0x0000000707700000|  0%| F|  |TAMS 0x0000000707600000, 0x0000000707600000| Untracked 
|  75|0x0000000707700000, 0x0000000707700000, 0x0000000707800000|  0%| F|  |TAMS 0x0000000707700000, 0x0000000707700000| Untracked 
|  76|0x0000000707800000, 0x0000000707800000, 0x0000000707900000|  0%| F|  |TAMS 0x0000000707800000, 0x0000000707800000| Untracked 
|  77|0x0000000707900000, 0x0000000707900000, 0x0000000707a00000|  0%| F|  |TAMS 0x0000000707900000, 0x0000000707900000| Untracked 
|  78|0x0000000707a00000, 0x0000000707a00000, 0x0000000707b00000|  0%| F|  |TAMS 0x0000000707a00000, 0x0000000707a00000| Untracked 
|  79|0x0000000707b00000, 0x0000000707b00000, 0x0000000707c00000|  0%| F|  |TAMS 0x0000000707b00000, 0x0000000707b00000| Untracked 
|  80|0x0000000707c00000, 0x0000000707c00000, 0x0000000707d00000|  0%| F|  |TAMS 0x0000000707c00000, 0x0000000707c00000| Untracked 
|  81|0x0000000707d00000, 0x0000000707d00000, 0x0000000707e00000|  0%| F|  |TAMS 0x0000000707d00000, 0x0000000707d00000| Untracked 
|  82|0x0000000707e00000, 0x0000000707e00000, 0x0000000707f00000|  0%| F|  |TAMS 0x0000000707e00000, 0x0000000707e00000| Untracked 
|  83|0x0000000707f00000, 0x0000000707f00000, 0x0000000708000000|  0%| F|  |TAMS 0x0000000707f00000, 0x0000000707f00000| Untracked 
|  84|0x0000000708000000, 0x0000000708000000, 0x0000000708100000|  0%| F|  |TAMS 0x0000000708000000, 0x0000000708000000| Untracked 
|  85|0x0000000708100000, 0x0000000708100000, 0x0000000708200000|  0%| F|  |TAMS 0x0000000708100000, 0x0000000708100000| Untracked 
|  86|0x0000000708200000, 0x0000000708200000, 0x0000000708300000|  0%| F|  |TAMS 0x0000000708200000, 0x0000000708200000| Untracked 
|  87|0x0000000708300000, 0x0000000708300000, 0x0000000708400000|  0%| F|  |TAMS 0x0000000708300000, 0x0000000708300000| Untracked 
|  88|0x0000000708400000, 0x0000000708400000, 0x0000000708500000|  0%| F|  |TAMS 0x0000000708400000, 0x0000000708400000| Untracked 
|  89|0x0000000708500000, 0x0000000708500000, 0x0000000708600000|  0%| F|  |TAMS 0x0000000708500000, 0x0000000708500000| Untracked 
|  90|0x0000000708600000, 0x0000000708600000, 0x0000000708700000|  0%| F|  |TAMS 0x0000000708600000, 0x0000000708600000| Untracked 
|  91|0x0000000708700000, 0x0000000708700000, 0x0000000708800000|  0%| F|  |TAMS 0x0000000708700000, 0x0000000708700000| Untracked 
|  92|0x0000000708800000, 0x0000000708800000, 0x0000000708900000|  0%| F|  |TAMS 0x0000000708800000, 0x0000000708800000| Untracked 
|  93|0x0000000708900000, 0x0000000708900000, 0x0000000708a00000|  0%| F|  |TAMS 0x0000000708900000, 0x0000000708900000| Untracked 
|  94|0x0000000708a00000, 0x0000000708a00000, 0x0000000708b00000|  0%| F|  |TAMS 0x0000000708a00000, 0x0000000708a00000| Untracked 
|  95|0x0000000708b00000, 0x0000000708b00000, 0x0000000708c00000|  0%| F|  |TAMS 0x0000000708b00000, 0x0000000708b00000| Untracked 
|  96|0x0000000708c00000, 0x0000000708c00000, 0x0000000708d00000|  0%| F|  |TAMS 0x0000000708c00000, 0x0000000708c00000| Untracked 
|  97|0x0000000708d00000, 0x0000000708d00000, 0x0000000708e00000|  0%| F|  |TAMS 0x0000000708d00000, 0x0000000708d00000| Untracked 
|  98|0x0000000708e00000, 0x0000000708e00000, 0x0000000708f00000|  0%| F|  |TAMS 0x0000000708e00000, 0x0000000708e00000| Untracked 
|  99|0x0000000708f00000, 0x0000000708f00000, 0x0000000709000000|  0%| F|  |TAMS 0x0000000708f00000, 0x0000000708f00000| Untracked 
| 100|0x0000000709000000, 0x0000000709000000, 0x0000000709100000|  0%| F|  |TAMS 0x0000000709000000, 0x0000000709000000| Untracked 
| 101|0x0000000709100000, 0x0000000709100000, 0x0000000709200000|  0%| F|  |TAMS 0x0000000709100000, 0x0000000709100000| Untracked 
| 102|0x0000000709200000, 0x0000000709200000, 0x0000000709300000|  0%| F|  |TAMS 0x0000000709200000, 0x0000000709200000| Untracked 
| 103|0x0000000709300000, 0x0000000709300000, 0x0000000709400000|  0%| F|  |TAMS 0x0000000709300000, 0x0000000709300000| Untracked 
| 104|0x0000000709400000, 0x0000000709400000, 0x0000000709500000|  0%| F|  |TAMS 0x0000000709400000, 0x0000000709400000| Untracked 
| 105|0x0000000709500000, 0x0000000709500000, 0x0000000709600000|  0%| F|  |TAMS 0x0000000709500000, 0x0000000709500000| Untracked 
| 106|0x0000000709600000, 0x0000000709600000, 0x0000000709700000|  0%| F|  |TAMS 0x0000000709600000, 0x0000000709600000| Untracked 
| 107|0x0000000709700000, 0x0000000709700000, 0x0000000709800000|  0%| F|  |TAMS 0x0000000709700000, 0x0000000709700000| Untracked 
| 108|0x0000000709800000, 0x0000000709800000, 0x0000000709900000|  0%| F|  |TAMS 0x0000000709800000, 0x0000000709800000| Untracked 
| 109|0x0000000709900000, 0x0000000709900000, 0x0000000709a00000|  0%| F|  |TAMS 0x0000000709900000, 0x0000000709900000| Untracked 
| 110|0x0000000709a00000, 0x0000000709a00000, 0x0000000709b00000|  0%| F|  |TAMS 0x0000000709a00000, 0x0000000709a00000| Untracked 
| 111|0x0000000709b00000, 0x0000000709b00000, 0x0000000709c00000|  0%| F|  |TAMS 0x0000000709b00000, 0x0000000709b00000| Untracked 
| 112|0x0000000709c00000, 0x0000000709c00000, 0x0000000709d00000|  0%| F|  |TAMS 0x0000000709c00000, 0x0000000709c00000| Untracked 
| 113|0x0000000709d00000, 0x0000000709d00000, 0x0000000709e00000|  0%| F|  |TAMS 0x0000000709d00000, 0x0000000709d00000| Untracked 
| 114|0x0000000709e00000, 0x0000000709e00000, 0x0000000709f00000|  0%| F|  |TAMS 0x0000000709e00000, 0x0000000709e00000| Untracked 
| 115|0x0000000709f00000, 0x0000000709f00000, 0x000000070a000000|  0%| F|  |TAMS 0x0000000709f00000, 0x0000000709f00000| Untracked 
| 116|0x000000070a000000, 0x000000070a000000, 0x000000070a100000|  0%| F|  |TAMS 0x000000070a000000, 0x000000070a000000| Untracked 
| 117|0x000000070a100000, 0x000000070a100000, 0x000000070a200000|  0%| F|  |TAMS 0x000000070a100000, 0x000000070a100000| Untracked 
| 118|0x000000070a200000, 0x000000070a200000, 0x000000070a300000|  0%| F|  |TAMS 0x000000070a200000, 0x000000070a200000| Untracked 
| 119|0x000000070a300000, 0x000000070a300000, 0x000000070a400000|  0%| F|  |TAMS 0x000000070a300000, 0x000000070a300000| Untracked 
| 120|0x000000070a400000, 0x000000070a400000, 0x000000070a500000|  0%| F|  |TAMS 0x000000070a400000, 0x000000070a400000| Untracked 
| 121|0x000000070a500000, 0x000000070a500000, 0x000000070a600000|  0%| F|  |TAMS 0x000000070a500000, 0x000000070a500000| Untracked 
| 122|0x000000070a600000, 0x000000070a600000, 0x000000070a700000|  0%| F|  |TAMS 0x000000070a600000, 0x000000070a600000| Untracked 
| 123|0x000000070a700000, 0x000000070a700000, 0x000000070a800000|  0%| F|  |TAMS 0x000000070a700000, 0x000000070a700000| Untracked 
| 124|0x000000070a800000, 0x000000070a800000, 0x000000070a900000|  0%| F|  |TAMS 0x000000070a800000, 0x000000070a800000| Untracked 
| 125|0x000000070a900000, 0x000000070a900000, 0x000000070aa00000|  0%| F|  |TAMS 0x000000070a900000, 0x000000070a900000| Untracked 
| 126|0x000000070aa00000, 0x000000070aa00000, 0x000000070ab00000|  0%| F|  |TAMS 0x000000070aa00000, 0x000000070aa00000| Untracked 
| 127|0x000000070ab00000, 0x000000070ab00000, 0x000000070ac00000|  0%| F|  |TAMS 0x000000070ab00000, 0x000000070ab00000| Untracked 
| 128|0x000000070ac00000, 0x000000070ac00000, 0x000000070ad00000|  0%| F|  |TAMS 0x000000070ac00000, 0x000000070ac00000| Untracked 
| 129|0x000000070ad00000, 0x000000070ad00000, 0x000000070ae00000|  0%| F|  |TAMS 0x000000070ad00000, 0x000000070ad00000| Untracked 
| 130|0x000000070ae00000, 0x000000070ae00000, 0x000000070af00000|  0%| F|  |TAMS 0x000000070ae00000, 0x000000070ae00000| Untracked 
| 131|0x000000070af00000, 0x000000070af00000, 0x000000070b000000|  0%| F|  |TAMS 0x000000070af00000, 0x000000070af00000| Untracked 
| 132|0x000000070b000000, 0x000000070b000000, 0x000000070b100000|  0%| F|  |TAMS 0x000000070b000000, 0x000000070b000000| Untracked 
| 133|0x000000070b100000, 0x000000070b100000, 0x000000070b200000|  0%| F|  |TAMS 0x000000070b100000, 0x000000070b100000| Untracked 
| 134|0x000000070b200000, 0x000000070b200000, 0x000000070b300000|  0%| F|  |TAMS 0x000000070b200000, 0x000000070b200000| Untracked 
| 135|0x000000070b300000, 0x000000070b300000, 0x000000070b400000|  0%| F|  |TAMS 0x000000070b300000, 0x000000070b300000| Untracked 
| 136|0x000000070b400000, 0x000000070b400000, 0x000000070b500000|  0%| F|  |TAMS 0x000000070b400000, 0x000000070b400000| Untracked 
| 137|0x000000070b500000, 0x000000070b500000, 0x000000070b600000|  0%| F|  |TAMS 0x000000070b500000, 0x000000070b500000| Untracked 
| 138|0x000000070b600000, 0x000000070b600000, 0x000000070b700000|  0%| F|  |TAMS 0x000000070b600000, 0x000000070b600000| Untracked 
| 139|0x000000070b700000, 0x000000070b700000, 0x000000070b800000|  0%| F|  |TAMS 0x000000070b700000, 0x000000070b700000| Untracked 
| 140|0x000000070b800000, 0x000000070b800000, 0x000000070b900000|  0%| F|  |TAMS 0x000000070b800000, 0x000000070b800000| Untracked 
| 141|0x000000070b900000, 0x000000070b900000, 0x000000070ba00000|  0%| F|  |TAMS 0x000000070b900000, 0x000000070b900000| Untracked 
| 142|0x000000070ba00000, 0x000000070ba00000, 0x000000070bb00000|  0%| F|  |TAMS 0x000000070ba00000, 0x000000070ba00000| Untracked 
| 143|0x000000070bb00000, 0x000000070bb00000, 0x000000070bc00000|  0%| F|  |TAMS 0x000000070bb00000, 0x000000070bb00000| Untracked 
| 144|0x000000070bc00000, 0x000000070bc00000, 0x000000070bd00000|  0%| F|  |TAMS 0x000000070bc00000, 0x000000070bc00000| Untracked 
| 145|0x000000070bd00000, 0x000000070bd00000, 0x000000070be00000|  0%| F|  |TAMS 0x000000070bd00000, 0x000000070bd00000| Untracked 
| 146|0x000000070be00000, 0x000000070be00000, 0x000000070bf00000|  0%| F|  |TAMS 0x000000070be00000, 0x000000070be00000| Untracked 
| 147|0x000000070bf00000, 0x000000070bf00000, 0x000000070c000000|  0%| F|  |TAMS 0x000000070bf00000, 0x000000070bf00000| Untracked 
| 148|0x000000070c000000, 0x000000070c000000, 0x000000070c100000|  0%| F|  |TAMS 0x000000070c000000, 0x000000070c000000| Untracked 
| 149|0x000000070c100000, 0x000000070c100000, 0x000000070c200000|  0%| F|  |TAMS 0x000000070c100000, 0x000000070c100000| Untracked 
| 150|0x000000070c200000, 0x000000070c200000, 0x000000070c300000|  0%| F|  |TAMS 0x000000070c200000, 0x000000070c200000| Untracked 
| 151|0x000000070c300000, 0x000000070c300000, 0x000000070c400000|  0%| F|  |TAMS 0x000000070c300000, 0x000000070c300000| Untracked 
| 152|0x000000070c400000, 0x000000070c400000, 0x000000070c500000|  0%| F|  |TAMS 0x000000070c400000, 0x000000070c400000| Untracked 
| 153|0x000000070c500000, 0x000000070c500000, 0x000000070c600000|  0%| F|  |TAMS 0x000000070c500000, 0x000000070c500000| Untracked 
| 154|0x000000070c600000, 0x000000070c600000, 0x000000070c700000|  0%| F|  |TAMS 0x000000070c600000, 0x000000070c600000| Untracked 
| 155|0x000000070c700000, 0x000000070c700000, 0x000000070c800000|  0%| F|  |TAMS 0x000000070c700000, 0x000000070c700000| Untracked 
| 156|0x000000070c800000, 0x000000070c800000, 0x000000070c900000|  0%| F|  |TAMS 0x000000070c800000, 0x000000070c800000| Untracked 
| 157|0x000000070c900000, 0x000000070c900000, 0x000000070ca00000|  0%| F|  |TAMS 0x000000070c900000, 0x000000070c900000| Untracked 
| 158|0x000000070ca00000, 0x000000070ca00000, 0x000000070cb00000|  0%| F|  |TAMS 0x000000070ca00000, 0x000000070ca00000| Untracked 
| 159|0x000000070cb00000, 0x000000070cb00000, 0x000000070cc00000|  0%| F|  |TAMS 0x000000070cb00000, 0x000000070cb00000| Untracked 
| 160|0x000000070cc00000, 0x000000070cc00000, 0x000000070cd00000|  0%| F|  |TAMS 0x000000070cc00000, 0x000000070cc00000| Untracked 
| 161|0x000000070cd00000, 0x000000070cd00000, 0x000000070ce00000|  0%| F|  |TAMS 0x000000070cd00000, 0x000000070cd00000| Untracked 
| 162|0x000000070ce00000, 0x000000070ce00000, 0x000000070cf00000|  0%| F|  |TAMS 0x000000070ce00000, 0x000000070ce00000| Untracked 
| 163|0x000000070cf00000, 0x000000070cf00000, 0x000000070d000000|  0%| F|  |TAMS 0x000000070cf00000, 0x000000070cf00000| Untracked 
| 164|0x000000070d000000, 0x000000070d000000, 0x000000070d100000|  0%| F|  |TAMS 0x000000070d000000, 0x000000070d000000| Untracked 
| 165|0x000000070d100000, 0x000000070d100000, 0x000000070d200000|  0%| F|  |TAMS 0x000000070d100000, 0x000000070d100000| Untracked 
| 166|0x000000070d200000, 0x000000070d200000, 0x000000070d300000|  0%| F|  |TAMS 0x000000070d200000, 0x000000070d200000| Untracked 
| 167|0x000000070d300000, 0x000000070d300000, 0x000000070d400000|  0%| F|  |TAMS 0x000000070d300000, 0x000000070d300000| Untracked 
| 168|0x000000070d400000, 0x000000070d400000, 0x000000070d500000|  0%| F|  |TAMS 0x000000070d400000, 0x000000070d400000| Untracked 
| 169|0x000000070d500000, 0x000000070d500000, 0x000000070d600000|  0%| F|  |TAMS 0x000000070d500000, 0x000000070d500000| Untracked 
| 170|0x000000070d600000, 0x000000070d600000, 0x000000070d700000|  0%| F|  |TAMS 0x000000070d600000, 0x000000070d600000| Untracked 
| 171|0x000000070d700000, 0x000000070d700000, 0x000000070d800000|  0%| F|  |TAMS 0x000000070d700000, 0x000000070d700000| Untracked 
| 172|0x000000070d800000, 0x000000070d800000, 0x000000070d900000|  0%| F|  |TAMS 0x000000070d800000, 0x000000070d800000| Untracked 
| 173|0x000000070d900000, 0x000000070d900000, 0x000000070da00000|  0%| F|  |TAMS 0x000000070d900000, 0x000000070d900000| Untracked 
| 174|0x000000070da00000, 0x000000070da00000, 0x000000070db00000|  0%| F|  |TAMS 0x000000070da00000, 0x000000070da00000| Untracked 
| 175|0x000000070db00000, 0x000000070db00000, 0x000000070dc00000|  0%| F|  |TAMS 0x000000070db00000, 0x000000070db00000| Untracked 
| 176|0x000000070dc00000, 0x000000070dc00000, 0x000000070dd00000|  0%| F|  |TAMS 0x000000070dc00000, 0x000000070dc00000| Untracked 
| 177|0x000000070dd00000, 0x000000070dd00000, 0x000000070de00000|  0%| F|  |TAMS 0x000000070dd00000, 0x000000070dd00000| Untracked 
| 178|0x000000070de00000, 0x000000070de00000, 0x000000070df00000|  0%| F|  |TAMS 0x000000070de00000, 0x000000070de00000| Untracked 
| 179|0x000000070df00000, 0x000000070df00000, 0x000000070e000000|  0%| F|  |TAMS 0x000000070df00000, 0x000000070df00000| Untracked 
| 180|0x000000070e000000, 0x000000070e000000, 0x000000070e100000|  0%| F|  |TAMS 0x000000070e000000, 0x000000070e000000| Untracked 
| 181|0x000000070e100000, 0x000000070e100000, 0x000000070e200000|  0%| F|  |TAMS 0x000000070e100000, 0x000000070e100000| Untracked 
| 182|0x000000070e200000, 0x000000070e200000, 0x000000070e300000|  0%| F|  |TAMS 0x000000070e200000, 0x000000070e200000| Untracked 
| 183|0x000000070e300000, 0x000000070e300000, 0x000000070e400000|  0%| F|  |TAMS 0x000000070e300000, 0x000000070e300000| Untracked 
| 184|0x000000070e400000, 0x000000070e400000, 0x000000070e500000|  0%| F|  |TAMS 0x000000070e400000, 0x000000070e400000| Untracked 
| 185|0x000000070e500000, 0x000000070e500000, 0x000000070e600000|  0%| F|  |TAMS 0x000000070e500000, 0x000000070e500000| Untracked 
| 186|0x000000070e600000, 0x000000070e600000, 0x000000070e700000|  0%| F|  |TAMS 0x000000070e600000, 0x000000070e600000| Untracked 
| 187|0x000000070e700000, 0x000000070e700000, 0x000000070e800000|  0%| F|  |TAMS 0x000000070e700000, 0x000000070e700000| Untracked 
| 188|0x000000070e800000, 0x000000070e800000, 0x000000070e900000|  0%| F|  |TAMS 0x000000070e800000, 0x000000070e800000| Untracked 
| 189|0x000000070e900000, 0x000000070e900000, 0x000000070ea00000|  0%| F|  |TAMS 0x000000070e900000, 0x000000070e900000| Untracked 
| 190|0x000000070ea00000, 0x000000070ea00000, 0x000000070eb00000|  0%| F|  |TAMS 0x000000070ea00000, 0x000000070ea00000| Untracked 
| 191|0x000000070eb00000, 0x000000070eb00000, 0x000000070ec00000|  0%| F|  |TAMS 0x000000070eb00000, 0x000000070eb00000| Untracked 
| 192|0x000000070ec00000, 0x000000070ec00000, 0x000000070ed00000|  0%| F|  |TAMS 0x000000070ec00000, 0x000000070ec00000| Untracked 
| 193|0x000000070ed00000, 0x000000070ed00000, 0x000000070ee00000|  0%| F|  |TAMS 0x000000070ed00000, 0x000000070ed00000| Untracked 
| 194|0x000000070ee00000, 0x000000070ee00000, 0x000000070ef00000|  0%| F|  |TAMS 0x000000070ee00000, 0x000000070ee00000| Untracked 
| 195|0x000000070ef00000, 0x000000070ef00000, 0x000000070f000000|  0%| F|  |TAMS 0x000000070ef00000, 0x000000070ef00000| Untracked 
| 196|0x000000070f000000, 0x000000070f000000, 0x000000070f100000|  0%| F|  |TAMS 0x000000070f000000, 0x000000070f000000| Untracked 
| 197|0x000000070f100000, 0x000000070f100000, 0x000000070f200000|  0%| F|  |TAMS 0x000000070f100000, 0x000000070f100000| Untracked 
| 198|0x000000070f200000, 0x000000070f200000, 0x000000070f300000|  0%| F|  |TAMS 0x000000070f200000, 0x000000070f200000| Untracked 
| 199|0x000000070f300000, 0x000000070f300000, 0x000000070f400000|  0%| F|  |TAMS 0x000000070f300000, 0x000000070f300000| Untracked 
| 200|0x000000070f400000, 0x000000070f400000, 0x000000070f500000|  0%| F|  |TAMS 0x000000070f400000, 0x000000070f400000| Untracked 
| 201|0x000000070f500000, 0x000000070f500000, 0x000000070f600000|  0%| F|  |TAMS 0x000000070f500000, 0x000000070f500000| Untracked 
| 202|0x000000070f600000, 0x000000070f600000, 0x000000070f700000|  0%| F|  |TAMS 0x000000070f600000, 0x000000070f600000| Untracked 
| 203|0x000000070f700000, 0x000000070f700000, 0x000000070f800000|  0%| F|  |TAMS 0x000000070f700000, 0x000000070f700000| Untracked 
| 204|0x000000070f800000, 0x000000070f800000, 0x000000070f900000|  0%| F|  |TAMS 0x000000070f800000, 0x000000070f800000| Untracked 
| 205|0x000000070f900000, 0x000000070f98d9a0, 0x000000070fa00000| 55%| E|  |TAMS 0x000000070f900000, 0x000000070f900000| Complete 
| 206|0x000000070fa00000, 0x000000070fb00000, 0x000000070fb00000|100%| E|CS|TAMS 0x000000070fa00000, 0x000000070fa00000| Complete 
| 207|0x000000070fb00000, 0x000000070fc00000, 0x000000070fc00000|100%| E|CS|TAMS 0x000000070fb00000, 0x000000070fb00000| Complete 
| 208|0x000000070fc00000, 0x000000070fd00000, 0x000000070fd00000|100%| E|CS|TAMS 0x000000070fc00000, 0x000000070fc00000| Complete 
| 209|0x000000070fd00000, 0x000000070fe00000, 0x000000070fe00000|100%| E|CS|TAMS 0x000000070fd00000, 0x000000070fd00000| Complete 
| 210|0x000000070fe00000, 0x000000070ff00000, 0x000000070ff00000|100%| E|CS|TAMS 0x000000070fe00000, 0x000000070fe00000| Complete 
| 211|0x000000070ff00000, 0x0000000710000000, 0x0000000710000000|100%| E|CS|TAMS 0x000000070ff00000, 0x000000070ff00000| Complete 
| 212|0x0000000710000000, 0x0000000710100000, 0x0000000710100000|100%| E|CS|TAMS 0x0000000710000000, 0x0000000710000000| Complete 
| 213|0x0000000710100000, 0x0000000710200000, 0x0000000710200000|100%| E|CS|TAMS 0x0000000710100000, 0x0000000710100000| Complete 
| 214|0x0000000710200000, 0x0000000710300000, 0x0000000710300000|100%| E|CS|TAMS 0x0000000710200000, 0x0000000710200000| Complete 
| 215|0x0000000710300000, 0x0000000710400000, 0x0000000710400000|100%| E|CS|TAMS 0x0000000710300000, 0x0000000710300000| Complete 
| 216|0x0000000710400000, 0x0000000710500000, 0x0000000710500000|100%| E|CS|TAMS 0x0000000710400000, 0x0000000710400000| Complete 
| 217|0x0000000710500000, 0x0000000710600000, 0x0000000710600000|100%| E|CS|TAMS 0x0000000710500000, 0x0000000710500000| Complete 
| 218|0x0000000710600000, 0x0000000710700000, 0x0000000710700000|100%| E|CS|TAMS 0x0000000710600000, 0x0000000710600000| Complete 
| 219|0x0000000710700000, 0x0000000710800000, 0x0000000710800000|100%| E|CS|TAMS 0x0000000710700000, 0x0000000710700000| Complete 
| 220|0x0000000710800000, 0x0000000710900000, 0x0000000710900000|100%| E|CS|TAMS 0x0000000710800000, 0x0000000710800000| Complete 
| 221|0x0000000710900000, 0x0000000710a00000, 0x0000000710a00000|100%| E|CS|TAMS 0x0000000710900000, 0x0000000710900000| Complete 
| 222|0x0000000710a00000, 0x0000000710b00000, 0x0000000710b00000|100%| E|CS|TAMS 0x0000000710a00000, 0x0000000710a00000| Complete 
| 223|0x0000000710b00000, 0x0000000710c00000, 0x0000000710c00000|100%| E|CS|TAMS 0x0000000710b00000, 0x0000000710b00000| Complete 
| 224|0x0000000710c00000, 0x0000000710d00000, 0x0000000710d00000|100%| E|CS|TAMS 0x0000000710c00000, 0x0000000710c00000| Complete 
| 225|0x0000000710d00000, 0x0000000710e00000, 0x0000000710e00000|100%| E|CS|TAMS 0x0000000710d00000, 0x0000000710d00000| Complete 
| 226|0x0000000710e00000, 0x0000000710f00000, 0x0000000710f00000|100%| E|CS|TAMS 0x0000000710e00000, 0x0000000710e00000| Complete 
| 227|0x0000000710f00000, 0x0000000711000000, 0x0000000711000000|100%| E|CS|TAMS 0x0000000710f00000, 0x0000000710f00000| Complete 
| 228|0x0000000711000000, 0x0000000711100000, 0x0000000711100000|100%| E|CS|TAMS 0x0000000711000000, 0x0000000711000000| Complete 
| 229|0x0000000711100000, 0x0000000711200000, 0x0000000711200000|100%| E|CS|TAMS 0x0000000711100000, 0x0000000711100000| Complete 
| 230|0x0000000711200000, 0x0000000711300000, 0x0000000711300000|100%| E|CS|TAMS 0x0000000711200000, 0x0000000711200000| Complete 
| 231|0x0000000711300000, 0x0000000711400000, 0x0000000711400000|100%| E|CS|TAMS 0x0000000711300000, 0x0000000711300000| Complete 
| 232|0x0000000711400000, 0x0000000711500000, 0x0000000711500000|100%| E|CS|TAMS 0x0000000711400000, 0x0000000711400000| Complete 
| 233|0x0000000711500000, 0x0000000711600000, 0x0000000711600000|100%| E|CS|TAMS 0x0000000711500000, 0x0000000711500000| Complete 
| 234|0x0000000711600000, 0x0000000711700000, 0x0000000711700000|100%| E|CS|TAMS 0x0000000711600000, 0x0000000711600000| Complete 
| 235|0x0000000711700000, 0x0000000711800000, 0x0000000711800000|100%| E|CS|TAMS 0x0000000711700000, 0x0000000711700000| Complete 
| 236|0x0000000711800000, 0x0000000711900000, 0x0000000711900000|100%| E|CS|TAMS 0x0000000711800000, 0x0000000711800000| Complete 
| 237|0x0000000711900000, 0x0000000711a00000, 0x0000000711a00000|100%| E|CS|TAMS 0x0000000711900000, 0x0000000711900000| Complete 
| 238|0x0000000711a00000, 0x0000000711b00000, 0x0000000711b00000|100%| E|CS|TAMS 0x0000000711a00000, 0x0000000711a00000| Complete 
| 239|0x0000000711b00000, 0x0000000711c00000, 0x0000000711c00000|100%| E|CS|TAMS 0x0000000711b00000, 0x0000000711b00000| Complete 
| 240|0x0000000711c00000, 0x0000000711c74ac0, 0x0000000711d00000| 45%| S|CS|TAMS 0x0000000711c00000, 0x0000000711c00000| Complete 
| 241|0x0000000711d00000, 0x0000000711e00000, 0x0000000711e00000|100%| S|CS|TAMS 0x0000000711d00000, 0x0000000711d00000| Complete 
| 242|0x0000000711e00000, 0x0000000711f00000, 0x0000000711f00000|100%| S|CS|TAMS 0x0000000711e00000, 0x0000000711e00000| Complete 
| 243|0x0000000711f00000, 0x0000000712000000, 0x0000000712000000|100%| E|CS|TAMS 0x0000000711f00000, 0x0000000711f00000| Complete 
| 244|0x0000000712000000, 0x0000000712100000, 0x0000000712100000|100%| E|CS|TAMS 0x0000000712000000, 0x0000000712000000| Complete 
| 245|0x0000000712100000, 0x0000000712200000, 0x0000000712200000|100%| E|CS|TAMS 0x0000000712100000, 0x0000000712100000| Complete 
| 246|0x0000000712200000, 0x0000000712300000, 0x0000000712300000|100%| E|CS|TAMS 0x0000000712200000, 0x0000000712200000| Complete 
| 247|0x0000000712300000, 0x0000000712400000, 0x0000000712400000|100%| E|CS|TAMS 0x0000000712300000, 0x0000000712300000| Complete 
| 248|0x0000000712400000, 0x0000000712500000, 0x0000000712500000|100%| E|CS|TAMS 0x0000000712400000, 0x0000000712400000| Complete 
| 249|0x0000000712500000, 0x0000000712600000, 0x0000000712600000|100%| E|CS|TAMS 0x0000000712500000, 0x0000000712500000| Complete 
| 250|0x0000000712600000, 0x0000000712700000, 0x0000000712700000|100%| E|CS|TAMS 0x0000000712600000, 0x0000000712600000| Complete 
| 251|0x0000000712700000, 0x0000000712800000, 0x0000000712800000|100%| E|CS|TAMS 0x0000000712700000, 0x0000000712700000| Complete 
| 252|0x0000000712800000, 0x0000000712900000, 0x0000000712900000|100%| E|CS|TAMS 0x0000000712800000, 0x0000000712800000| Complete 
| 253|0x0000000712900000, 0x0000000712a00000, 0x0000000712a00000|100%| E|CS|TAMS 0x0000000712900000, 0x0000000712900000| Complete 

Card table byte_map: [0x000001ee1bb50000,0x000001ee1c340000] _byte_map_base: 0x000001ee1833a000

Marking Bits (Prev, Next): (CMBitMap*) 0x000001ee07c1b6e8, (CMBitMap*) 0x000001ee07c1b720
 Prev Bits: [0x000001ee1cb30000, 0x000001ee20a80000)
 Next Bits: [0x000001ee20a80000, 0x000001ee249d0000)

Polling page: 0x000001ee06350000

Metaspace:

Usage:
  Non-class:     39.29 MB capacity,    39.01 MB (>99%) used,   221.48 KB ( <1%) free+waste,    66.06 KB ( <1%) overhead. 
      Class:      5.47 MB capacity,     5.30 MB ( 97%) used,   148.48 KB (  3%) free+waste,    29.25 KB ( <1%) overhead. 
       Both:     44.77 MB capacity,    44.31 MB ( 99%) used,   369.96 KB ( <1%) free+waste,    95.31 KB ( <1%) overhead. 

Virtual space:
  Non-class space:       40.00 MB reserved,      39.50 MB ( 99%) committed 
      Class space:        1.00 GB reserved,       5.55 MB ( <1%) committed 
             Both:        1.04 GB reserved,      45.05 MB (  4%) committed 

Chunk freelists:
   Non-Class:  19.00 KB
       Class:  25.00 KB
        Both:  44.00 KB

MaxMetaspaceSize: 17179869184.00 GB
CompressedClassSpaceSize: 1.00 GB
Initial GC threshold: 20.80 MB
Current GC threshold: 58.83 MB
CDS: off

CodeHeap 'non-profiled nmethods': size=120000Kb used=1338Kb max_used=1338Kb free=118661Kb
 bounds [0x000001ee131a0000, 0x000001ee13410000, 0x000001ee1a6d0000]
CodeHeap 'profiled nmethods': size=120000Kb used=6429Kb max_used=6429Kb free=113570Kb
 bounds [0x000001ee0bc70000, 0x000001ee0c2c0000, 0x000001ee131a0000]
CodeHeap 'non-nmethods': size=5760Kb used=1270Kb max_used=1303Kb free=4489Kb
 bounds [0x000001ee0b6d0000, 0x000001ee0b940000, 0x000001ee0bc70000]
 total_blobs=3608 nmethods=3059 adapters=460
 compilation: enabled
              stopped_count=0, restarted_count=0
 full_count=0

Compilation events (20 events):
Event: 1.765 Thread 0x000001ee28091800 3040       3       org.jetbrains.kotlin.com.intellij.psi.impl.source.tree.CompositeElement::getPsi (46 bytes)
Event: 1.765 Thread 0x000001ee28091800 nmethod 3040 0x000001ee0c2a8090 code [0x000001ee0c2a8340, 0x000001ee0c2a9258]
Event: 1.765 Thread 0x000001ee28091800 3042       3       java.io.File::hashCode (8 bytes)
Event: 1.765 Thread 0x000001ee28091800 nmethod 3042 0x000001ee0c2a9710 code [0x000001ee0c2a9920, 0x000001ee0c2a9d08]
Event: 1.765 Thread 0x000001ee28091800 3043       3       java.io.WinNTFileSystem::hashCode (17 bytes)
Event: 1.765 Thread 0x000001ee28091800 nmethod 3043 0x000001ee0c2a9e90 code [0x000001ee0c2aa080, 0x000001ee0c2aa408]
Event: 1.765 Thread 0x000001ee28091800 3041       1       org.jetbrains.kotlin.com.intellij.mock.MockComponentManager::isDisposed (5 bytes)
Event: 1.765 Thread 0x000001ee28091800 nmethod 3041 0x000001ee132edd10 code [0x000001ee132edec0, 0x000001ee132edf78]
Event: 1.765 Thread 0x000001ee28091800 3044       3       org.jetbrains.kotlin.com.intellij.psi.impl.source.SubstrateRef$2::getNode (13 bytes)
Event: 1.765 Thread 0x000001ee28091800 nmethod 3044 0x000001ee0c2aa590 code [0x000001ee0c2aa740, 0x000001ee0c2aa8c8]
Event: 1.766 Thread 0x000001ee28091800 3045       3       kotlin.reflect.jvm.internal.pcollections.IntTree::rebalanced (449 bytes)
Event: 1.766 Thread 0x000001ee28091800 nmethod 3045 0x000001ee0c2aa990 code [0x000001ee0c2aac80, 0x000001ee0c2abb68]
Event: 1.769 Thread 0x000001ee28091800 3046       3       org.jetbrains.kotlin.name.Name::hashCode (28 bytes)
Event: 1.769 Thread 0x000001ee28091800 nmethod 3046 0x000001ee0c2ac290 code [0x000001ee0c2ac440, 0x000001ee0c2ac5e8]
Event: 1.783 Thread 0x000001ee28091800 3047       3       jdk.internal.reflect.ClassFileAssembler::incStack (11 bytes)
Event: 1.783 Thread 0x000001ee28091800 nmethod 3047 0x000001ee0c2ac710 code [0x000001ee0c2ac8c0, 0x000001ee0c2aca78]
Event: 1.785 Thread 0x000001ee28091800 3048       1       org.jetbrains.kotlin.resolve.ImportPath::isAllUnder (5 bytes)
Event: 1.785 Thread 0x000001ee28091800 nmethod 3048 0x000001ee132ee010 code [0x000001ee132ee1c0, 0x000001ee132ee278]
Event: 1.790 Thread 0x000001ee28091800 3049       3       org.jetbrains.kotlin.com.intellij.extapi.psi.StubBasedPsiElementBase::getStub (14 bytes)
Event: 1.790 Thread 0x000001ee28091800 nmethod 3049 0x000001ee0c2acb10 code [0x000001ee0c2acd00, 0x000001ee0c2ad1b8]

GC Heap History (8 events):
Event: 0.370 GC heap before
{Heap before GC invocations=0 (full 0):
 garbage-first heap   total 260096K, used 27648K [0x0000000702c00000, 0x0000000800000000)
  region size 1024K, 24 young (24576K), 0 survivors (0K)
 Metaspace       used 12189K, capacity 12254K, committed 12416K, reserved 1060864K
  class space    used 1106K, capacity 1145K, committed 1152K, reserved 1048576K
}
Event: 0.373 GC heap after
{Heap after GC invocations=1 (full 0):
 garbage-first heap   total 260096K, used 6225K [0x0000000702c00000, 0x0000000800000000)
  region size 1024K, 3 young (3072K), 3 survivors (3072K)
 Metaspace       used 12189K, capacity 12254K, committed 12416K, reserved 1060864K
  class space    used 1106K, capacity 1145K, committed 1152K, reserved 1048576K
}
Event: 0.743 GC heap before
{Heap before GC invocations=1 (full 0):
 garbage-first heap   total 260096K, used 43089K [0x0000000702c00000, 0x0000000800000000)
  region size 1024K, 40 young (40960K), 3 survivors (3072K)
 Metaspace       used 21010K, capacity 21202K, committed 21296K, reserved 1069056K
  class space    used 2234K, capacity 2309K, committed 2352K, reserved 1048576K
}
Event: 0.750 GC heap after
{Heap after GC invocations=2 (full 0):
 garbage-first heap   total 260096K, used 9934K [0x0000000702c00000, 0x0000000800000000)
  region size 1024K, 7 young (7168K), 7 survivors (7168K)
 Metaspace       used 21010K, capacity 21202K, committed 21296K, reserved 1069056K
  class space    used 2234K, capacity 2309K, committed 2352K, reserved 1048576K
}
Event: 1.289 GC heap before
{Heap before GC invocations=3 (full 0):
 garbage-first heap   total 260096K, used 68302K [0x0000000702c00000, 0x0000000800000000)
  region size 1024K, 59 young (60416K), 7 survivors (7168K)
 Metaspace       used 33797K, capacity 34280K, committed 34480K, reserved 1079296K
  class space    used 4218K, capacity 4403K, committed 4528K, reserved 1048576K
}
Event: 1.295 GC heap after
{Heap after GC invocations=4 (full 0):
 garbage-first heap   total 260096K, used 20792K [0x0000000702c00000, 0x0000000800000000)
  region size 1024K, 8 young (8192K), 8 survivors (8192K)
 Metaspace       used 33797K, capacity 34280K, committed 34480K, reserved 1079296K
  class space    used 4218K, capacity 4403K, committed 4528K, reserved 1048576K
}
Event: 1.381 GC heap before
{Heap before GC invocations=4 (full 0):
 garbage-first heap   total 260096K, used 31032K [0x0000000702c00000, 0x0000000800000000)
  region size 1024K, 19 young (19456K), 8 survivors (8192K)
 Metaspace       used 35401K, capacity 35795K, committed 35888K, reserved 1081344K
  class space    used 4393K, capacity 4567K, committed 4656K, reserved 1048576K
}
Event: 1.386 GC heap after
{Heap after GC invocations=5 (full 0):
 garbage-first heap   total 260096K, used 21270K [0x0000000702c00000, 0x0000000800000000)
  region size 1024K, 3 young (3072K), 3 survivors (3072K)
 Metaspace       used 35401K, capacity 35795K, committed 35888K, reserved 1081344K
  class space    used 4393K, capacity 4567K, committed 4656K, reserved 1048576K
}

Deoptimization events (20 events):
Event: 1.673 Thread 0x000001ee07bba000 Uncommon trap: trap_request=0xffffff4d fr.pc=0x000001ee131d7248 relative=0x0000000000000ca8
Event: 1.673 Thread 0x000001ee07bba000 Uncommon trap: reason=unstable_if action=reinterpret pc=0x000001ee131d7248 method=java.lang.StringCoding.encodeUTF8(B[BZ)[B @ 2 c2
Event: 1.673 Thread 0x000001ee07bba000 DEOPT PACKING pc=0x000001ee131d7248 sp=0x0000001de19f5db0
Event: 1.673 Thread 0x000001ee07bba000 DEOPT UNPACKING pc=0x000001ee0b71a1af sp=0x0000001de19f5ba0 mode 2
Event: 1.673 Thread 0x000001ee07bba000 Uncommon trap: trap_request=0xffffff4d fr.pc=0x000001ee132bf5e8 relative=0x00000000000004c8
Event: 1.673 Thread 0x000001ee07bba000 Uncommon trap: reason=unstable_if action=reinterpret pc=0x000001ee132bf5e8 method=sun.net.www.ParseUtil.firstEncodeIndex(Ljava/lang/String;)I @ 27 c2
Event: 1.673 Thread 0x000001ee07bba000 DEOPT PACKING pc=0x000001ee132bf5e8 sp=0x0000001de19f5e40
Event: 1.673 Thread 0x000001ee07bba000 DEOPT UNPACKING pc=0x000001ee0b71a1af sp=0x0000001de19f5cb8 mode 2
Event: 1.673 Thread 0x000001ee07bba000 Uncommon trap: trap_request=0xffffff4d fr.pc=0x000001ee13263b20 relative=0x0000000000000200
Event: 1.673 Thread 0x000001ee07bba000 Uncommon trap: reason=unstable_if action=reinterpret pc=0x000001ee13263b20 method=java.lang.String.indexOf(II)I @ 4 c2
Event: 1.673 Thread 0x000001ee07bba000 DEOPT PACKING pc=0x000001ee13263b20 sp=0x0000001de19f5b20
Event: 1.673 Thread 0x000001ee07bba000 DEOPT UNPACKING pc=0x000001ee0b71a1af sp=0x0000001de19f5ad0 mode 2
Event: 1.673 Thread 0x000001ee07bba000 Uncommon trap: trap_request=0xffffff4d fr.pc=0x000001ee1325e944 relative=0x00000000000001a4
Event: 1.673 Thread 0x000001ee07bba000 Uncommon trap: reason=unstable_if action=reinterpret pc=0x000001ee1325e944 method=java.lang.String.startsWith(Ljava/lang/String;I)Z @ 46 c2
Event: 1.673 Thread 0x000001ee07bba000 DEOPT PACKING pc=0x000001ee1325e944 sp=0x0000001de19f5c20
Event: 1.673 Thread 0x000001ee07bba000 DEOPT UNPACKING pc=0x000001ee0b71a1af sp=0x0000001de19f5b88 mode 2
Event: 1.673 Thread 0x000001ee07bba000 Uncommon trap: trap_request=0xffffff4d fr.pc=0x000001ee132cff38 relative=0x00000000000006d8
Event: 1.673 Thread 0x000001ee07bba000 Uncommon trap: reason=unstable_if action=reinterpret pc=0x000001ee132cff38 method=java.lang.String.lastIndexOf(II)I @ 4 c2
Event: 1.673 Thread 0x000001ee07bba000 DEOPT PACKING pc=0x000001ee132cff38 sp=0x0000001de19f5c90
Event: 1.673 Thread 0x000001ee07bba000 DEOPT UNPACKING pc=0x000001ee0b71a1af sp=0x0000001de19f5b80 mode 2

Classes redefined (0 events):
No events

Internal exceptions (20 events):
Event: 0.725 Thread 0x000001ee07bba000 Exception <a 'java/lang/NoSuchMethodError'{0x0000000710491ea0}: 'java.lang.Object java.lang.invoke.DirectMethodHandle$Holder.invokeStaticInit(java.lang.Object, int)'> (0x0000000710491ea0) thrown at [./src/hotspot/share/interpreter/linkResolver.cpp, line 773]
Event: 0.741 Thread 0x000001ee07bba000 Exception <a 'java/lang/NoSuchMethodError'{0x0000000710266a08}: 'long java.lang.invoke.DirectMethodHandle$Holder.invokeStatic(java.lang.Object)'> (0x0000000710266a08) thrown at [./src/hotspot/share/interpreter/linkResolver.cpp, line 773]
Event: 0.741 Thread 0x000001ee07bba000 Exception <a 'java/lang/NoSuchMethodError'{0x0000000710269860}: 'long java.lang.invoke.DirectMethodHandle$Holder.invokeStaticInit(java.lang.Object)'> (0x0000000710269860) thrown at [./src/hotspot/share/interpreter/linkResolver.cpp, line 773]
Event: 0.782 Thread 0x000001ee07bba000 Exception <a 'java/lang/NoSuchMethodError'{0x000000071250ade8}: 'int java.lang.invoke.DirectMethodHandle$Holder.invokeStaticInit(java.lang.Object, java.lang.Object, java.lang.Object)'> (0x000000071250ade8) thrown at [./src/hotspot/share/interpreter/linkResolver.cpp, line 773]
Event: 0.784 Thread 0x000001ee07bba000 Exception <a 'java/lang/NoSuchMethodError'{0x0000000712536478}: 'int java.lang.invoke.DirectMethodHandle$Holder.invokeStaticInit(java.lang.Object, java.lang.Object)'> (0x0000000712536478) thrown at [./src/hotspot/share/interpreter/linkResolver.cpp, line 773]
Event: 0.809 Thread 0x000001ee07bba000 Exception <a 'java/lang/NoSuchMethodError'{0x00000007123464e0}: 'void java.lang.invoke.DirectMethodHandle$Holder.invokeSpecial(java.lang.Object, java.lang.Object)'> (0x00000007123464e0) thrown at [./src/hotspot/share/interpreter/linkResolver.cpp, line 773]
Event: 0.907 Thread 0x000001ee07bba000 Exception <a 'java/lang/NoSuchMethodError'{0x0000000711be8988}: 'java.lang.Object java.lang.invoke.DirectMethodHandle$Holder.invokeStatic(java.lang.Object, java.lang.Object, java.lang.Object, java.lang.Object, java.lang.Object, java.lang.Object, java.lang.Object, java.lang.Object, java.lang.Object, java.lang.Object, java.lang.Object, java.lang.Object, java.lang.Object, java.lang.Object, java.lang.Object)'> (0x0000000711be8988) thrown at [./src/hotspot/share/interpreter/linkResolver.cpp, line 773]
Event: 0.907 Thread 0x000001ee07bba000 Exception <a 'java/lang/NoSuchMethodError'{0x0000000711bf6990}: 'java.lang.Object java.lang.invoke.DirectMethodHandle$Holder.invokeStatic(java.lang.Object, java.lang.Object, java.lang.Object, java.lang.Object, java.lang.Object, java.lang.Object, java.lang.Object, java.lang.Object, java.lang.Object, java.lang.Object, java.lang.Object, java.lang.Object, java.lang.Object, java.lang.Object, java.lang.Object, java.lang.Object)'> (0x0000000711bf6990) thrown at [./src/hotspot/share/interpreter/linkResolver.cpp, l
Event: 0.908 Thread 0x000001ee07bba000 Exception <a 'java/lang/NoSuchMethodError'{0x0000000711a04d78}: 'java.lang.Object java.lang.invoke.DirectMethodHandle$Holder.invokeSpecial(java.lang.Object, java.lang.Object, int, int, java.lang.Object, java.lang.Object, java.lang.Object)'> (0x0000000711a04d78) thrown at [./src/hotspot/share/interpreter/linkResolver.cpp, line 773]
Event: 0.908 Thread 0x000001ee07bba000 Exception <a 'java/lang/NoSuchMethodError'{0x0000000711a085b0}: 'java.lang.Object java.lang.invoke.DelegatingMethodHandle$Holder.reinvoke_L(java.lang.Object, int, int, java.lang.Object, java.lang.Object, java.lang.Object)'> (0x0000000711a085b0) thrown at [./src/hotspot/share/interpreter/linkResolver.cpp, line 773]
Event: 0.908 Thread 0x000001ee07bba000 Exception <a 'java/lang/NoSuchMethodError'{0x0000000711a0c938}: 'java.lang.Object java.lang.invoke.DirectMethodHandle$Holder.invokeStatic(java.lang.Object, java.lang.Object, java.lang.Object, java.lang.Object, int)'> (0x0000000711a0c938) thrown at [./src/hotspot/share/interpreter/linkResolver.cpp, line 773]
Event: 0.930 Thread 0x000001ee07bba000 Exception <a 'java/lang/NoSuchMethodError'{0x0000000711931d30}: 'void java.lang.invoke.DirectMethodHandle$Holder.invokeStatic(java.lang.Object, java.lang.Object, java.lang.Object, java.lang.Object)'> (0x0000000711931d30) thrown at [./src/hotspot/share/interpreter/linkResolver.cpp, line 773]
Event: 0.964 Thread 0x000001ee07bba000 Exception <a 'java/lang/NoSuchMethodError'{0x0000000711512ad0}: 'void java.lang.invoke.DirectMethodHandle$Holder.invokeStaticInit(java.lang.Object, java.lang.Object)'> (0x0000000711512ad0) thrown at [./src/hotspot/share/interpreter/linkResolver.cpp, line 773]
Event: 1.004 Thread 0x000001ee07bba000 Exception <a 'java/lang/NoSuchMethodError'{0x000000071113dbc8}: 'void java.lang.invoke.DirectMethodHandle$Holder.invokeVirtual(java.lang.Object, java.lang.Object)'> (0x000000071113dbc8) thrown at [./src/hotspot/share/interpreter/linkResolver.cpp, line 773]
Event: 1.010 Thread 0x000001ee07bba000 Exception <a 'java/lang/NoSuchMethodError'{0x00000007111c5780}: 'int java.lang.invoke.DirectMethodHandle$Holder.invokeVirtual(java.lang.Object, java.lang.Object)'> (0x00000007111c5780) thrown at [./src/hotspot/share/interpreter/linkResolver.cpp, line 773]
Event: 1.361 Thread 0x000001ee07bba000 Exception <a 'java/lang/NoSuchMethodError'{0x0000000712115468}: 'java.lang.Object java.lang.invoke.DirectMethodHandle$Holder.invokeVirtual(java.lang.Object, java.lang.Object, java.lang.Object)'> (0x0000000712115468) thrown at [./src/hotspot/share/interpreter/linkResolver.cpp, line 773]
Event: 1.731 Thread 0x000001ee07bba000 Exception <a 'java/lang/NoSuchMethodError'{0x000000070ff26e08}: 'java.lang.Object java.lang.invoke.Invokers$Holder.linkToTargetMethod(java.lang.Object, int, java.lang.Object)'> (0x000000070ff26e08) thrown at [./src/hotspot/share/interpreter/linkResolver.cpp, line 773]
Event: 1.761 Thread 0x000001ee07bba000 Exception <a 'java/lang/NoSuchMethodError'{0x000000070feca558}: 'java.lang.Object java.lang.invoke.DirectMethodHandle$Holder.invokeStatic(java.lang.Object, java.lang.Object, java.lang.Object, int)'> (0x000000070feca558) thrown at [./src/hotspot/share/interpreter/linkResolver.cpp, line 773]
Event: 1.761 Thread 0x000001ee07bba000 Exception <a 'java/lang/NoSuchMethodError'{0x000000070fece1c8}: 'java.lang.Object java.lang.invoke.DirectMethodHandle$Holder.invokeSpecial(java.lang.Object, java.lang.Object, java.lang.Object, java.lang.Object, int)'> (0x000000070fece1c8) thrown at [./src/hotspot/share/interpreter/linkResolver.cpp, line 773]
Event: 1.761 Thread 0x000001ee07bba000 Exception <a 'java/lang/NoSuchMethodError'{0x000000070fed14d8}: 'java.lang.Object java.lang.invoke.Invokers$Holder.linkToTargetMethod(java.lang.Object, java.lang.Object, int, java.lang.Object)'> (0x000000070fed14d8) thrown at [./src/hotspot/share/interpreter/linkResolver.cpp, line 773]

Events (20 events):
Event: 1.799 loading class org/jetbrains/kotlin/com/intellij/psi/PsiElementFinder
Event: 1.799 loading class org/jetbrains/kotlin/com/intellij/psi/PsiElementFinder done
Event: 1.799 loading class org/jetbrains/kotlin/com/intellij/psi/PsiElementFinder
Event: 1.799 loading class org/jetbrains/kotlin/com/intellij/psi/PsiElementFinder done
Event: 1.799 loading class kotlin/jvm/functions/Function1
Event: 1.799 loading class kotlin/jvm/functions/Function1 done
Event: 1.799 loading class kotlin/jvm/internal/Ref$BooleanRef
Event: 1.799 loading class kotlin/jvm/internal/Ref$BooleanRef done
Event: 1.799 loading class org/jetbrains/kotlin/cli/jvm/compiler/KotlinCliJavaFileManagerImplKt
Event: 1.799 loading class org/jetbrains/kotlin/cli/jvm/compiler/KotlinCliJavaFileManagerImplKt done
Event: 1.799 loading class org/jetbrains/kotlin/cli/jvm/compiler/KotlinCliJavaFileManagerImplKt$toSafeFqName$1
Event: 1.799 loading class org/jetbrains/kotlin/cli/jvm/compiler/KotlinCliJavaFileManagerImplKt$toSafeFqName$1 done
Event: 1.799 loading class org/jetbrains/kotlin/cli/jvm/compiler/KotlinCliJavaFileManagerImpl$findPackage$1
Event: 1.799 loading class org/jetbrains/kotlin/cli/jvm/compiler/KotlinCliJavaFileManagerImpl$findPackage$1 done
Event: 1.799 loading class org/jetbrains/kotlin/cli/jvm/index/JvmDependenciesIndex$DefaultImpls
Event: 1.799 loading class org/jetbrains/kotlin/cli/jvm/index/JvmDependenciesIndex$DefaultImpls done
Event: 1.799 loading class org/jetbrains/kotlin/cli/jvm/index/JvmDependenciesIndexImpl$TraverseRequest
Event: 1.799 loading class org/jetbrains/kotlin/cli/jvm/index/JvmDependenciesIndexImpl$TraverseRequest done
Event: 1.799 loading class org/jetbrains/kotlin/cli/jvm/index/JvmDependenciesIndexImpl$SearchRequest
Event: 1.799 loading class org/jetbrains/kotlin/cli/jvm/index/JvmDependenciesIndexImpl$SearchRequest done


Dynamic libraries:
0x00007ff7bd6f0000 - 0x00007ff7bd6fa000 	C:\Program Files\Android\Android Studio\jre\bin\java.exe
0x00007ff8e6870000 - 0x00007ff8e6a65000 	C:\Windows\SYSTEM32\ntdll.dll
0x00007ff8e4b20000 - 0x00007ff8e4bdd000 	C:\Windows\System32\KERNEL32.DLL
0x00007ff8e4160000 - 0x00007ff8e442d000 	C:\Windows\System32\KERNELBASE.dll
0x00007ff8e4060000 - 0x00007ff8e4160000 	C:\Windows\System32\ucrtbase.dll
0x00007ff8d2690000 - 0x00007ff8d26a7000 	C:\Program Files\Android\Android Studio\jre\bin\VCRUNTIME140.dll
0x00007ff8d2ed0000 - 0x00007ff8d2ee9000 	C:\Program Files\Android\Android Studio\jre\bin\jli.dll
0x00007ff8e5cc0000 - 0x00007ff8e5e60000 	C:\Windows\System32\USER32.dll
0x00007ff8c49c0000 - 0x00007ff8c4c5a000 	C:\Windows\WinSxS\amd64_microsoft.windows.common-controls_6595b64144ccf1df_6.0.19041.1110_none_60b5254171f9507e\COMCTL32.dll
0x00007ff8e5e60000 - 0x00007ff8e5efe000 	C:\Windows\System32\msvcrt.dll
0x00007ff8e4670000 - 0x00007ff8e4692000 	C:\Windows\System32\win32u.dll
0x00007ff8e65a0000 - 0x00007ff8e65ca000 	C:\Windows\System32\GDI32.dll
0x00007ff8e44d0000 - 0x00007ff8e45db000 	C:\Windows\System32\gdi32full.dll
0x00007ff8e4430000 - 0x00007ff8e44cd000 	C:\Windows\System32\msvcp_win.dll
0x00007ff8e5390000 - 0x00007ff8e53c0000 	C:\Windows\System32\IMM32.DLL
0x00007ff8a1b20000 - 0x00007ff8a1bbd000 	C:\Program Files\Android\Android Studio\jre\bin\msvcp140.dll
0x00007ff85c030000 - 0x00007ff85cb15000 	C:\Program Files\Android\Android Studio\jre\bin\server\jvm.dll
0x00007ff8e4fa0000 - 0x00007ff8e504e000 	C:\Windows\System32\ADVAPI32.dll
0x00007ff8e6650000 - 0x00007ff8e66ec000 	C:\Windows\System32\sechost.dll
0x00007ff8e50b0000 - 0x00007ff8e51d5000 	C:\Windows\System32\RPCRT4.dll
0x00007ff8e5500000 - 0x00007ff8e5508000 	C:\Windows\System32\PSAPI.DLL
0x00007ff8d3dc0000 - 0x00007ff8d3de7000 	C:\Windows\SYSTEM32\WINMM.dll
0x00007ff8c7580000 - 0x00007ff8c7589000 	C:\Windows\SYSTEM32\WSOCK32.dll
0x00007ff8de560000 - 0x00007ff8de56a000 	C:\Windows\SYSTEM32\VERSION.dll
0x00007ff8e5f00000 - 0x00007ff8e5f6b000 	C:\Windows\System32\WS2_32.dll
0x00007ff8e1e80000 - 0x00007ff8e1e92000 	C:\Windows\SYSTEM32\kernel.appcore.dll
0x00007ff8a1650000 - 0x00007ff8a1661000 	C:\Program Files\Android\Android Studio\jre\bin\verify.dll
0x00007ff8d1b30000 - 0x00007ff8d1d14000 	C:\Windows\SYSTEM32\DBGHELP.DLL
0x00007ff8d1b00000 - 0x00007ff8d1b2c000 	C:\Windows\SYSTEM32\dbgcore.DLL
0x00007ff8e45e0000 - 0x00007ff8e4662000 	C:\Windows\System32\bcryptPrimitives.dll
0x00007ff8a1510000 - 0x00007ff8a1539000 	C:\Program Files\Android\Android Studio\jre\bin\java.dll
0x00007ff8c20a0000 - 0x00007ff8c20ab000 	C:\Program Files\Android\Android Studio\jre\bin\jimage.dll
0x00007ff8a14f0000 - 0x00007ff8a1508000 	C:\Program Files\Android\Android Studio\jre\bin\zip.dll
0x00007ff8e5510000 - 0x00007ff8e5c54000 	C:\Windows\System32\SHELL32.dll
0x00007ff8e2080000 - 0x00007ff8e2814000 	C:\Windows\SYSTEM32\windows.storage.dll
0x00007ff8e4be0000 - 0x00007ff8e4f34000 	C:\Windows\System32\combase.dll
0x00007ff8e39e0000 - 0x00007ff8e3a0c000 	C:\Windows\SYSTEM32\Wldp.dll
0x00007ff8e6410000 - 0x00007ff8e64bd000 	C:\Windows\System32\SHCORE.dll
0x00007ff8e53c0000 - 0x00007ff8e5415000 	C:\Windows\System32\shlwapi.dll
0x00007ff8e3ec0000 - 0x00007ff8e3edf000 	C:\Windows\SYSTEM32\profapi.dll
0x00007ff8a14d0000 - 0x00007ff8a14ea000 	C:\Program Files\Android\Android Studio\jre\bin\net.dll
0x00007ff8de9f0000 - 0x00007ff8deafa000 	C:\Windows\SYSTEM32\WINHTTP.dll
0x00007ff8e3740000 - 0x00007ff8e37aa000 	C:\Windows\system32\mswsock.dll
0x00007ff8a0f10000 - 0x00007ff8a0f24000 	C:\Program Files\Android\Android Studio\jre\bin\nio.dll

dbghelp: loaded successfully - version: 4.0.5 - missing functions: none
symbol engine: initialized successfully - sym options: 0x614 - pdb path: .;C:\Program Files\Android\Android Studio\jre\bin;C:\Windows\SYSTEM32;C:\Windows\WinSxS\amd64_microsoft.windows.common-controls_6595b64144ccf1df_6.0.19041.1110_none_60b5254171f9507e;C:\Program Files\Android\Android Studio\jre\bin\server

VM Arguments:
java_command: org.jetbrains.kotlin.cli.jvm.K2JVMCompiler @D:\android1\7MinutesWorkout\app\build\20221017_649718702161267279.compiler.options
java_class_path (initial): C:\Users\diaah\.gradle\caches\modules-2\files-2.1\org.jetbrains.kotlin\kotlin-compiler-embeddable\1.7.10\909803167c98606fcf22b4c848647c68e351d48d\kotlin-compiler-embeddable-1.7.10.jar;C:\Users\diaah\.gradle\caches\modules-2\files-2.1\org.jetbrains.kotlin\kotlin-reflect\1.7.10\165e600dfea6185cf5efa700756294cc4904dbeb\kotlin-reflect-1.7.10.jar;C:\Users\diaah\.gradle\caches\modules-2\files-2.1\org.jetbrains.kotlin\kotlin-stdlib\1.7.10\d2abf9e77736acc4450dc4a3f707fa2c10f5099d\kotlin-stdlib-1.7.10.jar;C:\Users\diaah\.gradle\caches\modules-2\files-2.1\org.jetbrains.kotlin\kotlin-script-runtime\1.7.10\c99c87a6988d8fd8d5142e9ed5c9f34a7cf561ee\kotlin-script-runtime-1.7.10.jar;C:\Users\diaah\.gradle\caches\modules-2\files-2.1\org.jetbrains.kotlin\kotlin-daemon-embeddable\1.7.10\3a9f7aef7080d3ae63126cbba4f827ed664f32fa\kotlin-daemon-embeddable-1.7.10.jar;C:\Users\diaah\.gradle\caches\modules-2\files-2.1\org.jetbrains.intellij.deps\trove4j\1.0.20200330\3afb14d5f9ceb459d724e907a21145e8ff394f02\trove4j-1.0.20200330.jar;C:\Users\diaah\.gradle\caches\modules-2\files-2.1\net.java.dev.jna\jna\5.6.0\330f2244e9030119ab3030fc3fededc86713d9cc\jna-5.6.0.jar;C:\Users\diaah\.gradle\caches\modules-2\files-2.1\org.jetbrains.kotlin\kotlin-stdlib-common\1.7.10\bac80c520d0a9e3f3673bc2658c6ed02ef45a76a\kotlin-stdlib-common-1.7.10.jar;C:\Users\diaah\.gradle\caches\modules-2\files-2.1\org.jetbrains\annotations\13.0\919f0dfe192fb4e063e7dacadee7f8bb9a2672a9\annotations-13.0.jar
Launcher Type: SUN_STANDARD

[Global flags]
     intx CICompilerCount                          = 4                                         {product} {ergonomic}
     uint ConcGCThreads                            = 3                                         {product} {ergonomic}
     uint G1ConcRefinementThreads                  = 10                                        {product} {ergonomic}
   size_t G1HeapRegionSize                         = 1048576                                   {product} {ergonomic}
    uintx GCDrainStackTargetSize                   = 64                                        {product} {ergonomic}
   size_t InitialHeapSize                          = 266338304                                 {product} {ergonomic}
   size_t MarkStackSize                            = 4194304                                   {product} {ergonomic}
   size_t MaxHeapSize                              = 4248829952                                {product} {ergonomic}
   size_t MaxNewSize                               = 2549088256                                {product} {ergonomic}
   size_t MinHeapDeltaBytes                        = 1048576                                   {product} {ergonomic}
    uintx NonNMethodCodeHeapSize                   = 5836300                                {pd product} {ergonomic}
    uintx NonProfiledCodeHeapSize                  = 122910970                              {pd product} {ergonomic}
    uintx ProfiledCodeHeapSize                     = 122910970                              {pd product} {ergonomic}
    uintx ReservedCodeCacheSize                    = 251658240                              {pd product} {ergonomic}
     bool SegmentedCodeCache                       = true                                      {product} {ergonomic}
     bool UseCompressedClassPointers               = true                                 {lp64_product} {ergonomic}
     bool UseCompressedOops                        = true                                 {lp64_product} {ergonomic}
     bool UseG1GC                                  = true                                      {product} {ergonomic}
     bool UseLargePagesIndividualAllocation        = false                                  {pd product} {ergonomic}

Logging:
Log output configuration:
 #0: stdout all=warning uptime,level,tags
 #1: stderr all=off uptime,level,tags

Environment Variables:
PATH=C:\Program Files\Common Files\Oracle\Java\javapath;C:\ProgramData\Oracle\Java\javapath;C:\Windows\system32;C:\Windows;C:\Windows\System32\Wbem;C:\Windows\System32\WindowsPowerShell\v1.0\;C:\Windows\System32\OpenSSH\;C:\Program Files (x86)\NVIDIA Corporation\PhysX\Common;C:\Program Files\NVIDIA Corporation\NVIDIA NvDLISR;D:\git\Git\cmd;C:\Users\diaah\AppData\Local\Microsoft\WindowsApps
USERNAME=diaa
OS=Windows_NT
PROCESSOR_IDENTIFIER=Intel64 Family 6 Model 165 Stepping 2, GenuineIntel



---------------  S Y S T E M  ---------------

OS: Windows 10 , 64 bit Build 19041 (10.0.19041.1706)
OS uptime: 0 days 2:39 hours

CPU:total 12 (initial active 12) (6 cores per cpu, 2 threads per core) family 6 model 165 stepping 2 microcode 0xe2, cmov, cx8, fxsr, mmx, sse, sse2, sse3, ssse3, sse4.1, sse4.2, popcnt, avx, avx2, aes, clmul, erms, 3dnowpref, lzcnt, ht, tsc, tscinvbit, bmi1, bmi2, adx, fma

Memory: 4k page, system-wide physical 16205M (3438M free)
TotalPageFile size 16205M (AvailPageFile size 5M)
current process WorkingSet (physical memory assigned to process): 241M, peak: 241M
current process commit charge ("private bytes"): 450M, peak: 450M

vm_info: OpenJDK 64-Bit Server VM (11.0.12+7-b1504.28-7817840) for windows-amd64 JRE (11.0.12+7-b1504.28-7817840), built on Oct 13 2021 22:12:33 by "builder" with MS VC++ 14.0 (VS2015)

END.
