#
# There is insufficient memory for the Java Runtime Environment to continue.
# Native memory allocation (malloc) failed to allocate 1032976 bytes for Chunk::new
# Possible reasons:
#   The system is out of physical RAM or swap space
#   The process is running with CompressedOops enabled, and the Java Heap may be blocking the growth of the native heap
# Possible solutions:
#   Reduce memory load on the system
#   Increase physical memory or swap space
#   Check if swap backing store is full
#   Decrease Java heap size (-Xmx/-Xms)
#   Decrease number of Java threads
#   Decrease Java thread stack sizes (-Xss)
#   Set larger code cache with -XX:ReservedCodeCacheSize=
#   JVM is running with Unscaled Compressed Oops mode in which the Java heap is
#     placed in the first 4GB address space. The Java Heap base address is the
#     maximum limit for the native heap growth. Please use -XX:HeapBaseMinAddress
#     to set the Java Heap base and to place the Java Heap above 4GB virtual address.
# This output file may be truncated or incomplete.
#
#  Out of Memory Error (./src/hotspot/share/memory/arena.cpp:197), pid=4312, tid=5496
#
# JRE version: OpenJDK Runtime Environment (11.0.12+7) (build 11.0.12+7-b1504.28-7817840)
# Java VM: OpenJDK 64-Bit Server VM (11.0.12+7-b1504.28-7817840, mixed mode, tiered, compressed oops, g1 gc, windows-amd64)
# No core dump will be written. Minidumps are not enabled by default on client versions of Windows
#

---------------  S U M M A R Y ------------

Command Line: --add-opens=java.base/java.util=ALL-UNNAMED --add-opens=java.base/java.lang=ALL-UNNAMED --add-opens=java.base/java.lang.invoke=ALL-UNNAMED --add-opens=java.base/java.util=ALL-UNNAMED --add-opens=java.prefs/java.util.prefs=ALL-UNNAMED --add-opens=java.prefs/java.util.prefs=ALL-UNNAMED --add-opens=java.base/java.nio.charset=ALL-UNNAMED --add-opens=java.base/java.net=ALL-UNNAMED --add-opens=java.base/java.util.concurrent.atomic=ALL-UNNAMED -Xmx2048m -Dfile.encoding=UTF-8 -Duser.country=US -Duser.language=en -Duser.variant org.gradle.launcher.daemon.bootstrap.GradleDaemon 7.3.3

Host: Intel(R) Core(TM) i7-10750H CPU @ 2.60GHz, 12 cores, 15G,  Windows 10 , 64 bit Build 19041 (10.0.19041.1706)
Time: Sat Oct  8 12:53:48 2022 Egypt Standard Time elapsed time: 3.134070 seconds (0d 0h 0m 3s)

---------------  T H R E A D  ---------------

Current thread (0x0000029ff8a89800):  JavaThread "C2 CompilerThread0" daemon [_thread_in_native, id=5496, stack(0x000000c128000000,0x000000c128100000)]


Current CompileTask:
C2:   3134 2819  s!   4       jdk.internal.loader.URLClassPath::getLoader (194 bytes)

Stack: [0x000000c128000000,0x000000c128100000]
Native frames: (J=compiled Java code, j=interpreted, Vv=VM code, C=native code)
V  [jvm.dll+0x5fbcea]
V  [jvm.dll+0x731905]
V  [jvm.dll+0x732f1d]
V  [jvm.dll+0x7335d3]
V  [jvm.dll+0x247bf8]
V  [jvm.dll+0xc018c]
V  [jvm.dll+0xc06cc]
V  [jvm.dll+0x35b2db]
V  [jvm.dll+0x19d0bc]
V  [jvm.dll+0x20070e]
V  [jvm.dll+0x1ff794]
V  [jvm.dll+0x18868c]
V  [jvm.dll+0x20e0d7]
V  [jvm.dll+0x20c901]
V  [jvm.dll+0x6f9b7f]
V  [jvm.dll+0x6f26a5]
V  [jvm.dll+0x5fabf6]
C  [ucrtbase.dll+0x21bb2]
C  [KERNEL32.DLL+0x17034]
C  [ntdll.dll+0x52651]


---------------  P R O C E S S  ---------------

Threads class SMR info:
_java_thread_list=0x0000029ffe06e400, length=44, elements={
0x0000029fdd18b800, 0x0000029ff8a1a000, 0x0000029ff8a1f000, 0x0000029ff8a7a800,
0x0000029ff8a7c800, 0x0000029ff8a80800, 0x0000029ff8a89800, 0x0000029ff8a8e000,
0x0000029ff8a96000, 0x0000029ff8bf0000, 0x0000029ffaf5b000, 0x0000029ff8c10800,
0x0000029ffa645800, 0x0000029ffb433000, 0x0000029ffafbf000, 0x0000029ffa392000,
0x0000029ffbc17000, 0x0000029ffb1f9000, 0x0000029ffaf4d000, 0x0000029ffb210800,
0x0000029ffb1a5000, 0x0000029ffb1a3800, 0x0000029ffb1a6000, 0x0000029ffb1a2000,
0x0000029ffb1a8800, 0x0000029ffb6c3800, 0x0000029ffb1a7000, 0x0000029ffb1a7800,
0x0000029ffb1a4800, 0x0000029ffb1a3000, 0x0000029ffc84d000, 0x0000029ffc84f800,
0x0000029ffc84e000, 0x0000029ffc84e800, 0x0000029ffc84a800, 0x0000029ffc850000,
0x0000029ffc851000, 0x0000029ffc84b800, 0x0000029ffc852000, 0x0000029ffc84c000,
0x0000029ffc854800, 0x0000029ffc858800, 0x0000029ffc857800, 0x0000029ffc853800
}

Java Threads: ( => current thread )
  0x0000029fdd18b800 JavaThread "main" [_thread_blocked, id=18068, stack(0x000000c127400000,0x000000c127500000)]
  0x0000029ff8a1a000 JavaThread "Reference Handler" daemon [_thread_blocked, id=4480, stack(0x000000c127b00000,0x000000c127c00000)]
  0x0000029ff8a1f000 JavaThread "Finalizer" daemon [_thread_blocked, id=8488, stack(0x000000c127c00000,0x000000c127d00000)]
  0x0000029ff8a7a800 JavaThread "Signal Dispatcher" daemon [_thread_blocked, id=2916, stack(0x000000c127d00000,0x000000c127e00000)]
  0x0000029ff8a7c800 JavaThread "Attach Listener" daemon [_thread_blocked, id=14620, stack(0x000000c127e00000,0x000000c127f00000)]
  0x0000029ff8a80800 JavaThread "Service Thread" daemon [_thread_blocked, id=4660, stack(0x000000c127f00000,0x000000c128000000)]
=>0x0000029ff8a89800 JavaThread "C2 CompilerThread0" daemon [_thread_in_native, id=5496, stack(0x000000c128000000,0x000000c128100000)]
  0x0000029ff8a8e000 JavaThread "C1 CompilerThread0" daemon [_thread_in_native, id=13272, stack(0x000000c128100000,0x000000c128200000)]
  0x0000029ff8a96000 JavaThread "Sweeper thread" daemon [_thread_blocked, id=4232, stack(0x000000c128200000,0x000000c128300000)]
  0x0000029ff8bf0000 JavaThread "Common-Cleaner" daemon [_thread_blocked, id=3920, stack(0x000000c128300000,0x000000c128400000)]
  0x0000029ffaf5b000 JavaThread "Daemon health stats" [_thread_blocked, id=10976, stack(0x000000c128c00000,0x000000c128d00000)]
  0x0000029ff8c10800 JavaThread "Incoming local TCP Connector on port 11072" [_thread_in_native, id=10352, stack(0x000000c128500000,0x000000c128600000)]
  0x0000029ffa645800 JavaThread "C2 CompilerThread1" daemon [_thread_in_native, id=7088, stack(0x000000c128b00000,0x000000c128c00000)]
  0x0000029ffb433000 JavaThread "Daemon periodic checks" [_thread_blocked, id=4028, stack(0x000000c128d00000,0x000000c128e00000)]
  0x0000029ffafbf000 JavaThread "Daemon" [_thread_blocked, id=15612, stack(0x000000c128e00000,0x000000c128f00000)]
  0x0000029ffa392000 JavaThread "Handler for socket connection from /127.0.0.1:11072 to /127.0.0.1:11073" [_thread_in_native, id=7636, stack(0x000000c128f00000,0x000000c129000000)]
  0x0000029ffbc17000 JavaThread "Cancel handler" [_thread_blocked, id=17804, stack(0x000000c129000000,0x000000c129100000)]
  0x0000029ffb1f9000 JavaThread "Daemon worker" [_thread_in_vm, id=2624, stack(0x000000c129100000,0x000000c129200000)]
  0x0000029ffaf4d000 JavaThread "Asynchronous log dispatcher for DefaultDaemonConnection: socket connection from /127.0.0.1:11072 to /127.0.0.1:11073" [_thread_blocked, id=4668, stack(0x000000c129200000,0x000000c129300000)]
  0x0000029ffb210800 JavaThread "Stdin handler" [_thread_blocked, id=8688, stack(0x000000c129300000,0x000000c129400000)]
  0x0000029ffb1a5000 JavaThread "Daemon client event forwarder" [_thread_blocked, id=17852, stack(0x000000c129400000,0x000000c129500000)]
  0x0000029ffb1a3800 JavaThread "Cache worker for journal cache (C:\Users\diaah\.gradle\caches\journal-1)" [_thread_blocked, id=7588, stack(0x000000c129500000,0x000000c129600000)]
  0x0000029ffb1a6000 JavaThread "File lock request listener" [_thread_in_native, id=2548, stack(0x000000c129600000,0x000000c129700000)]
  0x0000029ffb1a2000 JavaThread "Cache worker for file hash cache (C:\Users\diaah\.gradle\caches\7.3.3\fileHashes)" [_thread_blocked, id=16736, stack(0x000000c129d00000,0x000000c129e00000)]
  0x0000029ffb1a8800 JavaThread "Cache worker for file hash cache (D:\android1\7MinutesWorkout\.gradle\7.3.3\fileHashes)" [_thread_blocked, id=18248, stack(0x000000c129e00000,0x000000c129f00000)]
  0x0000029ffb6c3800 JavaThread "C2 CompilerThread2" daemon [_thread_in_native, id=4704, stack(0x000000c129f00000,0x000000c12a000000)]
  0x0000029ffb1a7000 JavaThread "File watcher server" daemon [_thread_in_native, id=11164, stack(0x000000c12a000000,0x000000c12a100000)]
  0x0000029ffb1a7800 JavaThread "File watcher consumer" daemon [_thread_blocked, id=12248, stack(0x000000c12a100000,0x000000c12a200000)]
  0x0000029ffb1a4800 JavaThread "jar transforms" [_thread_blocked, id=13924, stack(0x000000c12a200000,0x000000c12a300000)]
  0x0000029ffb1a3000 JavaThread "jar transforms Thread 2" [_thread_blocked, id=8676, stack(0x000000c12a300000,0x000000c12a400000)]
  0x0000029ffc84d000 JavaThread "jar transforms Thread 3" [_thread_blocked, id=12068, stack(0x000000c12a400000,0x000000c12a500000)]
  0x0000029ffc84f800 JavaThread "jar transforms Thread 4" [_thread_blocked, id=8352, stack(0x000000c12a500000,0x000000c12a600000)]
  0x0000029ffc84e000 JavaThread "jar transforms Thread 5" [_thread_blocked, id=13988, stack(0x000000c12a600000,0x000000c12a700000)]
  0x0000029ffc84e800 JavaThread "jar transforms Thread 6" [_thread_blocked, id=16604, stack(0x000000c12a700000,0x000000c12a800000)]
  0x0000029ffc84a800 JavaThread "jar transforms Thread 7" [_thread_blocked, id=1292, stack(0x000000c12a800000,0x000000c12a900000)]
  0x0000029ffc850000 JavaThread "jar transforms Thread 8" [_thread_blocked, id=4456, stack(0x000000c12a900000,0x000000c12aa00000)]
  0x0000029ffc851000 JavaThread "jar transforms Thread 9" [_thread_blocked, id=16884, stack(0x000000c12aa00000,0x000000c12ab00000)]
  0x0000029ffc84b800 JavaThread "jar transforms Thread 10" [_thread_blocked, id=18368, stack(0x000000c12ab00000,0x000000c12ac00000)]
  0x0000029ffc852000 JavaThread "jar transforms Thread 11" [_thread_blocked, id=12956, stack(0x000000c12ac00000,0x000000c12ad00000)]
  0x0000029ffc84c000 JavaThread "jar transforms Thread 12" [_thread_blocked, id=10320, stack(0x000000c12ad00000,0x000000c12ae00000)]
  0x0000029ffc854800 JavaThread "Cache worker for checksums cache (D:\android1\7MinutesWorkout\.gradle\7.3.3\checksums)" [_thread_blocked, id=11076, stack(0x000000c12ae00000,0x000000c12af00000)]
  0x0000029ffc858800 JavaThread "Cache worker for cache directory md-supplier (C:\Users\diaah\.gradle\caches\7.3.3\md-supplier)" [_thread_blocked, id=7052, stack(0x000000c12af00000,0x000000c12b000000)]
  0x0000029ffc857800 JavaThread "Cache worker for cache directory md-rule (C:\Users\diaah\.gradle\caches\7.3.3\md-rule)" [_thread_blocked, id=18160, stack(0x000000c12b000000,0x000000c12b100000)]
  0x0000029ffc853800 JavaThread "Cache worker for execution history cache (C:\Users\diaah\.gradle\caches\7.3.3\executionHistory)" [_thread_blocked, id=3356, stack(0x000000c12b100000,0x000000c12b200000)]

Other Threads:
  0x0000029ff8a18000 VMThread "VM Thread" [stack: 0x000000c127a00000,0x000000c127b00000] [id=2552]
  0x0000029ff8bf3800 WatcherThread [stack: 0x000000c128400000,0x000000c128500000] [id=12112]
  0x0000029fdd1a5000 GCTaskThread "GC Thread#0" [stack: 0x000000c127500000,0x000000c127600000] [id=8376]
  0x0000029ff983b800 GCTaskThread "GC Thread#1" [stack: 0x000000c128600000,0x000000c128700000] [id=17340]
  0x0000029ff963a800 GCTaskThread "GC Thread#2" [stack: 0x000000c128700000,0x000000c128800000] [id=13016]
  0x0000029ff9802800 GCTaskThread "GC Thread#3" [stack: 0x000000c128800000,0x000000c128900000] [id=4104]
  0x0000029ff98dd000 GCTaskThread "GC Thread#4" [stack: 0x000000c128900000,0x000000c128a00000] [id=5736]
  0x0000029ff92db800 GCTaskThread "GC Thread#5" [stack: 0x000000c128a00000,0x000000c128b00000] [id=15188]
  0x0000029ffb2c9800 GCTaskThread "GC Thread#6" [stack: 0x000000c129700000,0x000000c129800000] [id=6624]
  0x0000029ffb742000 GCTaskThread "GC Thread#7" [stack: 0x000000c129800000,0x000000c129900000] [id=15576]
  0x0000029ffa0b8000 GCTaskThread "GC Thread#8" [stack: 0x000000c129900000,0x000000c129a00000] [id=10576]
  0x0000029ffb211800 GCTaskThread "GC Thread#9" [stack: 0x000000c129a00000,0x000000c129b00000] [id=11212]
  0x0000029fdd1d9000 ConcurrentGCThread "G1 Main Marker" [stack: 0x000000c127600000,0x000000c127700000] [id=15296]
  0x0000029fdd1da000 ConcurrentGCThread "G1 Conc#0" [stack: 0x000000c127700000,0x000000c127800000] [id=11268]
  0x0000029ff972a800 ConcurrentGCThread "G1 Conc#1" [stack: 0x000000c129b00000,0x000000c129c00000] [id=13004]
  0x0000029ffb34a800 ConcurrentGCThread "G1 Conc#2" [stack: 0x000000c129c00000,0x000000c129d00000] [id=9932]
  0x0000029ff8062000 ConcurrentGCThread "G1 Refine#0" [stack: 0x000000c127800000,0x000000c127900000] [id=2596]
  0x0000029ff8063000 ConcurrentGCThread "G1 Young RemSet Sampling" [stack: 0x000000c127900000,0x000000c127a00000] [id=17192]

Threads with active compile tasks:
C2 CompilerThread0   3150 2819  s!   4       jdk.internal.loader.URLClassPath::getLoader (194 bytes)
C1 CompilerThread0   3151 3006       3       org.codehaus.groovy.vmplugin.v9.Java9::checkCanSetAccessible (137 bytes)
C2 CompilerThread2   3151 2837       4       jdk.internal.loader.URLClassPath::getResource (74 bytes)

VM state:not at safepoint (normal execution)

VM Mutex/Monitor currently owned by a thread: None

Heap address: 0x0000000080000000, size: 2048 MB, Compressed Oops mode: 32-bit
Narrow klass base: 0x0000000000000000, Narrow klass shift: 3
Compressed class space size: 1073741824 Address: 0x0000000100000000

Heap:
 garbage-first heap   total 260096K, used 37181K [0x0000000080000000, 0x0000000100000000)
  region size 1024K, 11 young (11264K), 8 survivors (8192K)
 Metaspace       used 35511K, capacity 36475K, committed 36736K, reserved 1081344K
  class space    used 4694K, capacity 5028K, committed 5120K, reserved 1048576K
Heap Regions: E=young(eden), S=young(survivor), O=old, HS=humongous(starts), HC=humongous(continues), CS=collection set, F=free, A=archive, TAMS=top-at-mark-start (previous, next)
|   0|0x0000000080000000, 0x0000000080100000, 0x0000000080100000|100%| O|  |TAMS 0x0000000080100000, 0x0000000080000000| Untracked 
|   1|0x0000000080100000, 0x0000000080200000, 0x0000000080200000|100%| O|  |TAMS 0x0000000080200000, 0x0000000080100000| Untracked 
|   2|0x0000000080200000, 0x0000000080300000, 0x0000000080300000|100%| O|  |TAMS 0x0000000080300000, 0x0000000080200000| Untracked 
|   3|0x0000000080300000, 0x0000000080400000, 0x0000000080400000|100%|HS|  |TAMS 0x0000000080400000, 0x0000000080300000| Complete 
|   4|0x0000000080400000, 0x0000000080500000, 0x0000000080500000|100%|HC|  |TAMS 0x0000000080500000, 0x0000000080400000| Complete 
|   5|0x0000000080500000, 0x0000000080600000, 0x0000000080600000|100%|HC|  |TAMS 0x0000000080600000, 0x0000000080500000| Complete 
|   6|0x0000000080600000, 0x0000000080700000, 0x0000000080700000|100%| O|  |TAMS 0x0000000080700000, 0x0000000080600000| Untracked 
|   7|0x0000000080700000, 0x0000000080800000, 0x0000000080800000|100%| O|  |TAMS 0x0000000080800000, 0x0000000080700000| Untracked 
|   8|0x0000000080800000, 0x0000000080900000, 0x0000000080900000|100%| O|  |TAMS 0x0000000080900000, 0x0000000080800000| Untracked 
|   9|0x0000000080900000, 0x0000000080a00000, 0x0000000080a00000|100%| O|  |TAMS 0x0000000080a00000, 0x0000000080900000| Untracked 
|  10|0x0000000080a00000, 0x0000000080b00000, 0x0000000080b00000|100%| O|  |TAMS 0x0000000080b00000, 0x0000000080a00000| Untracked 
|  11|0x0000000080b00000, 0x0000000080c00000, 0x0000000080c00000|100%| O|  |TAMS 0x0000000080c00000, 0x0000000080b00000| Untracked 
|  12|0x0000000080c00000, 0x0000000080d00000, 0x0000000080d00000|100%| O|  |TAMS 0x0000000080d00000, 0x0000000080c00000| Untracked 
|  13|0x0000000080d00000, 0x0000000080e00000, 0x0000000080e00000|100%| O|  |TAMS 0x0000000080e00000, 0x0000000080d00000| Untracked 
|  14|0x0000000080e00000, 0x0000000080f00000, 0x0000000080f00000|100%| O|  |TAMS 0x0000000080f00000, 0x0000000080e00000| Untracked 
|  15|0x0000000080f00000, 0x0000000081000000, 0x0000000081000000|100%| O|  |TAMS 0x0000000081000000, 0x0000000080f00000| Untracked 
|  16|0x0000000081000000, 0x000000008105ce00, 0x0000000081100000| 36%| O|  |TAMS 0x000000008105ce00, 0x0000000081000000| Untracked 
|  17|0x0000000081100000, 0x0000000081200000, 0x0000000081200000|100%|HS|  |TAMS 0x0000000081200000, 0x0000000081100000| Complete 
|  18|0x0000000081200000, 0x0000000081300000, 0x0000000081300000|100%|HC|  |TAMS 0x0000000081300000, 0x0000000081200000| Complete 
|  19|0x0000000081300000, 0x0000000081400000, 0x0000000081400000|100%|HS|  |TAMS 0x0000000081400000, 0x0000000081300000| Complete 
|  20|0x0000000081400000, 0x0000000081500000, 0x0000000081500000|100%|HC|  |TAMS 0x0000000081500000, 0x0000000081400000| Complete 
|  21|0x0000000081500000, 0x0000000081600000, 0x0000000081600000|100%|HC|  |TAMS 0x0000000081600000, 0x0000000081500000| Complete 
|  22|0x0000000081600000, 0x0000000081700000, 0x0000000081700000|100%|HS|  |TAMS 0x0000000081700000, 0x0000000081600000| Complete 
|  23|0x0000000081700000, 0x0000000081800000, 0x0000000081800000|100%|HS|  |TAMS 0x0000000081800000, 0x0000000081700000| Complete 
|  24|0x0000000081800000, 0x0000000081900000, 0x0000000081900000|100%|HC|  |TAMS 0x0000000081900000, 0x0000000081800000| Complete 
|  25|0x0000000081900000, 0x0000000081a00000, 0x0000000081a00000|100%|HC|  |TAMS 0x0000000081a00000, 0x0000000081900000| Complete 
|  26|0x0000000081a00000, 0x0000000081b00000, 0x0000000081b00000|100%|HC|  |TAMS 0x0000000081b00000, 0x0000000081a00000| Complete 
|  27|0x0000000081b00000, 0x0000000081b00000, 0x0000000081c00000|  0%| F|  |TAMS 0x0000000081b00000, 0x0000000081b00000| Untracked 
|  28|0x0000000081c00000, 0x0000000081c00000, 0x0000000081d00000|  0%| F|  |TAMS 0x0000000081c00000, 0x0000000081c00000| Untracked 
|  29|0x0000000081d00000, 0x0000000081d00000, 0x0000000081e00000|  0%| F|  |TAMS 0x0000000081d00000, 0x0000000081d00000| Untracked 
|  30|0x0000000081e00000, 0x0000000081e00000, 0x0000000081f00000|  0%| F|  |TAMS 0x0000000081e00000, 0x0000000081e00000| Untracked 
|  31|0x0000000081f00000, 0x0000000081f00000, 0x0000000082000000|  0%| F|  |TAMS 0x0000000081f00000, 0x0000000081f00000| Untracked 
|  32|0x0000000082000000, 0x0000000082000000, 0x0000000082100000|  0%| F|  |TAMS 0x0000000082000000, 0x0000000082000000| Untracked 
|  33|0x0000000082100000, 0x0000000082100000, 0x0000000082200000|  0%| F|  |TAMS 0x0000000082100000, 0x0000000082100000| Untracked 
|  34|0x0000000082200000, 0x0000000082200000, 0x0000000082300000|  0%| F|  |TAMS 0x0000000082200000, 0x0000000082200000| Untracked 
|  35|0x0000000082300000, 0x0000000082300000, 0x0000000082400000|  0%| F|  |TAMS 0x0000000082300000, 0x0000000082300000| Untracked 
|  36|0x0000000082400000, 0x0000000082400000, 0x0000000082500000|  0%| F|  |TAMS 0x0000000082400000, 0x0000000082400000| Untracked 
|  37|0x0000000082500000, 0x0000000082500000, 0x0000000082600000|  0%| F|  |TAMS 0x0000000082500000, 0x0000000082500000| Untracked 
|  38|0x0000000082600000, 0x0000000082600000, 0x0000000082700000|  0%| F|  |TAMS 0x0000000082600000, 0x0000000082600000| Untracked 
|  39|0x0000000082700000, 0x0000000082700000, 0x0000000082800000|  0%| F|  |TAMS 0x0000000082700000, 0x0000000082700000| Untracked 
|  40|0x0000000082800000, 0x0000000082800000, 0x0000000082900000|  0%| F|  |TAMS 0x0000000082800000, 0x0000000082800000| Untracked 
|  41|0x0000000082900000, 0x0000000082900000, 0x0000000082a00000|  0%| F|  |TAMS 0x0000000082900000, 0x0000000082900000| Untracked 
|  42|0x0000000082a00000, 0x0000000082a00000, 0x0000000082b00000|  0%| F|  |TAMS 0x0000000082a00000, 0x0000000082a00000| Untracked 
|  43|0x0000000082b00000, 0x0000000082b00000, 0x0000000082c00000|  0%| F|  |TAMS 0x0000000082b00000, 0x0000000082b00000| Untracked 
|  44|0x0000000082c00000, 0x0000000082c00000, 0x0000000082d00000|  0%| F|  |TAMS 0x0000000082c00000, 0x0000000082c00000| Untracked 
|  45|0x0000000082d00000, 0x0000000082d00000, 0x0000000082e00000|  0%| F|  |TAMS 0x0000000082d00000, 0x0000000082d00000| Untracked 
|  46|0x0000000082e00000, 0x0000000082e00000, 0x0000000082f00000|  0%| F|  |TAMS 0x0000000082e00000, 0x0000000082e00000| Untracked 
|  47|0x0000000082f00000, 0x0000000082f00000, 0x0000000083000000|  0%| F|  |TAMS 0x0000000082f00000, 0x0000000082f00000| Untracked 
|  48|0x0000000083000000, 0x0000000083000000, 0x0000000083100000|  0%| F|  |TAMS 0x0000000083000000, 0x0000000083000000| Untracked 
|  49|0x0000000083100000, 0x0000000083100000, 0x0000000083200000|  0%| F|  |TAMS 0x0000000083100000, 0x0000000083100000| Untracked 
|  50|0x0000000083200000, 0x0000000083200000, 0x0000000083300000|  0%| F|  |TAMS 0x0000000083200000, 0x0000000083200000| Untracked 
|  51|0x0000000083300000, 0x0000000083300000, 0x0000000083400000|  0%| F|  |TAMS 0x0000000083300000, 0x0000000083300000| Untracked 
|  52|0x0000000083400000, 0x0000000083400000, 0x0000000083500000|  0%| F|  |TAMS 0x0000000083400000, 0x0000000083400000| Untracked 
|  53|0x0000000083500000, 0x0000000083500000, 0x0000000083600000|  0%| F|  |TAMS 0x0000000083500000, 0x0000000083500000| Untracked 
|  54|0x0000000083600000, 0x0000000083600000, 0x0000000083700000|  0%| F|  |TAMS 0x0000000083600000, 0x0000000083600000| Untracked 
|  55|0x0000000083700000, 0x0000000083700000, 0x0000000083800000|  0%| F|  |TAMS 0x0000000083700000, 0x0000000083700000| Untracked 
|  56|0x0000000083800000, 0x0000000083800000, 0x0000000083900000|  0%| F|  |TAMS 0x0000000083800000, 0x0000000083800000| Untracked 
|  57|0x0000000083900000, 0x0000000083900000, 0x0000000083a00000|  0%| F|  |TAMS 0x0000000083900000, 0x0000000083900000| Untracked 
|  58|0x0000000083a00000, 0x0000000083a00000, 0x0000000083b00000|  0%| F|  |TAMS 0x0000000083a00000, 0x0000000083a00000| Untracked 
|  59|0x0000000083b00000, 0x0000000083b00000, 0x0000000083c00000|  0%| F|  |TAMS 0x0000000083b00000, 0x0000000083b00000| Untracked 
|  60|0x0000000083c00000, 0x0000000083c00000, 0x0000000083d00000|  0%| F|  |TAMS 0x0000000083c00000, 0x0000000083c00000| Untracked 
|  61|0x0000000083d00000, 0x0000000083d00000, 0x0000000083e00000|  0%| F|  |TAMS 0x0000000083d00000, 0x0000000083d00000| Untracked 
|  62|0x0000000083e00000, 0x0000000083e00000, 0x0000000083f00000|  0%| F|  |TAMS 0x0000000083e00000, 0x0000000083e00000| Untracked 
|  63|0x0000000083f00000, 0x0000000083f00000, 0x0000000084000000|  0%| F|  |TAMS 0x0000000083f00000, 0x0000000083f00000| Untracked 
|  64|0x0000000084000000, 0x0000000084000000, 0x0000000084100000|  0%| F|  |TAMS 0x0000000084000000, 0x0000000084000000| Untracked 
|  65|0x0000000084100000, 0x0000000084100000, 0x0000000084200000|  0%| F|  |TAMS 0x0000000084100000, 0x0000000084100000| Untracked 
|  66|0x0000000084200000, 0x0000000084200000, 0x0000000084300000|  0%| F|  |TAMS 0x0000000084200000, 0x0000000084200000| Untracked 
|  67|0x0000000084300000, 0x0000000084300000, 0x0000000084400000|  0%| F|  |TAMS 0x0000000084300000, 0x0000000084300000| Untracked 
|  68|0x0000000084400000, 0x0000000084400000, 0x0000000084500000|  0%| F|  |TAMS 0x0000000084400000, 0x0000000084400000| Untracked 
|  69|0x0000000084500000, 0x0000000084500000, 0x0000000084600000|  0%| F|  |TAMS 0x0000000084500000, 0x0000000084500000| Untracked 
|  70|0x0000000084600000, 0x0000000084600000, 0x0000000084700000|  0%| F|  |TAMS 0x0000000084600000, 0x0000000084600000| Untracked 
|  71|0x0000000084700000, 0x0000000084700000, 0x0000000084800000|  0%| F|  |TAMS 0x0000000084700000, 0x0000000084700000| Untracked 
|  72|0x0000000084800000, 0x0000000084800000, 0x0000000084900000|  0%| F|  |TAMS 0x0000000084800000, 0x0000000084800000| Untracked 
|  73|0x0000000084900000, 0x0000000084900000, 0x0000000084a00000|  0%| F|  |TAMS 0x0000000084900000, 0x0000000084900000| Untracked 
|  74|0x0000000084a00000, 0x0000000084a00000, 0x0000000084b00000|  0%| F|  |TAMS 0x0000000084a00000, 0x0000000084a00000| Untracked 
|  75|0x0000000084b00000, 0x0000000084b00000, 0x0000000084c00000|  0%| F|  |TAMS 0x0000000084b00000, 0x0000000084b00000| Untracked 
|  76|0x0000000084c00000, 0x0000000084c00000, 0x0000000084d00000|  0%| F|  |TAMS 0x0000000084c00000, 0x0000000084c00000| Untracked 
|  77|0x0000000084d00000, 0x0000000084d00000, 0x0000000084e00000|  0%| F|  |TAMS 0x0000000084d00000, 0x0000000084d00000| Untracked 
|  78|0x0000000084e00000, 0x0000000084e00000, 0x0000000084f00000|  0%| F|  |TAMS 0x0000000084e00000, 0x0000000084e00000| Untracked 
|  79|0x0000000084f00000, 0x0000000084f00000, 0x0000000085000000|  0%| F|  |TAMS 0x0000000084f00000, 0x0000000084f00000| Untracked 
|  80|0x0000000085000000, 0x0000000085000000, 0x0000000085100000|  0%| F|  |TAMS 0x0000000085000000, 0x0000000085000000| Untracked 
|  81|0x0000000085100000, 0x0000000085100000, 0x0000000085200000|  0%| F|  |TAMS 0x0000000085100000, 0x0000000085100000| Untracked 
|  82|0x0000000085200000, 0x0000000085200000, 0x0000000085300000|  0%| F|  |TAMS 0x0000000085200000, 0x0000000085200000| Untracked 
|  83|0x0000000085300000, 0x0000000085300000, 0x0000000085400000|  0%| F|  |TAMS 0x0000000085300000, 0x0000000085300000| Untracked 
|  84|0x0000000085400000, 0x0000000085400000, 0x0000000085500000|  0%| F|  |TAMS 0x0000000085400000, 0x0000000085400000| Untracked 
|  85|0x0000000085500000, 0x0000000085500000, 0x0000000085600000|  0%| F|  |TAMS 0x0000000085500000, 0x0000000085500000| Untracked 
|  86|0x0000000085600000, 0x0000000085600000, 0x0000000085700000|  0%| F|  |TAMS 0x0000000085600000, 0x0000000085600000| Untracked 
|  87|0x0000000085700000, 0x0000000085700000, 0x0000000085800000|  0%| F|  |TAMS 0x0000000085700000, 0x0000000085700000| Untracked 
|  88|0x0000000085800000, 0x0000000085800000, 0x0000000085900000|  0%| F|  |TAMS 0x0000000085800000, 0x0000000085800000| Untracked 
|  89|0x0000000085900000, 0x0000000085900000, 0x0000000085a00000|  0%| F|  |TAMS 0x0000000085900000, 0x0000000085900000| Untracked 
|  90|0x0000000085a00000, 0x0000000085a00000, 0x0000000085b00000|  0%| F|  |TAMS 0x0000000085a00000, 0x0000000085a00000| Untracked 
|  91|0x0000000085b00000, 0x0000000085b00000, 0x0000000085c00000|  0%| F|  |TAMS 0x0000000085b00000, 0x0000000085b00000| Untracked 
|  92|0x0000000085c00000, 0x0000000085c00000, 0x0000000085d00000|  0%| F|  |TAMS 0x0000000085c00000, 0x0000000085c00000| Untracked 
|  93|0x0000000085d00000, 0x0000000085d00000, 0x0000000085e00000|  0%| F|  |TAMS 0x0000000085d00000, 0x0000000085d00000| Untracked 
|  94|0x0000000085e00000, 0x0000000085e00000, 0x0000000085f00000|  0%| F|  |TAMS 0x0000000085e00000, 0x0000000085e00000| Untracked 
|  95|0x0000000085f00000, 0x0000000085f00000, 0x0000000086000000|  0%| F|  |TAMS 0x0000000085f00000, 0x0000000085f00000| Untracked 
|  96|0x0000000086000000, 0x0000000086000000, 0x0000000086100000|  0%| F|  |TAMS 0x0000000086000000, 0x0000000086000000| Untracked 
|  97|0x0000000086100000, 0x0000000086100000, 0x0000000086200000|  0%| F|  |TAMS 0x0000000086100000, 0x0000000086100000| Untracked 
|  98|0x0000000086200000, 0x0000000086200000, 0x0000000086300000|  0%| F|  |TAMS 0x0000000086200000, 0x0000000086200000| Untracked 
|  99|0x0000000086300000, 0x0000000086300000, 0x0000000086400000|  0%| F|  |TAMS 0x0000000086300000, 0x0000000086300000| Untracked 
| 100|0x0000000086400000, 0x0000000086400000, 0x0000000086500000|  0%| F|  |TAMS 0x0000000086400000, 0x0000000086400000| Untracked 
| 101|0x0000000086500000, 0x0000000086500000, 0x0000000086600000|  0%| F|  |TAMS 0x0000000086500000, 0x0000000086500000| Untracked 
| 102|0x0000000086600000, 0x0000000086600000, 0x0000000086700000|  0%| F|  |TAMS 0x0000000086600000, 0x0000000086600000| Untracked 
| 103|0x0000000086700000, 0x0000000086700000, 0x0000000086800000|  0%| F|  |TAMS 0x0000000086700000, 0x0000000086700000| Untracked 
| 104|0x0000000086800000, 0x0000000086800000, 0x0000000086900000|  0%| F|  |TAMS 0x0000000086800000, 0x0000000086800000| Untracked 
| 105|0x0000000086900000, 0x0000000086900000, 0x0000000086a00000|  0%| F|  |TAMS 0x0000000086900000, 0x0000000086900000| Untracked 
| 106|0x0000000086a00000, 0x0000000086a00000, 0x0000000086b00000|  0%| F|  |TAMS 0x0000000086a00000, 0x0000000086a00000| Untracked 
| 107|0x0000000086b00000, 0x0000000086b00000, 0x0000000086c00000|  0%| F|  |TAMS 0x0000000086b00000, 0x0000000086b00000| Untracked 
| 108|0x0000000086c00000, 0x0000000086c00000, 0x0000000086d00000|  0%| F|  |TAMS 0x0000000086c00000, 0x0000000086c00000| Untracked 
| 109|0x0000000086d00000, 0x0000000086d00000, 0x0000000086e00000|  0%| F|  |TAMS 0x0000000086d00000, 0x0000000086d00000| Untracked 
| 110|0x0000000086e00000, 0x0000000086e00000, 0x0000000086f00000|  0%| F|  |TAMS 0x0000000086e00000, 0x0000000086e00000| Untracked 
| 111|0x0000000086f00000, 0x0000000086f00000, 0x0000000087000000|  0%| F|  |TAMS 0x0000000086f00000, 0x0000000086f00000| Untracked 
| 112|0x0000000087000000, 0x0000000087000000, 0x0000000087100000|  0%| F|  |TAMS 0x0000000087000000, 0x0000000087000000| Untracked 
| 113|0x0000000087100000, 0x0000000087100000, 0x0000000087200000|  0%| F|  |TAMS 0x0000000087100000, 0x0000000087100000| Untracked 
| 114|0x0000000087200000, 0x0000000087200000, 0x0000000087300000|  0%| F|  |TAMS 0x0000000087200000, 0x0000000087200000| Untracked 
| 115|0x0000000087300000, 0x0000000087300000, 0x0000000087400000|  0%| F|  |TAMS 0x0000000087300000, 0x0000000087300000| Untracked 
| 116|0x0000000087400000, 0x0000000087400000, 0x0000000087500000|  0%| F|  |TAMS 0x0000000087400000, 0x0000000087400000| Untracked 
| 117|0x0000000087500000, 0x0000000087500000, 0x0000000087600000|  0%| F|  |TAMS 0x0000000087500000, 0x0000000087500000| Untracked 
| 118|0x0000000087600000, 0x0000000087600000, 0x0000000087700000|  0%| F|  |TAMS 0x0000000087600000, 0x0000000087600000| Untracked 
| 119|0x0000000087700000, 0x0000000087700000, 0x0000000087800000|  0%| F|  |TAMS 0x0000000087700000, 0x0000000087700000| Untracked 
| 120|0x0000000087800000, 0x0000000087800000, 0x0000000087900000|  0%| F|  |TAMS 0x0000000087800000, 0x0000000087800000| Untracked 
| 121|0x0000000087900000, 0x0000000087900000, 0x0000000087a00000|  0%| F|  |TAMS 0x0000000087900000, 0x0000000087900000| Untracked 
| 122|0x0000000087a00000, 0x0000000087a00000, 0x0000000087b00000|  0%| F|  |TAMS 0x0000000087a00000, 0x0000000087a00000| Untracked 
| 123|0x0000000087b00000, 0x0000000087b00000, 0x0000000087c00000|  0%| F|  |TAMS 0x0000000087b00000, 0x0000000087b00000| Untracked 
| 124|0x0000000087c00000, 0x0000000087c00000, 0x0000000087d00000|  0%| F|  |TAMS 0x0000000087c00000, 0x0000000087c00000| Untracked 
| 125|0x0000000087d00000, 0x0000000087d00000, 0x0000000087e00000|  0%| F|  |TAMS 0x0000000087d00000, 0x0000000087d00000| Untracked 
| 126|0x0000000087e00000, 0x0000000087e00000, 0x0000000087f00000|  0%| F|  |TAMS 0x0000000087e00000, 0x0000000087e00000| Untracked 
| 127|0x0000000087f00000, 0x0000000087f00000, 0x0000000088000000|  0%| F|  |TAMS 0x0000000087f00000, 0x0000000087f00000| Untracked 
| 128|0x0000000088000000, 0x0000000088000000, 0x0000000088100000|  0%| F|  |TAMS 0x0000000088000000, 0x0000000088000000| Untracked 
| 129|0x0000000088100000, 0x0000000088100000, 0x0000000088200000|  0%| F|  |TAMS 0x0000000088100000, 0x0000000088100000| Untracked 
| 130|0x0000000088200000, 0x0000000088200000, 0x0000000088300000|  0%| F|  |TAMS 0x0000000088200000, 0x0000000088200000| Untracked 
| 131|0x0000000088300000, 0x0000000088300000, 0x0000000088400000|  0%| F|  |TAMS 0x0000000088300000, 0x0000000088300000| Untracked 
| 132|0x0000000088400000, 0x0000000088400000, 0x0000000088500000|  0%| F|  |TAMS 0x0000000088400000, 0x0000000088400000| Untracked 
| 133|0x0000000088500000, 0x0000000088500000, 0x0000000088600000|  0%| F|  |TAMS 0x0000000088500000, 0x0000000088500000| Untracked 
| 134|0x0000000088600000, 0x0000000088600000, 0x0000000088700000|  0%| F|  |TAMS 0x0000000088600000, 0x0000000088600000| Untracked 
| 135|0x0000000088700000, 0x0000000088700000, 0x0000000088800000|  0%| F|  |TAMS 0x0000000088700000, 0x0000000088700000| Untracked 
| 136|0x0000000088800000, 0x0000000088800000, 0x0000000088900000|  0%| F|  |TAMS 0x0000000088800000, 0x0000000088800000| Untracked 
| 137|0x0000000088900000, 0x0000000088900000, 0x0000000088a00000|  0%| F|  |TAMS 0x0000000088900000, 0x0000000088900000| Untracked 
| 138|0x0000000088a00000, 0x0000000088a00000, 0x0000000088b00000|  0%| F|  |TAMS 0x0000000088a00000, 0x0000000088a00000| Untracked 
| 139|0x0000000088b00000, 0x0000000088b00000, 0x0000000088c00000|  0%| F|  |TAMS 0x0000000088b00000, 0x0000000088b00000| Untracked 
| 140|0x0000000088c00000, 0x0000000088c00000, 0x0000000088d00000|  0%| F|  |TAMS 0x0000000088c00000, 0x0000000088c00000| Untracked 
| 141|0x0000000088d00000, 0x0000000088d00000, 0x0000000088e00000|  0%| F|  |TAMS 0x0000000088d00000, 0x0000000088d00000| Untracked 
| 142|0x0000000088e00000, 0x0000000088e00000, 0x0000000088f00000|  0%| F|  |TAMS 0x0000000088e00000, 0x0000000088e00000| Untracked 
| 143|0x0000000088f00000, 0x0000000088f00000, 0x0000000089000000|  0%| F|  |TAMS 0x0000000088f00000, 0x0000000088f00000| Untracked 
| 144|0x0000000089000000, 0x0000000089000000, 0x0000000089100000|  0%| F|  |TAMS 0x0000000089000000, 0x0000000089000000| Untracked 
| 145|0x0000000089100000, 0x0000000089100000, 0x0000000089200000|  0%| F|  |TAMS 0x0000000089100000, 0x0000000089100000| Untracked 
| 146|0x0000000089200000, 0x0000000089200000, 0x0000000089300000|  0%| F|  |TAMS 0x0000000089200000, 0x0000000089200000| Untracked 
| 147|0x0000000089300000, 0x0000000089300000, 0x0000000089400000|  0%| F|  |TAMS 0x0000000089300000, 0x0000000089300000| Untracked 
| 148|0x0000000089400000, 0x0000000089400000, 0x0000000089500000|  0%| F|  |TAMS 0x0000000089400000, 0x0000000089400000| Untracked 
| 149|0x0000000089500000, 0x0000000089500000, 0x0000000089600000|  0%| F|  |TAMS 0x0000000089500000, 0x0000000089500000| Untracked 
| 150|0x0000000089600000, 0x0000000089600000, 0x0000000089700000|  0%| F|  |TAMS 0x0000000089600000, 0x0000000089600000| Untracked 
| 151|0x0000000089700000, 0x0000000089700000, 0x0000000089800000|  0%| F|  |TAMS 0x0000000089700000, 0x0000000089700000| Untracked 
| 152|0x0000000089800000, 0x0000000089800000, 0x0000000089900000|  0%| F|  |TAMS 0x0000000089800000, 0x0000000089800000| Untracked 
| 153|0x0000000089900000, 0x0000000089900000, 0x0000000089a00000|  0%| F|  |TAMS 0x0000000089900000, 0x0000000089900000| Untracked 
| 154|0x0000000089a00000, 0x0000000089af29d0, 0x0000000089b00000| 94%| S|CS|TAMS 0x0000000089a00000, 0x0000000089a00000| Complete 
| 155|0x0000000089b00000, 0x0000000089c00000, 0x0000000089c00000|100%| S|CS|TAMS 0x0000000089b00000, 0x0000000089b00000| Complete 
| 156|0x0000000089c00000, 0x0000000089d00000, 0x0000000089d00000|100%| S|CS|TAMS 0x0000000089c00000, 0x0000000089c00000| Complete 
| 157|0x0000000089d00000, 0x0000000089e00000, 0x0000000089e00000|100%| S|CS|TAMS 0x0000000089d00000, 0x0000000089d00000| Complete 
| 158|0x0000000089e00000, 0x0000000089f00000, 0x0000000089f00000|100%| S|CS|TAMS 0x0000000089e00000, 0x0000000089e00000| Complete 
| 159|0x0000000089f00000, 0x000000008a000000, 0x000000008a000000|100%| S|CS|TAMS 0x0000000089f00000, 0x0000000089f00000| Complete 
| 160|0x000000008a000000, 0x000000008a100000, 0x000000008a100000|100%| S|CS|TAMS 0x000000008a000000, 0x000000008a000000| Complete 
| 161|0x000000008a100000, 0x000000008a200000, 0x000000008a200000|100%| S|CS|TAMS 0x000000008a100000, 0x000000008a100000| Complete 
| 162|0x000000008a200000, 0x000000008a200000, 0x000000008a300000|  0%| F|  |TAMS 0x000000008a200000, 0x000000008a200000| Untracked 
| 163|0x000000008a300000, 0x000000008a300000, 0x000000008a400000|  0%| F|  |TAMS 0x000000008a300000, 0x000000008a300000| Untracked 
| 164|0x000000008a400000, 0x000000008a400000, 0x000000008a500000|  0%| F|  |TAMS 0x000000008a400000, 0x000000008a400000| Untracked 
| 165|0x000000008a500000, 0x000000008a500000, 0x000000008a600000|  0%| F|  |TAMS 0x000000008a500000, 0x000000008a500000| Untracked 
| 166|0x000000008a600000, 0x000000008a600000, 0x000000008a700000|  0%| F|  |TAMS 0x000000008a600000, 0x000000008a600000| Untracked 
| 167|0x000000008a700000, 0x000000008a700000, 0x000000008a800000|  0%| F|  |TAMS 0x000000008a700000, 0x000000008a700000| Untracked 
| 168|0x000000008a800000, 0x000000008a800000, 0x000000008a900000|  0%| F|  |TAMS 0x000000008a800000, 0x000000008a800000| Untracked 
| 169|0x000000008a900000, 0x000000008a900000, 0x000000008aa00000|  0%| F|  |TAMS 0x000000008a900000, 0x000000008a900000| Untracked 
| 170|0x000000008aa00000, 0x000000008aa00000, 0x000000008ab00000|  0%| F|  |TAMS 0x000000008aa00000, 0x000000008aa00000| Untracked 
| 171|0x000000008ab00000, 0x000000008ab00000, 0x000000008ac00000|  0%| F|  |TAMS 0x000000008ab00000, 0x000000008ab00000| Untracked 
| 172|0x000000008ac00000, 0x000000008ac00000, 0x000000008ad00000|  0%| F|  |TAMS 0x000000008ac00000, 0x000000008ac00000| Untracked 
| 173|0x000000008ad00000, 0x000000008ad00000, 0x000000008ae00000|  0%| F|  |TAMS 0x000000008ad00000, 0x000000008ad00000| Untracked 
| 174|0x000000008ae00000, 0x000000008ae00000, 0x000000008af00000|  0%| F|  |TAMS 0x000000008ae00000, 0x000000008ae00000| Untracked 
| 175|0x000000008af00000, 0x000000008af00000, 0x000000008b000000|  0%| F|  |TAMS 0x000000008af00000, 0x000000008af00000| Untracked 
| 176|0x000000008b000000, 0x000000008b000000, 0x000000008b100000|  0%| F|  |TAMS 0x000000008b000000, 0x000000008b000000| Untracked 
| 177|0x000000008b100000, 0x000000008b100000, 0x000000008b200000|  0%| F|  |TAMS 0x000000008b100000, 0x000000008b100000| Untracked 
| 178|0x000000008b200000, 0x000000008b200000, 0x000000008b300000|  0%| F|  |TAMS 0x000000008b200000, 0x000000008b200000| Untracked 
| 179|0x000000008b300000, 0x000000008b300000, 0x000000008b400000|  0%| F|  |TAMS 0x000000008b300000, 0x000000008b300000| Untracked 
| 180|0x000000008b400000, 0x000000008b400000, 0x000000008b500000|  0%| F|  |TAMS 0x000000008b400000, 0x000000008b400000| Untracked 
| 181|0x000000008b500000, 0x000000008b500000, 0x000000008b600000|  0%| F|  |TAMS 0x000000008b500000, 0x000000008b500000| Untracked 
| 182|0x000000008b600000, 0x000000008b600000, 0x000000008b700000|  0%| F|  |TAMS 0x000000008b600000, 0x000000008b600000| Untracked 
| 183|0x000000008b700000, 0x000000008b700000, 0x000000008b800000|  0%| F|  |TAMS 0x000000008b700000, 0x000000008b700000| Untracked 
| 184|0x000000008b800000, 0x000000008b800000, 0x000000008b900000|  0%| F|  |TAMS 0x000000008b800000, 0x000000008b800000| Untracked 
| 185|0x000000008b900000, 0x000000008b900000, 0x000000008ba00000|  0%| F|  |TAMS 0x000000008b900000, 0x000000008b900000| Untracked 
| 186|0x000000008ba00000, 0x000000008ba00000, 0x000000008bb00000|  0%| F|  |TAMS 0x000000008ba00000, 0x000000008ba00000| Untracked 
| 187|0x000000008bb00000, 0x000000008bb00000, 0x000000008bc00000|  0%| F|  |TAMS 0x000000008bb00000, 0x000000008bb00000| Untracked 
| 188|0x000000008bc00000, 0x000000008bc00000, 0x000000008bd00000|  0%| F|  |TAMS 0x000000008bc00000, 0x000000008bc00000| Untracked 
| 189|0x000000008bd00000, 0x000000008bd00000, 0x000000008be00000|  0%| F|  |TAMS 0x000000008bd00000, 0x000000008bd00000| Untracked 
| 190|0x000000008be00000, 0x000000008be00000, 0x000000008bf00000|  0%| F|  |TAMS 0x000000008be00000, 0x000000008be00000| Untracked 
| 191|0x000000008bf00000, 0x000000008bf00000, 0x000000008c000000|  0%| F|  |TAMS 0x000000008bf00000, 0x000000008bf00000| Untracked 
| 192|0x000000008c000000, 0x000000008c000000, 0x000000008c100000|  0%| F|  |TAMS 0x000000008c000000, 0x000000008c000000| Untracked 
| 193|0x000000008c100000, 0x000000008c100000, 0x000000008c200000|  0%| F|  |TAMS 0x000000008c100000, 0x000000008c100000| Untracked 
| 194|0x000000008c200000, 0x000000008c200000, 0x000000008c300000|  0%| F|  |TAMS 0x000000008c200000, 0x000000008c200000| Untracked 
| 195|0x000000008c300000, 0x000000008c300000, 0x000000008c400000|  0%| F|  |TAMS 0x000000008c300000, 0x000000008c300000| Untracked 
| 196|0x000000008c400000, 0x000000008c400000, 0x000000008c500000|  0%| F|  |TAMS 0x000000008c400000, 0x000000008c400000| Untracked 
| 197|0x000000008c500000, 0x000000008c500000, 0x000000008c600000|  0%| F|  |TAMS 0x000000008c500000, 0x000000008c500000| Untracked 
| 198|0x000000008c600000, 0x000000008c600000, 0x000000008c700000|  0%| F|  |TAMS 0x000000008c600000, 0x000000008c600000| Untracked 
| 199|0x000000008c700000, 0x000000008c700000, 0x000000008c800000|  0%| F|  |TAMS 0x000000008c700000, 0x000000008c700000| Untracked 
| 200|0x000000008c800000, 0x000000008c800000, 0x000000008c900000|  0%| F|  |TAMS 0x000000008c800000, 0x000000008c800000| Untracked 
| 201|0x000000008c900000, 0x000000008c900000, 0x000000008ca00000|  0%| F|  |TAMS 0x000000008c900000, 0x000000008c900000| Untracked 
| 202|0x000000008ca00000, 0x000000008ca00000, 0x000000008cb00000|  0%| F|  |TAMS 0x000000008ca00000, 0x000000008ca00000| Untracked 
| 203|0x000000008cb00000, 0x000000008cb00000, 0x000000008cc00000|  0%| F|  |TAMS 0x000000008cb00000, 0x000000008cb00000| Untracked 
| 204|0x000000008cc00000, 0x000000008cc00000, 0x000000008cd00000|  0%| F|  |TAMS 0x000000008cc00000, 0x000000008cc00000| Untracked 
| 205|0x000000008cd00000, 0x000000008cd00000, 0x000000008ce00000|  0%| F|  |TAMS 0x000000008cd00000, 0x000000008cd00000| Untracked 
| 206|0x000000008ce00000, 0x000000008ce00000, 0x000000008cf00000|  0%| F|  |TAMS 0x000000008ce00000, 0x000000008ce00000| Untracked 
| 207|0x000000008cf00000, 0x000000008cf00000, 0x000000008d000000|  0%| F|  |TAMS 0x000000008cf00000, 0x000000008cf00000| Untracked 
| 208|0x000000008d000000, 0x000000008d000000, 0x000000008d100000|  0%| F|  |TAMS 0x000000008d000000, 0x000000008d000000| Untracked 
| 209|0x000000008d100000, 0x000000008d100000, 0x000000008d200000|  0%| F|  |TAMS 0x000000008d100000, 0x000000008d100000| Untracked 
| 210|0x000000008d200000, 0x000000008d200000, 0x000000008d300000|  0%| F|  |TAMS 0x000000008d200000, 0x000000008d200000| Untracked 
| 211|0x000000008d300000, 0x000000008d300000, 0x000000008d400000|  0%| F|  |TAMS 0x000000008d300000, 0x000000008d300000| Untracked 
| 212|0x000000008d400000, 0x000000008d400000, 0x000000008d500000|  0%| F|  |TAMS 0x000000008d400000, 0x000000008d400000| Untracked 
| 213|0x000000008d500000, 0x000000008d500000, 0x000000008d600000|  0%| F|  |TAMS 0x000000008d500000, 0x000000008d500000| Untracked 
| 214|0x000000008d600000, 0x000000008d600000, 0x000000008d700000|  0%| F|  |TAMS 0x000000008d600000, 0x000000008d600000| Untracked 
| 215|0x000000008d700000, 0x000000008d700000, 0x000000008d800000|  0%| F|  |TAMS 0x000000008d700000, 0x000000008d700000| Untracked 
| 216|0x000000008d800000, 0x000000008d800000, 0x000000008d900000|  0%| F|  |TAMS 0x000000008d800000, 0x000000008d800000| Untracked 
| 217|0x000000008d900000, 0x000000008d900000, 0x000000008da00000|  0%| F|  |TAMS 0x000000008d900000, 0x000000008d900000| Untracked 
| 218|0x000000008da00000, 0x000000008da00000, 0x000000008db00000|  0%| F|  |TAMS 0x000000008da00000, 0x000000008da00000| Untracked 
| 219|0x000000008db00000, 0x000000008db00000, 0x000000008dc00000|  0%| F|  |TAMS 0x000000008db00000, 0x000000008db00000| Untracked 
| 220|0x000000008dc00000, 0x000000008dc00000, 0x000000008dd00000|  0%| F|  |TAMS 0x000000008dc00000, 0x000000008dc00000| Untracked 
| 221|0x000000008dd00000, 0x000000008dd00000, 0x000000008de00000|  0%| F|  |TAMS 0x000000008dd00000, 0x000000008dd00000| Untracked 
| 222|0x000000008de00000, 0x000000008de00000, 0x000000008df00000|  0%| F|  |TAMS 0x000000008de00000, 0x000000008de00000| Untracked 
| 223|0x000000008df00000, 0x000000008df00000, 0x000000008e000000|  0%| F|  |TAMS 0x000000008df00000, 0x000000008df00000| Untracked 
| 224|0x000000008e000000, 0x000000008e000000, 0x000000008e100000|  0%| F|  |TAMS 0x000000008e000000, 0x000000008e000000| Untracked 
| 225|0x000000008e100000, 0x000000008e100000, 0x000000008e200000|  0%| F|  |TAMS 0x000000008e100000, 0x000000008e100000| Untracked 
| 226|0x000000008e200000, 0x000000008e200000, 0x000000008e300000|  0%| F|  |TAMS 0x000000008e200000, 0x000000008e200000| Untracked 
| 227|0x000000008e300000, 0x000000008e300000, 0x000000008e400000|  0%| F|  |TAMS 0x000000008e300000, 0x000000008e300000| Untracked 
| 228|0x000000008e400000, 0x000000008e400000, 0x000000008e500000|  0%| F|  |TAMS 0x000000008e400000, 0x000000008e400000| Untracked 
| 229|0x000000008e500000, 0x000000008e500000, 0x000000008e600000|  0%| F|  |TAMS 0x000000008e500000, 0x000000008e500000| Untracked 
| 230|0x000000008e600000, 0x000000008e600000, 0x000000008e700000|  0%| F|  |TAMS 0x000000008e600000, 0x000000008e600000| Untracked 
| 231|0x000000008e700000, 0x000000008e700000, 0x000000008e800000|  0%| F|  |TAMS 0x000000008e700000, 0x000000008e700000| Untracked 
| 232|0x000000008e800000, 0x000000008e800000, 0x000000008e900000|  0%| F|  |TAMS 0x000000008e800000, 0x000000008e800000| Untracked 
| 233|0x000000008e900000, 0x000000008e900000, 0x000000008ea00000|  0%| F|  |TAMS 0x000000008e900000, 0x000000008e900000| Untracked 
| 234|0x000000008ea00000, 0x000000008ea00000, 0x000000008eb00000|  0%| F|  |TAMS 0x000000008ea00000, 0x000000008ea00000| Untracked 
| 235|0x000000008eb00000, 0x000000008eb00000, 0x000000008ec00000|  0%| F|  |TAMS 0x000000008eb00000, 0x000000008eb00000| Untracked 
| 236|0x000000008ec00000, 0x000000008ec00000, 0x000000008ed00000|  0%| F|  |TAMS 0x000000008ec00000, 0x000000008ec00000| Untracked 
| 237|0x000000008ed00000, 0x000000008ed00000, 0x000000008ee00000|  0%| F|  |TAMS 0x000000008ed00000, 0x000000008ed00000| Untracked 
| 238|0x000000008ee00000, 0x000000008ee00000, 0x000000008ef00000|  0%| F|  |TAMS 0x000000008ee00000, 0x000000008ee00000| Untracked 
| 239|0x000000008ef00000, 0x000000008ef00000, 0x000000008f000000|  0%| F|  |TAMS 0x000000008ef00000, 0x000000008ef00000| Untracked 
| 240|0x000000008f000000, 0x000000008f000000, 0x000000008f100000|  0%| F|  |TAMS 0x000000008f000000, 0x000000008f000000| Untracked 
| 241|0x000000008f100000, 0x000000008f100000, 0x000000008f200000|  0%| F|  |TAMS 0x000000008f100000, 0x000000008f100000| Untracked 
| 242|0x000000008f200000, 0x000000008f200000, 0x000000008f300000|  0%| F|  |TAMS 0x000000008f200000, 0x000000008f200000| Untracked 
| 243|0x000000008f300000, 0x000000008f300000, 0x000000008f400000|  0%| F|  |TAMS 0x000000008f300000, 0x000000008f300000| Untracked 
| 244|0x000000008f400000, 0x000000008f400000, 0x000000008f500000|  0%| F|  |TAMS 0x000000008f400000, 0x000000008f400000| Untracked 
| 245|0x000000008f500000, 0x000000008f500000, 0x000000008f600000|  0%| F|  |TAMS 0x000000008f500000, 0x000000008f500000| Untracked 
| 246|0x000000008f600000, 0x000000008f600000, 0x000000008f700000|  0%| F|  |TAMS 0x000000008f600000, 0x000000008f600000| Untracked 
| 247|0x000000008f700000, 0x000000008f700000, 0x000000008f800000|  0%| F|  |TAMS 0x000000008f700000, 0x000000008f700000| Untracked 
| 248|0x000000008f800000, 0x000000008f800000, 0x000000008f900000|  0%| F|  |TAMS 0x000000008f800000, 0x000000008f800000| Untracked 
| 249|0x000000008f900000, 0x000000008f900000, 0x000000008fa00000|  0%| F|  |TAMS 0x000000008f900000, 0x000000008f900000| Untracked 
| 250|0x000000008fa00000, 0x000000008fa80810, 0x000000008fb00000| 50%| E|  |TAMS 0x000000008fa00000, 0x000000008fa00000| Complete 
| 251|0x000000008fb00000, 0x000000008fc00000, 0x000000008fc00000|100%| E|CS|TAMS 0x000000008fb00000, 0x000000008fb00000| Complete 
| 252|0x000000008fc00000, 0x000000008fd00000, 0x000000008fd00000|100%| E|CS|TAMS 0x000000008fc00000, 0x000000008fc00000| Complete 
| 253|0x000000008fd00000, 0x000000008fe00000, 0x000000008fe00000|100%| E|CS|TAMS 0x000000008fd00000, 0x000000008fd00000| Complete 

Card table byte_map: [0x0000029ff0d20000,0x0000029ff1120000] _byte_map_base: 0x0000029ff0920000

Marking Bits (Prev, Next): (CMBitMap*) 0x0000029fdd1d01c8, (CMBitMap*) 0x0000029fdd1d0200
 Prev Bits: [0x0000029ff1520000, 0x0000029ff3520000)
 Next Bits: [0x0000029ff3520000, 0x0000029ff5520000)

Polling page: 0x0000029fdb8e0000

Metaspace:

Usage:
  Non-class:     30.90 MB capacity,    30.27 MB ( 98%) used,   558.90 KB (  2%) free+waste,    86.19 KB ( <1%) overhead. 
      Class:      4.95 MB capacity,     4.60 MB ( 93%) used,   309.33 KB (  6%) free+waste,    42.75 KB ( <1%) overhead. 
       Both:     35.84 MB capacity,    34.87 MB ( 97%) used,   868.23 KB (  2%) free+waste,   128.94 KB ( <1%) overhead. 

Virtual space:
  Non-class space:       32.00 MB reserved,      31.13 MB ( 97%) committed 
      Class space:        1.00 GB reserved,       5.00 MB ( <1%) committed 
             Both:        1.03 GB reserved,      36.13 MB (  3%) committed 

Chunk freelists:
   Non-Class:  40.00 KB
       Class:  24.00 KB
        Both:  64.00 KB

MaxMetaspaceSize: 17179869184.00 GB
CompressedClassSpaceSize: 1.00 GB
Initial GC threshold: 20.80 MB
Current GC threshold: 58.75 MB
CDS: off

CodeHeap 'non-profiled nmethods': size=120000Kb used=1647Kb max_used=1647Kb free=118352Kb
 bounds [0x0000029fe8770000, 0x0000029fe89e0000, 0x0000029fefca0000]
CodeHeap 'profiled nmethods': size=120000Kb used=6312Kb max_used=6312Kb free=113687Kb
 bounds [0x0000029fe1240000, 0x0000029fe1870000, 0x0000029fe8770000]
CodeHeap 'non-nmethods': size=5760Kb used=1238Kb max_used=1314Kb free=4521Kb
 bounds [0x0000029fe0ca0000, 0x0000029fe0f10000, 0x0000029fe1240000]
 total_blobs=3534 nmethods=3018 adapters=428
 compilation: enabled
              stopped_count=0, restarted_count=0
 full_count=0

Compilation events (20 events):
Event: 3.126 Thread 0x0000029ff8a8e000 2970       3       java.lang.PublicMethods$MethodList::getMostSpecific (63 bytes)
Event: 3.126 Thread 0x0000029ff8a8e000 nmethod 2970 0x0000029fe1855790 code [0x0000029fe1855960, 0x0000029fe1855c68]
Event: 3.126 Thread 0x0000029ff8a8e000 2967       3       org.codehaus.groovy.reflection.CachedMethod::compareTo (25 bytes)
Event: 3.126 Thread 0x0000029ff8a8e000 nmethod 2967 0x0000029fe1855e10 code [0x0000029fe1856000, 0x0000029fe1856458]
Event: 3.126 Thread 0x0000029ff8a8e000 2969       3       org.codehaus.groovy.reflection.CachedClass::getCachedSuperClass (11 bytes)
Event: 3.126 Thread 0x0000029ff8a8e000 nmethod 2969 0x0000029fe1856590 code [0x0000029fe1856760, 0x0000029fe1856a08]
Event: 3.127 Thread 0x0000029ffa645800 nmethod 2971 0x0000029fe8909610 code [0x0000029fe89097a0, 0x0000029fe89098d8]
Event: 3.129 Thread 0x0000029ff8a8e000 2973       3       java.lang.ClassValue$Entry::isPromise (14 bytes)
Event: 3.129 Thread 0x0000029ff8a8e000 nmethod 2973 0x0000029fe1856b10 code [0x0000029fe1856cc0, 0x0000029fe1856e18]
Event: 3.129 Thread 0x0000029ff8a8e000 2972       1       java.lang.ClassValue$Version::promise (5 bytes)
Event: 3.129 Thread 0x0000029ff8a8e000 nmethod 2972 0x0000029fe8909a10 code [0x0000029fe8909bc0, 0x0000029fe8909c78]
Event: 3.129 Thread 0x0000029ff8a8e000 2974       1       org.codehaus.groovy.util.ManagedConcurrentLinkedQueue::access$000 (5 bytes)
Event: 3.129 Thread 0x0000029ff8a8e000 nmethod 2974 0x0000029fe8909d10 code [0x0000029fe8909ec0, 0x0000029fe8909f58]
Event: 3.129 Thread 0x0000029ff8a8e000 2975       1       org.codehaus.groovy.reflection.ClassInfo::access$200 (5 bytes)
Event: 3.129 Thread 0x0000029ff8a8e000 nmethod 2975 0x0000029fe890a010 code [0x0000029fe890a1c0, 0x0000029fe890a258]
Event: 3.130 Thread 0x0000029ff8a8e000 2976       3       org.codehaus.groovy.reflection.ParameterTypes::getParameterTypes (16 bytes)
Event: 3.130 Thread 0x0000029ff8a8e000 nmethod 2976 0x0000029fe1856e90 code [0x0000029fe1857040, 0x0000029fe18571c8]
Event: 3.132 Thread 0x0000029ff8a8e000 2977       3       sun.nio.fs.WindowsPath::getFileSystem (5 bytes)
Event: 3.133 Thread 0x0000029ff8a8e000 nmethod 2977 0x0000029fe1857290 code [0x0000029fe1857440, 0x0000029fe18575d8]
Event: 3.133 Thread 0x0000029ff8a8e000 2978       3       sun.nio.fs.WindowsPath::toWindowsPath (32 bytes)

GC Heap History (8 events):
Event: 0.593 GC heap before
{Heap before GC invocations=0 (full 0):
 garbage-first heap   total 260096K, used 30720K [0x0000000080000000, 0x0000000100000000)
  region size 1024K, 24 young (24576K), 0 survivors (0K)
 Metaspace       used 9870K, capacity 10114K, committed 10368K, reserved 1058816K
  class space    used 1027K, capacity 1102K, committed 1152K, reserved 1048576K
}
Event: 0.596 GC heap after
{Heap after GC invocations=1 (full 0):
 garbage-first heap   total 260096K, used 9193K [0x0000000080000000, 0x0000000100000000)
  region size 1024K, 3 young (3072K), 3 survivors (3072K)
 Metaspace       used 9870K, capacity 10114K, committed 10368K, reserved 1058816K
  class space    used 1027K, capacity 1102K, committed 1152K, reserved 1048576K
}
Event: 1.964 GC heap before
{Heap before GC invocations=1 (full 0):
 garbage-first heap   total 260096K, used 110569K [0x0000000080000000, 0x0000000100000000)
  region size 1024K, 102 young (104448K), 3 survivors (3072K)
 Metaspace       used 20685K, capacity 21148K, committed 21248K, reserved 1067008K
  class space    used 2547K, capacity 2727K, committed 2816K, reserved 1048576K
}
Event: 1.970 GC heap after
{Heap after GC invocations=2 (full 0):
 garbage-first heap   total 260096K, used 16668K [0x0000000080000000, 0x0000000100000000)
  region size 1024K, 11 young (11264K), 11 survivors (11264K)
 Metaspace       used 20685K, capacity 21148K, committed 21248K, reserved 1067008K
  class space    used 2547K, capacity 2727K, committed 2816K, reserved 1048576K
}
Event: 2.254 GC heap before
{Heap before GC invocations=3 (full 0):
 garbage-first heap   total 260096K, used 60700K [0x0000000080000000, 0x0000000100000000)
  region size 1024K, 54 young (55296K), 11 survivors (11264K)
 Metaspace       used 25146K, capacity 25754K, committed 25984K, reserved 1071104K
  class space    used 3222K, capacity 3437K, committed 3456K, reserved 1048576K
}
Event: 2.258 GC heap after
{Heap after GC invocations=4 (full 0):
 garbage-first heap   total 260096K, used 18696K [0x0000000080000000, 0x0000000100000000)
  region size 1024K, 2 young (2048K), 2 survivors (2048K)
 Metaspace       used 25146K, capacity 25754K, committed 25984K, reserved 1071104K
  class space    used 3222K, capacity 3437K, committed 3456K, reserved 1048576K
}
Event: 3.109 GC heap before
{Heap before GC invocations=4 (full 0):
 garbage-first heap   total 260096K, used 119048K [0x0000000080000000, 0x0000000100000000)
  region size 1024K, 92 young (94208K), 2 survivors (2048K)
 Metaspace       used 34849K, capacity 35784K, committed 35840K, reserved 1081344K
  class space    used 4650K, capacity 4991K, committed 4992K, reserved 1048576K
}
Event: 3.116 GC heap after
{Heap after GC invocations=5 (full 0):
 garbage-first heap   total 260096K, used 35133K [0x0000000080000000, 0x0000000100000000)
  region size 1024K, 8 young (8192K), 8 survivors (8192K)
 Metaspace       used 34849K, capacity 35784K, committed 35840K, reserved 1081344K
  class space    used 4650K, capacity 4991K, committed 4992K, reserved 1048576K
}

Deoptimization events (20 events):
Event: 3.011 Thread 0x0000029ffb1f9000 Uncommon trap: trap_request=0xffffffde fr.pc=0x0000029fe8845e88 relative=0x0000000000001328
Event: 3.011 Thread 0x0000029ffb1f9000 Uncommon trap: reason=class_check action=maybe_recompile pc=0x0000029fe8845e88 method=java.io.BufferedInputStream.read([BII)I @ 101 c2
Event: 3.011 Thread 0x0000029ffb1f9000 DEOPT PACKING pc=0x0000029fe8845e88 sp=0x000000c1291f7900
Event: 3.011 Thread 0x0000029ffb1f9000 DEOPT UNPACKING pc=0x0000029fe0cea1af sp=0x000000c1291f77c0 mode 2
Event: 3.011 Thread 0x0000029ffb1f9000 Uncommon trap: trap_request=0xffffffde fr.pc=0x0000029fe8845e88 relative=0x0000000000001328
Event: 3.011 Thread 0x0000029ffb1f9000 Uncommon trap: reason=class_check action=maybe_recompile pc=0x0000029fe8845e88 method=java.io.BufferedInputStream.read([BII)I @ 101 c2
Event: 3.011 Thread 0x0000029ffb1f9000 DEOPT PACKING pc=0x0000029fe8845e88 sp=0x000000c1291f7900
Event: 3.011 Thread 0x0000029ffb1f9000 DEOPT UNPACKING pc=0x0000029fe0cea1af sp=0x000000c1291f77c0 mode 2
Event: 3.012 Thread 0x0000029ffb1f9000 Uncommon trap: trap_request=0xffffffc6 fr.pc=0x0000029fe889a4a4 relative=0x0000000000000224
Event: 3.012 Thread 0x0000029ffb1f9000 Uncommon trap: reason=bimorphic_or_optimized_type_check action=maybe_recompile pc=0x0000029fe889a4a4 method=java.io.BufferedInputStream.read([BII)I @ 101 c2
Event: 3.012 Thread 0x0000029ffb1f9000 DEOPT PACKING pc=0x0000029fe889a4a4 sp=0x000000c1291f7820
Event: 3.012 Thread 0x0000029ffb1f9000 DEOPT UNPACKING pc=0x0000029fe0cea1af sp=0x000000c1291f77d8 mode 2
Event: 3.012 Thread 0x0000029ffb1f9000 Uncommon trap: trap_request=0xffffffc6 fr.pc=0x0000029fe889a4a4 relative=0x0000000000000224
Event: 3.012 Thread 0x0000029ffb1f9000 Uncommon trap: reason=bimorphic_or_optimized_type_check action=maybe_recompile pc=0x0000029fe889a4a4 method=java.io.BufferedInputStream.read([BII)I @ 101 c2
Event: 3.012 Thread 0x0000029ffb1f9000 DEOPT PACKING pc=0x0000029fe889a4a4 sp=0x000000c1291f7820
Event: 3.012 Thread 0x0000029ffb1f9000 DEOPT UNPACKING pc=0x0000029fe0cea1af sp=0x000000c1291f77d8 mode 2
Event: 3.012 Thread 0x0000029ffb1f9000 Uncommon trap: trap_request=0xffffffc6 fr.pc=0x0000029fe889a4a4 relative=0x0000000000000224
Event: 3.012 Thread 0x0000029ffb1f9000 Uncommon trap: reason=bimorphic_or_optimized_type_check action=maybe_recompile pc=0x0000029fe889a4a4 method=java.io.BufferedInputStream.read([BII)I @ 101 c2
Event: 3.012 Thread 0x0000029ffb1f9000 DEOPT PACKING pc=0x0000029fe889a4a4 sp=0x000000c1291f7820
Event: 3.012 Thread 0x0000029ffb1f9000 DEOPT UNPACKING pc=0x0000029fe0cea1af sp=0x000000c1291f77d8 mode 2

Classes redefined (0 events):
No events

Internal exceptions (20 events):
Event: 2.578 Thread 0x0000029ffb1f9000 Exception <a 'java/lang/NoSuchMethodError'{0x000000008e287408}: <clinit>> (0x000000008e287408) thrown at [./src/hotspot/share/prims/jni.cpp, line 1365]
Event: 2.578 Thread 0x0000029ffb1f9000 Exception <a 'java/lang/NoSuchMethodError'{0x000000008e288aa0}: <clinit>> (0x000000008e288aa0) thrown at [./src/hotspot/share/prims/jni.cpp, line 1365]
Event: 2.578 Thread 0x0000029ffb1f9000 Exception <a 'java/lang/NoSuchMethodError'{0x000000008e289fd8}: <clinit>> (0x000000008e289fd8) thrown at [./src/hotspot/share/prims/jni.cpp, line 1365]
Event: 2.702 Thread 0x0000029ffb1f9000 Exception <a 'java/lang/NoSuchMethodError'{0x000000008cf076f0}: 'java.lang.Object java.lang.invoke.DirectMethodHandle$Holder.invokeSpecialIFC(java.lang.Object, java.lang.Object, java.lang.Object, java.lang.Object)'> (0x000000008cf076f0) thrown at [./src/hotspot/share/interpreter/linkResolver.cpp, line 773]
Event: 2.709 Thread 0x0000029ffb1f9000 Exception <a 'java/lang/NoSuchMethodError'{0x000000008cfe84e8}: 'java.lang.Object java.lang.invoke.DirectMethodHandle$Holder.invokeSpecial(java.lang.Object, java.lang.Object, java.lang.Object, java.lang.Object, java.lang.Object, java.lang.Object, java.lang.Object, java.lang.Object, java.lang.Object, java.lang.Object, java.lang.Object, java.lang.Object, java.lang.Object)'> (0x000000008cfe84e8) thrown at [./src/hotspot/share/interpreter/linkResolver.cpp, line 773]
Event: 2.709 Thread 0x0000029ffb1f9000 Exception <a 'java/lang/NoSuchMethodError'{0x000000008cff95f0}: 'java.lang.Object java.lang.invoke.DirectMethodHandle$Holder.invokeSpecial(java.lang.Object, java.lang.Object, java.lang.Object, java.lang.Object, java.lang.Object, java.lang.Object, java.lang.Object, java.lang.Object, java.lang.Object, java.lang.Object, java.lang.Object, java.lang.Object)'> (0x000000008cff95f0) thrown at [./src/hotspot/share/interpreter/linkResolver.cpp, line 773]
Event: 2.710 Thread 0x0000029ffb1f9000 Exception <a 'java/lang/NoSuchMethodError'{0x000000008cffe9c0}: 'java.lang.Object java.lang.invoke.Invokers$Holder.linkToTargetMethod(java.lang.Object, java.lang.Object, java.lang.Object, java.lang.Object, java.lang.Object, java.lang.Object, java.lang.Object, java.lang.Object, java.lang.Object, java.lang.Object, java.lang.Object)'> (0x000000008cffe9c0) thrown at [./src/hotspot/share/interpreter/linkResolver.cpp, line 773]
Event: 2.717 Thread 0x0000029ffb1f9000 Exception <a 'java/lang/NoSuchMethodError'{0x000000008cd46600}: 'java.lang.Object java.lang.invoke.DirectMethodHandle$Holder.invokeSpecial(java.lang.Object, java.lang.Object, java.lang.Object, java.lang.Object, java.lang.Object, java.lang.Object, java.lang.Object, java.lang.Object, java.lang.Object, java.lang.Object, java.lang.Object, java.lang.Object, java.lang.Object, java.lang.Object)'> (0x000000008cd46600) thrown at [./src/hotspot/share/interpreter/linkResolver.cpp, line 773]
Event: 2.718 Thread 0x0000029ffb1f9000 Exception <a 'java/lang/NoSuchMethodError'{0x000000008cd57f20}: 'java.lang.Object java.lang.invoke.Invokers$Holder.linkToTargetMethod(java.lang.Object, java.lang.Object, java.lang.Object, java.lang.Object, java.lang.Object, java.lang.Object, java.lang.Object, java.lang.Object, java.lang.Object, java.lang.Object, java.lang.Object, java.lang.Object)'> (0x000000008cd57f20) thrown at [./src/hotspot/share/interpreter/linkResolver.cpp, line 773]
Event: 2.725 Thread 0x0000029ffb1f9000 Exception <a 'java/lang/NoSuchMethodError'{0x000000008cc434a0}: 'java.lang.Object java.lang.invoke.DirectMethodHandle$Holder.invokeStaticInit(java.lang.Object, java.lang.Object, java.lang.Object, java.lang.Object)'> (0x000000008cc434a0) thrown at [./src/hotspot/share/interpreter/linkResolver.cpp, line 773]
Event: 2.777 Thread 0x0000029ffb1f9000 Implicit null exception at 0x0000029fe885e075 to 0x0000029fe885e23c
Event: 2.777 Thread 0x0000029ffb1f9000 Implicit null exception at 0x0000029fe88206af to 0x0000029fe882071d
Event: 2.855 Thread 0x0000029ffb1f9000 Exception <a 'java/lang/NoSuchMethodError'{0x000000008bba45a8}: 'java.lang.Object java.lang.invoke.Invokers$Holder.linkToTargetMethod(java.lang.Object, java.lang.Object, java.lang.Object, java.lang.Object, java.lang.Object, java.lang.Object, java.lang.Object, java.lang.Object)'> (0x000000008bba45a8) thrown at [./src/hotspot/share/interpreter/linkResolver.cpp, line 773]
Event: 2.857 Thread 0x0000029ffb1f9000 Exception <a 'java/lang/NoSuchMethodError'{0x000000008bbf0bf0}: 'java.lang.Object java.lang.invoke.Invokers$Holder.linkToTargetMethod(java.lang.Object, java.lang.Object, java.lang.Object, java.lang.Object, java.lang.Object, java.lang.Object, java.lang.Object)'> (0x000000008bbf0bf0) thrown at [./src/hotspot/share/interpreter/linkResolver.cpp, line 773]
Event: 2.859 Thread 0x0000029ffb1f9000 Exception <a 'java/lang/IncompatibleClassChangeError'{0x000000008ba2f7d0}: Found class java.lang.Object, but interface was expected> (0x000000008ba2f7d0) thrown at [./src/hotspot/share/interpreter/linkResolver.cpp, line 839]
Event: 2.971 Thread 0x0000029ffb1f9000 Exception <a 'java/lang/NoSuchMethodError'{0x000000008ab5fa38}: 'int java.lang.invoke.DirectMethodHandle$Holder.invokeStatic(java.lang.Object, java.lang.Object, java.lang.Object, java.lang.Object, java.lang.Object)'> (0x000000008ab5fa38) thrown at [./src/hotspot/share/interpreter/linkResolver.cpp, line 773]
Event: 2.998 Thread 0x0000029ffb1f9000 Exception <a 'java/lang/NoSuchMethodError'{0x000000008a94f460}: 'void java.lang.invoke.DirectMethodHandle$Holder.invokeStaticInit(java.lang.Object, java.lang.Object, java.lang.Object, java.lang.Object)'> (0x000000008a94f460) thrown at [./src/hotspot/share/interpreter/linkResolver.cpp, line 773]
Event: 3.046 Thread 0x0000029ffb1f9000 Exception <a 'java/lang/NoSuchMethodError'{0x000000008a59e2c8}: 'void java.lang.invoke.DirectMethodHandle$Holder.invokeStaticInit(java.lang.Object, java.lang.Object, java.lang.Object)'> (0x000000008a59e2c8) thrown at [./src/hotspot/share/interpreter/linkResolver.cpp, line 773]
Event: 3.049 Thread 0x0000029ffb1f9000 Exception <a 'java/lang/NoSuchMethodError'{0x000000008a5c3e20}: 'void java.lang.invoke.DirectMethodHandle$Holder.invokeStaticInit(java.lang.Object, java.lang.Object, java.lang.Object, java.lang.Object, java.lang.Object)'> (0x000000008a5c3e20) thrown at [./src/hotspot/share/interpreter/linkResolver.cpp, line 773]
Event: 3.076 Thread 0x0000029ffb1f9000 Exception <a 'java/lang/NoSuchMethodError'{0x000000008a43c480}: 'int java.lang.invoke.DirectMethodHandle$Holder.invokeStaticInit(java.lang.Object, java.lang.Object, java.lang.Object, java.lang.Object)'> (0x000000008a43c480) thrown at [./src/hotspot/share/interpreter/linkResolver.cpp, line 773]

Events (20 events):
Event: 3.127 loading class org/codehaus/groovy/runtime/metaclass/NewMetaMethod
Event: 3.127 loading class org/codehaus/groovy/runtime/metaclass/NewMetaMethod done
Event: 3.128 loading class org/codehaus/groovy/runtime/metaclass/ReflectionMetaMethod
Event: 3.128 loading class org/codehaus/groovy/runtime/metaclass/ReflectionMetaMethod done
Event: 3.129 Executing VM operation: CGC_Operation
Event: 3.129 Executing VM operation: CGC_Operation done
Event: 3.129 loading class org/codehaus/groovy/runtime/DefaultGroovyStaticMethods
Event: 3.129 loading class org/codehaus/groovy/runtime/DefaultGroovyStaticMethods done
Event: 3.130 loading class java/time/ZoneId
Event: 3.131 loading class java/time/ZoneId done
Event: 3.131 loading class java/util/ResourceBundle$CacheKey
Event: 3.131 loading class java/util/ResourceBundle$CacheKey done
Event: 3.131 loading class org/codehaus/groovy/runtime/metaclass/NewStaticMetaMethod
Event: 3.131 loading class org/codehaus/groovy/runtime/metaclass/NewStaticMetaMethod done
Event: 3.131 loading class org/codehaus/groovy/runtime/m12n/ExtensionModuleScanner
Event: 3.131 loading class org/codehaus/groovy/runtime/m12n/ExtensionModuleScanner done
Event: 3.132 loading class org/codehaus/groovy/runtime/metaclass/MetaClassRegistryImpl$DefaultModuleListener
Event: 3.132 loading class org/codehaus/groovy/runtime/metaclass/MetaClassRegistryImpl$DefaultModuleListener done
Event: 3.132 loading class org/codehaus/groovy/util/URLStreams
Event: 3.132 loading class org/codehaus/groovy/util/URLStreams done


Dynamic libraries:
0x00007ff7cfd40000 - 0x00007ff7cfd4a000 	C:\Program Files\Android\Android Studio\jre\bin\java.exe
0x00007fff00e90000 - 0x00007fff01085000 	C:\Windows\SYSTEM32\ntdll.dll
0x00007ffefeee0000 - 0x00007ffefef9d000 	C:\Windows\System32\KERNEL32.DLL
0x00007ffefeb00000 - 0x00007ffefedcd000 	C:\Windows\System32\KERNELBASE.dll
0x00007ffefe670000 - 0x00007ffefe770000 	C:\Windows\System32\ucrtbase.dll
0x00007ffeea980000 - 0x00007ffeea999000 	C:\Program Files\Android\Android Studio\jre\bin\jli.dll
0x00007ffeea5d0000 - 0x00007ffeea5e7000 	C:\Program Files\Android\Android Studio\jre\bin\VCRUNTIME140.dll
0x00007fff008a0000 - 0x00007fff00a40000 	C:\Windows\System32\USER32.dll
0x00007ffeec1d0000 - 0x00007ffeec46a000 	C:\Windows\WinSxS\amd64_microsoft.windows.common-controls_6595b64144ccf1df_6.0.19041.1110_none_60b5254171f9507e\COMCTL32.dll
0x00007ffefe5a0000 - 0x00007ffefe5c2000 	C:\Windows\System32\win32u.dll
0x00007ffeffd10000 - 0x00007ffeffdae000 	C:\Windows\System32\msvcrt.dll
0x00007fff00730000 - 0x00007fff0075a000 	C:\Windows\System32\GDI32.dll
0x00007ffefedd0000 - 0x00007ffefeedb000 	C:\Windows\System32\gdi32full.dll
0x00007ffefe5d0000 - 0x00007ffefe66d000 	C:\Windows\System32\msvcp_win.dll
0x00007fff00ae0000 - 0x00007fff00b10000 	C:\Windows\System32\IMM32.DLL
0x00007ffeca370000 - 0x00007ffeca40d000 	C:\Program Files\Android\Android Studio\jre\bin\msvcp140.dll
0x00007ffe76200000 - 0x00007ffe76ce5000 	C:\Program Files\Android\Android Studio\jre\bin\server\jvm.dll
0x00007fff00760000 - 0x00007fff0080e000 	C:\Windows\System32\ADVAPI32.dll
0x00007ffeff8a0000 - 0x00007ffeff93c000 	C:\Windows\System32\sechost.dll
0x00007fff00d20000 - 0x00007fff00e45000 	C:\Windows\System32\RPCRT4.dll
0x00007fff00ad0000 - 0x00007fff00ad8000 	C:\Windows\System32\PSAPI.DLL
0x00007ffeb9de0000 - 0x00007ffeb9de9000 	C:\Windows\SYSTEM32\WSOCK32.dll
0x00007ffef8e00000 - 0x00007ffef8e27000 	C:\Windows\SYSTEM32\WINMM.dll
0x00007ffef87e0000 - 0x00007ffef87ea000 	C:\Windows\SYSTEM32\VERSION.dll
0x00007fff00b90000 - 0x00007fff00bfb000 	C:\Windows\System32\WS2_32.dll
0x00007ffefc4a0000 - 0x00007ffefc4b2000 	C:\Windows\SYSTEM32\kernel.appcore.dll
0x00007ffeb9dc0000 - 0x00007ffeb9dd1000 	C:\Program Files\Android\Android Studio\jre\bin\verify.dll
0x00007ffef6550000 - 0x00007ffef6734000 	C:\Windows\SYSTEM32\DBGHELP.DLL
0x00007ffeea910000 - 0x00007ffeea93c000 	C:\Windows\SYSTEM32\dbgcore.DLL
0x00007ffefe8a0000 - 0x00007ffefe922000 	C:\Windows\System32\bcryptPrimitives.dll
0x00007ffeb4580000 - 0x00007ffeb45a9000 	C:\Program Files\Android\Android Studio\jre\bin\java.dll
0x00007ffeb6e40000 - 0x00007ffeb6e4b000 	C:\Program Files\Android\Android Studio\jre\bin\jimage.dll
0x00007ffeb4560000 - 0x00007ffeb4578000 	C:\Program Files\Android\Android Studio\jre\bin\zip.dll
0x00007ffeff150000 - 0x00007ffeff894000 	C:\Windows\System32\SHELL32.dll
0x00007ffefc6a0000 - 0x00007ffefce34000 	C:\Windows\SYSTEM32\windows.storage.dll
0x00007fff003d0000 - 0x00007fff00724000 	C:\Windows\System32\combase.dll
0x00007ffefe000000 - 0x00007ffefe02c000 	C:\Windows\SYSTEM32\Wldp.dll
0x00007ffeffa70000 - 0x00007ffeffb1d000 	C:\Windows\System32\SHCORE.dll
0x00007ffeffbe0000 - 0x00007ffeffc35000 	C:\Windows\System32\shlwapi.dll
0x00007ffefe4e0000 - 0x00007ffefe4ff000 	C:\Windows\SYSTEM32\profapi.dll
0x00007ffeb4540000 - 0x00007ffeb455a000 	C:\Program Files\Android\Android Studio\jre\bin\net.dll
0x00007ffef87f0000 - 0x00007ffef88fa000 	C:\Windows\SYSTEM32\WINHTTP.dll
0x00007ffefdd60000 - 0x00007ffefddca000 	C:\Windows\system32\mswsock.dll
0x00007ffeb4520000 - 0x00007ffeb4534000 	C:\Program Files\Android\Android Studio\jre\bin\nio.dll
0x00007ffef89b0000 - 0x00007ffef89d7000 	C:\Users\diaah\.gradle\native\e1d6ef7f7dcc3fd88c89a11ec53ec762bb8ba0a96d01ffa2cd45eb1d1d8dd5c5\windows-amd64\native-platform.dll
0x00007ffebd450000 - 0x00007ffebd594000 	C:\Users\diaah\.gradle\native\5664cfc778a61ccfe75a443a1ab52a65af34e5dc3c78e0209fed803814484fcb\windows-amd64\native-platform-file-events.dll
0x00007ffeb4510000 - 0x00007ffeb451a000 	C:\Program Files\Android\Android Studio\jre\bin\management.dll
0x00007ffeb4500000 - 0x00007ffeb450d000 	C:\Program Files\Android\Android Studio\jre\bin\management_ext.dll
0x00007ffefdf60000 - 0x00007ffefdf78000 	C:\Windows\SYSTEM32\CRYPTSP.dll
0x00007ffefd670000 - 0x00007ffefd6a4000 	C:\Windows\system32\rsaenh.dll
0x00007ffefe7c0000 - 0x00007ffefe7e7000 	C:\Windows\System32\bcrypt.dll
0x00007ffefe460000 - 0x00007ffefe48e000 	C:\Windows\SYSTEM32\USERENV.dll
0x00007ffefdf50000 - 0x00007ffefdf5c000 	C:\Windows\SYSTEM32\CRYPTBASE.dll
0x00007ffefda00000 - 0x00007ffefda3b000 	C:\Windows\SYSTEM32\IPHLPAPI.DLL
0x00007fff00a40000 - 0x00007fff00a48000 	C:\Windows\System32\NSI.dll
0x00007ffef8240000 - 0x00007ffef8257000 	C:\Windows\SYSTEM32\dhcpcsvc6.DLL
0x00007ffef8220000 - 0x00007ffef823d000 	C:\Windows\SYSTEM32\dhcpcsvc.DLL
0x00007ffefda50000 - 0x00007ffefdb1b000 	C:\Windows\SYSTEM32\DNSAPI.dll

dbghelp: loaded successfully - version: 4.0.5 - missing functions: none
symbol engine: initialized successfully - sym options: 0x614 - pdb path: .;C:\Program Files\Android\Android Studio\jre\bin;C:\Windows\SYSTEM32;C:\Windows\WinSxS\amd64_microsoft.windows.common-controls_6595b64144ccf1df_6.0.19041.1110_none_60b5254171f9507e;C:\Program Files\Android\Android Studio\jre\bin\server;C:\Users\diaah\.gradle\native\e1d6ef7f7dcc3fd88c89a11ec53ec762bb8ba0a96d01ffa2cd45eb1d1d8dd5c5\windows-amd64;C:\Users\diaah\.gradle\native\5664cfc778a61ccfe75a443a1ab52a65af34e5dc3c78e0209fed803814484fcb\windows-amd64

VM Arguments:
jvm_args: --add-opens=java.base/java.util=ALL-UNNAMED --add-opens=java.base/java.lang=ALL-UNNAMED --add-opens=java.base/java.lang.invoke=ALL-UNNAMED --add-opens=java.base/java.util=ALL-UNNAMED --add-opens=java.prefs/java.util.prefs=ALL-UNNAMED --add-opens=java.prefs/java.util.prefs=ALL-UNNAMED --add-opens=java.base/java.nio.charset=ALL-UNNAMED --add-opens=java.base/java.net=ALL-UNNAMED --add-opens=java.base/java.util.concurrent.atomic=ALL-UNNAMED -Xmx2048m -Dfile.encoding=UTF-8 -Duser.country=US -Duser.language=en -Duser.variant 
java_command: org.gradle.launcher.daemon.bootstrap.GradleDaemon 7.3.3
java_class_path (initial): C:\Users\diaah\.gradle\wrapper\dists\gradle-7.3.3-bin\6a41zxkdtcxs8rphpq6y0069z\gradle-7.3.3\lib\gradle-launcher-7.3.3.jar
Launcher Type: SUN_STANDARD

[Global flags]
     intx CICompilerCount                          = 4                                         {product} {ergonomic}
     uint ConcGCThreads                            = 3                                         {product} {ergonomic}
     uint G1ConcRefinementThreads                  = 10                                        {product} {ergonomic}
   size_t G1HeapRegionSize                         = 1048576                                   {product} {ergonomic}
    uintx GCDrainStackTargetSize                   = 64                                        {product} {ergonomic}
   size_t InitialHeapSize                          = 266338304                                 {product} {ergonomic}
   size_t MarkStackSize                            = 4194304                                   {product} {ergonomic}
   size_t MaxHeapSize                              = 2147483648                                {product} {command line}
   size_t MaxNewSize                               = 1287651328                                {product} {ergonomic}
   size_t MinHeapDeltaBytes                        = 1048576                                   {product} {ergonomic}
    uintx NonNMethodCodeHeapSize                   = 5836300                                {pd product} {ergonomic}
    uintx NonProfiledCodeHeapSize                  = 122910970                              {pd product} {ergonomic}
    uintx ProfiledCodeHeapSize                     = 122910970                              {pd product} {ergonomic}
    uintx ReservedCodeCacheSize                    = 251658240                              {pd product} {ergonomic}
     bool SegmentedCodeCache                       = true                                      {product} {ergonomic}
     bool UseCompressedClassPointers               = true                                 {lp64_product} {ergonomic}
     bool UseCompressedOops                        = true                                 {lp64_product} {ergonomic}
     bool UseG1GC                                  = true                                      {product} {ergonomic}
     bool UseLargePagesIndividualAllocation        = false                                  {pd product} {ergonomic}

Logging:
Log output configuration:
 #0: stdout all=warning uptime,level,tags
 #1: stderr all=off uptime,level,tags

Environment Variables:
PATH=C:\Program Files\Common Files\Oracle\Java\javapath;C:\ProgramData\Oracle\Java\javapath;C:\Windows\system32;C:\Windows;C:\Windows\System32\Wbem;C:\Windows\System32\WindowsPowerShell\v1.0\;C:\Windows\System32\OpenSSH\;C:\Program Files (x86)\NVIDIA Corporation\PhysX\Common;C:\Program Files\NVIDIA Corporation\NVIDIA NvDLISR;D:\git\Git\cmd;C:\Users\diaah\AppData\Local\Microsoft\WindowsApps
USERNAME=diaa
OS=Windows_NT
PROCESSOR_IDENTIFIER=Intel64 Family 6 Model 165 Stepping 2, GenuineIntel



---------------  S Y S T E M  ---------------

OS: Windows 10 , 64 bit Build 19041 (10.0.19041.1706)
OS uptime: 0 days 0:55 hours

CPU:total 12 (initial active 12) (6 cores per cpu, 2 threads per core) family 6 model 165 stepping 2 microcode 0xe2, cmov, cx8, fxsr, mmx, sse, sse2, sse3, ssse3, sse4.1, sse4.2, popcnt, avx, avx2, aes, clmul, erms, 3dnowpref, lzcnt, ht, tsc, tscinvbit, bmi1, bmi2, adx, fma

Memory: 4k page, system-wide physical 16205M (3693M free)
TotalPageFile size 16205M (AvailPageFile size 5M)
current process WorkingSet (physical memory assigned to process): 303M, peak: 304M
current process commit charge ("private bytes"): 461M, peak: 463M

vm_info: OpenJDK 64-Bit Server VM (11.0.12+7-b1504.28-7817840) for windows-amd64 JRE (11.0.12+7-b1504.28-7817840), built on Oct 13 2021 22:12:33 by "builder" with MS VC++ 14.0 (VS2015)

END.
