#
# There is insufficient memory for the Java Runtime Environment to continue.
# Native memory allocation (malloc) failed to allocate 1437296 bytes for Chunk::new
# Possible reasons:
#   The system is out of physical RAM or swap space
#   The process is running with CompressedOops enabled, and the Java Heap may be blocking the growth of the native heap
# Possible solutions:
#   Reduce memory load on the system
#   Increase physical memory or swap space
#   Check if swap backing store is full
#   Decrease Java heap size (-Xmx/-Xms)
#   Decrease number of Java threads
#   Decrease Java thread stack sizes (-Xss)
#   Set larger code cache with -XX:ReservedCodeCacheSize=
#   JVM is running with Unscaled Compressed Oops mode in which the Java heap is
#     placed in the first 4GB address space. The Java Heap base address is the
#     maximum limit for the native heap growth. Please use -XX:HeapBaseMinAddress
#     to set the Java Heap base and to place the Java Heap above 4GB virtual address.
# This output file may be truncated or incomplete.
#
#  Out of Memory Error (./src/hotspot/share/memory/arena.cpp:197), pid=12076, tid=2232
#
# JRE version: OpenJDK Runtime Environment (11.0.12+7) (build 11.0.12+7-b1504.28-7817840)
# Java VM: OpenJDK 64-Bit Server VM (11.0.12+7-b1504.28-7817840, mixed mode, tiered, compressed oops, g1 gc, windows-amd64)
# No core dump will be written. Minidumps are not enabled by default on client versions of Windows
#

---------------  S U M M A R Y ------------

Command Line: --add-opens=java.base/java.util=ALL-UNNAMED --add-opens=java.base/java.lang=ALL-UNNAMED --add-opens=java.base/java.lang.invoke=ALL-UNNAMED --add-opens=java.base/java.util=ALL-UNNAMED --add-opens=java.prefs/java.util.prefs=ALL-UNNAMED --add-opens=java.prefs/java.util.prefs=ALL-UNNAMED --add-opens=java.base/java.nio.charset=ALL-UNNAMED --add-opens=java.base/java.net=ALL-UNNAMED --add-opens=java.base/java.util.concurrent.atomic=ALL-UNNAMED -Xmx2048m -Dfile.encoding=UTF-8 -Duser.country=US -Duser.language=en -Duser.variant org.gradle.launcher.daemon.bootstrap.GradleDaemon 7.3.3

Host: Intel(R) Core(TM) i7-10750H CPU @ 2.60GHz, 12 cores, 15G,  Windows 10 , 64 bit Build 19041 (10.0.19041.1706)
Time: Sat Oct  8 12:54:56 2022 Egypt Standard Time elapsed time: 2.522002 seconds (0d 0h 0m 2s)

---------------  T H R E A D  ---------------

Current thread (0x0000018c172f4800):  JavaThread "C2 CompilerThread0" daemon [_thread_in_native, id=2232, stack(0x000000454ce00000,0x000000454cf00000)]


Current CompileTask:
C2:   2522 2119       4       java.net.URLClassLoader$1::run (5 bytes)

Stack: [0x000000454ce00000,0x000000454cf00000]
Native frames: (J=compiled Java code, j=interpreted, Vv=VM code, C=native code)
V  [jvm.dll+0x5fbcea]
V  [jvm.dll+0x731905]
V  [jvm.dll+0x732f1d]
V  [jvm.dll+0x7335d3]
V  [jvm.dll+0x247bf8]
V  [jvm.dll+0xc018c]
V  [jvm.dll+0xc06cc]
V  [jvm.dll+0x35b31d]
V  [jvm.dll+0x19d0bc]
V  [jvm.dll+0x20070e]
V  [jvm.dll+0x1ff794]
V  [jvm.dll+0x18868c]
V  [jvm.dll+0x20e0d7]
V  [jvm.dll+0x20c901]
V  [jvm.dll+0x6f9b7f]
V  [jvm.dll+0x6f26a5]
V  [jvm.dll+0x5fabf6]
C  [ucrtbase.dll+0x21bb2]
C  [KERNEL32.DLL+0x17034]
C  [ntdll.dll+0x52651]


---------------  P R O C E S S  ---------------

Threads class SMR info:
_java_thread_list=0x0000018c1af490f0, length=40, elements={
0x0000018c7b8db000, 0x0000018c17287800, 0x0000018c1728c800, 0x0000018c172e5800,
0x0000018c172e8000, 0x0000018c172ec000, 0x0000018c172f4800, 0x0000018c172fd000,
0x0000018c1730b000, 0x0000018c17466800, 0x0000018c19355000, 0x0000018c1755e800,
0x0000018c1838e000, 0x0000018c1a46b000, 0x0000018c19b93000, 0x0000018c18d8d800,
0x0000018c18de3000, 0x0000018c19494000, 0x0000018c19494800, 0x0000018c19309800,
0x0000018c1a4ad800, 0x0000018c1a4ae800, 0x0000018c1a4af000, 0x0000018c1a4ad000,
0x0000018c1a4ac000, 0x0000018c1af8d000, 0x0000018c1a4b0000, 0x0000018c1a4b1000,
0x0000018c1a4ab000, 0x0000018c1a4b1800, 0x0000018c1a557000, 0x0000018c1a555800,
0x0000018c1a556000, 0x0000018c1a557800, 0x0000018c1a558800, 0x0000018c1a559800,
0x0000018c1a553800, 0x0000018c1a55a000, 0x0000018c1a554800, 0x0000018c1a55c800
}

Java Threads: ( => current thread )
  0x0000018c7b8db000 JavaThread "main" [_thread_blocked, id=15268, stack(0x000000454c200000,0x000000454c300000)]
  0x0000018c17287800 JavaThread "Reference Handler" daemon [_thread_blocked, id=16700, stack(0x000000454c900000,0x000000454ca00000)]
  0x0000018c1728c800 JavaThread "Finalizer" daemon [_thread_blocked, id=17252, stack(0x000000454ca00000,0x000000454cb00000)]
  0x0000018c172e5800 JavaThread "Signal Dispatcher" daemon [_thread_blocked, id=13772, stack(0x000000454cb00000,0x000000454cc00000)]
  0x0000018c172e8000 JavaThread "Attach Listener" daemon [_thread_blocked, id=11112, stack(0x000000454cc00000,0x000000454cd00000)]
  0x0000018c172ec000 JavaThread "Service Thread" daemon [_thread_blocked, id=14308, stack(0x000000454cd00000,0x000000454ce00000)]
=>0x0000018c172f4800 JavaThread "C2 CompilerThread0" daemon [_thread_in_native, id=2232, stack(0x000000454ce00000,0x000000454cf00000)]
  0x0000018c172fd000 JavaThread "C1 CompilerThread0" daemon [_thread_blocked, id=15948, stack(0x000000454cf00000,0x000000454d000000)]
  0x0000018c1730b000 JavaThread "Sweeper thread" daemon [_thread_blocked, id=8540, stack(0x000000454d000000,0x000000454d100000)]
  0x0000018c17466800 JavaThread "Common-Cleaner" daemon [_thread_blocked, id=9800, stack(0x000000454d100000,0x000000454d200000)]
  0x0000018c19355000 JavaThread "Daemon health stats" [_thread_blocked, id=18028, stack(0x000000454da00000,0x000000454db00000)]
  0x0000018c1755e800 JavaThread "Incoming local TCP Connector on port 11096" [_thread_in_native, id=15500, stack(0x000000454d300000,0x000000454d400000)]
  0x0000018c1838e000 JavaThread "C2 CompilerThread1" daemon [_thread_in_native, id=5276, stack(0x000000454d900000,0x000000454da00000)]
  0x0000018c1a46b000 JavaThread "Daemon periodic checks" [_thread_blocked, id=16296, stack(0x000000454db00000,0x000000454dc00000)]
  0x0000018c19b93000 JavaThread "Daemon" [_thread_blocked, id=10636, stack(0x000000454dc00000,0x000000454dd00000)]
  0x0000018c18d8d800 JavaThread "Handler for socket connection from /127.0.0.1:11096 to /127.0.0.1:11097" [_thread_in_native, id=4932, stack(0x000000454dd00000,0x000000454de00000)]
  0x0000018c18de3000 JavaThread "Cancel handler" [_thread_blocked, id=2676, stack(0x000000454de00000,0x000000454df00000)]
  0x0000018c19494000 JavaThread "Daemon worker" [_thread_in_vm, id=10192, stack(0x000000454df00000,0x000000454e000000)]
  0x0000018c19494800 JavaThread "Asynchronous log dispatcher for DefaultDaemonConnection: socket connection from /127.0.0.1:11096 to /127.0.0.1:11097" [_thread_blocked, id=6552, stack(0x000000454e000000,0x000000454e100000)]
  0x0000018c19309800 JavaThread "Stdin handler" [_thread_blocked, id=13080, stack(0x000000454e100000,0x000000454e200000)]
  0x0000018c1a4ad800 JavaThread "Daemon client event forwarder" [_thread_blocked, id=17880, stack(0x000000454e200000,0x000000454e300000)]
  0x0000018c1a4ae800 JavaThread "Cache worker for journal cache (C:\Users\diaah\.gradle\caches\journal-1)" [_thread_blocked, id=1412, stack(0x000000454e300000,0x000000454e400000)]
  0x0000018c1a4af000 JavaThread "File lock request listener" [_thread_in_native, id=13064, stack(0x000000454e400000,0x000000454e500000)]
  0x0000018c1a4ad000 JavaThread "Cache worker for file hash cache (C:\Users\diaah\.gradle\caches\7.3.3\fileHashes)" [_thread_blocked, id=12940, stack(0x000000454eb00000,0x000000454ec00000)]
  0x0000018c1a4ac000 JavaThread "Cache worker for file hash cache (D:\android1\7MinutesWorkout\.gradle\7.3.3\fileHashes)" [_thread_blocked, id=18172, stack(0x000000454ec00000,0x000000454ed00000)]
  0x0000018c1af8d000 JavaThread "C2 CompilerThread2" daemon [_thread_in_native, id=13940, stack(0x000000454ed00000,0x000000454ee00000)]
  0x0000018c1a4b0000 JavaThread "File watcher server" daemon [_thread_in_native, id=17276, stack(0x000000454ee00000,0x000000454ef00000)]
  0x0000018c1a4b1000 JavaThread "File watcher consumer" daemon [_thread_blocked, id=6256, stack(0x000000454ef00000,0x000000454f000000)]
  0x0000018c1a4ab000 JavaThread "jar transforms" [_thread_blocked, id=18284, stack(0x000000454f000000,0x000000454f100000)]
  0x0000018c1a4b1800 JavaThread "jar transforms Thread 2" [_thread_blocked, id=12116, stack(0x000000454f100000,0x000000454f200000)]
  0x0000018c1a557000 JavaThread "jar transforms Thread 3" [_thread_blocked, id=2692, stack(0x000000454f200000,0x000000454f300000)]
  0x0000018c1a555800 JavaThread "jar transforms Thread 4" [_thread_blocked, id=5244, stack(0x000000454f300000,0x000000454f400000)]
  0x0000018c1a556000 JavaThread "jar transforms Thread 5" [_thread_blocked, id=6484, stack(0x000000454f400000,0x000000454f500000)]
  0x0000018c1a557800 JavaThread "jar transforms Thread 6" [_thread_blocked, id=4176, stack(0x000000454f500000,0x000000454f600000)]
  0x0000018c1a558800 JavaThread "jar transforms Thread 7" [_thread_blocked, id=16708, stack(0x000000454f600000,0x000000454f700000)]
  0x0000018c1a559800 JavaThread "jar transforms Thread 8" [_thread_blocked, id=15012, stack(0x000000454f700000,0x000000454f800000)]
  0x0000018c1a553800 JavaThread "jar transforms Thread 9" [_thread_blocked, id=4380, stack(0x000000454f800000,0x000000454f900000)]
  0x0000018c1a55a000 JavaThread "jar transforms Thread 10" [_thread_blocked, id=1468, stack(0x000000454f900000,0x000000454fa00000)]
  0x0000018c1a554800 JavaThread "jar transforms Thread 11" [_thread_blocked, id=1100, stack(0x000000454fa00000,0x000000454fb00000)]
  0x0000018c1a55c800 JavaThread "jar transforms Thread 12" [_thread_blocked, id=6736, stack(0x000000454fb00000,0x000000454fc00000)]

Other Threads:
  0x0000018c17284800 VMThread "VM Thread" [stack: 0x000000454c800000,0x000000454c900000] [id=10464]
  0x0000018c17479800 WatcherThread [stack: 0x000000454d200000,0x000000454d300000] [id=17900]
  0x0000018c7b8f4000 GCTaskThread "GC Thread#0" [stack: 0x000000454c300000,0x000000454c400000] [id=7024]
  0x0000018c17398000 GCTaskThread "GC Thread#1" [stack: 0x000000454d400000,0x000000454d500000] [id=14600]
  0x0000018c17395000 GCTaskThread "GC Thread#2" [stack: 0x000000454d500000,0x000000454d600000] [id=18024]
  0x0000018c17393800 GCTaskThread "GC Thread#3" [stack: 0x000000454d600000,0x000000454d700000] [id=17808]
  0x0000018c17399000 GCTaskThread "GC Thread#4" [stack: 0x000000454d700000,0x000000454d800000] [id=17684]
  0x0000018c17393000 GCTaskThread "GC Thread#5" [stack: 0x000000454d800000,0x000000454d900000] [id=17740]
  0x0000018c17394800 GCTaskThread "GC Thread#6" [stack: 0x000000454e500000,0x000000454e600000] [id=11120]
  0x0000018c17397800 GCTaskThread "GC Thread#7" [stack: 0x000000454e600000,0x000000454e700000] [id=2588]
  0x0000018c17396000 GCTaskThread "GC Thread#8" [stack: 0x000000454e700000,0x000000454e800000] [id=18204]
  0x0000018c17396800 GCTaskThread "GC Thread#9" [stack: 0x000000454e800000,0x000000454e900000] [id=4880]
  0x0000018c7b927800 ConcurrentGCThread "G1 Main Marker" [stack: 0x000000454c400000,0x000000454c500000] [id=17764]
  0x0000018c7b928800 ConcurrentGCThread "G1 Conc#0" [stack: 0x000000454c500000,0x000000454c600000] [id=11476]
  0x0000018c17392800 ConcurrentGCThread "G1 Conc#1" [stack: 0x000000454e900000,0x000000454ea00000] [id=15492]
  0x0000018c17399800 ConcurrentGCThread "G1 Conc#2" [stack: 0x000000454ea00000,0x000000454eb00000] [id=8380]
  0x0000018c168d1800 ConcurrentGCThread "G1 Refine#0" [stack: 0x000000454c600000,0x000000454c700000] [id=13528]
  0x0000018c168d4000 ConcurrentGCThread "G1 Young RemSet Sampling" [stack: 0x000000454c700000,0x000000454c800000] [id=10540]

Threads with active compile tasks:
C2 CompilerThread0   2538 2119       4       java.net.URLClassLoader$1::run (5 bytes)
C2 CompilerThread1   2538 2120   !   4       java.net.URLClassLoader$1::run (63 bytes)
C2 CompilerThread2   2538 2394       4       jdk.internal.reflect.ClassFileAssembler::emitConstantPoolUTF8 (50 bytes)

VM state:not at safepoint (normal execution)

VM Mutex/Monitor currently owned by a thread: None

Heap address: 0x0000000080000000, size: 2048 MB, Compressed Oops mode: 32-bit
Narrow klass base: 0x0000000000000000, Narrow klass shift: 3
Compressed class space size: 1073741824 Address: 0x0000000100000000

Heap:
 garbage-first heap   total 260096K, used 44073K [0x0000000080000000, 0x0000000100000000)
  region size 1024K, 22 young (22528K), 3 survivors (3072K)
 Metaspace       used 27538K, capacity 28232K, committed 28544K, reserved 1073152K
  class space    used 3609K, capacity 3880K, committed 3968K, reserved 1048576K
Heap Regions: E=young(eden), S=young(survivor), O=old, HS=humongous(starts), HC=humongous(continues), CS=collection set, F=free, A=archive, TAMS=top-at-mark-start (previous, next)
|   0|0x0000000080000000, 0x0000000080100000, 0x0000000080100000|100%| O|  |TAMS 0x0000000080000000, 0x0000000080000000| Untracked 
|   1|0x0000000080100000, 0x0000000080200000, 0x0000000080200000|100%| O|  |TAMS 0x0000000080100000, 0x0000000080100000| Untracked 
|   2|0x0000000080200000, 0x0000000080300000, 0x0000000080300000|100%| O|  |TAMS 0x0000000080200000, 0x0000000080200000| Untracked 
|   3|0x0000000080300000, 0x0000000080400000, 0x0000000080400000|100%|HS|  |TAMS 0x0000000080400000, 0x0000000080300000| Complete 
|   4|0x0000000080400000, 0x0000000080500000, 0x0000000080500000|100%|HC|  |TAMS 0x0000000080500000, 0x0000000080400000| Complete 
|   5|0x0000000080500000, 0x0000000080600000, 0x0000000080600000|100%|HC|  |TAMS 0x0000000080600000, 0x0000000080500000| Complete 
|   6|0x0000000080600000, 0x0000000080700000, 0x0000000080700000|100%| O|  |TAMS 0x0000000080700000, 0x0000000080600000| Untracked 
|   7|0x0000000080700000, 0x0000000080800000, 0x0000000080800000|100%| O|  |TAMS 0x0000000080800000, 0x0000000080700000| Untracked 
|   8|0x0000000080800000, 0x0000000080900000, 0x0000000080900000|100%| O|  |TAMS 0x0000000080900000, 0x0000000080800000| Untracked 
|   9|0x0000000080900000, 0x0000000080a00000, 0x0000000080a00000|100%| O|  |TAMS 0x0000000080905a00, 0x0000000080900000| Untracked 
|  10|0x0000000080a00000, 0x0000000080b00000, 0x0000000080b00000|100%| O|  |TAMS 0x0000000080a00000, 0x0000000080a00000| Untracked 
|  11|0x0000000080b00000, 0x0000000080c00000, 0x0000000080c00000|100%| O|  |TAMS 0x0000000080b00000, 0x0000000080b00000| Untracked 
|  12|0x0000000080c00000, 0x0000000080d00000, 0x0000000080d00000|100%| O|  |TAMS 0x0000000080c00000, 0x0000000080c00000| Untracked 
|  13|0x0000000080d00000, 0x0000000080e00000, 0x0000000080e00000|100%| O|  |TAMS 0x0000000080d00000, 0x0000000080d00000| Untracked 
|  14|0x0000000080e00000, 0x0000000080f00000, 0x0000000080f00000|100%| O|  |TAMS 0x0000000080e00000, 0x0000000080e00000| Untracked 
|  15|0x0000000080f00000, 0x0000000081000000, 0x0000000081000000|100%| O|  |TAMS 0x0000000080f00000, 0x0000000080f00000| Untracked 
|  16|0x0000000081000000, 0x00000000810b8600, 0x0000000081100000| 72%| O|  |TAMS 0x0000000081000000, 0x0000000081000000| Untracked 
|  17|0x0000000081100000, 0x0000000081200000, 0x0000000081200000|100%|HS|  |TAMS 0x0000000081100000, 0x0000000081100000| Complete 
|  18|0x0000000081200000, 0x0000000081300000, 0x0000000081300000|100%|HC|  |TAMS 0x0000000081200000, 0x0000000081200000| Complete 
|  19|0x0000000081300000, 0x0000000081400000, 0x0000000081400000|100%|HS|  |TAMS 0x0000000081300000, 0x0000000081300000| Complete 
|  20|0x0000000081400000, 0x0000000081500000, 0x0000000081500000|100%|HC|  |TAMS 0x0000000081400000, 0x0000000081400000| Complete 
|  21|0x0000000081500000, 0x0000000081600000, 0x0000000081600000|100%|HC|  |TAMS 0x0000000081500000, 0x0000000081500000| Complete 
|  22|0x0000000081600000, 0x0000000081700000, 0x0000000081700000|100%|HS|  |TAMS 0x0000000081600000, 0x0000000081600000| Complete 
|  23|0x0000000081700000, 0x0000000081700000, 0x0000000081800000|  0%| F|  |TAMS 0x0000000081700000, 0x0000000081700000| Untracked 
|  24|0x0000000081800000, 0x0000000081800000, 0x0000000081900000|  0%| F|  |TAMS 0x0000000081800000, 0x0000000081800000| Untracked 
|  25|0x0000000081900000, 0x0000000081900000, 0x0000000081a00000|  0%| F|  |TAMS 0x0000000081900000, 0x0000000081900000| Untracked 
|  26|0x0000000081a00000, 0x0000000081a00000, 0x0000000081b00000|  0%| F|  |TAMS 0x0000000081a00000, 0x0000000081a00000| Untracked 
|  27|0x0000000081b00000, 0x0000000081b00000, 0x0000000081c00000|  0%| F|  |TAMS 0x0000000081b00000, 0x0000000081b00000| Untracked 
|  28|0x0000000081c00000, 0x0000000081c00000, 0x0000000081d00000|  0%| F|  |TAMS 0x0000000081c00000, 0x0000000081c00000| Untracked 
|  29|0x0000000081d00000, 0x0000000081d00000, 0x0000000081e00000|  0%| F|  |TAMS 0x0000000081d00000, 0x0000000081d00000| Untracked 
|  30|0x0000000081e00000, 0x0000000081e00000, 0x0000000081f00000|  0%| F|  |TAMS 0x0000000081e00000, 0x0000000081e00000| Untracked 
|  31|0x0000000081f00000, 0x0000000081f00000, 0x0000000082000000|  0%| F|  |TAMS 0x0000000081f00000, 0x0000000081f00000| Untracked 
|  32|0x0000000082000000, 0x0000000082000000, 0x0000000082100000|  0%| F|  |TAMS 0x0000000082000000, 0x0000000082000000| Untracked 
|  33|0x0000000082100000, 0x0000000082100000, 0x0000000082200000|  0%| F|  |TAMS 0x0000000082100000, 0x0000000082100000| Untracked 
|  34|0x0000000082200000, 0x0000000082200000, 0x0000000082300000|  0%| F|  |TAMS 0x0000000082200000, 0x0000000082200000| Untracked 
|  35|0x0000000082300000, 0x0000000082300000, 0x0000000082400000|  0%| F|  |TAMS 0x0000000082300000, 0x0000000082300000| Untracked 
|  36|0x0000000082400000, 0x0000000082400000, 0x0000000082500000|  0%| F|  |TAMS 0x0000000082400000, 0x0000000082400000| Untracked 
|  37|0x0000000082500000, 0x0000000082500000, 0x0000000082600000|  0%| F|  |TAMS 0x0000000082500000, 0x0000000082500000| Untracked 
|  38|0x0000000082600000, 0x0000000082600000, 0x0000000082700000|  0%| F|  |TAMS 0x0000000082600000, 0x0000000082600000| Untracked 
|  39|0x0000000082700000, 0x0000000082700000, 0x0000000082800000|  0%| F|  |TAMS 0x0000000082700000, 0x0000000082700000| Untracked 
|  40|0x0000000082800000, 0x0000000082800000, 0x0000000082900000|  0%| F|  |TAMS 0x0000000082800000, 0x0000000082800000| Untracked 
|  41|0x0000000082900000, 0x0000000082900000, 0x0000000082a00000|  0%| F|  |TAMS 0x0000000082900000, 0x0000000082900000| Untracked 
|  42|0x0000000082a00000, 0x0000000082a00000, 0x0000000082b00000|  0%| F|  |TAMS 0x0000000082a00000, 0x0000000082a00000| Untracked 
|  43|0x0000000082b00000, 0x0000000082b00000, 0x0000000082c00000|  0%| F|  |TAMS 0x0000000082b00000, 0x0000000082b00000| Untracked 
|  44|0x0000000082c00000, 0x0000000082c00000, 0x0000000082d00000|  0%| F|  |TAMS 0x0000000082c00000, 0x0000000082c00000| Untracked 
|  45|0x0000000082d00000, 0x0000000082d00000, 0x0000000082e00000|  0%| F|  |TAMS 0x0000000082d00000, 0x0000000082d00000| Untracked 
|  46|0x0000000082e00000, 0x0000000082e00000, 0x0000000082f00000|  0%| F|  |TAMS 0x0000000082e00000, 0x0000000082e00000| Untracked 
|  47|0x0000000082f00000, 0x0000000082f00000, 0x0000000083000000|  0%| F|  |TAMS 0x0000000082f00000, 0x0000000082f00000| Untracked 
|  48|0x0000000083000000, 0x0000000083000000, 0x0000000083100000|  0%| F|  |TAMS 0x0000000083000000, 0x0000000083000000| Untracked 
|  49|0x0000000083100000, 0x0000000083100000, 0x0000000083200000|  0%| F|  |TAMS 0x0000000083100000, 0x0000000083100000| Untracked 
|  50|0x0000000083200000, 0x0000000083200000, 0x0000000083300000|  0%| F|  |TAMS 0x0000000083200000, 0x0000000083200000| Untracked 
|  51|0x0000000083300000, 0x0000000083300000, 0x0000000083400000|  0%| F|  |TAMS 0x0000000083300000, 0x0000000083300000| Untracked 
|  52|0x0000000083400000, 0x0000000083400000, 0x0000000083500000|  0%| F|  |TAMS 0x0000000083400000, 0x0000000083400000| Untracked 
|  53|0x0000000083500000, 0x0000000083500000, 0x0000000083600000|  0%| F|  |TAMS 0x0000000083500000, 0x0000000083500000| Untracked 
|  54|0x0000000083600000, 0x0000000083600000, 0x0000000083700000|  0%| F|  |TAMS 0x0000000083600000, 0x0000000083600000| Untracked 
|  55|0x0000000083700000, 0x0000000083700000, 0x0000000083800000|  0%| F|  |TAMS 0x0000000083700000, 0x0000000083700000| Untracked 
|  56|0x0000000083800000, 0x0000000083800000, 0x0000000083900000|  0%| F|  |TAMS 0x0000000083800000, 0x0000000083800000| Untracked 
|  57|0x0000000083900000, 0x0000000083900000, 0x0000000083a00000|  0%| F|  |TAMS 0x0000000083900000, 0x0000000083900000| Untracked 
|  58|0x0000000083a00000, 0x0000000083a00000, 0x0000000083b00000|  0%| F|  |TAMS 0x0000000083a00000, 0x0000000083a00000| Untracked 
|  59|0x0000000083b00000, 0x0000000083b00000, 0x0000000083c00000|  0%| F|  |TAMS 0x0000000083b00000, 0x0000000083b00000| Untracked 
|  60|0x0000000083c00000, 0x0000000083c00000, 0x0000000083d00000|  0%| F|  |TAMS 0x0000000083c00000, 0x0000000083c00000| Untracked 
|  61|0x0000000083d00000, 0x0000000083d00000, 0x0000000083e00000|  0%| F|  |TAMS 0x0000000083d00000, 0x0000000083d00000| Untracked 
|  62|0x0000000083e00000, 0x0000000083e00000, 0x0000000083f00000|  0%| F|  |TAMS 0x0000000083e00000, 0x0000000083e00000| Untracked 
|  63|0x0000000083f00000, 0x0000000083f00000, 0x0000000084000000|  0%| F|  |TAMS 0x0000000083f00000, 0x0000000083f00000| Untracked 
|  64|0x0000000084000000, 0x0000000084000000, 0x0000000084100000|  0%| F|  |TAMS 0x0000000084000000, 0x0000000084000000| Untracked 
|  65|0x0000000084100000, 0x0000000084100000, 0x0000000084200000|  0%| F|  |TAMS 0x0000000084100000, 0x0000000084100000| Untracked 
|  66|0x0000000084200000, 0x0000000084200000, 0x0000000084300000|  0%| F|  |TAMS 0x0000000084200000, 0x0000000084200000| Untracked 
|  67|0x0000000084300000, 0x0000000084300000, 0x0000000084400000|  0%| F|  |TAMS 0x0000000084300000, 0x0000000084300000| Untracked 
|  68|0x0000000084400000, 0x0000000084400000, 0x0000000084500000|  0%| F|  |TAMS 0x0000000084400000, 0x0000000084400000| Untracked 
|  69|0x0000000084500000, 0x0000000084500000, 0x0000000084600000|  0%| F|  |TAMS 0x0000000084500000, 0x0000000084500000| Untracked 
|  70|0x0000000084600000, 0x0000000084600000, 0x0000000084700000|  0%| F|  |TAMS 0x0000000084600000, 0x0000000084600000| Untracked 
|  71|0x0000000084700000, 0x0000000084700000, 0x0000000084800000|  0%| F|  |TAMS 0x0000000084700000, 0x0000000084700000| Untracked 
|  72|0x0000000084800000, 0x0000000084800000, 0x0000000084900000|  0%| F|  |TAMS 0x0000000084800000, 0x0000000084800000| Untracked 
|  73|0x0000000084900000, 0x0000000084900000, 0x0000000084a00000|  0%| F|  |TAMS 0x0000000084900000, 0x0000000084900000| Untracked 
|  74|0x0000000084a00000, 0x0000000084a00000, 0x0000000084b00000|  0%| F|  |TAMS 0x0000000084a00000, 0x0000000084a00000| Untracked 
|  75|0x0000000084b00000, 0x0000000084b00000, 0x0000000084c00000|  0%| F|  |TAMS 0x0000000084b00000, 0x0000000084b00000| Untracked 
|  76|0x0000000084c00000, 0x0000000084c00000, 0x0000000084d00000|  0%| F|  |TAMS 0x0000000084c00000, 0x0000000084c00000| Untracked 
|  77|0x0000000084d00000, 0x0000000084d00000, 0x0000000084e00000|  0%| F|  |TAMS 0x0000000084d00000, 0x0000000084d00000| Untracked 
|  78|0x0000000084e00000, 0x0000000084e00000, 0x0000000084f00000|  0%| F|  |TAMS 0x0000000084e00000, 0x0000000084e00000| Untracked 
|  79|0x0000000084f00000, 0x0000000084f00000, 0x0000000085000000|  0%| F|  |TAMS 0x0000000084f00000, 0x0000000084f00000| Untracked 
|  80|0x0000000085000000, 0x0000000085000000, 0x0000000085100000|  0%| F|  |TAMS 0x0000000085000000, 0x0000000085000000| Untracked 
|  81|0x0000000085100000, 0x0000000085100000, 0x0000000085200000|  0%| F|  |TAMS 0x0000000085100000, 0x0000000085100000| Untracked 
|  82|0x0000000085200000, 0x0000000085200000, 0x0000000085300000|  0%| F|  |TAMS 0x0000000085200000, 0x0000000085200000| Untracked 
|  83|0x0000000085300000, 0x0000000085300000, 0x0000000085400000|  0%| F|  |TAMS 0x0000000085300000, 0x0000000085300000| Untracked 
|  84|0x0000000085400000, 0x0000000085400000, 0x0000000085500000|  0%| F|  |TAMS 0x0000000085400000, 0x0000000085400000| Untracked 
|  85|0x0000000085500000, 0x0000000085500000, 0x0000000085600000|  0%| F|  |TAMS 0x0000000085500000, 0x0000000085500000| Untracked 
|  86|0x0000000085600000, 0x0000000085600000, 0x0000000085700000|  0%| F|  |TAMS 0x0000000085600000, 0x0000000085600000| Untracked 
|  87|0x0000000085700000, 0x0000000085700000, 0x0000000085800000|  0%| F|  |TAMS 0x0000000085700000, 0x0000000085700000| Untracked 
|  88|0x0000000085800000, 0x0000000085800000, 0x0000000085900000|  0%| F|  |TAMS 0x0000000085800000, 0x0000000085800000| Untracked 
|  89|0x0000000085900000, 0x0000000085900000, 0x0000000085a00000|  0%| F|  |TAMS 0x0000000085900000, 0x0000000085900000| Untracked 
|  90|0x0000000085a00000, 0x0000000085a00000, 0x0000000085b00000|  0%| F|  |TAMS 0x0000000085a00000, 0x0000000085a00000| Untracked 
|  91|0x0000000085b00000, 0x0000000085b00000, 0x0000000085c00000|  0%| F|  |TAMS 0x0000000085b00000, 0x0000000085b00000| Untracked 
|  92|0x0000000085c00000, 0x0000000085c00000, 0x0000000085d00000|  0%| F|  |TAMS 0x0000000085c00000, 0x0000000085c00000| Untracked 
|  93|0x0000000085d00000, 0x0000000085d00000, 0x0000000085e00000|  0%| F|  |TAMS 0x0000000085d00000, 0x0000000085d00000| Untracked 
|  94|0x0000000085e00000, 0x0000000085e00000, 0x0000000085f00000|  0%| F|  |TAMS 0x0000000085e00000, 0x0000000085e00000| Untracked 
|  95|0x0000000085f00000, 0x0000000085f00000, 0x0000000086000000|  0%| F|  |TAMS 0x0000000085f00000, 0x0000000085f00000| Untracked 
|  96|0x0000000086000000, 0x0000000086000000, 0x0000000086100000|  0%| F|  |TAMS 0x0000000086000000, 0x0000000086000000| Untracked 
|  97|0x0000000086100000, 0x0000000086100000, 0x0000000086200000|  0%| F|  |TAMS 0x0000000086100000, 0x0000000086100000| Untracked 
|  98|0x0000000086200000, 0x0000000086200000, 0x0000000086300000|  0%| F|  |TAMS 0x0000000086200000, 0x0000000086200000| Untracked 
|  99|0x0000000086300000, 0x0000000086300000, 0x0000000086400000|  0%| F|  |TAMS 0x0000000086300000, 0x0000000086300000| Untracked 
| 100|0x0000000086400000, 0x0000000086400000, 0x0000000086500000|  0%| F|  |TAMS 0x0000000086400000, 0x0000000086400000| Untracked 
| 101|0x0000000086500000, 0x0000000086500000, 0x0000000086600000|  0%| F|  |TAMS 0x0000000086500000, 0x0000000086500000| Untracked 
| 102|0x0000000086600000, 0x0000000086600000, 0x0000000086700000|  0%| F|  |TAMS 0x0000000086600000, 0x0000000086600000| Untracked 
| 103|0x0000000086700000, 0x0000000086700000, 0x0000000086800000|  0%| F|  |TAMS 0x0000000086700000, 0x0000000086700000| Untracked 
| 104|0x0000000086800000, 0x0000000086800000, 0x0000000086900000|  0%| F|  |TAMS 0x0000000086800000, 0x0000000086800000| Untracked 
| 105|0x0000000086900000, 0x0000000086900000, 0x0000000086a00000|  0%| F|  |TAMS 0x0000000086900000, 0x0000000086900000| Untracked 
| 106|0x0000000086a00000, 0x0000000086a00000, 0x0000000086b00000|  0%| F|  |TAMS 0x0000000086a00000, 0x0000000086a00000| Untracked 
| 107|0x0000000086b00000, 0x0000000086b00000, 0x0000000086c00000|  0%| F|  |TAMS 0x0000000086b00000, 0x0000000086b00000| Untracked 
| 108|0x0000000086c00000, 0x0000000086c00000, 0x0000000086d00000|  0%| F|  |TAMS 0x0000000086c00000, 0x0000000086c00000| Untracked 
| 109|0x0000000086d00000, 0x0000000086d00000, 0x0000000086e00000|  0%| F|  |TAMS 0x0000000086d00000, 0x0000000086d00000| Untracked 
| 110|0x0000000086e00000, 0x0000000086e00000, 0x0000000086f00000|  0%| F|  |TAMS 0x0000000086e00000, 0x0000000086e00000| Untracked 
| 111|0x0000000086f00000, 0x0000000086f00000, 0x0000000087000000|  0%| F|  |TAMS 0x0000000086f00000, 0x0000000086f00000| Untracked 
| 112|0x0000000087000000, 0x0000000087000000, 0x0000000087100000|  0%| F|  |TAMS 0x0000000087000000, 0x0000000087000000| Untracked 
| 113|0x0000000087100000, 0x0000000087100000, 0x0000000087200000|  0%| F|  |TAMS 0x0000000087100000, 0x0000000087100000| Untracked 
| 114|0x0000000087200000, 0x0000000087200000, 0x0000000087300000|  0%| F|  |TAMS 0x0000000087200000, 0x0000000087200000| Untracked 
| 115|0x0000000087300000, 0x0000000087300000, 0x0000000087400000|  0%| F|  |TAMS 0x0000000087300000, 0x0000000087300000| Untracked 
| 116|0x0000000087400000, 0x0000000087400000, 0x0000000087500000|  0%| F|  |TAMS 0x0000000087400000, 0x0000000087400000| Untracked 
| 117|0x0000000087500000, 0x0000000087500000, 0x0000000087600000|  0%| F|  |TAMS 0x0000000087500000, 0x0000000087500000| Untracked 
| 118|0x0000000087600000, 0x0000000087600000, 0x0000000087700000|  0%| F|  |TAMS 0x0000000087600000, 0x0000000087600000| Untracked 
| 119|0x0000000087700000, 0x0000000087700000, 0x0000000087800000|  0%| F|  |TAMS 0x0000000087700000, 0x0000000087700000| Untracked 
| 120|0x0000000087800000, 0x0000000087800000, 0x0000000087900000|  0%| F|  |TAMS 0x0000000087800000, 0x0000000087800000| Untracked 
| 121|0x0000000087900000, 0x0000000087900000, 0x0000000087a00000|  0%| F|  |TAMS 0x0000000087900000, 0x0000000087900000| Untracked 
| 122|0x0000000087a00000, 0x0000000087a00000, 0x0000000087b00000|  0%| F|  |TAMS 0x0000000087a00000, 0x0000000087a00000| Untracked 
| 123|0x0000000087b00000, 0x0000000087b00000, 0x0000000087c00000|  0%| F|  |TAMS 0x0000000087b00000, 0x0000000087b00000| Untracked 
| 124|0x0000000087c00000, 0x0000000087c00000, 0x0000000087d00000|  0%| F|  |TAMS 0x0000000087c00000, 0x0000000087c00000| Untracked 
| 125|0x0000000087d00000, 0x0000000087d00000, 0x0000000087e00000|  0%| F|  |TAMS 0x0000000087d00000, 0x0000000087d00000| Untracked 
| 126|0x0000000087e00000, 0x0000000087e00000, 0x0000000087f00000|  0%| F|  |TAMS 0x0000000087e00000, 0x0000000087e00000| Untracked 
| 127|0x0000000087f00000, 0x0000000087f00000, 0x0000000088000000|  0%| F|  |TAMS 0x0000000087f00000, 0x0000000087f00000| Untracked 
| 128|0x0000000088000000, 0x0000000088000000, 0x0000000088100000|  0%| F|  |TAMS 0x0000000088000000, 0x0000000088000000| Untracked 
| 129|0x0000000088100000, 0x0000000088100000, 0x0000000088200000|  0%| F|  |TAMS 0x0000000088100000, 0x0000000088100000| Untracked 
| 130|0x0000000088200000, 0x0000000088200000, 0x0000000088300000|  0%| F|  |TAMS 0x0000000088200000, 0x0000000088200000| Untracked 
| 131|0x0000000088300000, 0x0000000088300000, 0x0000000088400000|  0%| F|  |TAMS 0x0000000088300000, 0x0000000088300000| Untracked 
| 132|0x0000000088400000, 0x0000000088400000, 0x0000000088500000|  0%| F|  |TAMS 0x0000000088400000, 0x0000000088400000| Untracked 
| 133|0x0000000088500000, 0x0000000088500000, 0x0000000088600000|  0%| F|  |TAMS 0x0000000088500000, 0x0000000088500000| Untracked 
| 134|0x0000000088600000, 0x0000000088600000, 0x0000000088700000|  0%| F|  |TAMS 0x0000000088600000, 0x0000000088600000| Untracked 
| 135|0x0000000088700000, 0x0000000088700000, 0x0000000088800000|  0%| F|  |TAMS 0x0000000088700000, 0x0000000088700000| Untracked 
| 136|0x0000000088800000, 0x0000000088800000, 0x0000000088900000|  0%| F|  |TAMS 0x0000000088800000, 0x0000000088800000| Untracked 
| 137|0x0000000088900000, 0x0000000088900000, 0x0000000088a00000|  0%| F|  |TAMS 0x0000000088900000, 0x0000000088900000| Untracked 
| 138|0x0000000088a00000, 0x0000000088a00000, 0x0000000088b00000|  0%| F|  |TAMS 0x0000000088a00000, 0x0000000088a00000| Untracked 
| 139|0x0000000088b00000, 0x0000000088b00000, 0x0000000088c00000|  0%| F|  |TAMS 0x0000000088b00000, 0x0000000088b00000| Untracked 
| 140|0x0000000088c00000, 0x0000000088c00000, 0x0000000088d00000|  0%| F|  |TAMS 0x0000000088c00000, 0x0000000088c00000| Untracked 
| 141|0x0000000088d00000, 0x0000000088d00000, 0x0000000088e00000|  0%| F|  |TAMS 0x0000000088d00000, 0x0000000088d00000| Untracked 
| 142|0x0000000088e00000, 0x0000000088e00000, 0x0000000088f00000|  0%| F|  |TAMS 0x0000000088e00000, 0x0000000088e00000| Untracked 
| 143|0x0000000088f00000, 0x0000000088f00000, 0x0000000089000000|  0%| F|  |TAMS 0x0000000088f00000, 0x0000000088f00000| Untracked 
| 144|0x0000000089000000, 0x0000000089000000, 0x0000000089100000|  0%| F|  |TAMS 0x0000000089000000, 0x0000000089000000| Untracked 
| 145|0x0000000089100000, 0x0000000089100000, 0x0000000089200000|  0%| F|  |TAMS 0x0000000089100000, 0x0000000089100000| Untracked 
| 146|0x0000000089200000, 0x0000000089200000, 0x0000000089300000|  0%| F|  |TAMS 0x0000000089200000, 0x0000000089200000| Untracked 
| 147|0x0000000089300000, 0x0000000089300000, 0x0000000089400000|  0%| F|  |TAMS 0x0000000089300000, 0x0000000089300000| Untracked 
| 148|0x0000000089400000, 0x0000000089400000, 0x0000000089500000|  0%| F|  |TAMS 0x0000000089400000, 0x0000000089400000| Untracked 
| 149|0x0000000089500000, 0x0000000089500000, 0x0000000089600000|  0%| F|  |TAMS 0x0000000089500000, 0x0000000089500000| Untracked 
| 150|0x0000000089600000, 0x0000000089600000, 0x0000000089700000|  0%| F|  |TAMS 0x0000000089600000, 0x0000000089600000| Untracked 
| 151|0x0000000089700000, 0x0000000089700000, 0x0000000089800000|  0%| F|  |TAMS 0x0000000089700000, 0x0000000089700000| Untracked 
| 152|0x0000000089800000, 0x0000000089800000, 0x0000000089900000|  0%| F|  |TAMS 0x0000000089800000, 0x0000000089800000| Untracked 
| 153|0x0000000089900000, 0x0000000089900000, 0x0000000089a00000|  0%| F|  |TAMS 0x0000000089900000, 0x0000000089900000| Untracked 
| 154|0x0000000089a00000, 0x0000000089a00000, 0x0000000089b00000|  0%| F|  |TAMS 0x0000000089a00000, 0x0000000089a00000| Untracked 
| 155|0x0000000089b00000, 0x0000000089b00000, 0x0000000089c00000|  0%| F|  |TAMS 0x0000000089b00000, 0x0000000089b00000| Untracked 
| 156|0x0000000089c00000, 0x0000000089c00000, 0x0000000089d00000|  0%| F|  |TAMS 0x0000000089c00000, 0x0000000089c00000| Untracked 
| 157|0x0000000089d00000, 0x0000000089d00000, 0x0000000089e00000|  0%| F|  |TAMS 0x0000000089d00000, 0x0000000089d00000| Untracked 
| 158|0x0000000089e00000, 0x0000000089e00000, 0x0000000089f00000|  0%| F|  |TAMS 0x0000000089e00000, 0x0000000089e00000| Untracked 
| 159|0x0000000089f00000, 0x0000000089f00000, 0x000000008a000000|  0%| F|  |TAMS 0x0000000089f00000, 0x0000000089f00000| Untracked 
| 160|0x000000008a000000, 0x000000008a000000, 0x000000008a100000|  0%| F|  |TAMS 0x000000008a000000, 0x000000008a000000| Untracked 
| 161|0x000000008a100000, 0x000000008a100000, 0x000000008a200000|  0%| F|  |TAMS 0x000000008a100000, 0x000000008a100000| Untracked 
| 162|0x000000008a200000, 0x000000008a200000, 0x000000008a300000|  0%| F|  |TAMS 0x000000008a200000, 0x000000008a200000| Untracked 
| 163|0x000000008a300000, 0x000000008a300000, 0x000000008a400000|  0%| F|  |TAMS 0x000000008a300000, 0x000000008a300000| Untracked 
| 164|0x000000008a400000, 0x000000008a400000, 0x000000008a500000|  0%| F|  |TAMS 0x000000008a400000, 0x000000008a400000| Untracked 
| 165|0x000000008a500000, 0x000000008a500000, 0x000000008a600000|  0%| F|  |TAMS 0x000000008a500000, 0x000000008a500000| Untracked 
| 166|0x000000008a600000, 0x000000008a600000, 0x000000008a700000|  0%| F|  |TAMS 0x000000008a600000, 0x000000008a600000| Untracked 
| 167|0x000000008a700000, 0x000000008a700000, 0x000000008a800000|  0%| F|  |TAMS 0x000000008a700000, 0x000000008a700000| Untracked 
| 168|0x000000008a800000, 0x000000008a800000, 0x000000008a900000|  0%| F|  |TAMS 0x000000008a800000, 0x000000008a800000| Untracked 
| 169|0x000000008a900000, 0x000000008a900000, 0x000000008aa00000|  0%| F|  |TAMS 0x000000008a900000, 0x000000008a900000| Untracked 
| 170|0x000000008aa00000, 0x000000008aa00000, 0x000000008ab00000|  0%| F|  |TAMS 0x000000008aa00000, 0x000000008aa00000| Untracked 
| 171|0x000000008ab00000, 0x000000008ab00000, 0x000000008ac00000|  0%| F|  |TAMS 0x000000008ab00000, 0x000000008ab00000| Untracked 
| 172|0x000000008ac00000, 0x000000008ac00000, 0x000000008ad00000|  0%| F|  |TAMS 0x000000008ac00000, 0x000000008ac00000| Untracked 
| 173|0x000000008ad00000, 0x000000008ad00000, 0x000000008ae00000|  0%| F|  |TAMS 0x000000008ad00000, 0x000000008ad00000| Untracked 
| 174|0x000000008ae00000, 0x000000008ae00000, 0x000000008af00000|  0%| F|  |TAMS 0x000000008ae00000, 0x000000008ae00000| Untracked 
| 175|0x000000008af00000, 0x000000008af00000, 0x000000008b000000|  0%| F|  |TAMS 0x000000008af00000, 0x000000008af00000| Untracked 
| 176|0x000000008b000000, 0x000000008b000000, 0x000000008b100000|  0%| F|  |TAMS 0x000000008b000000, 0x000000008b000000| Untracked 
| 177|0x000000008b100000, 0x000000008b100000, 0x000000008b200000|  0%| F|  |TAMS 0x000000008b100000, 0x000000008b100000| Untracked 
| 178|0x000000008b200000, 0x000000008b200000, 0x000000008b300000|  0%| F|  |TAMS 0x000000008b200000, 0x000000008b200000| Untracked 
| 179|0x000000008b300000, 0x000000008b300000, 0x000000008b400000|  0%| F|  |TAMS 0x000000008b300000, 0x000000008b300000| Untracked 
| 180|0x000000008b400000, 0x000000008b400000, 0x000000008b500000|  0%| F|  |TAMS 0x000000008b400000, 0x000000008b400000| Untracked 
| 181|0x000000008b500000, 0x000000008b500000, 0x000000008b600000|  0%| F|  |TAMS 0x000000008b500000, 0x000000008b500000| Untracked 
| 182|0x000000008b600000, 0x000000008b600000, 0x000000008b700000|  0%| F|  |TAMS 0x000000008b600000, 0x000000008b600000| Untracked 
| 183|0x000000008b700000, 0x000000008b700000, 0x000000008b800000|  0%| F|  |TAMS 0x000000008b700000, 0x000000008b700000| Untracked 
| 184|0x000000008b800000, 0x000000008b800000, 0x000000008b900000|  0%| F|  |TAMS 0x000000008b800000, 0x000000008b800000| Untracked 
| 185|0x000000008b900000, 0x000000008b900000, 0x000000008ba00000|  0%| F|  |TAMS 0x000000008b900000, 0x000000008b900000| Untracked 
| 186|0x000000008ba00000, 0x000000008ba00000, 0x000000008bb00000|  0%| F|  |TAMS 0x000000008ba00000, 0x000000008ba00000| Untracked 
| 187|0x000000008bb00000, 0x000000008bb00000, 0x000000008bc00000|  0%| F|  |TAMS 0x000000008bb00000, 0x000000008bb00000| Untracked 
| 188|0x000000008bc00000, 0x000000008bc00000, 0x000000008bd00000|  0%| F|  |TAMS 0x000000008bc00000, 0x000000008bc00000| Untracked 
| 189|0x000000008bd00000, 0x000000008bd00000, 0x000000008be00000|  0%| F|  |TAMS 0x000000008bd00000, 0x000000008bd00000| Untracked 
| 190|0x000000008be00000, 0x000000008be00000, 0x000000008bf00000|  0%| F|  |TAMS 0x000000008be00000, 0x000000008be00000| Untracked 
| 191|0x000000008bf00000, 0x000000008bf00000, 0x000000008c000000|  0%| F|  |TAMS 0x000000008bf00000, 0x000000008bf00000| Untracked 
| 192|0x000000008c000000, 0x000000008c000000, 0x000000008c100000|  0%| F|  |TAMS 0x000000008c000000, 0x000000008c000000| Untracked 
| 193|0x000000008c100000, 0x000000008c100000, 0x000000008c200000|  0%| F|  |TAMS 0x000000008c100000, 0x000000008c100000| Untracked 
| 194|0x000000008c200000, 0x000000008c200000, 0x000000008c300000|  0%| F|  |TAMS 0x000000008c200000, 0x000000008c200000| Untracked 
| 195|0x000000008c300000, 0x000000008c300000, 0x000000008c400000|  0%| F|  |TAMS 0x000000008c300000, 0x000000008c300000| Untracked 
| 196|0x000000008c400000, 0x000000008c400000, 0x000000008c500000|  0%| F|  |TAMS 0x000000008c400000, 0x000000008c400000| Untracked 
| 197|0x000000008c500000, 0x000000008c500000, 0x000000008c600000|  0%| F|  |TAMS 0x000000008c500000, 0x000000008c500000| Untracked 
| 198|0x000000008c600000, 0x000000008c600000, 0x000000008c700000|  0%| F|  |TAMS 0x000000008c600000, 0x000000008c600000| Untracked 
| 199|0x000000008c700000, 0x000000008c700000, 0x000000008c800000|  0%| F|  |TAMS 0x000000008c700000, 0x000000008c700000| Untracked 
| 200|0x000000008c800000, 0x000000008c800000, 0x000000008c900000|  0%| F|  |TAMS 0x000000008c800000, 0x000000008c800000| Untracked 
| 201|0x000000008c900000, 0x000000008c900000, 0x000000008ca00000|  0%| F|  |TAMS 0x000000008c900000, 0x000000008c900000| Untracked 
| 202|0x000000008ca00000, 0x000000008ca00000, 0x000000008cb00000|  0%| F|  |TAMS 0x000000008ca00000, 0x000000008ca00000| Untracked 
| 203|0x000000008cb00000, 0x000000008cb00000, 0x000000008cc00000|  0%| F|  |TAMS 0x000000008cb00000, 0x000000008cb00000| Untracked 
| 204|0x000000008cc00000, 0x000000008cc51e48, 0x000000008cd00000| 31%| S|CS|TAMS 0x000000008cc00000, 0x000000008cc00000| Complete 
| 205|0x000000008cd00000, 0x000000008ce00000, 0x000000008ce00000|100%| S|CS|TAMS 0x000000008cd00000, 0x000000008cd00000| Complete 
| 206|0x000000008ce00000, 0x000000008cf00000, 0x000000008cf00000|100%| S|CS|TAMS 0x000000008ce00000, 0x000000008ce00000| Complete 
| 207|0x000000008cf00000, 0x000000008cf00000, 0x000000008d000000|  0%| F|  |TAMS 0x000000008cf00000, 0x000000008cf00000| Untracked 
| 208|0x000000008d000000, 0x000000008d000000, 0x000000008d100000|  0%| F|  |TAMS 0x000000008d000000, 0x000000008d000000| Untracked 
| 209|0x000000008d100000, 0x000000008d100000, 0x000000008d200000|  0%| F|  |TAMS 0x000000008d100000, 0x000000008d100000| Untracked 
| 210|0x000000008d200000, 0x000000008d200000, 0x000000008d300000|  0%| F|  |TAMS 0x000000008d200000, 0x000000008d200000| Untracked 
| 211|0x000000008d300000, 0x000000008d300000, 0x000000008d400000|  0%| F|  |TAMS 0x000000008d300000, 0x000000008d300000| Untracked 
| 212|0x000000008d400000, 0x000000008d400000, 0x000000008d500000|  0%| F|  |TAMS 0x000000008d400000, 0x000000008d400000| Untracked 
| 213|0x000000008d500000, 0x000000008d500000, 0x000000008d600000|  0%| F|  |TAMS 0x000000008d500000, 0x000000008d500000| Untracked 
| 214|0x000000008d600000, 0x000000008d600000, 0x000000008d700000|  0%| F|  |TAMS 0x000000008d600000, 0x000000008d600000| Untracked 
| 215|0x000000008d700000, 0x000000008d700000, 0x000000008d800000|  0%| F|  |TAMS 0x000000008d700000, 0x000000008d700000| Untracked 
| 216|0x000000008d800000, 0x000000008d800000, 0x000000008d900000|  0%| F|  |TAMS 0x000000008d800000, 0x000000008d800000| Untracked 
| 217|0x000000008d900000, 0x000000008d900000, 0x000000008da00000|  0%| F|  |TAMS 0x000000008d900000, 0x000000008d900000| Untracked 
| 218|0x000000008da00000, 0x000000008da00000, 0x000000008db00000|  0%| F|  |TAMS 0x000000008da00000, 0x000000008da00000| Untracked 
| 219|0x000000008db00000, 0x000000008db00000, 0x000000008dc00000|  0%| F|  |TAMS 0x000000008db00000, 0x000000008db00000| Untracked 
| 220|0x000000008dc00000, 0x000000008dc00000, 0x000000008dd00000|  0%| F|  |TAMS 0x000000008dc00000, 0x000000008dc00000| Untracked 
| 221|0x000000008dd00000, 0x000000008dd00000, 0x000000008de00000|  0%| F|  |TAMS 0x000000008dd00000, 0x000000008dd00000| Untracked 
| 222|0x000000008de00000, 0x000000008de00000, 0x000000008df00000|  0%| F|  |TAMS 0x000000008de00000, 0x000000008de00000| Untracked 
| 223|0x000000008df00000, 0x000000008df00000, 0x000000008e000000|  0%| F|  |TAMS 0x000000008df00000, 0x000000008df00000| Untracked 
| 224|0x000000008e000000, 0x000000008e000000, 0x000000008e100000|  0%| F|  |TAMS 0x000000008e000000, 0x000000008e000000| Untracked 
| 225|0x000000008e100000, 0x000000008e100000, 0x000000008e200000|  0%| F|  |TAMS 0x000000008e100000, 0x000000008e100000| Untracked 
| 226|0x000000008e200000, 0x000000008e200000, 0x000000008e300000|  0%| F|  |TAMS 0x000000008e200000, 0x000000008e200000| Untracked 
| 227|0x000000008e300000, 0x000000008e300000, 0x000000008e400000|  0%| F|  |TAMS 0x000000008e300000, 0x000000008e300000| Untracked 
| 228|0x000000008e400000, 0x000000008e400000, 0x000000008e500000|  0%| F|  |TAMS 0x000000008e400000, 0x000000008e400000| Untracked 
| 229|0x000000008e500000, 0x000000008e500000, 0x000000008e600000|  0%| F|  |TAMS 0x000000008e500000, 0x000000008e500000| Untracked 
| 230|0x000000008e600000, 0x000000008e600000, 0x000000008e700000|  0%| F|  |TAMS 0x000000008e600000, 0x000000008e600000| Untracked 
| 231|0x000000008e700000, 0x000000008e700000, 0x000000008e800000|  0%| F|  |TAMS 0x000000008e700000, 0x000000008e700000| Untracked 
| 232|0x000000008e800000, 0x000000008e800000, 0x000000008e900000|  0%| F|  |TAMS 0x000000008e800000, 0x000000008e800000| Untracked 
| 233|0x000000008e900000, 0x000000008e900000, 0x000000008ea00000|  0%| F|  |TAMS 0x000000008e900000, 0x000000008e900000| Untracked 
| 234|0x000000008ea00000, 0x000000008ea80800, 0x000000008eb00000| 50%| E|  |TAMS 0x000000008ea00000, 0x000000008ea00000| Complete 
| 235|0x000000008eb00000, 0x000000008ec00000, 0x000000008ec00000|100%| E|CS|TAMS 0x000000008eb00000, 0x000000008eb00000| Complete 
| 236|0x000000008ec00000, 0x000000008ed00000, 0x000000008ed00000|100%| E|CS|TAMS 0x000000008ec00000, 0x000000008ec00000| Complete 
| 237|0x000000008ed00000, 0x000000008ee00000, 0x000000008ee00000|100%| E|CS|TAMS 0x000000008ed00000, 0x000000008ed00000| Complete 
| 238|0x000000008ee00000, 0x000000008ef00000, 0x000000008ef00000|100%| E|CS|TAMS 0x000000008ee00000, 0x000000008ee00000| Complete 
| 239|0x000000008ef00000, 0x000000008f000000, 0x000000008f000000|100%| E|CS|TAMS 0x000000008ef00000, 0x000000008ef00000| Complete 
| 240|0x000000008f000000, 0x000000008f100000, 0x000000008f100000|100%| E|CS|TAMS 0x000000008f000000, 0x000000008f000000| Complete 
| 241|0x000000008f100000, 0x000000008f200000, 0x000000008f200000|100%| E|CS|TAMS 0x000000008f100000, 0x000000008f100000| Complete 
| 242|0x000000008f200000, 0x000000008f300000, 0x000000008f300000|100%| E|CS|TAMS 0x000000008f200000, 0x000000008f200000| Complete 
| 243|0x000000008f300000, 0x000000008f400000, 0x000000008f400000|100%| E|CS|TAMS 0x000000008f300000, 0x000000008f300000| Complete 
| 244|0x000000008f400000, 0x000000008f500000, 0x000000008f500000|100%| E|CS|TAMS 0x000000008f400000, 0x000000008f400000| Complete 
| 245|0x000000008f500000, 0x000000008f600000, 0x000000008f600000|100%| E|CS|TAMS 0x000000008f500000, 0x000000008f500000| Complete 
| 246|0x000000008f600000, 0x000000008f700000, 0x000000008f700000|100%| E|CS|TAMS 0x000000008f600000, 0x000000008f600000| Complete 
| 247|0x000000008f700000, 0x000000008f800000, 0x000000008f800000|100%| E|CS|TAMS 0x000000008f700000, 0x000000008f700000| Complete 
| 248|0x000000008f800000, 0x000000008f900000, 0x000000008f900000|100%| E|CS|TAMS 0x000000008f800000, 0x000000008f800000| Complete 
| 249|0x000000008f900000, 0x000000008fa00000, 0x000000008fa00000|100%| E|CS|TAMS 0x000000008f900000, 0x000000008f900000| Complete 
| 250|0x000000008fa00000, 0x000000008fb00000, 0x000000008fb00000|100%| E|CS|TAMS 0x000000008fa00000, 0x000000008fa00000| Complete 
| 251|0x000000008fb00000, 0x000000008fc00000, 0x000000008fc00000|100%| E|CS|TAMS 0x000000008fb00000, 0x000000008fb00000| Complete 
| 252|0x000000008fc00000, 0x000000008fd00000, 0x000000008fd00000|100%| E|CS|TAMS 0x000000008fc00000, 0x000000008fc00000| Complete 
| 253|0x000000008fd00000, 0x000000008fe00000, 0x000000008fe00000|100%| E|CS|TAMS 0x000000008fd00000, 0x000000008fd00000| Complete 

Card table byte_map: [0x0000018c0f510000,0x0000018c0f910000] _byte_map_base: 0x0000018c0f110000

Marking Bits (Prev, Next): (CMBitMap*) 0x0000018c7b91ee80, (CMBitMap*) 0x0000018c7b91ee48
 Prev Bits: [0x0000018c11d10000, 0x0000018c13d10000)
 Next Bits: [0x0000018c0fd10000, 0x0000018c11d10000)

Polling page: 0x0000018c7b9c0000

Metaspace:

Usage:
  Non-class:     23.85 MB capacity,    23.41 MB ( 98%) used,   397.84 KB (  2%) free+waste,    61.31 KB ( <1%) overhead. 
      Class:      3.79 MB capacity,     3.53 MB ( 93%) used,   232.38 KB (  6%) free+waste,    31.13 KB ( <1%) overhead. 
       Both:     27.64 MB capacity,    26.94 MB ( 97%) used,   630.22 KB (  2%) free+waste,    92.44 KB ( <1%) overhead. 

Virtual space:
  Non-class space:       24.00 MB reserved,      24.00 MB (100%) committed 
      Class space:        1.00 GB reserved,       3.88 MB ( <1%) committed 
             Both:        1.02 GB reserved,      27.88 MB (  3%) committed 

Chunk freelists:
   Non-Class:  22.00 KB
       Class:  22.00 KB
        Both:  44.00 KB

MaxMetaspaceSize: 17179869184.00 GB
CompressedClassSpaceSize: 1.00 GB
Initial GC threshold: 20.80 MB
Current GC threshold: 35.00 MB
CDS: off

CodeHeap 'non-profiled nmethods': size=120000Kb used=1245Kb max_used=1245Kb free=118754Kb
 bounds [0x0000018c07ad0000, 0x0000018c07d40000, 0x0000018c0f000000]
CodeHeap 'profiled nmethods': size=120000Kb used=5072Kb max_used=5072Kb free=114927Kb
 bounds [0x0000018c005a0000, 0x0000018c00aa0000, 0x0000018c07ad0000]
CodeHeap 'non-nmethods': size=5760Kb used=1231Kb max_used=1267Kb free=4528Kb
 bounds [0x0000018c00000000, 0x0000018c00270000, 0x0000018c005a0000]
 total_blobs=2918 nmethods=2414 adapters=416
 compilation: enabled
              stopped_count=0, restarted_count=0
 full_count=0

Compilation events (20 events):
Event: 2.510 Thread 0x0000018c1af8d000 2355       4       sun.security.provider.MD5::GG (33 bytes)
Event: 2.510 Thread 0x0000018c172fd000 nmethod 2369 0x0000018c00a78e10 code [0x0000018c00a790c0, 0x0000018c00a7a218]
Event: 2.510 Thread 0x0000018c172fd000 2370       3       java.lang.reflect.Constructor::copy (72 bytes)
Event: 2.510 Thread 0x0000018c172fd000 nmethod 2370 0x0000018c00a7aa90 code [0x0000018c00a7ac60, 0x0000018c00a7aff8]
Event: 2.510 Thread 0x0000018c172fd000 2371       3       java.util.Arrays::sort (24 bytes)
Event: 2.510 Thread 0x0000018c1af8d000 nmethod 2355 0x0000018c07c03290 code [0x0000018c07c03420, 0x0000018c07c03498]
Event: 2.510 Thread 0x0000018c1af8d000 2356       4       sun.security.provider.MD5::HH (29 bytes)
Event: 2.510 Thread 0x0000018c172fd000 nmethod 2371 0x0000018c00a7b110 code [0x0000018c00a7b2c0, 0x0000018c00a7b408]
Event: 2.510 Thread 0x0000018c1af8d000 nmethod 2356 0x0000018c07c03590 code [0x0000018c07c03720, 0x0000018c07c03798]
Event: 2.510 Thread 0x0000018c1af8d000 2372       4       java.lang.StringLatin1::toUpperCase (180 bytes)
Event: 2.512 Thread 0x0000018c172fd000 2373       3       jdk.internal.reflect.ClassFileAssembler::emitConstantPoolNameAndType (28 bytes)
Event: 2.512 Thread 0x0000018c172fd000 nmethod 2373 0x0000018c00a7b510 code [0x0000018c00a7b760, 0x0000018c00a7bde8]
Event: 2.513 Thread 0x0000018c172fd000 2374       3       com.google.common.collect.ImmutableSet$RegularSetBuilderImpl::add (122 bytes)
Event: 2.514 Thread 0x0000018c172fd000 nmethod 2374 0x0000018c00a7c190 code [0x0000018c00a7c420, 0x0000018c00a7d0a8]
Event: 2.514 Thread 0x0000018c172fd000 2376  s    3       java.net.URL::hashCode (30 bytes)
Event: 2.514 Thread 0x0000018c172fd000 nmethod 2376 0x0000018c00a7d610 code [0x0000018c00a7d7e0, 0x0000018c00a7dbc8]
Event: 2.514 Thread 0x0000018c172fd000 2375       3       com.google.common.collect.ImmutableSet$SetBuilderImpl::addDedupedElement (28 bytes)
Event: 2.514 Thread 0x0000018c172fd000 nmethod 2375 0x0000018c00a7dc90 code [0x0000018c00a7de80, 0x0000018c00a7e338]
Event: 2.520 Thread 0x0000018c1af8d000 nmethod 2372 0x0000018c07c03890 code [0x0000018c07c03a60, 0x0000018c07c042f8]
Event: 2.520 Thread 0x0000018c1af8d000 2377       4       java.util.Arrays::fill (21 bytes)

GC Heap History (6 events):
Event: 0.666 GC heap before
{Heap before GC invocations=0 (full 0):
 garbage-first heap   total 260096K, used 30720K [0x0000000080000000, 0x0000000100000000)
  region size 1024K, 24 young (24576K), 0 survivors (0K)
 Metaspace       used 9858K, capacity 10114K, committed 10368K, reserved 1058816K
  class space    used 1027K, capacity 1102K, committed 1152K, reserved 1048576K
}
Event: 0.670 GC heap after
{Heap after GC invocations=1 (full 0):
 garbage-first heap   total 260096K, used 9238K [0x0000000080000000, 0x0000000100000000)
  region size 1024K, 3 young (3072K), 3 survivors (3072K)
 Metaspace       used 9858K, capacity 10114K, committed 10368K, reserved 1058816K
  class space    used 1027K, capacity 1102K, committed 1152K, reserved 1048576K
}
Event: 2.002 GC heap before
{Heap before GC invocations=1 (full 0):
 garbage-first heap   total 260096K, used 110614K [0x0000000080000000, 0x0000000100000000)
  region size 1024K, 102 young (104448K), 3 survivors (3072K)
 Metaspace       used 20676K, capacity 21148K, committed 21248K, reserved 1067008K
  class space    used 2542K, capacity 2727K, committed 2816K, reserved 1048576K
}
Event: 2.008 GC heap after
{Heap after GC invocations=2 (full 0):
 garbage-first heap   total 260096K, used 16932K [0x0000000080000000, 0x0000000100000000)
  region size 1024K, 11 young (11264K), 11 survivors (11264K)
 Metaspace       used 20676K, capacity 21148K, committed 21248K, reserved 1067008K
  class space    used 2542K, capacity 2727K, committed 2816K, reserved 1048576K
}
Event: 2.343 GC heap before
{Heap before GC invocations=3 (full 0):
 garbage-first heap   total 260096K, used 65060K [0x0000000080000000, 0x0000000100000000)
  region size 1024K, 58 young (59392K), 11 survivors (11264K)
 Metaspace       used 25614K, capacity 26138K, committed 26368K, reserved 1073152K
  class space    used 3292K, capacity 3501K, committed 3584K, reserved 1048576K
}
Event: 2.349 GC heap after
{Heap after GC invocations=4 (full 0):
 garbage-first heap   total 260096K, used 19497K [0x0000000080000000, 0x0000000100000000)
  region size 1024K, 3 young (3072K), 3 survivors (3072K)
 Metaspace       used 25614K, capacity 26138K, committed 26368K, reserved 1073152K
  class space    used 3292K, capacity 3501K, committed 3584K, reserved 1048576K
}

Deoptimization events (20 events):
Event: 2.505 Thread 0x0000018c1a4ae800 DEOPT PACKING pc=0x0000018c008b395a sp=0x000000454e3fe6e0
Event: 2.505 Thread 0x0000018c1a4ae800 DEOPT UNPACKING pc=0x0000018c0004a95e sp=0x000000454e3fdb78 mode 0
Event: 2.507 Thread 0x0000018c19494000 Uncommon trap: trap_request=0xffffffc6 fr.pc=0x0000018c07bdd3c0 relative=0x0000000000003960
Event: 2.508 Thread 0x0000018c19494000 Uncommon trap: reason=bimorphic_or_optimized_type_check action=maybe_recompile pc=0x0000018c07bdd3c0 method=java.lang.ClassLoader.loadClass(Ljava/lang/String;Z)Ljava/lang/Class; @ 38 c2
Event: 2.508 Thread 0x0000018c19494000 DEOPT PACKING pc=0x0000018c07bdd3c0 sp=0x000000454dff8e00
Event: 2.508 Thread 0x0000018c19494000 DEOPT UNPACKING pc=0x0000018c0004a1af sp=0x000000454dff8e60 mode 2
Event: 2.508 Thread 0x0000018c19494000 Uncommon trap: trap_request=0xffffffc6 fr.pc=0x0000018c07bdd3c0 relative=0x0000000000003960
Event: 2.508 Thread 0x0000018c19494000 Uncommon trap: reason=bimorphic_or_optimized_type_check action=maybe_recompile pc=0x0000018c07bdd3c0 method=java.lang.ClassLoader.loadClass(Ljava/lang/String;Z)Ljava/lang/Class; @ 38 c2
Event: 2.508 Thread 0x0000018c19494000 DEOPT PACKING pc=0x0000018c07bdd3c0 sp=0x000000454dff9090
Event: 2.508 Thread 0x0000018c19494000 DEOPT UNPACKING pc=0x0000018c0004a1af sp=0x000000454dff90f0 mode 2
Event: 2.508 Thread 0x0000018c19494000 Uncommon trap: trap_request=0xffffffc6 fr.pc=0x0000018c07bdd3c0 relative=0x0000000000003960
Event: 2.508 Thread 0x0000018c19494000 Uncommon trap: reason=bimorphic_or_optimized_type_check action=maybe_recompile pc=0x0000018c07bdd3c0 method=java.lang.ClassLoader.loadClass(Ljava/lang/String;Z)Ljava/lang/Class; @ 38 c2
Event: 2.508 Thread 0x0000018c19494000 DEOPT PACKING pc=0x0000018c07bdd3c0 sp=0x000000454dffa700
Event: 2.508 Thread 0x0000018c19494000 DEOPT UNPACKING pc=0x0000018c0004a1af sp=0x000000454dffa760 mode 2
Event: 2.517 Thread 0x0000018c19494000 DEOPT PACKING pc=0x0000018c008b395a sp=0x000000454dff67a0
Event: 2.517 Thread 0x0000018c19494000 DEOPT UNPACKING pc=0x0000018c0004a95e sp=0x000000454dff5c28 mode 0
Event: 2.520 Thread 0x0000018c19494000 Uncommon trap: trap_request=0xffffff4d fr.pc=0x0000018c07b55c80 relative=0x0000000000001ba0
Event: 2.520 Thread 0x0000018c19494000 Uncommon trap: reason=unstable_if action=reinterpret pc=0x0000018c07b55c80 method=java.util.zip.ZipFile$Source.initCEN(ILjava/util/zip/ZipCoder;)V @ 621 c2
Event: 2.520 Thread 0x0000018c19494000 DEOPT PACKING pc=0x0000018c07b55c80 sp=0x000000454dff67e0
Event: 2.520 Thread 0x0000018c19494000 DEOPT UNPACKING pc=0x0000018c0004a1af sp=0x000000454dff67c8 mode 2

Classes redefined (0 events):
No events

Internal exceptions (20 events):
Event: 2.054 Thread 0x0000018c19494000 Exception <a 'java/lang/NoSuchMethodError'{0x000000008f91f060}: 'java.lang.Object java.lang.invoke.DirectMethodHandle$Holder.invokeInterface(java.lang.Object, java.lang.Object, java.lang.Object)'> (0x000000008f91f060) thrown at [./src/hotspot/share/interpreter/linkResolver.cpp, line 773]
Event: 2.054 Thread 0x0000018c19494000 Exception <a 'java/lang/IncompatibleClassChangeError'{0x000000008f922538}: Found class java.lang.Object, but interface was expected> (0x000000008f922538) thrown at [./src/hotspot/share/interpreter/linkResolver.cpp, line 839]
Event: 2.145 Thread 0x0000018c19494000 Exception <a 'java/lang/NoSuchMethodError'{0x000000008ee9e300}: 'java.lang.Object java.lang.invoke.DirectMethodHandle$Holder.invokeSpecial(java.lang.Object, java.lang.Object, java.lang.Object, java.lang.Object, java.lang.Object, java.lang.Object, java.lang.Object, java.lang.Object, java.lang.Object)'> (0x000000008ee9e300) thrown at [./src/hotspot/share/interpreter/linkResolver.cpp, line 773]
Event: 2.186 Thread 0x0000018c19494000 Exception <a 'java/lang/NoSuchMethodError'{0x000000008e479158}: 'java.lang.Object java.lang.invoke.DirectMethodHandle$Holder.invokeVirtual(java.lang.Object, java.lang.Object, java.lang.Object, java.lang.Object)'> (0x000000008e479158) thrown at [./src/hotspot/share/interpreter/linkResolver.cpp, line 773]
Event: 2.241 Thread 0x0000018c19494000 Exception <a 'java/lang/NoSuchMethodError'{0x000000008dd66980}: 'void java.lang.invoke.DirectMethodHandle$Holder.invokeSpecial(java.lang.Object, java.lang.Object, java.lang.Object, java.lang.Object, java.lang.Object, java.lang.Object)'> (0x000000008dd66980) thrown at [./src/hotspot/share/interpreter/linkResolver.cpp, line 773]
Event: 2.247 Thread 0x0000018c19494000 Exception <a 'java/lang/NoSuchMethodError'{0x000000008ddd5198}: 'void java.lang.invoke.DirectMethodHandle$Holder.invokeSpecial(java.lang.Object, java.lang.Object, java.lang.Object, java.lang.Object, java.lang.Object, java.lang.Object, java.lang.Object)'> (0x000000008ddd5198) thrown at [./src/hotspot/share/interpreter/linkResolver.cpp, line 773]
Event: 2.248 Thread 0x0000018c19494000 Exception <a 'java/lang/NoSuchMethodError'{0x000000008dddd688}: 'java.lang.Object java.lang.invoke.Invokers$Holder.linkToTargetMethod(java.lang.Object, java.lang.Object, java.lang.Object, java.lang.Object, java.lang.Object, java.lang.Object)'> (0x000000008dddd688) thrown at [./src/hotspot/share/interpreter/linkResolver.cpp, line 773]
Event: 2.305 Thread 0x0000018c19494000 Exception <a 'java/lang/NoSuchMethodError'{0x000000008d371578}: 'int java.lang.invoke.DirectMethodHandle$Holder.invokeStaticInit(java.lang.Object, java.lang.Object, java.lang.Object)'> (0x000000008d371578) thrown at [./src/hotspot/share/interpreter/linkResolver.cpp, line 773]
Event: 2.355 Thread 0x0000018c19494000 Exception <a 'java/lang/NoSuchMethodError'{0x000000008fc17780}: 'void java.lang.invoke.DirectMethodHandle$Holder.invokeStaticInit(java.lang.Object, java.lang.Object)'> (0x000000008fc17780) thrown at [./src/hotspot/share/interpreter/linkResolver.cpp, line 773]
Event: 2.412 Thread 0x0000018c19494000 Exception <a 'java/lang/NoSuchMethodError'{0x000000008f78a3a0}: 'void java.lang.invoke.DirectMethodHandle$Holder.invokeStatic(java.lang.Object, java.lang.Object, java.lang.Object, java.lang.Object)'> (0x000000008f78a3a0) thrown at [./src/hotspot/share/interpreter/linkResolver.cpp, line 773]
Event: 2.421 Thread 0x0000018c19494000 Exception <a 'java/lang/NoSuchMethodError'{0x000000008f7b97d8}: 'java.lang.Object java.lang.invoke.DirectMethodHandle$Holder.invokeVirtual(java.lang.Object, java.lang.Object, java.lang.Object)'> (0x000000008f7b97d8) thrown at [./src/hotspot/share/interpreter/linkResolver.cpp, line 773]
Event: 2.423 Thread 0x0000018c19494000 Exception <a 'java/lang/NoSuchMethodError'{0x000000008f7e1bd8}: 'int java.lang.invoke.DirectMethodHandle$Holder.invokeVirtual(java.lang.Object, java.lang.Object)'> (0x000000008f7e1bd8) thrown at [./src/hotspot/share/interpreter/linkResolver.cpp, line 773]
Event: 2.427 Thread 0x0000018c19494000 Exception <a 'java/lang/NoSuchMethodError'{0x000000008f61c810}: 'int java.lang.invoke.DirectMethodHandle$Holder.invokeVirtual(java.lang.Object, java.lang.Object, java.lang.Object)'> (0x000000008f61c810) thrown at [./src/hotspot/share/interpreter/linkResolver.cpp, line 773]
Event: 2.453 Thread 0x0000018c1a4ad000 Exception <a 'java/lang/NoSuchMethodError'{0x000000008f48a840}: 'void java.lang.invoke.DirectMethodHandle$Holder.invokeSpecial(java.lang.Object, java.lang.Object)'> (0x000000008f48a840) thrown at [./src/hotspot/share/interpreter/linkResolver.cpp, line 773]
Event: 2.470 Thread 0x0000018c19494000 Exception <a 'java/lang/NoSuchMethodError'{0x000000008f361938}: 'void java.lang.invoke.DirectMethodHandle$Holder.invokeSpecial(java.lang.Object, java.lang.Object, java.lang.Object, java.lang.Object, java.lang.Object)'> (0x000000008f361938) thrown at [./src/hotspot/share/interpreter/linkResolver.cpp, line 773]
Event: 2.474 Thread 0x0000018c19494000 Exception <a 'java/lang/NoSuchMethodError'{0x000000008f3c23d0}: 'java.lang.Object java.lang.invoke.DirectMethodHandle$Holder.invokeStatic(java.lang.Object, java.lang.Object, int, java.lang.Object)'> (0x000000008f3c23d0) thrown at [./src/hotspot/share/interpreter/linkResolver.cpp, line 773]
Event: 2.474 Thread 0x0000018c19494000 Exception <a 'java/lang/NoSuchMethodError'{0x000000008f3cc2c8}: 'java.lang.Object java.lang.invoke.Invokers$Holder.linkToTargetMethod(java.lang.Object, int, java.lang.Object, java.lang.Object)'> (0x000000008f3cc2c8) thrown at [./src/hotspot/share/interpreter/linkResolver.cpp, line 773]
Event: 2.510 Thread 0x0000018c19494000 Exception <a 'java/lang/NoSuchMethodError'{0x000000008ede5e50}: <clinit>> (0x000000008ede5e50) thrown at [./src/hotspot/share/prims/jni.cpp, line 1365]
Event: 2.513 Thread 0x0000018c19494000 Exception <a 'java/lang/NoSuchMethodError'{0x000000008ec3eef0}: <clinit>> (0x000000008ec3eef0) thrown at [./src/hotspot/share/prims/jni.cpp, line 1365]
Event: 2.520 Thread 0x0000018c19494000 Implicit null exception at 0x0000018c07b550c5 to 0x0000018c07b55c5e

Events (20 events):
Event: 2.510 loading class org/gradle/tooling/internal/protocol/InternalBuildAction
Event: 2.510 loading class org/gradle/tooling/internal/protocol/InternalBuildAction done
Event: 2.511 loading class org/gradle/tooling/internal/adapter/TargetTypeProvider
Event: 2.511 loading class org/gradle/tooling/internal/adapter/TargetTypeProvider done
Event: 2.511 loading class org/gradle/tooling/BuildController
Event: 2.511 loading class org/gradle/tooling/BuildController done
Event: 2.511 loading class org/gradle/tooling/BuildAction
Event: 2.511 loading class org/gradle/tooling/BuildAction done
Event: 2.511 loading class org/gradle/tooling/internal/consumer/versioning/VersionDetails
Event: 2.511 loading class org/gradle/tooling/internal/consumer/versioning/VersionDetails done
Event: 2.512 loading class org/gradle/tooling/internal/protocol/InternalBuildControllerVersion2
Event: 2.512 loading class org/gradle/tooling/internal/protocol/InternalBuildControllerVersion2 done
Event: 2.512 loading class org/gradle/tooling/internal/protocol/InternalBuildControllerVersion2
Event: 2.512 loading class org/gradle/tooling/internal/protocol/InternalBuildControllerVersion2 done
Event: 2.512 loading class org/gradle/tooling/internal/protocol/InternalBuildController
Event: 2.512 loading class org/gradle/tooling/internal/protocol/InternalBuildController done
Event: 2.512 loading class org/gradle/tooling/internal/protocol/InternalBuildController
Event: 2.512 loading class org/gradle/tooling/internal/protocol/InternalBuildController done
Event: 2.513 loading class org/jetbrains/plugins/gradle/model/ProjectImportActionWithCustomSerializer
Event: 2.513 loading class org/jetbrains/plugins/gradle/model/ProjectImportActionWithCustomSerializer done


Dynamic libraries:
0x00007ff7cfd40000 - 0x00007ff7cfd4a000 	C:\Program Files\Android\Android Studio\jre\bin\java.exe
0x00007fff00e90000 - 0x00007fff01085000 	C:\Windows\SYSTEM32\ntdll.dll
0x00007ffefeee0000 - 0x00007ffefef9d000 	C:\Windows\System32\KERNEL32.DLL
0x00007ffefeb00000 - 0x00007ffefedcd000 	C:\Windows\System32\KERNELBASE.dll
0x00007ffefe670000 - 0x00007ffefe770000 	C:\Windows\System32\ucrtbase.dll
0x00007ffeea980000 - 0x00007ffeea997000 	C:\Program Files\Android\Android Studio\jre\bin\VCRUNTIME140.dll
0x00007ffeea5d0000 - 0x00007ffeea5e9000 	C:\Program Files\Android\Android Studio\jre\bin\jli.dll
0x00007fff008a0000 - 0x00007fff00a40000 	C:\Windows\System32\USER32.dll
0x00007ffeec1d0000 - 0x00007ffeec46a000 	C:\Windows\WinSxS\amd64_microsoft.windows.common-controls_6595b64144ccf1df_6.0.19041.1110_none_60b5254171f9507e\COMCTL32.dll
0x00007ffefe5a0000 - 0x00007ffefe5c2000 	C:\Windows\System32\win32u.dll
0x00007ffeffd10000 - 0x00007ffeffdae000 	C:\Windows\System32\msvcrt.dll
0x00007fff00730000 - 0x00007fff0075a000 	C:\Windows\System32\GDI32.dll
0x00007ffefedd0000 - 0x00007ffefeedb000 	C:\Windows\System32\gdi32full.dll
0x00007ffefe5d0000 - 0x00007ffefe66d000 	C:\Windows\System32\msvcp_win.dll
0x00007fff00ae0000 - 0x00007fff00b10000 	C:\Windows\System32\IMM32.DLL
0x00007ffeca370000 - 0x00007ffeca40d000 	C:\Program Files\Android\Android Studio\jre\bin\msvcp140.dll
0x00007ffe76200000 - 0x00007ffe76ce5000 	C:\Program Files\Android\Android Studio\jre\bin\server\jvm.dll
0x00007fff00760000 - 0x00007fff0080e000 	C:\Windows\System32\ADVAPI32.dll
0x00007ffeff8a0000 - 0x00007ffeff93c000 	C:\Windows\System32\sechost.dll
0x00007fff00d20000 - 0x00007fff00e45000 	C:\Windows\System32\RPCRT4.dll
0x00007fff00ad0000 - 0x00007fff00ad8000 	C:\Windows\System32\PSAPI.DLL
0x00007ffeb9de0000 - 0x00007ffeb9de9000 	C:\Windows\SYSTEM32\WSOCK32.dll
0x00007ffef8e00000 - 0x00007ffef8e27000 	C:\Windows\SYSTEM32\WINMM.dll
0x00007ffef87e0000 - 0x00007ffef87ea000 	C:\Windows\SYSTEM32\VERSION.dll
0x00007fff00b90000 - 0x00007fff00bfb000 	C:\Windows\System32\WS2_32.dll
0x00007ffefc4a0000 - 0x00007ffefc4b2000 	C:\Windows\SYSTEM32\kernel.appcore.dll
0x00007ffeb9dc0000 - 0x00007ffeb9dd1000 	C:\Program Files\Android\Android Studio\jre\bin\verify.dll
0x00007ffef6550000 - 0x00007ffef6734000 	C:\Windows\SYSTEM32\DBGHELP.DLL
0x00007ffeea910000 - 0x00007ffeea93c000 	C:\Windows\SYSTEM32\dbgcore.DLL
0x00007ffefe8a0000 - 0x00007ffefe922000 	C:\Windows\System32\bcryptPrimitives.dll
0x00007ffeb4580000 - 0x00007ffeb45a9000 	C:\Program Files\Android\Android Studio\jre\bin\java.dll
0x00007ffeb6e40000 - 0x00007ffeb6e4b000 	C:\Program Files\Android\Android Studio\jre\bin\jimage.dll
0x00007ffeb4560000 - 0x00007ffeb4578000 	C:\Program Files\Android\Android Studio\jre\bin\zip.dll
0x00007ffeff150000 - 0x00007ffeff894000 	C:\Windows\System32\SHELL32.dll
0x00007ffefc6a0000 - 0x00007ffefce34000 	C:\Windows\SYSTEM32\windows.storage.dll
0x00007fff003d0000 - 0x00007fff00724000 	C:\Windows\System32\combase.dll
0x00007ffefe000000 - 0x00007ffefe02c000 	C:\Windows\SYSTEM32\Wldp.dll
0x00007ffeffa70000 - 0x00007ffeffb1d000 	C:\Windows\System32\SHCORE.dll
0x00007ffeffbe0000 - 0x00007ffeffc35000 	C:\Windows\System32\shlwapi.dll
0x00007ffefe4e0000 - 0x00007ffefe4ff000 	C:\Windows\SYSTEM32\profapi.dll
0x00007ffeb4540000 - 0x00007ffeb455a000 	C:\Program Files\Android\Android Studio\jre\bin\net.dll
0x00007ffef87f0000 - 0x00007ffef88fa000 	C:\Windows\SYSTEM32\WINHTTP.dll
0x00007ffefdd60000 - 0x00007ffefddca000 	C:\Windows\system32\mswsock.dll
0x00007ffeb4520000 - 0x00007ffeb4534000 	C:\Program Files\Android\Android Studio\jre\bin\nio.dll
0x00007ffef89b0000 - 0x00007ffef89d7000 	C:\Users\diaah\.gradle\native\e1d6ef7f7dcc3fd88c89a11ec53ec762bb8ba0a96d01ffa2cd45eb1d1d8dd5c5\windows-amd64\native-platform.dll
0x00007ffebd450000 - 0x00007ffebd594000 	C:\Users\diaah\.gradle\native\5664cfc778a61ccfe75a443a1ab52a65af34e5dc3c78e0209fed803814484fcb\windows-amd64\native-platform-file-events.dll
0x00007ffeb4510000 - 0x00007ffeb451a000 	C:\Program Files\Android\Android Studio\jre\bin\management.dll
0x00007ffeb4500000 - 0x00007ffeb450d000 	C:\Program Files\Android\Android Studio\jre\bin\management_ext.dll
0x00007ffefdf60000 - 0x00007ffefdf78000 	C:\Windows\SYSTEM32\CRYPTSP.dll
0x00007ffefd670000 - 0x00007ffefd6a4000 	C:\Windows\system32\rsaenh.dll
0x00007ffefe7c0000 - 0x00007ffefe7e7000 	C:\Windows\System32\bcrypt.dll
0x00007ffefe460000 - 0x00007ffefe48e000 	C:\Windows\SYSTEM32\USERENV.dll
0x00007ffefdf50000 - 0x00007ffefdf5c000 	C:\Windows\SYSTEM32\CRYPTBASE.dll
0x00007ffefda00000 - 0x00007ffefda3b000 	C:\Windows\SYSTEM32\IPHLPAPI.DLL
0x00007fff00a40000 - 0x00007fff00a48000 	C:\Windows\System32\NSI.dll
0x00007ffef8240000 - 0x00007ffef8257000 	C:\Windows\SYSTEM32\dhcpcsvc6.DLL
0x00007ffef8220000 - 0x00007ffef823d000 	C:\Windows\SYSTEM32\dhcpcsvc.DLL
0x00007ffefda50000 - 0x00007ffefdb1b000 	C:\Windows\SYSTEM32\DNSAPI.dll

dbghelp: loaded successfully - version: 4.0.5 - missing functions: none
symbol engine: initialized successfully - sym options: 0x614 - pdb path: .;C:\Program Files\Android\Android Studio\jre\bin;C:\Windows\SYSTEM32;C:\Windows\WinSxS\amd64_microsoft.windows.common-controls_6595b64144ccf1df_6.0.19041.1110_none_60b5254171f9507e;C:\Program Files\Android\Android Studio\jre\bin\server;C:\Users\diaah\.gradle\native\e1d6ef7f7dcc3fd88c89a11ec53ec762bb8ba0a96d01ffa2cd45eb1d1d8dd5c5\windows-amd64;C:\Users\diaah\.gradle\native\5664cfc778a61ccfe75a443a1ab52a65af34e5dc3c78e0209fed803814484fcb\windows-amd64

VM Arguments:
jvm_args: --add-opens=java.base/java.util=ALL-UNNAMED --add-opens=java.base/java.lang=ALL-UNNAMED --add-opens=java.base/java.lang.invoke=ALL-UNNAMED --add-opens=java.base/java.util=ALL-UNNAMED --add-opens=java.prefs/java.util.prefs=ALL-UNNAMED --add-opens=java.prefs/java.util.prefs=ALL-UNNAMED --add-opens=java.base/java.nio.charset=ALL-UNNAMED --add-opens=java.base/java.net=ALL-UNNAMED --add-opens=java.base/java.util.concurrent.atomic=ALL-UNNAMED -Xmx2048m -Dfile.encoding=UTF-8 -Duser.country=US -Duser.language=en -Duser.variant 
java_command: org.gradle.launcher.daemon.bootstrap.GradleDaemon 7.3.3
java_class_path (initial): C:\Users\diaah\.gradle\wrapper\dists\gradle-7.3.3-bin\6a41zxkdtcxs8rphpq6y0069z\gradle-7.3.3\lib\gradle-launcher-7.3.3.jar
Launcher Type: SUN_STANDARD

[Global flags]
     intx CICompilerCount                          = 4                                         {product} {ergonomic}
     uint ConcGCThreads                            = 3                                         {product} {ergonomic}
     uint G1ConcRefinementThreads                  = 10                                        {product} {ergonomic}
   size_t G1HeapRegionSize                         = 1048576                                   {product} {ergonomic}
    uintx GCDrainStackTargetSize                   = 64                                        {product} {ergonomic}
   size_t InitialHeapSize                          = 266338304                                 {product} {ergonomic}
   size_t MarkStackSize                            = 4194304                                   {product} {ergonomic}
   size_t MaxHeapSize                              = 2147483648                                {product} {command line}
   size_t MaxNewSize                               = 1287651328                                {product} {ergonomic}
   size_t MinHeapDeltaBytes                        = 1048576                                   {product} {ergonomic}
    uintx NonNMethodCodeHeapSize                   = 5836300                                {pd product} {ergonomic}
    uintx NonProfiledCodeHeapSize                  = 122910970                              {pd product} {ergonomic}
    uintx ProfiledCodeHeapSize                     = 122910970                              {pd product} {ergonomic}
    uintx ReservedCodeCacheSize                    = 251658240                              {pd product} {ergonomic}
     bool SegmentedCodeCache                       = true                                      {product} {ergonomic}
     bool UseCompressedClassPointers               = true                                 {lp64_product} {ergonomic}
     bool UseCompressedOops                        = true                                 {lp64_product} {ergonomic}
     bool UseG1GC                                  = true                                      {product} {ergonomic}
     bool UseLargePagesIndividualAllocation        = false                                  {pd product} {ergonomic}

Logging:
Log output configuration:
 #0: stdout all=warning uptime,level,tags
 #1: stderr all=off uptime,level,tags

Environment Variables:
PATH=C:\Program Files\Common Files\Oracle\Java\javapath;C:\ProgramData\Oracle\Java\javapath;C:\Windows\system32;C:\Windows;C:\Windows\System32\Wbem;C:\Windows\System32\WindowsPowerShell\v1.0\;C:\Windows\System32\OpenSSH\;C:\Program Files (x86)\NVIDIA Corporation\PhysX\Common;C:\Program Files\NVIDIA Corporation\NVIDIA NvDLISR;D:\git\Git\cmd;C:\Users\diaah\AppData\Local\Microsoft\WindowsApps
USERNAME=diaa
OS=Windows_NT
PROCESSOR_IDENTIFIER=Intel64 Family 6 Model 165 Stepping 2, GenuineIntel



---------------  S Y S T E M  ---------------

OS: Windows 10 , 64 bit Build 19041 (10.0.19041.1706)
OS uptime: 0 days 0:57 hours

CPU:total 12 (initial active 12) (6 cores per cpu, 2 threads per core) family 6 model 165 stepping 2 microcode 0xe2, cmov, cx8, fxsr, mmx, sse, sse2, sse3, ssse3, sse4.1, sse4.2, popcnt, avx, avx2, aes, clmul, erms, 3dnowpref, lzcnt, ht, tsc, tscinvbit, bmi1, bmi2, adx, fma

Memory: 4k page, system-wide physical 16205M (3681M free)
TotalPageFile size 16205M (AvailPageFile size 6M)
current process WorkingSet (physical memory assigned to process): 273M, peak: 275M
current process commit charge ("private bytes"): 441M, peak: 442M

vm_info: OpenJDK 64-Bit Server VM (11.0.12+7-b1504.28-7817840) for windows-amd64 JRE (11.0.12+7-b1504.28-7817840), built on Oct 13 2021 22:12:33 by "builder" with MS VC++ 14.0 (VS2015)

END.
