#
# There is insufficient memory for the Java Runtime Environment to continue.
# Native memory allocation (malloc) failed to allocate 955376 bytes for Chunk::new
# Possible reasons:
#   The system is out of physical RAM or swap space
#   The process is running with CompressedOops enabled, and the Java Heap may be blocking the growth of the native heap
# Possible solutions:
#   Reduce memory load on the system
#   Increase physical memory or swap space
#   Check if swap backing store is full
#   Decrease Java heap size (-Xmx/-Xms)
#   Decrease number of Java threads
#   Decrease Java thread stack sizes (-Xss)
#   Set larger code cache with -XX:ReservedCodeCacheSize=
#   JVM is running with Unscaled Compressed Oops mode in which the Java heap is
#     placed in the first 4GB address space. The Java Heap base address is the
#     maximum limit for the native heap growth. Please use -XX:HeapBaseMinAddress
#     to set the Java Heap base and to place the Java Heap above 4GB virtual address.
# This output file may be truncated or incomplete.
#
#  Out of Memory Error (./src/hotspot/share/memory/arena.cpp:197), pid=8588, tid=4012
#
# JRE version: OpenJDK Runtime Environment (11.0.12+7) (build 11.0.12+7-b1504.28-7817840)
# Java VM: OpenJDK 64-Bit Server VM (11.0.12+7-b1504.28-7817840, mixed mode, tiered, compressed oops, g1 gc, windows-amd64)
# No core dump will be written. Minidumps are not enabled by default on client versions of Windows
#

---------------  S U M M A R Y ------------

Command Line: --add-opens=java.base/java.util=ALL-UNNAMED --add-opens=java.base/java.lang=ALL-UNNAMED --add-opens=java.base/java.lang.invoke=ALL-UNNAMED --add-opens=java.base/java.util=ALL-UNNAMED --add-opens=java.prefs/java.util.prefs=ALL-UNNAMED --add-opens=java.prefs/java.util.prefs=ALL-UNNAMED --add-opens=java.base/java.nio.charset=ALL-UNNAMED --add-opens=java.base/java.net=ALL-UNNAMED --add-opens=java.base/java.util.concurrent.atomic=ALL-UNNAMED -Xmx2048m -Dfile.encoding=UTF-8 -Duser.country=US -Duser.language=en -Duser.variant org.gradle.launcher.daemon.bootstrap.GradleDaemon 7.3.3

Host: Intel(R) Core(TM) i7-10750H CPU @ 2.60GHz, 12 cores, 15G,  Windows 10 , 64 bit Build 19041 (10.0.19041.1706)
Time: Sat Oct  8 12:52:22 2022 Egypt Standard Time elapsed time: 6.834151 seconds (0d 0h 0m 6s)

---------------  T H R E A D  ---------------

Current thread (0x0000028735881800):  JavaThread "C2 CompilerThread2" daemon [_thread_in_native, id=4012, stack(0x000000dd85700000,0x000000dd85800000)]


Current CompileTask:
C2:   6834 7239       4       java.beans.Introspector::addMethod (196 bytes)

Stack: [0x000000dd85700000,0x000000dd85800000]
Native frames: (J=compiled Java code, j=interpreted, Vv=VM code, C=native code)
V  [jvm.dll+0x5fbcea]
V  [jvm.dll+0x731905]
V  [jvm.dll+0x732f1d]
V  [jvm.dll+0x7335d3]
V  [jvm.dll+0x247bf8]
V  [jvm.dll+0xc018c]
V  [jvm.dll+0xc06cc]
V  [jvm.dll+0x2bcc04]
V  [jvm.dll+0x5113a8]
V  [jvm.dll+0x201c5a]
V  [jvm.dll+0x1ff71f]
V  [jvm.dll+0x18868c]
V  [jvm.dll+0x20e0d7]
V  [jvm.dll+0x20c901]
V  [jvm.dll+0x6f9b7f]
V  [jvm.dll+0x6f26a5]
V  [jvm.dll+0x5fabf6]
C  [ucrtbase.dll+0x21bb2]
C  [KERNEL32.DLL+0x17034]
C  [ntdll.dll+0x52651]


---------------  P R O C E S S  ---------------

Threads class SMR info:
_java_thread_list=0x0000028736357460, length=168, elements={
0x0000028713be8000, 0x0000028730cf7000, 0x0000028730cf8000, 0x0000028730d54800,
0x0000028730d57000, 0x0000028730d59000, 0x0000028730d6c800, 0x0000028730d6d800,
0x0000028730d6f000, 0x0000028730ee3800, 0x0000028732f4e000, 0x0000028732f50800,
0x0000028730fa8800, 0x0000028732f50000, 0x0000028732f4b000, 0x0000028732f4b800,
0x0000028732f4d800, 0x0000028732f4f000, 0x0000028732f51800, 0x0000028732f4c800,
0x00000287343f1000, 0x00000287343f3800, 0x00000287343ed800, 0x00000287343f1800,
0x00000287343f4000, 0x00000287343f2800, 0x00000287343ee800, 0x0000028735881800,
0x00000287343f0000, 0x00000287343f5000, 0x00000287343ef800, 0x00000287343fa800,
0x00000287343f7800, 0x00000287343f8800, 0x00000287343f6000, 0x00000287343fc800,
0x00000287343f9000, 0x00000287343f6800, 0x0000028735cb9000, 0x0000028735cbc800,
0x0000028735cbe000, 0x0000028735cbd000, 0x0000028735cba000, 0x0000028735cbf800,
0x0000028735cc0800, 0x0000028735cbe800, 0x0000028735cba800, 0x0000028735cbb800,
0x0000028735cc3000, 0x0000028735cc3800, 0x0000028735cc2000, 0x0000028735cc6000,
0x0000028735cc4800, 0x0000028735cc5000, 0x0000028735cc7000, 0x0000028735cc1000,
0x0000028735cc7800, 0x0000028735d28800, 0x0000028735d22800, 0x0000028735d27800,
0x0000028735d29000, 0x0000028735d23800, 0x0000028735d2a000, 0x0000028735d24800,
0x0000028735d2b000, 0x0000028735d25000, 0x0000028735d26800, 0x0000028735d2b800,
0x0000028735d26000, 0x0000028735d2e000, 0x0000028735d2c800, 0x0000028735d2f000,
0x0000028735d2d000, 0x0000028735d30800, 0x0000028735d2f800, 0x0000028735d31800,
0x000002873742e800, 0x0000028737434000, 0x0000028737433000, 0x000002873742f000,
0x0000028737430000, 0x0000028737432800, 0x0000028737430800, 0x0000028737436800,
0x0000028737437800, 0x0000028737435000, 0x0000028737435800, 0x0000028737431800,
0x000002873743d000, 0x0000028737438000, 0x0000028737439800, 0x000002873743b800,
0x0000028737439000, 0x000002873743a800, 0x000002873743c000, 0x0000028737be2000,
0x0000028737be5000, 0x0000028737be3000, 0x0000028737be3800, 0x0000028737be6000,
0x0000028737be4800, 0x0000028737be7000, 0x0000028737be1000, 0x0000028737beb000,
0x0000028737bec800, 0x0000028737bed800, 0x0000028737be8800, 0x0000028737be7800,
0x0000028737bec000, 0x0000028737bee000, 0x0000028737bef000, 0x0000028737be9800,
0x0000028737bf0000, 0x0000028737bea000, 0x0000028735daf000, 0x0000028735db0800,
0x0000028735db2800, 0x0000028735db3000, 0x0000028735db1800, 0x0000028735dad800,
0x0000028735db0000, 0x0000028735db4000, 0x0000028735dae800, 0x0000028735db7800,
0x0000028735db5800, 0x0000028735db5000, 0x0000028735db8000, 0x0000028735db9000,
0x0000028735db9800, 0x0000028735dba800, 0x0000028735dbb800, 0x0000028735dbc000,
0x0000028735db6800, 0x0000028737ab0000, 0x0000028737ab1000, 0x0000028737aad000,
0x0000028737aac000, 0x0000028737aab000, 0x0000028737aaf800, 0x0000028737ab2800,
0x0000028737ab1800, 0x0000028737ab3800, 0x0000028737aad800, 0x0000028737ab4000,
0x0000028737aae800, 0x0000028737ab7800, 0x0000028737ab6800, 0x0000028737ab8800,
0x0000028737ab5000, 0x0000028737ab6000, 0x0000028737ab9000, 0x0000028737aba000,
0x0000028738275000, 0x000002873827a000, 0x0000028738279000, 0x0000028738276000,
0x0000028738276800, 0x0000028738274800, 0x000002873827d800, 0x000002873827c800,
0x000002873827b000, 0x0000028738278800, 0x000002873827b800, 0x0000028738277800,
0x000002873827e000, 0x0000028738281800, 0x000002873827f800, 0x000002873827f000
}

Java Threads: ( => current thread )
  0x0000028713be8000 JavaThread "main" [_thread_blocked, id=8, stack(0x000000dd82a00000,0x000000dd82b00000)]
  0x0000028730cf7000 JavaThread "Reference Handler" daemon [_thread_blocked, id=2924, stack(0x000000dd83100000,0x000000dd83200000)]
  0x0000028730cf8000 JavaThread "Finalizer" daemon [_thread_blocked, id=7060, stack(0x000000dd83200000,0x000000dd83300000)]
  0x0000028730d54800 JavaThread "Signal Dispatcher" daemon [_thread_blocked, id=17712, stack(0x000000dd83300000,0x000000dd83400000)]
  0x0000028730d57000 JavaThread "Attach Listener" daemon [_thread_blocked, id=12192, stack(0x000000dd83400000,0x000000dd83500000)]
  0x0000028730d59000 JavaThread "Service Thread" daemon [_thread_blocked, id=4404, stack(0x000000dd83500000,0x000000dd83600000)]
  0x0000028730d6c800 JavaThread "C2 CompilerThread0" daemon [_thread_in_native, id=4312, stack(0x000000dd83600000,0x000000dd83700000)]
  0x0000028730d6d800 JavaThread "C1 CompilerThread0" daemon [_thread_in_native, id=15364, stack(0x000000dd83700000,0x000000dd83800000)]
  0x0000028730d6f000 JavaThread "Sweeper thread" daemon [_thread_blocked, id=2160, stack(0x000000dd83800000,0x000000dd83900000)]
  0x0000028730ee3800 JavaThread "Common-Cleaner" daemon [_thread_blocked, id=17476, stack(0x000000dd83900000,0x000000dd83a00000)]
  0x0000028732f4e000 JavaThread "Daemon health stats" [_thread_blocked, id=3720, stack(0x000000dd84200000,0x000000dd84300000)]
  0x0000028732f50800 JavaThread "Incoming local TCP Connector on port 4781" [_thread_in_native, id=6516, stack(0x000000dd83b00000,0x000000dd83c00000)]
  0x0000028730fa8800 JavaThread "C2 CompilerThread1" daemon [_thread_in_native, id=17892, stack(0x000000dd84100000,0x000000dd84200000)]
  0x0000028732f50000 JavaThread "Daemon periodic checks" [_thread_blocked, id=15208, stack(0x000000dd84300000,0x000000dd84400000)]
  0x0000028732f4b000 JavaThread "Daemon" [_thread_blocked, id=2696, stack(0x000000dd84400000,0x000000dd84500000)]
  0x0000028732f4b800 JavaThread "Handler for socket connection from /127.0.0.1:4781 to /127.0.0.1:4782" [_thread_in_native, id=6540, stack(0x000000dd84500000,0x000000dd84600000)]
  0x0000028732f4d800 JavaThread "Cancel handler" [_thread_blocked, id=4684, stack(0x000000dd84600000,0x000000dd84700000)]
  0x0000028732f4f000 JavaThread "Daemon worker" [_thread_in_vm, id=9784, stack(0x000000dd84700000,0x000000dd84800000)]
  0x0000028732f51800 JavaThread "Asynchronous log dispatcher for DefaultDaemonConnection: socket connection from /127.0.0.1:4781 to /127.0.0.1:4782" [_thread_blocked, id=17568, stack(0x000000dd84800000,0x000000dd84900000)]
  0x0000028732f4c800 JavaThread "Stdin handler" [_thread_blocked, id=4072, stack(0x000000dd84900000,0x000000dd84a00000)]
  0x00000287343f1000 JavaThread "Daemon client event forwarder" [_thread_blocked, id=15940, stack(0x000000dd84a00000,0x000000dd84b00000)]
  0x00000287343f3800 JavaThread "Cache worker for journal cache (C:\Users\diaah\.gradle\caches\journal-1)" [_thread_blocked, id=10436, stack(0x000000dd84b00000,0x000000dd84c00000)]
  0x00000287343ed800 JavaThread "File lock request listener" [_thread_in_native, id=4388, stack(0x000000dd84c00000,0x000000dd84d00000)]
  0x00000287343f1800 JavaThread "Cache worker for file hash cache (C:\Users\diaah\.gradle\caches\7.3.3\fileHashes)" [_thread_blocked, id=11160, stack(0x000000dd84d00000,0x000000dd84e00000)]
  0x00000287343f4000 JavaThread "Cache worker for file hash cache (D:\android1\7MinutesWorkout\.gradle\7.3.3\fileHashes)" [_thread_blocked, id=7048, stack(0x000000dd85400000,0x000000dd85500000)]
  0x00000287343f2800 JavaThread "File watcher server" daemon [_thread_in_native, id=14000, stack(0x000000dd85500000,0x000000dd85600000)]
  0x00000287343ee800 JavaThread "File watcher consumer" daemon [_thread_blocked, id=10096, stack(0x000000dd85600000,0x000000dd85700000)]
=>0x0000028735881800 JavaThread "C2 CompilerThread2" daemon [_thread_in_native, id=4012, stack(0x000000dd85700000,0x000000dd85800000)]
  0x00000287343f0000 JavaThread "Cache worker for checksums cache (D:\android1\7MinutesWorkout\.gradle\7.3.3\checksums)" [_thread_blocked, id=6752, stack(0x000000dd85800000,0x000000dd85900000)]
  0x00000287343f5000 JavaThread "Cache worker for cache directory md-supplier (C:\Users\diaah\.gradle\caches\7.3.3\md-supplier)" [_thread_blocked, id=5344, stack(0x000000dd85900000,0x000000dd85a00000)]
  0x00000287343ef800 JavaThread "Cache worker for cache directory md-rule (C:\Users\diaah\.gradle\caches\7.3.3\md-rule)" [_thread_blocked, id=5748, stack(0x000000dd85a00000,0x000000dd85b00000)]
  0x00000287343fa800 JavaThread "Cache worker for execution history cache (C:\Users\diaah\.gradle\caches\7.3.3\executionHistory)" [_thread_blocked, id=3920, stack(0x000000dd85b00000,0x000000dd85c00000)]
  0x00000287343f7800 JavaThread "jar transforms" [_thread_blocked, id=12112, stack(0x000000dd85c00000,0x000000dd85d00000)]
  0x00000287343f8800 JavaThread "Cache worker for file content cache (C:\Users\diaah\.gradle\caches\7.3.3\fileContent)" [_thread_blocked, id=11080, stack(0x000000dd85d00000,0x000000dd85e00000)]
  0x00000287343f6000 JavaThread "jar transforms Thread 2" [_thread_blocked, id=4232, stack(0x000000dd85e00000,0x000000dd85f00000)]
  0x00000287343fc800 JavaThread "Cache worker for dependencies-accessors (D:\android1\7MinutesWorkout\.gradle\7.3.3\dependencies-accessors)" [_thread_blocked, id=13272, stack(0x000000dd85f00000,0x000000dd86000000)]
  0x00000287343f9000 JavaThread "jar transforms Thread 3" [_thread_blocked, id=4988, stack(0x000000dd86000000,0x000000dd86100000)]
  0x00000287343f6800 JavaThread "Cache worker for Build Output Cleanup Cache (D:\android1\7MinutesWorkout\.gradle\buildOutputCleanup)" [_thread_blocked, id=3864, stack(0x000000dd86100000,0x000000dd86200000)]
  0x0000028735cb9000 JavaThread "Unconstrained build operations" [_thread_blocked, id=10944, stack(0x000000dd86200000,0x000000dd86300000)]
  0x0000028735cbc800 JavaThread "Unconstrained build operations Thread 2" [_thread_blocked, id=13068, stack(0x000000dd86300000,0x000000dd86400000)]
  0x0000028735cbe000 JavaThread "Unconstrained build operations Thread 3" [_thread_blocked, id=16760, stack(0x000000dd86400000,0x000000dd86500000)]
  0x0000028735cbd000 JavaThread "Unconstrained build operations Thread 4" [_thread_blocked, id=13612, stack(0x000000dd86500000,0x000000dd86600000)]
  0x0000028735cba000 JavaThread "Unconstrained build operations Thread 5" [_thread_blocked, id=6988, stack(0x000000dd86600000,0x000000dd86700000)]
  0x0000028735cbf800 JavaThread "Unconstrained build operations Thread 6" [_thread_blocked, id=5508, stack(0x000000dd86700000,0x000000dd86800000)]
  0x0000028735cc0800 JavaThread "Unconstrained build operations Thread 7" [_thread_blocked, id=10104, stack(0x000000dd86800000,0x000000dd86900000)]
  0x0000028735cbe800 JavaThread "Unconstrained build operations Thread 8" [_thread_blocked, id=16056, stack(0x000000dd86900000,0x000000dd86a00000)]
  0x0000028735cba800 JavaThread "Unconstrained build operations Thread 9" [_thread_blocked, id=6060, stack(0x000000dd86a00000,0x000000dd86b00000)]
  0x0000028735cbb800 JavaThread "Unconstrained build operations Thread 10" [_thread_blocked, id=14260, stack(0x000000dd86b00000,0x000000dd86c00000)]
  0x0000028735cc3000 JavaThread "Unconstrained build operations Thread 11" [_thread_blocked, id=18296, stack(0x000000dd86c00000,0x000000dd86d00000)]
  0x0000028735cc3800 JavaThread "Unconstrained build operations Thread 12" [_thread_blocked, id=1236, stack(0x000000dd86d00000,0x000000dd86e00000)]
  0x0000028735cc2000 JavaThread "Unconstrained build operations Thread 13" [_thread_blocked, id=17616, stack(0x000000dd86e00000,0x000000dd86f00000)]
  0x0000028735cc6000 JavaThread "Unconstrained build operations Thread 14" [_thread_blocked, id=4704, stack(0x000000dd86f00000,0x000000dd87000000)]
  0x0000028735cc4800 JavaThread "Unconstrained build operations Thread 15" [_thread_blocked, id=1240, stack(0x000000dd87000000,0x000000dd87100000)]
  0x0000028735cc5000 JavaThread "Unconstrained build operations Thread 16" [_thread_blocked, id=6332, stack(0x000000dd87100000,0x000000dd87200000)]
  0x0000028735cc7000 JavaThread "Unconstrained build operations Thread 17" [_thread_blocked, id=14764, stack(0x000000dd87200000,0x000000dd87300000)]
  0x0000028735cc1000 JavaThread "Unconstrained build operations Thread 18" [_thread_blocked, id=3940, stack(0x000000dd87300000,0x000000dd87400000)]
  0x0000028735cc7800 JavaThread "Unconstrained build operations Thread 19" [_thread_blocked, id=14088, stack(0x000000dd87400000,0x000000dd87500000)]
  0x0000028735d28800 JavaThread "Unconstrained build operations Thread 20" [_thread_blocked, id=12004, stack(0x000000dd87500000,0x000000dd87600000)]
  0x0000028735d22800 JavaThread "Unconstrained build operations Thread 21" [_thread_blocked, id=5680, stack(0x000000dd87600000,0x000000dd87700000)]
  0x0000028735d27800 JavaThread "Unconstrained build operations Thread 22" [_thread_blocked, id=4024, stack(0x000000dd87700000,0x000000dd87800000)]
  0x0000028735d29000 JavaThread "Unconstrained build operations Thread 23" [_thread_blocked, id=13028, stack(0x000000dd87800000,0x000000dd87900000)]
  0x0000028735d23800 JavaThread "Unconstrained build operations Thread 24" [_thread_blocked, id=16492, stack(0x000000dd87900000,0x000000dd87a00000)]
  0x0000028735d2a000 JavaThread "Unconstrained build operations Thread 25" [_thread_blocked, id=1908, stack(0x000000dd87a00000,0x000000dd87b00000)]
  0x0000028735d24800 JavaThread "Unconstrained build operations Thread 26" [_thread_blocked, id=15456, stack(0x000000dd87b00000,0x000000dd87c00000)]
  0x0000028735d2b000 JavaThread "Unconstrained build operations Thread 27" [_thread_blocked, id=13096, stack(0x000000dd87c00000,0x000000dd87d00000)]
  0x0000028735d25000 JavaThread "Unconstrained build operations Thread 28" [_thread_blocked, id=4748, stack(0x000000dd87d00000,0x000000dd87e00000)]
  0x0000028735d26800 JavaThread "Unconstrained build operations Thread 29" [_thread_blocked, id=9632, stack(0x000000dd87e00000,0x000000dd87f00000)]
  0x0000028735d2b800 JavaThread "Unconstrained build operations Thread 30" [_thread_blocked, id=16592, stack(0x000000dd87f00000,0x000000dd88000000)]
  0x0000028735d26000 JavaThread "Unconstrained build operations Thread 31" [_thread_blocked, id=8272, stack(0x000000dd88000000,0x000000dd88100000)]
  0x0000028735d2e000 JavaThread "Unconstrained build operations Thread 32" [_thread_blocked, id=16288, stack(0x000000dd88100000,0x000000dd88200000)]
  0x0000028735d2c800 JavaThread "Unconstrained build operations Thread 33" [_thread_blocked, id=6708, stack(0x000000dd88200000,0x000000dd88300000)]
  0x0000028735d2f000 JavaThread "Unconstrained build operations Thread 34" [_thread_blocked, id=11104, stack(0x000000dd88300000,0x000000dd88400000)]
  0x0000028735d2d000 JavaThread "Unconstrained build operations Thread 35" [_thread_blocked, id=3648, stack(0x000000dd88400000,0x000000dd88500000)]
  0x0000028735d30800 JavaThread "Unconstrained build operations Thread 36" [_thread_blocked, id=18192, stack(0x000000dd88500000,0x000000dd88600000)]
  0x0000028735d2f800 JavaThread "Unconstrained build operations Thread 37" [_thread_blocked, id=14032, stack(0x000000dd88600000,0x000000dd88700000)]
  0x0000028735d31800 JavaThread "Unconstrained build operations Thread 38" [_thread_blocked, id=13496, stack(0x000000dd88700000,0x000000dd88800000)]
  0x000002873742e800 JavaThread "Unconstrained build operations Thread 39" [_thread_blocked, id=17372, stack(0x000000dd88800000,0x000000dd88900000)]
  0x0000028737434000 JavaThread "Unconstrained build operations Thread 40" [_thread_blocked, id=12820, stack(0x000000dd88900000,0x000000dd88a00000)]
  0x0000028737433000 JavaThread "Unconstrained build operations Thread 41" [_thread_blocked, id=13648, stack(0x000000dd88a00000,0x000000dd88b00000)]
  0x000002873742f000 JavaThread "Unconstrained build operations Thread 42" [_thread_blocked, id=5736, stack(0x000000dd88b00000,0x000000dd88c00000)]
  0x0000028737430000 JavaThread "Unconstrained build operations Thread 43" [_thread_blocked, id=17828, stack(0x000000dd88c00000,0x000000dd88d00000)]
  0x0000028737432800 JavaThread "Unconstrained build operations Thread 44" [_thread_blocked, id=7604, stack(0x000000dd88d00000,0x000000dd88e00000)]
  0x0000028737430800 JavaThread "Unconstrained build operations Thread 45" [_thread_blocked, id=12612, stack(0x000000dd88e00000,0x000000dd88f00000)]
  0x0000028737436800 JavaThread "Unconstrained build operations Thread 46" [_thread_blocked, id=14360, stack(0x000000dd88f00000,0x000000dd89000000)]
  0x0000028737437800 JavaThread "Unconstrained build operations Thread 47" [_thread_blocked, id=13852, stack(0x000000dd89000000,0x000000dd89100000)]
  0x0000028737435000 JavaThread "Unconstrained build operations Thread 48" [_thread_blocked, id=4104, stack(0x000000dd89100000,0x000000dd89200000)]
  0x0000028737435800 JavaThread "Unconstrained build operations Thread 49" [_thread_blocked, id=17340, stack(0x000000dd89200000,0x000000dd89300000)]
  0x0000028737431800 JavaThread "Unconstrained build operations Thread 50" [_thread_blocked, id=13016, stack(0x000000dd89300000,0x000000dd89400000)]
  0x000002873743d000 JavaThread "Unconstrained build operations Thread 51" [_thread_blocked, id=10820, stack(0x000000dd89400000,0x000000dd89500000)]
  0x0000028737438000 JavaThread "Unconstrained build operations Thread 52" [_thread_blocked, id=11420, stack(0x000000dd89500000,0x000000dd89600000)]
  0x0000028737439800 JavaThread "Unconstrained build operations Thread 53" [_thread_blocked, id=4492, stack(0x000000dd89600000,0x000000dd89700000)]
  0x000002873743b800 JavaThread "Unconstrained build operations Thread 54" [_thread_blocked, id=9328, stack(0x000000dd89700000,0x000000dd89800000)]
  0x0000028737439000 JavaThread "Unconstrained build operations Thread 55" [_thread_blocked, id=14684, stack(0x000000dd89800000,0x000000dd89900000)]
  0x000002873743a800 JavaThread "Unconstrained build operations Thread 56" [_thread_blocked, id=16040, stack(0x000000dd89900000,0x000000dd89a00000)]
  0x000002873743c000 JavaThread "Unconstrained build operations Thread 57" [_thread_blocked, id=16728, stack(0x000000dd89a00000,0x000000dd89b00000)]
  0x0000028737be2000 JavaThread "Unconstrained build operations Thread 58" [_thread_blocked, id=14780, stack(0x000000dd89b00000,0x000000dd89c00000)]
  0x0000028737be5000 JavaThread "Unconstrained build operations Thread 59" [_thread_blocked, id=4484, stack(0x000000dd89c00000,0x000000dd89d00000)]
  0x0000028737be3000 JavaThread "Unconstrained build operations Thread 60" [_thread_blocked, id=14800, stack(0x000000dd89d00000,0x000000dd89e00000)]
  0x0000028737be3800 JavaThread "Unconstrained build operations Thread 61" [_thread_blocked, id=9424, stack(0x000000dd89e00000,0x000000dd89f00000)]
  0x0000028737be6000 JavaThread "Unconstrained build operations Thread 62" [_thread_blocked, id=17948, stack(0x000000dd89f00000,0x000000dd8a000000)]
  0x0000028737be4800 JavaThread "Unconstrained build operations Thread 63" [_thread_blocked, id=10900, stack(0x000000dd8a000000,0x000000dd8a100000)]
  0x0000028737be7000 JavaThread "Unconstrained build operations Thread 64" [_thread_blocked, id=15740, stack(0x000000dd8a100000,0x000000dd8a200000)]
  0x0000028737be1000 JavaThread "Unconstrained build operations Thread 65" [_thread_blocked, id=3024, stack(0x000000dd8a200000,0x000000dd8a300000)]
  0x0000028737beb000 JavaThread "Unconstrained build operations Thread 66" [_thread_blocked, id=10448, stack(0x000000dd8a300000,0x000000dd8a400000)]
  0x0000028737bec800 JavaThread "Unconstrained build operations Thread 67" [_thread_blocked, id=8688, stack(0x000000dd8a400000,0x000000dd8a500000)]
  0x0000028737bed800 JavaThread "Unconstrained build operations Thread 68" [_thread_blocked, id=16736, stack(0x000000dd8a500000,0x000000dd8a600000)]
  0x0000028737be8800 JavaThread "Unconstrained build operations Thread 69" [_thread_blocked, id=10352, stack(0x000000dd8a600000,0x000000dd8a700000)]
  0x0000028737be7800 JavaThread "Unconstrained build operations Thread 70" [_thread_blocked, id=15188, stack(0x000000dd8a700000,0x000000dd8a800000)]
  0x0000028737bec000 JavaThread "Unconstrained build operations Thread 71" [_thread_blocked, id=2092, stack(0x000000dd8a800000,0x000000dd8a900000)]
  0x0000028737bee000 JavaThread "Unconstrained build operations Thread 72" [_thread_blocked, id=10976, stack(0x000000dd8a900000,0x000000dd8aa00000)]
  0x0000028737bef000 JavaThread "Unconstrained build operations Thread 73" [_thread_blocked, id=15576, stack(0x000000dd8aa00000,0x000000dd8ab00000)]
  0x0000028737be9800 JavaThread "Unconstrained build operations Thread 74" [_thread_blocked, id=9932, stack(0x000000dd8ab00000,0x000000dd8ac00000)]
  0x0000028737bf0000 JavaThread "Unconstrained build operations Thread 75" [_thread_blocked, id=11212, stack(0x000000dd8ac00000,0x000000dd8ad00000)]
  0x0000028737bea000 JavaThread "Unconstrained build operations Thread 76" [_thread_blocked, id=13004, stack(0x000000dd8ad00000,0x000000dd8ae00000)]
  0x0000028735daf000 JavaThread "Unconstrained build operations Thread 77" [_thread_blocked, id=2548, stack(0x000000dd8ae00000,0x000000dd8af00000)]
  0x0000028735db0800 JavaThread "Unconstrained build operations Thread 78" [_thread_blocked, id=7588, stack(0x000000dd8af00000,0x000000dd8b000000)]
  0x0000028735db2800 JavaThread "Unconstrained build operations Thread 79" [_thread_blocked, id=17852, stack(0x000000dd8b000000,0x000000dd8b100000)]
  0x0000028735db3000 JavaThread "Unconstrained build operations Thread 80" [_thread_blocked, id=4668, stack(0x000000dd8b100000,0x000000dd8b200000)]
  0x0000028735db1800 JavaThread "Unconstrained build operations Thread 81" [_thread_blocked, id=18048, stack(0x000000dd8b200000,0x000000dd8b300000)]
  0x0000028735dad800 JavaThread "Unconstrained build operations Thread 82" [_thread_blocked, id=10576, stack(0x000000dd8b300000,0x000000dd8b400000)]
  0x0000028735db0000 JavaThread "Unconstrained build operations Thread 83" [_thread_blocked, id=2624, stack(0x000000dd8b400000,0x000000dd8b500000)]
  0x0000028735db4000 JavaThread "Unconstrained build operations Thread 84" [_thread_blocked, id=17804, stack(0x000000dd8b500000,0x000000dd8b600000)]
  0x0000028735dae800 JavaThread "Unconstrained build operations Thread 85" [_thread_blocked, id=7636, stack(0x000000dd8b600000,0x000000dd8b700000)]
  0x0000028735db7800 JavaThread "Unconstrained build operations Thread 86" [_thread_blocked, id=6624, stack(0x000000dd8b700000,0x000000dd8b800000)]
  0x0000028735db5800 JavaThread "Unconstrained build operations Thread 87" [_thread_blocked, id=15696, stack(0x000000dd8b800000,0x000000dd8b900000)]
  0x0000028735db5000 JavaThread "Unconstrained build operations Thread 88" [_thread_blocked, id=15612, stack(0x000000dd8b900000,0x000000dd8ba00000)]
  0x0000028735db8000 JavaThread "Unconstrained build operations Thread 89" [_thread_blocked, id=4028, stack(0x000000dd8ba00000,0x000000dd8bb00000)]
  0x0000028735db9000 JavaThread "Unconstrained build operations Thread 90" [_thread_blocked, id=7088, stack(0x000000dd8bb00000,0x000000dd8bc00000)]
  0x0000028735db9800 JavaThread "Unconstrained build operations Thread 91" [_thread_blocked, id=12864, stack(0x000000dd8bc00000,0x000000dd8bd00000)]
  0x0000028735dba800 JavaThread "Unconstrained build operations Thread 92" [_thread_blocked, id=11848, stack(0x000000dd8bd00000,0x000000dd8be00000)]
  0x0000028735dbb800 JavaThread "Unconstrained build operations Thread 93" [_thread_blocked, id=1624, stack(0x000000dd8be00000,0x000000dd8bf00000)]
  0x0000028735dbc000 JavaThread "Unconstrained build operations Thread 94" [_thread_blocked, id=9788, stack(0x000000dd8bf00000,0x000000dd8c000000)]
  0x0000028735db6800 JavaThread "Unconstrained build operations Thread 95" [_thread_blocked, id=13600, stack(0x000000dd8c000000,0x000000dd8c100000)]
  0x0000028737ab0000 JavaThread "Unconstrained build operations Thread 96" [_thread_blocked, id=8676, stack(0x000000dd8c100000,0x000000dd8c200000)]
  0x0000028737ab1000 JavaThread "Unconstrained build operations Thread 97" [_thread_blocked, id=12248, stack(0x000000dd8c200000,0x000000dd8c300000)]
  0x0000028737aad000 JavaThread "Unconstrained build operations Thread 98" [_thread_blocked, id=13924, stack(0x000000dd8c300000,0x000000dd8c400000)]
  0x0000028737aac000 JavaThread "Unconstrained build operations Thread 99" [_thread_blocked, id=11164, stack(0x000000dd8c400000,0x000000dd8c500000)]
  0x0000028737aab000 JavaThread "Unconstrained build operations Thread 100" [_thread_blocked, id=16124, stack(0x000000dd8c500000,0x000000dd8c600000)]
  0x0000028737aaf800 JavaThread "Unconstrained build operations Thread 101" [_thread_blocked, id=11060, stack(0x000000dd8c600000,0x000000dd8c700000)]
  0x0000028737ab2800 JavaThread "Unconstrained build operations Thread 102" [_thread_blocked, id=13448, stack(0x000000dd8c700000,0x000000dd8c800000)]
  0x0000028737ab1800 JavaThread "Unconstrained build operations Thread 103" [_thread_blocked, id=8396, stack(0x000000dd8c800000,0x000000dd8c900000)]
  0x0000028737ab3800 JavaThread "Unconstrained build operations Thread 104" [_thread_blocked, id=8416, stack(0x000000dd8c900000,0x000000dd8ca00000)]
  0x0000028737aad800 JavaThread "Unconstrained build operations Thread 105" [_thread_blocked, id=14652, stack(0x000000dd8ca00000,0x000000dd8cb00000)]
  0x0000028737ab4000 JavaThread "Unconstrained build operations Thread 106" [_thread_blocked, id=12784, stack(0x000000dd8cb00000,0x000000dd8cc00000)]
  0x0000028737aae800 JavaThread "Unconstrained build operations Thread 107" [_thread_blocked, id=3356, stack(0x000000dd8cc00000,0x000000dd8cd00000)]
  0x0000028737ab7800 JavaThread "Unconstrained build operations Thread 108" [_thread_blocked, id=18160, stack(0x000000dd8cd00000,0x000000dd8ce00000)]
  0x0000028737ab6800 JavaThread "Unconstrained build operations Thread 109" [_thread_blocked, id=13552, stack(0x000000dd8ce00000,0x000000dd8cf00000)]
  0x0000028737ab8800 JavaThread "Unconstrained build operations Thread 110" [_thread_blocked, id=11076, stack(0x000000dd8cf00000,0x000000dd8d000000)]
  0x0000028737ab5000 JavaThread "Unconstrained build operations Thread 111" [_thread_blocked, id=10320, stack(0x000000dd8d000000,0x000000dd8d100000)]
  0x0000028737ab6000 JavaThread "Unconstrained build operations Thread 112" [_thread_blocked, id=12956, stack(0x000000dd8d100000,0x000000dd8d200000)]
  0x0000028737ab9000 JavaThread "Unconstrained build operations Thread 113" [_thread_blocked, id=13424, stack(0x000000dd8d200000,0x000000dd8d300000)]
  0x0000028737aba000 JavaThread "Unconstrained build operations Thread 114" [_thread_blocked, id=7052, stack(0x000000dd8d300000,0x000000dd8d400000)]
  0x0000028738275000 JavaThread "Unconstrained build operations Thread 115" [_thread_blocked, id=18368, stack(0x000000dd8d400000,0x000000dd8d500000)]
  0x000002873827a000 JavaThread "Unconstrained build operations Thread 116" [_thread_blocked, id=16884, stack(0x000000dd8d500000,0x000000dd8d600000)]
  0x0000028738279000 JavaThread "Unconstrained build operations Thread 117" [_thread_blocked, id=4456, stack(0x000000dd8d600000,0x000000dd8d700000)]
  0x0000028738276000 JavaThread "Unconstrained build operations Thread 118" [_thread_blocked, id=4328, stack(0x000000dd8d700000,0x000000dd8d800000)]
  0x0000028738276800 JavaThread "Unconstrained build operations Thread 119" [_thread_blocked, id=9240, stack(0x000000dd8d800000,0x000000dd8d900000)]
  0x0000028738274800 JavaThread "Unconstrained build operations Thread 120" [_thread_blocked, id=13084, stack(0x000000dd8d900000,0x000000dd8da00000)]
  0x000002873827d800 JavaThread "jar transforms Thread 4" [_thread_blocked, id=9800, stack(0x000000dd8da00000,0x000000dd8db00000)]
  0x000002873827c800 JavaThread "jar transforms Thread 5" [_thread_blocked, id=15268, stack(0x000000dd8db00000,0x000000dd8dc00000)]
  0x000002873827b000 JavaThread "jar transforms Thread 6" [_thread_blocked, id=10936, stack(0x000000dd8dc00000,0x000000dd8dd00000)]
  0x0000028738278800 JavaThread "jar transforms Thread 7" [_thread_blocked, id=17764, stack(0x000000dd8dd00000,0x000000dd8de00000)]
  0x000002873827b800 JavaThread "jar transforms Thread 8" [_thread_blocked, id=12076, stack(0x000000dd8de00000,0x000000dd8df00000)]
  0x0000028738277800 JavaThread "jar transforms Thread 9" [_thread_blocked, id=10540, stack(0x000000dd8df00000,0x000000dd8e000000)]
  0x000002873827e000 JavaThread "jar transforms Thread 10" [_thread_blocked, id=5524, stack(0x000000dd8e000000,0x000000dd8e100000)]
  0x0000028738281800 JavaThread "jar transforms Thread 11" [_thread_blocked, id=16292, stack(0x000000dd8e100000,0x000000dd8e200000)]
  0x000002873827f800 JavaThread "jar transforms Thread 12" [_thread_blocked, id=7024, stack(0x000000dd8e200000,0x000000dd8e300000)]
  0x000002873827f000 JavaThread "Memory manager" [_thread_blocked, id=14604, stack(0x000000dd8e300000,0x000000dd8e400000)]

Other Threads:
  0x00000287304b9800 VMThread "VM Thread" [stack: 0x000000dd83000000,0x000000dd83100000] [id=13920]
  0x0000028730eec800 WatcherThread [stack: 0x000000dd83a00000,0x000000dd83b00000] [id=2156]
  0x0000028713c03800 GCTaskThread "GC Thread#0" [stack: 0x000000dd82b00000,0x000000dd82c00000] [id=15532]
  0x0000028731cc9800 GCTaskThread "GC Thread#1" [stack: 0x000000dd83c00000,0x000000dd83d00000] [id=1256]
  0x0000028731c84800 GCTaskThread "GC Thread#2" [stack: 0x000000dd83d00000,0x000000dd83e00000] [id=168]
  0x0000028731bfa800 GCTaskThread "GC Thread#3" [stack: 0x000000dd83e00000,0x000000dd83f00000] [id=15896]
  0x0000028731c05800 GCTaskThread "GC Thread#4" [stack: 0x000000dd83f00000,0x000000dd84000000] [id=1888]
  0x0000028731c23000 GCTaskThread "GC Thread#5" [stack: 0x000000dd84000000,0x000000dd84100000] [id=17848]
  0x00000287339a9800 GCTaskThread "GC Thread#6" [stack: 0x000000dd84e00000,0x000000dd84f00000] [id=1676]
  0x00000287339ad000 GCTaskThread "GC Thread#7" [stack: 0x000000dd84f00000,0x000000dd85000000] [id=17244]
  0x00000287339ac800 GCTaskThread "GC Thread#8" [stack: 0x000000dd85000000,0x000000dd85100000] [id=11796]
  0x00000287339ae000 GCTaskThread "GC Thread#9" [stack: 0x000000dd85100000,0x000000dd85200000] [id=9692]
  0x0000028713c34800 ConcurrentGCThread "G1 Main Marker" [stack: 0x000000dd82c00000,0x000000dd82d00000] [id=16336]
  0x0000028713c37000 ConcurrentGCThread "G1 Conc#0" [stack: 0x000000dd82d00000,0x000000dd82e00000] [id=4688]
  0x00000287339aa800 ConcurrentGCThread "G1 Conc#1" [stack: 0x000000dd85200000,0x000000dd85300000] [id=18304]
  0x00000287339ae800 ConcurrentGCThread "G1 Conc#2" [stack: 0x000000dd85300000,0x000000dd85400000] [id=6652]
  0x000002873033e800 ConcurrentGCThread "G1 Refine#0" [stack: 0x000000dd82e00000,0x000000dd82f00000] [id=5612]
  0x000002873033f000 ConcurrentGCThread "G1 Young RemSet Sampling" [stack: 0x000000dd82f00000,0x000000dd83000000] [id=9620]

Threads with active compile tasks:
C2 CompilerThread0   6868 7262       4       java.util.jar.JarFile::getManifest (5 bytes)
C2 CompilerThread1   6868 7261       4       java.util.jar.JarFile::getManifestFromReference (151 bytes)
C2 CompilerThread2   6869 7239       4       java.beans.Introspector::addMethod (196 bytes)

VM state:not at safepoint (normal execution)

VM Mutex/Monitor currently owned by a thread:  ([mutex/lock_event])
[0x0000028713be4ba0] SystemDictionary_lock - owner thread: 0x0000000000000000

Heap address: 0x0000000080000000, size: 2048 MB, Compressed Oops mode: 32-bit
Narrow klass base: 0x0000000000000000, Narrow klass shift: 3
Compressed class space size: 1073741824 Address: 0x0000000100000000

Heap:
 garbage-first heap   total 260096K, used 152119K [0x0000000080000000, 0x0000000100000000)
  region size 1024K, 102 young (104448K), 9 survivors (9216K)
 Metaspace       used 75572K, capacity 77177K, committed 77264K, reserved 1116160K
  class space    used 9765K, capacity 10409K, committed 10448K, reserved 1048576K
Heap Regions: E=young(eden), S=young(survivor), O=old, HS=humongous(starts), HC=humongous(continues), CS=collection set, F=free, A=archive, TAMS=top-at-mark-start (previous, next)
|   0|0x0000000080000000, 0x0000000080100000, 0x0000000080100000|100%| O|  |TAMS 0x0000000080100000, 0x0000000080000000| Untracked 
|   1|0x0000000080100000, 0x0000000080200000, 0x0000000080200000|100%| O|  |TAMS 0x0000000080200000, 0x0000000080100000| Untracked 
|   2|0x0000000080200000, 0x0000000080300000, 0x0000000080300000|100%| O|  |TAMS 0x0000000080300000, 0x0000000080200000| Untracked 
|   3|0x0000000080300000, 0x0000000080400000, 0x0000000080400000|100%|HS|  |TAMS 0x0000000080400000, 0x0000000080300000| Complete 
|   4|0x0000000080400000, 0x0000000080500000, 0x0000000080500000|100%|HC|  |TAMS 0x0000000080500000, 0x0000000080400000| Complete 
|   5|0x0000000080500000, 0x0000000080600000, 0x0000000080600000|100%|HC|  |TAMS 0x0000000080600000, 0x0000000080500000| Complete 
|   6|0x0000000080600000, 0x0000000080700000, 0x0000000080700000|100%| O|  |TAMS 0x0000000080700000, 0x0000000080600000| Untracked 
|   7|0x0000000080700000, 0x0000000080800000, 0x0000000080800000|100%| O|  |TAMS 0x0000000080800000, 0x0000000080700000| Untracked 
|   8|0x0000000080800000, 0x0000000080900000, 0x0000000080900000|100%| O|  |TAMS 0x0000000080900000, 0x0000000080800000| Untracked 
|   9|0x0000000080900000, 0x0000000080a00000, 0x0000000080a00000|100%| O|  |TAMS 0x0000000080a00000, 0x0000000080900000| Untracked 
|  10|0x0000000080a00000, 0x0000000080b00000, 0x0000000080b00000|100%| O|  |TAMS 0x0000000080b00000, 0x0000000080a00000| Untracked 
|  11|0x0000000080b00000, 0x0000000080c00000, 0x0000000080c00000|100%| O|  |TAMS 0x0000000080c00000, 0x0000000080b00000| Untracked 
|  12|0x0000000080c00000, 0x0000000080d00000, 0x0000000080d00000|100%| O|  |TAMS 0x0000000080d00000, 0x0000000080c00000| Untracked 
|  13|0x0000000080d00000, 0x0000000080e00000, 0x0000000080e00000|100%| O|  |TAMS 0x0000000080e00000, 0x0000000080d00000| Untracked 
|  14|0x0000000080e00000, 0x0000000080f00000, 0x0000000080f00000|100%| O|  |TAMS 0x0000000080f00000, 0x0000000080e00000| Untracked 
|  15|0x0000000080f00000, 0x0000000081000000, 0x0000000081000000|100%| O|  |TAMS 0x0000000081000000, 0x0000000080f00000| Untracked 
|  16|0x0000000081000000, 0x0000000081100000, 0x0000000081100000|100%| O|  |TAMS 0x0000000081100000, 0x0000000081000000| Untracked 
|  17|0x0000000081100000, 0x0000000081200000, 0x0000000081200000|100%|HS|  |TAMS 0x0000000081200000, 0x0000000081100000| Complete 
|  18|0x0000000081200000, 0x0000000081300000, 0x0000000081300000|100%|HS|  |TAMS 0x0000000081300000, 0x0000000081200000| Complete 
|  19|0x0000000081300000, 0x0000000081400000, 0x0000000081400000|100%|HS|  |TAMS 0x0000000081400000, 0x0000000081300000| Complete 
|  20|0x0000000081400000, 0x0000000081500000, 0x0000000081500000|100%|HS|  |TAMS 0x0000000081500000, 0x0000000081400000| Complete 
|  21|0x0000000081500000, 0x0000000081600000, 0x0000000081600000|100%|HC|  |TAMS 0x0000000081600000, 0x0000000081500000| Complete 
|  22|0x0000000081600000, 0x0000000081700000, 0x0000000081700000|100%|HC|  |TAMS 0x0000000081700000, 0x0000000081600000| Complete 
|  23|0x0000000081700000, 0x0000000081800000, 0x0000000081800000|100%|HS|  |TAMS 0x0000000081800000, 0x0000000081700000| Complete 
|  24|0x0000000081800000, 0x0000000081900000, 0x0000000081900000|100%|HC|  |TAMS 0x0000000081900000, 0x0000000081800000| Complete 
|  25|0x0000000081900000, 0x0000000081a00000, 0x0000000081a00000|100%| O|  |TAMS 0x0000000081a00000, 0x0000000081900000| Untracked 
|  26|0x0000000081a00000, 0x0000000081b00000, 0x0000000081b00000|100%| O|  |TAMS 0x0000000081b00000, 0x0000000081a00000| Untracked 
|  27|0x0000000081b00000, 0x0000000081c00000, 0x0000000081c00000|100%| O|  |TAMS 0x0000000081c00000, 0x0000000081b00000| Untracked 
|  28|0x0000000081c00000, 0x0000000081d00000, 0x0000000081d00000|100%| O|  |TAMS 0x0000000081d00000, 0x0000000081c00000| Untracked 
|  29|0x0000000081d00000, 0x0000000081e00000, 0x0000000081e00000|100%| O|  |TAMS 0x0000000081e00000, 0x0000000081d00000| Untracked 
|  30|0x0000000081e00000, 0x0000000081f00000, 0x0000000081f00000|100%| O|  |TAMS 0x0000000081f00000, 0x0000000081e00000| Untracked 
|  31|0x0000000081f00000, 0x0000000082000000, 0x0000000082000000|100%| O|  |TAMS 0x0000000082000000, 0x0000000081f00000| Untracked 
|  32|0x0000000082000000, 0x0000000082100000, 0x0000000082100000|100%| O|  |TAMS 0x0000000082100000, 0x0000000082000000| Untracked 
|  33|0x0000000082100000, 0x0000000082200000, 0x0000000082200000|100%| O|  |TAMS 0x0000000082200000, 0x0000000082100000| Untracked 
|  34|0x0000000082200000, 0x0000000082300000, 0x0000000082300000|100%| O|  |TAMS 0x0000000082300000, 0x0000000082200000| Untracked 
|  35|0x0000000082300000, 0x0000000082400000, 0x0000000082400000|100%| O|  |TAMS 0x0000000082400000, 0x0000000082300000| Untracked 
|  36|0x0000000082400000, 0x0000000082500000, 0x0000000082500000|100%| O|  |TAMS 0x0000000082500000, 0x0000000082400000| Untracked 
|  37|0x0000000082500000, 0x0000000082600000, 0x0000000082600000|100%| O|  |TAMS 0x0000000082600000, 0x0000000082500000| Untracked 
|  38|0x0000000082600000, 0x0000000082700000, 0x0000000082700000|100%| O|  |TAMS 0x0000000082700000, 0x0000000082600000| Untracked 
|  39|0x0000000082700000, 0x0000000082800000, 0x0000000082800000|100%| O|  |TAMS 0x0000000082800000, 0x0000000082700000| Untracked 
|  40|0x0000000082800000, 0x0000000082900000, 0x0000000082900000|100%| O|  |TAMS 0x0000000082900000, 0x0000000082800000| Untracked 
|  41|0x0000000082900000, 0x0000000082a00000, 0x0000000082a00000|100%| O|  |TAMS 0x0000000082a00000, 0x0000000082900000| Untracked 
|  42|0x0000000082a00000, 0x0000000082b00000, 0x0000000082b00000|100%| O|  |TAMS 0x0000000082b00000, 0x0000000082a00000| Untracked 
|  43|0x0000000082b00000, 0x0000000082c00000, 0x0000000082c00000|100%| O|  |TAMS 0x0000000082c00000, 0x0000000082b00000| Untracked 
|  44|0x0000000082c00000, 0x0000000082d00000, 0x0000000082d00000|100%| O|  |TAMS 0x0000000082d00000, 0x0000000082c00000| Untracked 
|  45|0x0000000082d00000, 0x0000000082e00000, 0x0000000082e00000|100%| O|  |TAMS 0x0000000082e00000, 0x0000000082d00000| Untracked 
|  46|0x0000000082e00000, 0x0000000082f00000, 0x0000000082f00000|100%| O|  |TAMS 0x0000000082f00000, 0x0000000082e00000| Untracked 
|  47|0x0000000082f00000, 0x0000000083000000, 0x0000000083000000|100%| O|  |TAMS 0x0000000083000000, 0x0000000082f00000| Untracked 
|  48|0x0000000083000000, 0x0000000083061200, 0x0000000083100000| 37%| O|  |TAMS 0x0000000083061200, 0x0000000083000000| Untracked 
|  49|0x0000000083100000, 0x0000000083100000, 0x0000000083200000|  0%| F|  |TAMS 0x0000000083100000, 0x0000000083100000| Untracked 
|  50|0x0000000083200000, 0x0000000083200000, 0x0000000083300000|  0%| F|  |TAMS 0x0000000083200000, 0x0000000083200000| Untracked 
|  51|0x0000000083300000, 0x0000000083300000, 0x0000000083400000|  0%| F|  |TAMS 0x0000000083300000, 0x0000000083300000| Untracked 
|  52|0x0000000083400000, 0x0000000083400000, 0x0000000083500000|  0%| F|  |TAMS 0x0000000083400000, 0x0000000083400000| Untracked 
|  53|0x0000000083500000, 0x0000000083500000, 0x0000000083600000|  0%| F|  |TAMS 0x0000000083500000, 0x0000000083500000| Untracked 
|  54|0x0000000083600000, 0x0000000083600000, 0x0000000083700000|  0%| F|  |TAMS 0x0000000083600000, 0x0000000083600000| Untracked 
|  55|0x0000000083700000, 0x0000000083700000, 0x0000000083800000|  0%| F|  |TAMS 0x0000000083700000, 0x0000000083700000| Untracked 
|  56|0x0000000083800000, 0x0000000083800000, 0x0000000083900000|  0%| F|  |TAMS 0x0000000083800000, 0x0000000083800000| Untracked 
|  57|0x0000000083900000, 0x0000000083900000, 0x0000000083a00000|  0%| F|  |TAMS 0x0000000083900000, 0x0000000083900000| Untracked 
|  58|0x0000000083a00000, 0x0000000083a00000, 0x0000000083b00000|  0%| F|  |TAMS 0x0000000083a00000, 0x0000000083a00000| Untracked 
|  59|0x0000000083b00000, 0x0000000083b00000, 0x0000000083c00000|  0%| F|  |TAMS 0x0000000083b00000, 0x0000000083b00000| Untracked 
|  60|0x0000000083c00000, 0x0000000083c00000, 0x0000000083d00000|  0%| F|  |TAMS 0x0000000083c00000, 0x0000000083c00000| Untracked 
|  61|0x0000000083d00000, 0x0000000083d00000, 0x0000000083e00000|  0%| F|  |TAMS 0x0000000083d00000, 0x0000000083d00000| Untracked 
|  62|0x0000000083e00000, 0x0000000083e00000, 0x0000000083f00000|  0%| F|  |TAMS 0x0000000083e00000, 0x0000000083e00000| Untracked 
|  63|0x0000000083f00000, 0x0000000083f00000, 0x0000000084000000|  0%| F|  |TAMS 0x0000000083f00000, 0x0000000083f00000| Untracked 
|  64|0x0000000084000000, 0x0000000084000000, 0x0000000084100000|  0%| F|  |TAMS 0x0000000084000000, 0x0000000084000000| Untracked 
|  65|0x0000000084100000, 0x0000000084100000, 0x0000000084200000|  0%| F|  |TAMS 0x0000000084100000, 0x0000000084100000| Untracked 
|  66|0x0000000084200000, 0x0000000084200000, 0x0000000084300000|  0%| F|  |TAMS 0x0000000084200000, 0x0000000084200000| Untracked 
|  67|0x0000000084300000, 0x0000000084300000, 0x0000000084400000|  0%| F|  |TAMS 0x0000000084300000, 0x0000000084300000| Untracked 
|  68|0x0000000084400000, 0x0000000084400000, 0x0000000084500000|  0%| F|  |TAMS 0x0000000084400000, 0x0000000084400000| Untracked 
|  69|0x0000000084500000, 0x0000000084500000, 0x0000000084600000|  0%| F|  |TAMS 0x0000000084500000, 0x0000000084500000| Untracked 
|  70|0x0000000084600000, 0x0000000084600000, 0x0000000084700000|  0%| F|  |TAMS 0x0000000084600000, 0x0000000084600000| Untracked 
|  71|0x0000000084700000, 0x0000000084700000, 0x0000000084800000|  0%| F|  |TAMS 0x0000000084700000, 0x0000000084700000| Untracked 
|  72|0x0000000084800000, 0x0000000084800000, 0x0000000084900000|  0%| F|  |TAMS 0x0000000084800000, 0x0000000084800000| Untracked 
|  73|0x0000000084900000, 0x0000000084900000, 0x0000000084a00000|  0%| F|  |TAMS 0x0000000084900000, 0x0000000084900000| Untracked 
|  74|0x0000000084a00000, 0x0000000084a00000, 0x0000000084b00000|  0%| F|  |TAMS 0x0000000084a00000, 0x0000000084a00000| Untracked 
|  75|0x0000000084b00000, 0x0000000084b00000, 0x0000000084c00000|  0%| F|  |TAMS 0x0000000084b00000, 0x0000000084b00000| Untracked 
|  76|0x0000000084c00000, 0x0000000084c00000, 0x0000000084d00000|  0%| F|  |TAMS 0x0000000084c00000, 0x0000000084c00000| Untracked 
|  77|0x0000000084d00000, 0x0000000084d00000, 0x0000000084e00000|  0%| F|  |TAMS 0x0000000084d00000, 0x0000000084d00000| Untracked 
|  78|0x0000000084e00000, 0x0000000084e00000, 0x0000000084f00000|  0%| F|  |TAMS 0x0000000084e00000, 0x0000000084e00000| Untracked 
|  79|0x0000000084f00000, 0x0000000084f00000, 0x0000000085000000|  0%| F|  |TAMS 0x0000000084f00000, 0x0000000084f00000| Untracked 
|  80|0x0000000085000000, 0x0000000085000000, 0x0000000085100000|  0%| F|  |TAMS 0x0000000085000000, 0x0000000085000000| Untracked 
|  81|0x0000000085100000, 0x0000000085100000, 0x0000000085200000|  0%| F|  |TAMS 0x0000000085100000, 0x0000000085100000| Untracked 
|  82|0x0000000085200000, 0x0000000085200000, 0x0000000085300000|  0%| F|  |TAMS 0x0000000085200000, 0x0000000085200000| Untracked 
|  83|0x0000000085300000, 0x0000000085300000, 0x0000000085400000|  0%| F|  |TAMS 0x0000000085300000, 0x0000000085300000| Untracked 
|  84|0x0000000085400000, 0x0000000085400000, 0x0000000085500000|  0%| F|  |TAMS 0x0000000085400000, 0x0000000085400000| Untracked 
|  85|0x0000000085500000, 0x0000000085500000, 0x0000000085600000|  0%| F|  |TAMS 0x0000000085500000, 0x0000000085500000| Untracked 
|  86|0x0000000085600000, 0x0000000085600000, 0x0000000085700000|  0%| F|  |TAMS 0x0000000085600000, 0x0000000085600000| Untracked 
|  87|0x0000000085700000, 0x0000000085700000, 0x0000000085800000|  0%| F|  |TAMS 0x0000000085700000, 0x0000000085700000| Untracked 
|  88|0x0000000085800000, 0x0000000085800000, 0x0000000085900000|  0%| F|  |TAMS 0x0000000085800000, 0x0000000085800000| Untracked 
|  89|0x0000000085900000, 0x0000000085900000, 0x0000000085a00000|  0%| F|  |TAMS 0x0000000085900000, 0x0000000085900000| Untracked 
|  90|0x0000000085a00000, 0x0000000085a00000, 0x0000000085b00000|  0%| F|  |TAMS 0x0000000085a00000, 0x0000000085a00000| Untracked 
|  91|0x0000000085b00000, 0x0000000085b00000, 0x0000000085c00000|  0%| F|  |TAMS 0x0000000085b00000, 0x0000000085b00000| Untracked 
|  92|0x0000000085c00000, 0x0000000085c00000, 0x0000000085d00000|  0%| F|  |TAMS 0x0000000085c00000, 0x0000000085c00000| Untracked 
|  93|0x0000000085d00000, 0x0000000085d00000, 0x0000000085e00000|  0%| F|  |TAMS 0x0000000085d00000, 0x0000000085d00000| Untracked 
|  94|0x0000000085e00000, 0x0000000085e00000, 0x0000000085f00000|  0%| F|  |TAMS 0x0000000085e00000, 0x0000000085e00000| Untracked 
|  95|0x0000000085f00000, 0x0000000085f00000, 0x0000000086000000|  0%| F|  |TAMS 0x0000000085f00000, 0x0000000085f00000| Untracked 
|  96|0x0000000086000000, 0x0000000086000000, 0x0000000086100000|  0%| F|  |TAMS 0x0000000086000000, 0x0000000086000000| Untracked 
|  97|0x0000000086100000, 0x0000000086100000, 0x0000000086200000|  0%| F|  |TAMS 0x0000000086100000, 0x0000000086100000| Untracked 
|  98|0x0000000086200000, 0x0000000086200000, 0x0000000086300000|  0%| F|  |TAMS 0x0000000086200000, 0x0000000086200000| Untracked 
|  99|0x0000000086300000, 0x0000000086300000, 0x0000000086400000|  0%| F|  |TAMS 0x0000000086300000, 0x0000000086300000| Untracked 
| 100|0x0000000086400000, 0x0000000086400000, 0x0000000086500000|  0%| F|  |TAMS 0x0000000086400000, 0x0000000086400000| Untracked 
| 101|0x0000000086500000, 0x0000000086500000, 0x0000000086600000|  0%| F|  |TAMS 0x0000000086500000, 0x0000000086500000| Untracked 
| 102|0x0000000086600000, 0x0000000086600000, 0x0000000086700000|  0%| F|  |TAMS 0x0000000086600000, 0x0000000086600000| Untracked 
| 103|0x0000000086700000, 0x0000000086700000, 0x0000000086800000|  0%| F|  |TAMS 0x0000000086700000, 0x0000000086700000| Untracked 
| 104|0x0000000086800000, 0x0000000086800000, 0x0000000086900000|  0%| F|  |TAMS 0x0000000086800000, 0x0000000086800000| Untracked 
| 105|0x0000000086900000, 0x0000000086900000, 0x0000000086a00000|  0%| F|  |TAMS 0x0000000086900000, 0x0000000086900000| Untracked 
| 106|0x0000000086a00000, 0x0000000086a00000, 0x0000000086b00000|  0%| F|  |TAMS 0x0000000086a00000, 0x0000000086a00000| Untracked 
| 107|0x0000000086b00000, 0x0000000086b00000, 0x0000000086c00000|  0%| F|  |TAMS 0x0000000086b00000, 0x0000000086b00000| Untracked 
| 108|0x0000000086c00000, 0x0000000086c00000, 0x0000000086d00000|  0%| F|  |TAMS 0x0000000086c00000, 0x0000000086c00000| Untracked 
| 109|0x0000000086d00000, 0x0000000086d00000, 0x0000000086e00000|  0%| F|  |TAMS 0x0000000086d00000, 0x0000000086d00000| Untracked 
| 110|0x0000000086e00000, 0x0000000086e00000, 0x0000000086f00000|  0%| F|  |TAMS 0x0000000086e00000, 0x0000000086e00000| Untracked 
| 111|0x0000000086f00000, 0x0000000086f00000, 0x0000000087000000|  0%| F|  |TAMS 0x0000000086f00000, 0x0000000086f00000| Untracked 
| 112|0x0000000087000000, 0x0000000087000000, 0x0000000087100000|  0%| F|  |TAMS 0x0000000087000000, 0x0000000087000000| Untracked 
| 113|0x0000000087100000, 0x0000000087100000, 0x0000000087200000|  0%| F|  |TAMS 0x0000000087100000, 0x0000000087100000| Untracked 
| 114|0x0000000087200000, 0x0000000087200000, 0x0000000087300000|  0%| F|  |TAMS 0x0000000087200000, 0x0000000087200000| Untracked 
| 115|0x0000000087300000, 0x0000000087300000, 0x0000000087400000|  0%| F|  |TAMS 0x0000000087300000, 0x0000000087300000| Untracked 
| 116|0x0000000087400000, 0x0000000087400000, 0x0000000087500000|  0%| F|  |TAMS 0x0000000087400000, 0x0000000087400000| Untracked 
| 117|0x0000000087500000, 0x0000000087500000, 0x0000000087600000|  0%| F|  |TAMS 0x0000000087500000, 0x0000000087500000| Untracked 
| 118|0x0000000087600000, 0x0000000087600000, 0x0000000087700000|  0%| F|  |TAMS 0x0000000087600000, 0x0000000087600000| Untracked 
| 119|0x0000000087700000, 0x0000000087700000, 0x0000000087800000|  0%| F|  |TAMS 0x0000000087700000, 0x0000000087700000| Untracked 
| 120|0x0000000087800000, 0x0000000087800000, 0x0000000087900000|  0%| F|  |TAMS 0x0000000087800000, 0x0000000087800000| Untracked 
| 121|0x0000000087900000, 0x0000000087900000, 0x0000000087a00000|  0%| F|  |TAMS 0x0000000087900000, 0x0000000087900000| Untracked 
| 122|0x0000000087a00000, 0x0000000087a00000, 0x0000000087b00000|  0%| F|  |TAMS 0x0000000087a00000, 0x0000000087a00000| Untracked 
| 123|0x0000000087b00000, 0x0000000087b00000, 0x0000000087c00000|  0%| F|  |TAMS 0x0000000087b00000, 0x0000000087b00000| Untracked 
| 124|0x0000000087c00000, 0x0000000087c00000, 0x0000000087d00000|  0%| F|  |TAMS 0x0000000087c00000, 0x0000000087c00000| Untracked 
| 125|0x0000000087d00000, 0x0000000087d00000, 0x0000000087e00000|  0%| F|  |TAMS 0x0000000087d00000, 0x0000000087d00000| Untracked 
| 126|0x0000000087e00000, 0x0000000087e00000, 0x0000000087f00000|  0%| F|  |TAMS 0x0000000087e00000, 0x0000000087e00000| Untracked 
| 127|0x0000000087f00000, 0x0000000087f00000, 0x0000000088000000|  0%| F|  |TAMS 0x0000000087f00000, 0x0000000087f00000| Untracked 
| 128|0x0000000088000000, 0x0000000088000000, 0x0000000088100000|  0%| F|  |TAMS 0x0000000088000000, 0x0000000088000000| Untracked 
| 129|0x0000000088100000, 0x0000000088100000, 0x0000000088200000|  0%| F|  |TAMS 0x0000000088100000, 0x0000000088100000| Untracked 
| 130|0x0000000088200000, 0x0000000088200000, 0x0000000088300000|  0%| F|  |TAMS 0x0000000088200000, 0x0000000088200000| Untracked 
| 131|0x0000000088300000, 0x0000000088300000, 0x0000000088400000|  0%| F|  |TAMS 0x0000000088300000, 0x0000000088300000| Untracked 
| 132|0x0000000088400000, 0x0000000088400000, 0x0000000088500000|  0%| F|  |TAMS 0x0000000088400000, 0x0000000088400000| Untracked 
| 133|0x0000000088500000, 0x0000000088500000, 0x0000000088600000|  0%| F|  |TAMS 0x0000000088500000, 0x0000000088500000| Untracked 
| 134|0x0000000088600000, 0x0000000088600000, 0x0000000088700000|  0%| F|  |TAMS 0x0000000088600000, 0x0000000088600000| Untracked 
| 135|0x0000000088700000, 0x0000000088700000, 0x0000000088800000|  0%| F|  |TAMS 0x0000000088700000, 0x0000000088700000| Untracked 
| 136|0x0000000088800000, 0x0000000088800000, 0x0000000088900000|  0%| F|  |TAMS 0x0000000088800000, 0x0000000088800000| Untracked 
| 137|0x0000000088900000, 0x0000000088900000, 0x0000000088a00000|  0%| F|  |TAMS 0x0000000088900000, 0x0000000088900000| Untracked 
| 138|0x0000000088a00000, 0x0000000088a00000, 0x0000000088b00000|  0%| F|  |TAMS 0x0000000088a00000, 0x0000000088a00000| Untracked 
| 139|0x0000000088b00000, 0x0000000088b00000, 0x0000000088c00000|  0%| F|  |TAMS 0x0000000088b00000, 0x0000000088b00000| Untracked 
| 140|0x0000000088c00000, 0x0000000088c00000, 0x0000000088d00000|  0%| F|  |TAMS 0x0000000088c00000, 0x0000000088c00000| Untracked 
| 141|0x0000000088d00000, 0x0000000088d00000, 0x0000000088e00000|  0%| F|  |TAMS 0x0000000088d00000, 0x0000000088d00000| Untracked 
| 142|0x0000000088e00000, 0x0000000088e00000, 0x0000000088f00000|  0%| F|  |TAMS 0x0000000088e00000, 0x0000000088e00000| Untracked 
| 143|0x0000000088f00000, 0x0000000088f2cde0, 0x0000000089000000| 17%| S|CS|TAMS 0x0000000088f00000, 0x0000000088f00000| Complete 
| 144|0x0000000089000000, 0x0000000089100000, 0x0000000089100000|100%| S|CS|TAMS 0x0000000089000000, 0x0000000089000000| Complete 
| 145|0x0000000089100000, 0x0000000089200000, 0x0000000089200000|100%| S|CS|TAMS 0x0000000089100000, 0x0000000089100000| Complete 
| 146|0x0000000089200000, 0x0000000089300000, 0x0000000089300000|100%| S|CS|TAMS 0x0000000089200000, 0x0000000089200000| Complete 
| 147|0x0000000089300000, 0x0000000089400000, 0x0000000089400000|100%| S|CS|TAMS 0x0000000089300000, 0x0000000089300000| Complete 
| 148|0x0000000089400000, 0x0000000089500000, 0x0000000089500000|100%| S|CS|TAMS 0x0000000089400000, 0x0000000089400000| Complete 
| 149|0x0000000089500000, 0x0000000089600000, 0x0000000089600000|100%| S|CS|TAMS 0x0000000089500000, 0x0000000089500000| Complete 
| 150|0x0000000089600000, 0x0000000089700000, 0x0000000089700000|100%| S|CS|TAMS 0x0000000089600000, 0x0000000089600000| Complete 
| 151|0x0000000089700000, 0x0000000089800000, 0x0000000089800000|100%| S|CS|TAMS 0x0000000089700000, 0x0000000089700000| Complete 
| 152|0x0000000089800000, 0x0000000089800000, 0x0000000089900000|  0%| F|  |TAMS 0x0000000089800000, 0x0000000089800000| Untracked 
| 153|0x0000000089900000, 0x0000000089900000, 0x0000000089a00000|  0%| F|  |TAMS 0x0000000089900000, 0x0000000089900000| Untracked 
| 154|0x0000000089a00000, 0x0000000089a00000, 0x0000000089b00000|  0%| F|  |TAMS 0x0000000089a00000, 0x0000000089a00000| Untracked 
| 155|0x0000000089b00000, 0x0000000089b00000, 0x0000000089c00000|  0%| F|  |TAMS 0x0000000089b00000, 0x0000000089b00000| Untracked 
| 156|0x0000000089c00000, 0x0000000089c00000, 0x0000000089d00000|  0%| F|  |TAMS 0x0000000089c00000, 0x0000000089c00000| Untracked 
| 157|0x0000000089d00000, 0x0000000089d00000, 0x0000000089e00000|  0%| F|  |TAMS 0x0000000089d00000, 0x0000000089d00000| Untracked 
| 158|0x0000000089e00000, 0x0000000089e00000, 0x0000000089f00000|  0%| F|  |TAMS 0x0000000089e00000, 0x0000000089e00000| Untracked 
| 159|0x0000000089f00000, 0x0000000089f00000, 0x000000008a000000|  0%| F|  |TAMS 0x0000000089f00000, 0x0000000089f00000| Untracked 
| 160|0x000000008a000000, 0x000000008a000000, 0x000000008a100000|  0%| F|  |TAMS 0x000000008a000000, 0x000000008a000000| Untracked 
| 161|0x000000008a100000, 0x000000008a200000, 0x000000008a200000|100%| E|  |TAMS 0x000000008a100000, 0x000000008a100000| Complete 
| 162|0x000000008a200000, 0x000000008a300000, 0x000000008a300000|100%| E|CS|TAMS 0x000000008a200000, 0x000000008a200000| Complete 
| 163|0x000000008a300000, 0x000000008a400000, 0x000000008a400000|100%| E|CS|TAMS 0x000000008a300000, 0x000000008a300000| Complete 
| 164|0x000000008a400000, 0x000000008a500000, 0x000000008a500000|100%| E|CS|TAMS 0x000000008a400000, 0x000000008a400000| Complete 
| 165|0x000000008a500000, 0x000000008a600000, 0x000000008a600000|100%| E|CS|TAMS 0x000000008a500000, 0x000000008a500000| Complete 
| 166|0x000000008a600000, 0x000000008a700000, 0x000000008a700000|100%| E|CS|TAMS 0x000000008a600000, 0x000000008a600000| Complete 
| 167|0x000000008a700000, 0x000000008a800000, 0x000000008a800000|100%| E|CS|TAMS 0x000000008a700000, 0x000000008a700000| Complete 
| 168|0x000000008a800000, 0x000000008a900000, 0x000000008a900000|100%| E|CS|TAMS 0x000000008a800000, 0x000000008a800000| Complete 
| 169|0x000000008a900000, 0x000000008aa00000, 0x000000008aa00000|100%| E|CS|TAMS 0x000000008a900000, 0x000000008a900000| Complete 
| 170|0x000000008aa00000, 0x000000008ab00000, 0x000000008ab00000|100%| E|CS|TAMS 0x000000008aa00000, 0x000000008aa00000| Complete 
| 171|0x000000008ab00000, 0x000000008ac00000, 0x000000008ac00000|100%| E|CS|TAMS 0x000000008ab00000, 0x000000008ab00000| Complete 
| 172|0x000000008ac00000, 0x000000008ad00000, 0x000000008ad00000|100%| E|CS|TAMS 0x000000008ac00000, 0x000000008ac00000| Complete 
| 173|0x000000008ad00000, 0x000000008ae00000, 0x000000008ae00000|100%| E|CS|TAMS 0x000000008ad00000, 0x000000008ad00000| Complete 
| 174|0x000000008ae00000, 0x000000008af00000, 0x000000008af00000|100%| E|CS|TAMS 0x000000008ae00000, 0x000000008ae00000| Complete 
| 175|0x000000008af00000, 0x000000008b000000, 0x000000008b000000|100%| E|CS|TAMS 0x000000008af00000, 0x000000008af00000| Complete 
| 176|0x000000008b000000, 0x000000008b100000, 0x000000008b100000|100%| E|CS|TAMS 0x000000008b000000, 0x000000008b000000| Complete 
| 177|0x000000008b100000, 0x000000008b200000, 0x000000008b200000|100%| E|CS|TAMS 0x000000008b100000, 0x000000008b100000| Complete 
| 178|0x000000008b200000, 0x000000008b300000, 0x000000008b300000|100%| E|CS|TAMS 0x000000008b200000, 0x000000008b200000| Complete 
| 179|0x000000008b300000, 0x000000008b400000, 0x000000008b400000|100%| E|CS|TAMS 0x000000008b300000, 0x000000008b300000| Complete 
| 180|0x000000008b400000, 0x000000008b500000, 0x000000008b500000|100%| E|CS|TAMS 0x000000008b400000, 0x000000008b400000| Complete 
| 181|0x000000008b500000, 0x000000008b600000, 0x000000008b600000|100%| E|CS|TAMS 0x000000008b500000, 0x000000008b500000| Complete 
| 182|0x000000008b600000, 0x000000008b700000, 0x000000008b700000|100%| E|CS|TAMS 0x000000008b600000, 0x000000008b600000| Complete 
| 183|0x000000008b700000, 0x000000008b800000, 0x000000008b800000|100%| E|CS|TAMS 0x000000008b700000, 0x000000008b700000| Complete 
| 184|0x000000008b800000, 0x000000008b900000, 0x000000008b900000|100%| E|CS|TAMS 0x000000008b800000, 0x000000008b800000| Complete 
| 185|0x000000008b900000, 0x000000008ba00000, 0x000000008ba00000|100%| E|CS|TAMS 0x000000008b900000, 0x000000008b900000| Complete 
| 186|0x000000008ba00000, 0x000000008bb00000, 0x000000008bb00000|100%| E|CS|TAMS 0x000000008ba00000, 0x000000008ba00000| Complete 
| 187|0x000000008bb00000, 0x000000008bc00000, 0x000000008bc00000|100%| E|CS|TAMS 0x000000008bb00000, 0x000000008bb00000| Complete 
| 188|0x000000008bc00000, 0x000000008bd00000, 0x000000008bd00000|100%| E|CS|TAMS 0x000000008bc00000, 0x000000008bc00000| Complete 
| 189|0x000000008bd00000, 0x000000008be00000, 0x000000008be00000|100%| E|CS|TAMS 0x000000008bd00000, 0x000000008bd00000| Complete 
| 190|0x000000008be00000, 0x000000008bf00000, 0x000000008bf00000|100%| E|CS|TAMS 0x000000008be00000, 0x000000008be00000| Complete 
| 191|0x000000008bf00000, 0x000000008c000000, 0x000000008c000000|100%| E|CS|TAMS 0x000000008bf00000, 0x000000008bf00000| Complete 
| 192|0x000000008c000000, 0x000000008c100000, 0x000000008c100000|100%| E|CS|TAMS 0x000000008c000000, 0x000000008c000000| Complete 
| 193|0x000000008c100000, 0x000000008c200000, 0x000000008c200000|100%| E|CS|TAMS 0x000000008c100000, 0x000000008c100000| Complete 
| 194|0x000000008c200000, 0x000000008c300000, 0x000000008c300000|100%| E|CS|TAMS 0x000000008c200000, 0x000000008c200000| Complete 
| 195|0x000000008c300000, 0x000000008c400000, 0x000000008c400000|100%| E|CS|TAMS 0x000000008c300000, 0x000000008c300000| Complete 
| 196|0x000000008c400000, 0x000000008c500000, 0x000000008c500000|100%| E|CS|TAMS 0x000000008c400000, 0x000000008c400000| Complete 
| 197|0x000000008c500000, 0x000000008c600000, 0x000000008c600000|100%| E|CS|TAMS 0x000000008c500000, 0x000000008c500000| Complete 
| 198|0x000000008c600000, 0x000000008c700000, 0x000000008c700000|100%| E|CS|TAMS 0x000000008c600000, 0x000000008c600000| Complete 
| 199|0x000000008c700000, 0x000000008c800000, 0x000000008c800000|100%| E|CS|TAMS 0x000000008c700000, 0x000000008c700000| Complete 
| 200|0x000000008c800000, 0x000000008c900000, 0x000000008c900000|100%| E|CS|TAMS 0x000000008c800000, 0x000000008c800000| Complete 
| 201|0x000000008c900000, 0x000000008ca00000, 0x000000008ca00000|100%| E|CS|TAMS 0x000000008c900000, 0x000000008c900000| Complete 
| 202|0x000000008ca00000, 0x000000008cb00000, 0x000000008cb00000|100%| E|CS|TAMS 0x000000008ca00000, 0x000000008ca00000| Complete 
| 203|0x000000008cb00000, 0x000000008cc00000, 0x000000008cc00000|100%| E|CS|TAMS 0x000000008cb00000, 0x000000008cb00000| Complete 
| 204|0x000000008cc00000, 0x000000008cd00000, 0x000000008cd00000|100%| E|CS|TAMS 0x000000008cc00000, 0x000000008cc00000| Complete 
| 205|0x000000008cd00000, 0x000000008ce00000, 0x000000008ce00000|100%| E|CS|TAMS 0x000000008cd00000, 0x000000008cd00000| Complete 
| 206|0x000000008ce00000, 0x000000008cf00000, 0x000000008cf00000|100%| E|CS|TAMS 0x000000008ce00000, 0x000000008ce00000| Complete 
| 207|0x000000008cf00000, 0x000000008d000000, 0x000000008d000000|100%| E|CS|TAMS 0x000000008cf00000, 0x000000008cf00000| Complete 
| 208|0x000000008d000000, 0x000000008d100000, 0x000000008d100000|100%| E|CS|TAMS 0x000000008d000000, 0x000000008d000000| Complete 
| 209|0x000000008d100000, 0x000000008d200000, 0x000000008d200000|100%| E|CS|TAMS 0x000000008d100000, 0x000000008d100000| Complete 
| 210|0x000000008d200000, 0x000000008d300000, 0x000000008d300000|100%| E|CS|TAMS 0x000000008d200000, 0x000000008d200000| Complete 
| 211|0x000000008d300000, 0x000000008d400000, 0x000000008d400000|100%| E|CS|TAMS 0x000000008d300000, 0x000000008d300000| Complete 
| 212|0x000000008d400000, 0x000000008d500000, 0x000000008d500000|100%| E|CS|TAMS 0x000000008d400000, 0x000000008d400000| Complete 
| 213|0x000000008d500000, 0x000000008d600000, 0x000000008d600000|100%| E|CS|TAMS 0x000000008d500000, 0x000000008d500000| Complete 
| 214|0x000000008d600000, 0x000000008d700000, 0x000000008d700000|100%| E|CS|TAMS 0x000000008d600000, 0x000000008d600000| Complete 
| 215|0x000000008d700000, 0x000000008d800000, 0x000000008d800000|100%| E|CS|TAMS 0x000000008d700000, 0x000000008d700000| Complete 
| 216|0x000000008d800000, 0x000000008d900000, 0x000000008d900000|100%| E|CS|TAMS 0x000000008d800000, 0x000000008d800000| Complete 
| 217|0x000000008d900000, 0x000000008da00000, 0x000000008da00000|100%| E|CS|TAMS 0x000000008d900000, 0x000000008d900000| Complete 
| 218|0x000000008da00000, 0x000000008db00000, 0x000000008db00000|100%| E|CS|TAMS 0x000000008da00000, 0x000000008da00000| Complete 
| 219|0x000000008db00000, 0x000000008dc00000, 0x000000008dc00000|100%| E|CS|TAMS 0x000000008db00000, 0x000000008db00000| Complete 
| 220|0x000000008dc00000, 0x000000008dd00000, 0x000000008dd00000|100%| E|CS|TAMS 0x000000008dc00000, 0x000000008dc00000| Complete 
| 221|0x000000008dd00000, 0x000000008de00000, 0x000000008de00000|100%| E|CS|TAMS 0x000000008dd00000, 0x000000008dd00000| Complete 
| 222|0x000000008de00000, 0x000000008df00000, 0x000000008df00000|100%| E|CS|TAMS 0x000000008de00000, 0x000000008de00000| Complete 
| 223|0x000000008df00000, 0x000000008e000000, 0x000000008e000000|100%| E|CS|TAMS 0x000000008df00000, 0x000000008df00000| Complete 
| 224|0x000000008e000000, 0x000000008e100000, 0x000000008e100000|100%| E|CS|TAMS 0x000000008e000000, 0x000000008e000000| Complete 
| 225|0x000000008e100000, 0x000000008e200000, 0x000000008e200000|100%| E|CS|TAMS 0x000000008e100000, 0x000000008e100000| Complete 
| 226|0x000000008e200000, 0x000000008e300000, 0x000000008e300000|100%| E|CS|TAMS 0x000000008e200000, 0x000000008e200000| Complete 
| 227|0x000000008e300000, 0x000000008e400000, 0x000000008e400000|100%| E|CS|TAMS 0x000000008e300000, 0x000000008e300000| Complete 
| 228|0x000000008e400000, 0x000000008e500000, 0x000000008e500000|100%| E|CS|TAMS 0x000000008e400000, 0x000000008e400000| Complete 
| 229|0x000000008e500000, 0x000000008e600000, 0x000000008e600000|100%| E|CS|TAMS 0x000000008e500000, 0x000000008e500000| Complete 
| 230|0x000000008e600000, 0x000000008e700000, 0x000000008e700000|100%| E|CS|TAMS 0x000000008e600000, 0x000000008e600000| Complete 
| 231|0x000000008e700000, 0x000000008e800000, 0x000000008e800000|100%| E|CS|TAMS 0x000000008e700000, 0x000000008e700000| Complete 
| 232|0x000000008e800000, 0x000000008e900000, 0x000000008e900000|100%| E|CS|TAMS 0x000000008e800000, 0x000000008e800000| Complete 
| 233|0x000000008e900000, 0x000000008ea00000, 0x000000008ea00000|100%| E|CS|TAMS 0x000000008e900000, 0x000000008e900000| Complete 
| 234|0x000000008ea00000, 0x000000008eb00000, 0x000000008eb00000|100%| E|CS|TAMS 0x000000008ea00000, 0x000000008ea00000| Complete 
| 235|0x000000008eb00000, 0x000000008ec00000, 0x000000008ec00000|100%| E|CS|TAMS 0x000000008eb00000, 0x000000008eb00000| Complete 
| 236|0x000000008ec00000, 0x000000008ed00000, 0x000000008ed00000|100%| E|CS|TAMS 0x000000008ec00000, 0x000000008ec00000| Complete 
| 237|0x000000008ed00000, 0x000000008ee00000, 0x000000008ee00000|100%| E|CS|TAMS 0x000000008ed00000, 0x000000008ed00000| Complete 
| 238|0x000000008ee00000, 0x000000008ef00000, 0x000000008ef00000|100%| E|CS|TAMS 0x000000008ee00000, 0x000000008ee00000| Complete 
| 239|0x000000008ef00000, 0x000000008f000000, 0x000000008f000000|100%| E|CS|TAMS 0x000000008ef00000, 0x000000008ef00000| Complete 
| 240|0x000000008f000000, 0x000000008f100000, 0x000000008f100000|100%| E|CS|TAMS 0x000000008f000000, 0x000000008f000000| Complete 
| 241|0x000000008f100000, 0x000000008f200000, 0x000000008f200000|100%| E|CS|TAMS 0x000000008f100000, 0x000000008f100000| Complete 
| 242|0x000000008f200000, 0x000000008f300000, 0x000000008f300000|100%| E|CS|TAMS 0x000000008f200000, 0x000000008f200000| Complete 
| 243|0x000000008f300000, 0x000000008f400000, 0x000000008f400000|100%| E|CS|TAMS 0x000000008f300000, 0x000000008f300000| Complete 
| 244|0x000000008f400000, 0x000000008f500000, 0x000000008f500000|100%| E|CS|TAMS 0x000000008f400000, 0x000000008f400000| Complete 
| 245|0x000000008f500000, 0x000000008f600000, 0x000000008f600000|100%| E|CS|TAMS 0x000000008f500000, 0x000000008f500000| Complete 
| 246|0x000000008f600000, 0x000000008f700000, 0x000000008f700000|100%| E|CS|TAMS 0x000000008f600000, 0x000000008f600000| Complete 
| 247|0x000000008f700000, 0x000000008f800000, 0x000000008f800000|100%| E|CS|TAMS 0x000000008f700000, 0x000000008f700000| Complete 
| 248|0x000000008f800000, 0x000000008f900000, 0x000000008f900000|100%| E|CS|TAMS 0x000000008f800000, 0x000000008f800000| Complete 
| 249|0x000000008f900000, 0x000000008fa00000, 0x000000008fa00000|100%| E|CS|TAMS 0x000000008f900000, 0x000000008f900000| Complete 
| 250|0x000000008fa00000, 0x000000008fb00000, 0x000000008fb00000|100%| E|CS|TAMS 0x000000008fa00000, 0x000000008fa00000| Complete 
| 251|0x000000008fb00000, 0x000000008fc00000, 0x000000008fc00000|100%| E|CS|TAMS 0x000000008fb00000, 0x000000008fb00000| Complete 
| 252|0x000000008fc00000, 0x000000008fd00000, 0x000000008fd00000|100%| E|CS|TAMS 0x000000008fc00000, 0x000000008fc00000| Complete 
| 253|0x000000008fd00000, 0x000000008fe00000, 0x000000008fe00000|100%| E|CS|TAMS 0x000000008fd00000, 0x000000008fd00000| Complete 

Card table byte_map: [0x0000028728f80000,0x0000028729380000] _byte_map_base: 0x0000028728b80000

Marking Bits (Prev, Next): (CMBitMap*) 0x0000028713c2bee0, (CMBitMap*) 0x0000028713c2bea8
 Prev Bits: [0x000002872b780000, 0x000002872d780000)
 Next Bits: [0x0000028729780000, 0x000002872b780000)

Polling page: 0x0000028713cd0000

Metaspace:

Usage:
  Non-class:     65.34 MB capacity,    64.35 MB ( 98%) used,   828.78 KB (  1%) free+waste,   187.88 KB ( <1%) overhead. 
      Class:     10.20 MB capacity,     9.55 MB ( 94%) used,   573.71 KB (  5%) free+waste,    87.06 KB ( <1%) overhead. 
       Both:     75.54 MB capacity,    73.90 MB ( 98%) used,     1.37 MB (  2%) free+waste,   274.94 KB ( <1%) overhead. 

Virtual space:
  Non-class space:       66.00 MB reserved,      65.50 MB (>99%) committed 
      Class space:        1.00 GB reserved,      10.33 MB (  1%) committed 
             Both:        1.06 GB reserved,      75.83 MB (  7%) committed 

Chunk freelists:
   Non-Class:  38.00 KB
       Class:  21.00 KB
        Both:  59.00 KB

MaxMetaspaceSize: 17179869184.00 GB
CompressedClassSpaceSize: 1.00 GB
Initial GC threshold: 20.80 MB
Current GC threshold: 98.67 MB
CDS: off

CodeHeap 'non-profiled nmethods': size=120000Kb used=4804Kb max_used=4804Kb free=115195Kb
 bounds [0x00000287209d0000, 0x0000028720e90000, 0x0000028727f00000]
CodeHeap 'profiled nmethods': size=120000Kb used=15224Kb max_used=15224Kb free=104775Kb
 bounds [0x00000287194a0000, 0x000002871a380000, 0x00000287209d0000]
CodeHeap 'non-nmethods': size=5760Kb used=2358Kb max_used=2402Kb free=3402Kb
 bounds [0x0000028718f00000, 0x0000028719170000, 0x00000287194a0000]
 total_blobs=8169 nmethods=7301 adapters=780
 compilation: enabled
              stopped_count=0, restarted_count=0
 full_count=0

Compilation events (20 events):
Event: 6.817 Thread 0x0000028730d6d800 7254       3       kotlin.collections.CollectionsKt__CollectionsKt::getLastIndex (15 bytes)
Event: 6.817 Thread 0x0000028730d6d800 nmethod 7254 0x000002871a351390 code [0x000002871a3515c0, 0x000002871a351be8]
Event: 6.817 Thread 0x0000028730d6d800 7255       3       org.jetbrains.kotlin.gradle.utils.StringUtilsKt$lowerCamelCaseName$1::invoke (9 bytes)
Event: 6.818 Thread 0x0000028730d6d800 nmethod 7255 0x000002871a351e90 code [0x000002871a352180, 0x000002871a352df8]
Event: 6.818 Thread 0x0000028730d6d800 7256       3       org.jetbrains.kotlin.gradle.utils.StringUtilsKt$lowerCamelCaseName$1::invoke (11 bytes)
Event: 6.818 Thread 0x0000028730fa8800 nmethod 7250 0x0000028720e7ab90 code [0x0000028720e7ad20, 0x0000028720e7b038]
Event: 6.818 Thread 0x0000028730fa8800 7251       4       java.util.Hashtable$Enumerator::next (27 bytes)
Event: 6.818 Thread 0x0000028730d6d800 nmethod 7256 0x000002871a353290 code [0x000002871a353560, 0x000002871a354098]
Event: 6.818 Thread 0x0000028730d6d800 7257       3       kotlin.text.StringsKt__StringsJVMKt::capitalize (22 bytes)
Event: 6.819 Thread 0x0000028730d6d800 nmethod 7257 0x000002871a354510 code [0x000002871a354760, 0x000002871a354db8]
Event: 6.819 Thread 0x0000028730d6d800 7259       3       org.gradle.internal.extensibility.DefaultExtraPropertiesExtension::has (11 bytes)
Event: 6.819 Thread 0x0000028730d6d800 nmethod 7259 0x000002871a355090 code [0x000002871a355240, 0x000002871a355408]
Event: 6.819 Thread 0x0000028730d6d800 7258       1       com.android.build.gradle.internal.services.ProjectServices::getIssueReporter (5 bytes)
Event: 6.819 Thread 0x0000028730d6d800 nmethod 7258 0x0000028720e7b190 code [0x0000028720e7b340, 0x0000028720e7b3f8]
Event: 6.820 Thread 0x0000028730d6d800 7260       1       org.gradle.internal.extensibility.ExtensionsStorage$ExtensionHolder::get (5 bytes)
Event: 6.820 Thread 0x0000028730d6d800 nmethod 7260 0x0000028720e7b490 code [0x0000028720e7b640, 0x0000028720e7b6f8]
Event: 6.821 Thread 0x0000028730fa8800 nmethod 7251 0x0000028720e7b790 code [0x0000028720e7b920, 0x0000028720e7bc78]
Event: 6.821 Thread 0x0000028730fa8800 7249       4       sun.reflect.generics.factory.CoreReflectionFactory::getDeclsLoader (85 bytes)
Event: 6.822 Thread 0x0000028730fa8800 nmethod 7249 0x0000028720e7be10 code [0x0000028720e7bfc0, 0x0000028720e7c0f8]
Event: 6.832 Thread 0x0000028730fa8800 7261       4       java.util.jar.JarFile::getManifestFromReference (151 bytes)

GC Heap History (16 events):
Event: 0.505 GC heap before
{Heap before GC invocations=0 (full 0):
 garbage-first heap   total 260096K, used 29696K [0x0000000080000000, 0x0000000100000000)
  region size 1024K, 24 young (24576K), 0 survivors (0K)
 Metaspace       used 9868K, capacity 10114K, committed 10368K, reserved 1058816K
  class space    used 1028K, capacity 1102K, committed 1152K, reserved 1048576K
}
Event: 0.508 GC heap after
{Heap after GC invocations=1 (full 0):
 garbage-first heap   total 260096K, used 9326K [0x0000000080000000, 0x0000000100000000)
  region size 1024K, 3 young (3072K), 3 survivors (3072K)
 Metaspace       used 9868K, capacity 10114K, committed 10368K, reserved 1058816K
  class space    used 1028K, capacity 1102K, committed 1152K, reserved 1048576K
}
Event: 1.711 GC heap before
{Heap before GC invocations=1 (full 0):
 garbage-first heap   total 260096K, used 113774K [0x0000000080000000, 0x0000000100000000)
  region size 1024K, 105 young (107520K), 3 survivors (3072K)
 Metaspace       used 20774K, capacity 21149K, committed 21296K, reserved 1069056K
  class space    used 2561K, capacity 2716K, committed 2816K, reserved 1048576K
}
Event: 1.718 GC heap after
{Heap after GC invocations=2 (full 0):
 garbage-first heap   total 260096K, used 17179K [0x0000000080000000, 0x0000000100000000)
  region size 1024K, 11 young (11264K), 11 survivors (11264K)
 Metaspace       used 20774K, capacity 21149K, committed 21296K, reserved 1069056K
  class space    used 2561K, capacity 2716K, committed 2816K, reserved 1048576K
}
Event: 2.040 GC heap before
{Heap before GC invocations=3 (full 0):
 garbage-first heap   total 260096K, used 66331K [0x0000000080000000, 0x0000000100000000)
  region size 1024K, 59 young (60416K), 11 survivors (11264K)
 Metaspace       used 25839K, capacity 26383K, committed 26624K, reserved 1073152K
  class space    used 3347K, capacity 3551K, committed 3584K, reserved 1048576K
}
Event: 2.045 GC heap after
{Heap after GC invocations=4 (full 0):
 garbage-first heap   total 260096K, used 18831K [0x0000000080000000, 0x0000000100000000)
  region size 1024K, 3 young (3072K), 3 survivors (3072K)
 Metaspace       used 25839K, capacity 26383K, committed 26624K, reserved 1073152K
  class space    used 3347K, capacity 3551K, committed 3584K, reserved 1048576K
}
Event: 2.642 GC heap before
{Heap before GC invocations=4 (full 0):
 garbage-first heap   total 260096K, used 83343K [0x0000000080000000, 0x0000000100000000)
  region size 1024K, 67 young (68608K), 3 survivors (3072K)
 Metaspace       used 35006K, capacity 35823K, committed 35920K, reserved 1081344K
  class space    used 4554K, capacity 4875K, committed 4944K, reserved 1048576K
}
Event: 2.649 GC heap after
{Heap after GC invocations=5 (full 0):
 garbage-first heap   total 260096K, used 21968K [0x0000000080000000, 0x0000000100000000)
  region size 1024K, 6 young (6144K), 6 survivors (6144K)
 Metaspace       used 35006K, capacity 35823K, committed 35920K, reserved 1081344K
  class space    used 4554K, capacity 4875K, committed 4944K, reserved 1048576K
}
Event: 3.544 GC heap before
{Heap before GC invocations=6 (full 0):
 garbage-first heap   total 260096K, used 142800K [0x0000000080000000, 0x0000000100000000)
  region size 1024K, 121 young (123904K), 6 survivors (6144K)
 Metaspace       used 44899K, capacity 45969K, committed 46160K, reserved 1089536K
  class space    used 5790K, capacity 6196K, committed 6224K, reserved 1048576K
}
Event: 3.552 GC heap after
{Heap after GC invocations=7 (full 0):
 garbage-first heap   total 260096K, used 29203K [0x0000000080000000, 0x0000000100000000)
  region size 1024K, 13 young (13312K), 13 survivors (13312K)
 Metaspace       used 44899K, capacity 45969K, committed 46160K, reserved 1089536K
  class space    used 5790K, capacity 6196K, committed 6224K, reserved 1048576K
}
Event: 4.686 GC heap before
{Heap before GC invocations=7 (full 0):
 garbage-first heap   total 260096K, used 177683K [0x0000000080000000, 0x0000000100000000)
  region size 1024K, 151 young (154624K), 13 survivors (13312K)
 Metaspace       used 53042K, capacity 54451K, committed 54736K, reserved 1097728K
  class space    used 6791K, capacity 7298K, committed 7376K, reserved 1048576K
}
Event: 4.695 GC heap after
{Heap after GC invocations=8 (full 0):
 garbage-first heap   total 260096K, used 49440K [0x0000000080000000, 0x0000000100000000)
  region size 1024K, 19 young (19456K), 19 survivors (19456K)
 Metaspace       used 53042K, capacity 54451K, committed 54736K, reserved 1097728K
  class space    used 6791K, capacity 7298K, committed 7376K, reserved 1048576K
}
Event: 5.034 GC heap before
{Heap before GC invocations=8 (full 0):
 garbage-first heap   total 260096K, used 87328K [0x0000000080000000, 0x0000000100000000)
  region size 1024K, 57 young (58368K), 19 survivors (19456K)
 Metaspace       used 58801K, capacity 60168K, committed 60240K, reserved 1101824K
  class space    used 7454K, capacity 7982K, committed 8016K, reserved 1048576K
}
Event: 5.050 GC heap after
{Heap after GC invocations=9 (full 0):
 garbage-first heap   total 260096K, used 52894K [0x0000000080000000, 0x0000000100000000)
  region size 1024K, 4 young (4096K), 4 survivors (4096K)
 Metaspace       used 58801K, capacity 60168K, committed 60240K, reserved 1101824K
  class space    used 7454K, capacity 7982K, committed 8016K, reserved 1048576K
}
Event: 6.111 GC heap before
{Heap before GC invocations=10 (full 0):
 garbage-first heap   total 260096K, used 153246K [0x0000000080000000, 0x0000000100000000)
  region size 1024K, 102 young (104448K), 4 survivors (4096K)
 Metaspace       used 68681K, capacity 70230K, committed 70352K, reserved 1110016K
  class space    used 8706K, capacity 9317K, committed 9424K, reserved 1048576K
}
Event: 6.115 GC heap after
{Heap after GC invocations=11 (full 0):
 garbage-first heap   total 260096K, used 57911K [0x0000000080000000, 0x0000000100000000)
  region size 1024K, 9 young (9216K), 9 survivors (9216K)
 Metaspace       used 68681K, capacity 70230K, committed 70352K, reserved 1110016K
  class space    used 8706K, capacity 9317K, committed 9424K, reserved 1048576K
}

Deoptimization events (20 events):
Event: 6.151 Thread 0x0000028732f4f000 DEOPT PACKING pc=0x0000028720b7cf00 sp=0x000000dd847f5f90
Event: 6.151 Thread 0x0000028732f4f000 DEOPT UNPACKING pc=0x0000028718f4a1af sp=0x000000dd847f5f40 mode 2
Event: 6.243 Thread 0x0000028732f4f000 Uncommon trap: trap_request=0xffffff4d fr.pc=0x0000028720bb9e50 relative=0x0000000000005c50
Event: 6.243 Thread 0x0000028732f4f000 Uncommon trap: reason=unstable_if action=reinterpret pc=0x0000028720bb9e50 method=org.codehaus.groovy.runtime.metaclass.MetaMethodIndex.isOverridden(Lgroovy/lang/MetaMethod;Lgroovy/lang/MetaMethod;)Z @ 33 c2
Event: 6.243 Thread 0x0000028732f4f000 DEOPT PACKING pc=0x0000028720bb9e50 sp=0x000000dd847f4d80
Event: 6.243 Thread 0x0000028732f4f000 DEOPT UNPACKING pc=0x0000028718f4a1af sp=0x000000dd847f4d98 mode 2
Event: 6.252 Thread 0x0000028732f4f000 Uncommon trap: trap_request=0xffffff4d fr.pc=0x0000028720cea744 relative=0x0000000000005ea4
Event: 6.252 Thread 0x0000028732f4f000 Uncommon trap: reason=unstable_if action=reinterpret pc=0x0000028720cea744 method=org.codehaus.groovy.reflection.CachedMethod.compareToMethod(Ljava/lang/reflect/Method;)I @ 111 c2
Event: 6.252 Thread 0x0000028732f4f000 DEOPT PACKING pc=0x0000028720cea744 sp=0x000000dd847f4c60
Event: 6.252 Thread 0x0000028732f4f000 DEOPT UNPACKING pc=0x0000028718f4a1af sp=0x000000dd847f4c50 mode 2
Event: 6.705 Thread 0x0000028732f4f000 DEOPT PACKING pc=0x000002871a12e3a7 sp=0x000000dd847f8ec0
Event: 6.705 Thread 0x0000028732f4f000 DEOPT UNPACKING pc=0x0000028718f4a95e sp=0x000000dd847f8370 mode 0
Event: 6.740 Thread 0x0000028732f4f000 Uncommon trap: trap_request=0xffffffde fr.pc=0x0000028720d936f4 relative=0x0000000000000ed4
Event: 6.740 Thread 0x0000028732f4f000 Uncommon trap: reason=class_check action=maybe_recompile pc=0x0000028720d936f4 method=org.gradle.internal.instantiation.generator.AbstractClassGenerator$InjectionAnnotationValidator.validateMethod(Ljava/lang/reflect/Method;Lorg/gradle/internal/reflect/Pro
Event: 6.740 Thread 0x0000028732f4f000 DEOPT PACKING pc=0x0000028720d936f4 sp=0x000000dd847f8db0
Event: 6.740 Thread 0x0000028732f4f000 DEOPT UNPACKING pc=0x0000028718f4a1af sp=0x000000dd847f8d68 mode 2
Event: 6.803 Thread 0x0000028732f4f000 Uncommon trap: trap_request=0xffffff4d fr.pc=0x0000028720d19250 relative=0x00000000000019b0
Event: 6.803 Thread 0x0000028732f4f000 Uncommon trap: reason=unstable_if action=reinterpret pc=0x0000028720d19250 method=java.util.concurrent.ConcurrentHashMap.putVal(Ljava/lang/Object;Ljava/lang/Object;Z)Ljava/lang/Object; @ 245 c2
Event: 6.803 Thread 0x0000028732f4f000 DEOPT PACKING pc=0x0000028720d19250 sp=0x000000dd847f84c0
Event: 6.803 Thread 0x0000028732f4f000 DEOPT UNPACKING pc=0x0000028718f4a1af sp=0x000000dd847f8448 mode 2

Classes redefined (0 events):
No events

Internal exceptions (20 events):
Event: 6.262 Thread 0x0000028732f4f000 Exception <a 'java/lang/ClassNotFoundException'{0x000000008dd44440}: com/android/build/gradle/internal/CompileOptions$AgpDecoratedCustomizer> (0x000000008dd44440) thrown at [./src/hotspot/share/classfile/systemDictionary.cpp, line 231]
Event: 6.263 Thread 0x0000028732f4f000 Exception <a 'java/lang/ClassNotFoundException'{0x000000008dd71a60}: com/android/build/gradle/internal/CompileOptions$AgpDecorated_DecoratedCustomizer> (0x000000008dd71a60) thrown at [./src/hotspot/share/classfile/systemDictionary.cpp, line 231]
Event: 6.275 Thread 0x0000028732f4f000 Exception <a 'java/lang/ClassNotFoundException'{0x000000008dcd9cc0}: org/jetbrains/kotlin/gradle/dsl/KotlinJvmOptionsImplBeanInfo> (0x000000008dcd9cc0) thrown at [./src/hotspot/share/classfile/systemDictionary.cpp, line 231]
Event: 6.275 Thread 0x0000028732f4f000 Exception <a 'java/lang/ClassNotFoundException'{0x000000008dcf5d40}: org/jetbrains/kotlin/gradle/dsl/KotlinJvmOptionsBaseBeanInfo> (0x000000008dcf5d40) thrown at [./src/hotspot/share/classfile/systemDictionary.cpp, line 231]
Event: 6.275 Thread 0x0000028732f4f000 Exception <a 'java/lang/ClassNotFoundException'{0x000000008db124c0}: org/jetbrains/kotlin/gradle/dsl/KotlinJvmOptionsBaseCustomizer> (0x000000008db124c0) thrown at [./src/hotspot/share/classfile/systemDictionary.cpp, line 231]
Event: 6.276 Thread 0x0000028732f4f000 Exception <a 'java/lang/ClassNotFoundException'{0x000000008db40358}: org/jetbrains/kotlin/gradle/dsl/KotlinJvmOptionsImplCustomizer> (0x000000008db40358) thrown at [./src/hotspot/share/classfile/systemDictionary.cpp, line 231]
Event: 6.280 Thread 0x0000028732f4f000 Exception <a 'java/lang/ClassNotFoundException'{0x000000008dbe4368}: org/gradle/api/internal/artifacts/dsl/dependencies/DefaultDependencyHandler_DecoratedBeanInfo> (0x000000008dbe4368) thrown at [./src/hotspot/share/classfile/systemDictionary.cpp, line 231]
Event: 6.280 Thread 0x0000028732f4f000 Exception <a 'java/lang/ClassNotFoundException'{0x000000008da2efd8}: org/gradle/api/internal/artifacts/dsl/dependencies/DefaultDependencyHandlerBeanInfo> (0x000000008da2efd8) thrown at [./src/hotspot/share/classfile/systemDictionary.cpp, line 231]
Event: 6.281 Thread 0x0000028732f4f000 Exception <a 'java/lang/ClassNotFoundException'{0x000000008da79118}: org/gradle/api/internal/artifacts/dsl/dependencies/DefaultDependencyHandlerCustomizer> (0x000000008da79118) thrown at [./src/hotspot/share/classfile/systemDictionary.cpp, line 231]
Event: 6.282 Thread 0x0000028732f4f000 Exception <a 'java/lang/ClassNotFoundException'{0x000000008daea940}: org/gradle/api/internal/artifacts/dsl/dependencies/DefaultDependencyHandler_DecoratedCustomizer> (0x000000008daea940) thrown at [./src/hotspot/share/classfile/systemDictionary.cpp, line 231]
Event: 6.778 Thread 0x0000028732f4f000 Exception <a 'java/lang/ClassNotFoundException'{0x000000008aa14210}: com/android/build/gradle/internal/api/ApkVariantOutputImpl_DecoratedBeanInfo> (0x000000008aa14210) thrown at [./src/hotspot/share/classfile/systemDictionary.cpp, line 231]
Event: 6.779 Thread 0x0000028732f4f000 Exception <a 'java/lang/ClassNotFoundException'{0x000000008aa2fd00}: com/android/build/gradle/internal/api/ApkVariantOutputImplBeanInfo> (0x000000008aa2fd00) thrown at [./src/hotspot/share/classfile/systemDictionary.cpp, line 231]
Event: 6.779 Thread 0x0000028732f4f000 Exception <a 'java/lang/ClassNotFoundException'{0x000000008aa4c0f0}: com/android/build/gradle/internal/api/BaseVariantOutputImplBeanInfo> (0x000000008aa4c0f0) thrown at [./src/hotspot/share/classfile/systemDictionary.cpp, line 231]
Event: 6.779 Thread 0x0000028732f4f000 Exception <a 'java/lang/ClassNotFoundException'{0x000000008aa68548}: com/android/build/gradle/internal/api/BaseVariantOutputImplCustomizer> (0x000000008aa68548) thrown at [./src/hotspot/share/classfile/systemDictionary.cpp, line 231]
Event: 6.780 Thread 0x0000028732f4f000 Exception <a 'java/lang/ClassNotFoundException'{0x000000008aa97278}: com/android/build/gradle/internal/api/ApkVariantOutputImplCustomizer> (0x000000008aa97278) thrown at [./src/hotspot/share/classfile/systemDictionary.cpp, line 231]
Event: 6.781 Thread 0x0000028732f4f000 Exception <a 'java/lang/ClassNotFoundException'{0x000000008aac2410}: com/android/build/gradle/internal/api/ApkVariantOutputImpl_DecoratedCustomizer> (0x000000008aac2410) thrown at [./src/hotspot/share/classfile/systemDictionary.cpp, line 231]
Event: 6.812 Thread 0x0000028732f4f000 Exception <a 'java/lang/ClassNotFoundException'{0x000000008a7a9c10}: com/android/build/gradle/internal/api/ReadOnlyBuildTypeBeanInfo> (0x000000008a7a9c10) thrown at [./src/hotspot/share/classfile/systemDictionary.cpp, line 231]
Event: 6.813 Thread 0x0000028732f4f000 Exception <a 'java/lang/ClassNotFoundException'{0x000000008a7c5d78}: com/android/build/gradle/internal/api/ReadOnlyBaseConfigBeanInfo> (0x000000008a7c5d78) thrown at [./src/hotspot/share/classfile/systemDictionary.cpp, line 231]
Event: 6.813 Thread 0x0000028732f4f000 Exception <a 'java/lang/ClassNotFoundException'{0x000000008a7e1ad8}: com/android/build/gradle/internal/api/ReadOnlyBaseConfigCustomizer> (0x000000008a7e1ad8) thrown at [./src/hotspot/share/classfile/systemDictionary.cpp, line 231]
Event: 6.814 Thread 0x0000028732f4f000 Exception <a 'java/lang/ClassNotFoundException'{0x000000008a60d890}: com/android/build/gradle/internal/api/ReadOnlyBuildTypeCustomizer> (0x000000008a60d890) thrown at [./src/hotspot/share/classfile/systemDictionary.cpp, line 231]

Events (20 events):
Event: 6.826 loading class org/jetbrains/kotlin/gradle/tasks/KotlinCompile
Event: 6.826 loading class org/jetbrains/kotlin/gradle/tasks/KotlinCompile done
Event: 6.828 loading class org/jetbrains/kotlin/gradle/dsl/KotlinJvmCompile
Event: 6.828 loading class org/jetbrains/kotlin/gradle/dsl/KotlinJvmCompile done
Event: 6.828 loading class org/jetbrains/kotlin/gradle/tasks/KotlinJvmCompile
Event: 6.828 loading class org/jetbrains/kotlin/gradle/tasks/KotlinJvmCompile done
Event: 6.828 loading class org/jetbrains/kotlin/gradle/tasks/BaseKotlinCompile
Event: 6.828 loading class org/jetbrains/kotlin/gradle/tasks/BaseKotlinCompile done
Event: 6.829 loading class org/jetbrains/kotlin/gradle/dsl/KotlinCompile
Event: 6.829 loading class org/jetbrains/kotlin/gradle/dsl/KotlinCompile done
Event: 6.829 loading class org/jetbrains/kotlin/gradle/tasks/AbstractKotlinCompile
Event: 6.829 loading class org/jetbrains/kotlin/gradle/tasks/AbstractKotlinCompile done
Event: 6.830 loading class org/jetbrains/kotlin/gradle/tasks/CompileUsingKotlinDaemonWithNormalization
Event: 6.830 loading class org/jetbrains/kotlin/gradle/tasks/CompileUsingKotlinDaemonWithNormalization done
Event: 6.830 loading class org/jetbrains/kotlin/gradle/tasks/CompileUsingKotlinDaemon
Event: 6.830 loading class org/jetbrains/kotlin/gradle/tasks/CompileUsingKotlinDaemon done
Event: 6.832 loading class kotlin/collections/AbstractList
Event: 6.832 loading class kotlin/collections/AbstractList done
Event: 6.832 loading class kotlin/collections/AbstractList$Companion
Event: 6.832 loading class kotlin/collections/AbstractList$Companion done


Dynamic libraries:
0x00007ff7cfd40000 - 0x00007ff7cfd4a000 	C:\Program Files\Android\Android Studio\jre\bin\java.exe
0x00007fff00e90000 - 0x00007fff01085000 	C:\Windows\SYSTEM32\ntdll.dll
0x00007ffefeee0000 - 0x00007ffefef9d000 	C:\Windows\System32\KERNEL32.DLL
0x00007ffefeb00000 - 0x00007ffefedcd000 	C:\Windows\System32\KERNELBASE.dll
0x00007ffefe670000 - 0x00007ffefe770000 	C:\Windows\System32\ucrtbase.dll
0x00007ffeea980000 - 0x00007ffeea999000 	C:\Program Files\Android\Android Studio\jre\bin\jli.dll
0x00007ffeea5d0000 - 0x00007ffeea5e7000 	C:\Program Files\Android\Android Studio\jre\bin\VCRUNTIME140.dll
0x00007fff008a0000 - 0x00007fff00a40000 	C:\Windows\System32\USER32.dll
0x00007ffeec1d0000 - 0x00007ffeec46a000 	C:\Windows\WinSxS\amd64_microsoft.windows.common-controls_6595b64144ccf1df_6.0.19041.1110_none_60b5254171f9507e\COMCTL32.dll
0x00007ffefe5a0000 - 0x00007ffefe5c2000 	C:\Windows\System32\win32u.dll
0x00007ffeffd10000 - 0x00007ffeffdae000 	C:\Windows\System32\msvcrt.dll
0x00007fff00730000 - 0x00007fff0075a000 	C:\Windows\System32\GDI32.dll
0x00007ffefedd0000 - 0x00007ffefeedb000 	C:\Windows\System32\gdi32full.dll
0x00007ffefe5d0000 - 0x00007ffefe66d000 	C:\Windows\System32\msvcp_win.dll
0x00007fff00ae0000 - 0x00007fff00b10000 	C:\Windows\System32\IMM32.DLL
0x00007ffeca370000 - 0x00007ffeca40d000 	C:\Program Files\Android\Android Studio\jre\bin\msvcp140.dll
0x00007ffe76200000 - 0x00007ffe76ce5000 	C:\Program Files\Android\Android Studio\jre\bin\server\jvm.dll
0x00007fff00760000 - 0x00007fff0080e000 	C:\Windows\System32\ADVAPI32.dll
0x00007ffeff8a0000 - 0x00007ffeff93c000 	C:\Windows\System32\sechost.dll
0x00007fff00d20000 - 0x00007fff00e45000 	C:\Windows\System32\RPCRT4.dll
0x00007fff00ad0000 - 0x00007fff00ad8000 	C:\Windows\System32\PSAPI.DLL
0x00007ffeb9de0000 - 0x00007ffeb9de9000 	C:\Windows\SYSTEM32\WSOCK32.dll
0x00007ffef87e0000 - 0x00007ffef87ea000 	C:\Windows\SYSTEM32\VERSION.dll
0x00007ffef8e00000 - 0x00007ffef8e27000 	C:\Windows\SYSTEM32\WINMM.dll
0x00007fff00b90000 - 0x00007fff00bfb000 	C:\Windows\System32\WS2_32.dll
0x00007ffefc4a0000 - 0x00007ffefc4b2000 	C:\Windows\SYSTEM32\kernel.appcore.dll
0x00007ffeb9dc0000 - 0x00007ffeb9dd1000 	C:\Program Files\Android\Android Studio\jre\bin\verify.dll
0x00007ffef6550000 - 0x00007ffef6734000 	C:\Windows\SYSTEM32\DBGHELP.DLL
0x00007ffeea910000 - 0x00007ffeea93c000 	C:\Windows\SYSTEM32\dbgcore.DLL
0x00007ffefe8a0000 - 0x00007ffefe922000 	C:\Windows\System32\bcryptPrimitives.dll
0x00007ffeb4580000 - 0x00007ffeb45a9000 	C:\Program Files\Android\Android Studio\jre\bin\java.dll
0x00007ffeb6e40000 - 0x00007ffeb6e4b000 	C:\Program Files\Android\Android Studio\jre\bin\jimage.dll
0x00007ffeb4560000 - 0x00007ffeb4578000 	C:\Program Files\Android\Android Studio\jre\bin\zip.dll
0x00007ffeff150000 - 0x00007ffeff894000 	C:\Windows\System32\SHELL32.dll
0x00007ffefc6a0000 - 0x00007ffefce34000 	C:\Windows\SYSTEM32\windows.storage.dll
0x00007fff003d0000 - 0x00007fff00724000 	C:\Windows\System32\combase.dll
0x00007ffefe000000 - 0x00007ffefe02c000 	C:\Windows\SYSTEM32\Wldp.dll
0x00007ffeffa70000 - 0x00007ffeffb1d000 	C:\Windows\System32\SHCORE.dll
0x00007ffeffbe0000 - 0x00007ffeffc35000 	C:\Windows\System32\shlwapi.dll
0x00007ffefe4e0000 - 0x00007ffefe4ff000 	C:\Windows\SYSTEM32\profapi.dll
0x00007ffeb4540000 - 0x00007ffeb455a000 	C:\Program Files\Android\Android Studio\jre\bin\net.dll
0x00007ffef87f0000 - 0x00007ffef88fa000 	C:\Windows\SYSTEM32\WINHTTP.dll
0x00007ffefdd60000 - 0x00007ffefddca000 	C:\Windows\system32\mswsock.dll
0x00007ffeb4520000 - 0x00007ffeb4534000 	C:\Program Files\Android\Android Studio\jre\bin\nio.dll
0x00007ffef89b0000 - 0x00007ffef89d7000 	C:\Users\diaah\.gradle\native\e1d6ef7f7dcc3fd88c89a11ec53ec762bb8ba0a96d01ffa2cd45eb1d1d8dd5c5\windows-amd64\native-platform.dll
0x00007ffebd450000 - 0x00007ffebd594000 	C:\Users\diaah\.gradle\native\5664cfc778a61ccfe75a443a1ab52a65af34e5dc3c78e0209fed803814484fcb\windows-amd64\native-platform-file-events.dll
0x00007ffeb4510000 - 0x00007ffeb451a000 	C:\Program Files\Android\Android Studio\jre\bin\management.dll
0x00007ffeb4500000 - 0x00007ffeb450d000 	C:\Program Files\Android\Android Studio\jre\bin\management_ext.dll
0x00007ffefdf60000 - 0x00007ffefdf78000 	C:\Windows\SYSTEM32\CRYPTSP.dll
0x00007ffefd670000 - 0x00007ffefd6a4000 	C:\Windows\system32\rsaenh.dll
0x00007ffefe7c0000 - 0x00007ffefe7e7000 	C:\Windows\System32\bcrypt.dll
0x00007ffefe460000 - 0x00007ffefe48e000 	C:\Windows\SYSTEM32\USERENV.dll
0x00007ffefdf50000 - 0x00007ffefdf5c000 	C:\Windows\SYSTEM32\CRYPTBASE.dll
0x00007ffefda00000 - 0x00007ffefda3b000 	C:\Windows\SYSTEM32\IPHLPAPI.DLL
0x00007fff00a40000 - 0x00007fff00a48000 	C:\Windows\System32\NSI.dll
0x00007ffef8240000 - 0x00007ffef8257000 	C:\Windows\SYSTEM32\dhcpcsvc6.DLL
0x00007ffef8220000 - 0x00007ffef823d000 	C:\Windows\SYSTEM32\dhcpcsvc.DLL
0x00007ffefda50000 - 0x00007ffefdb1b000 	C:\Windows\SYSTEM32\DNSAPI.dll

dbghelp: loaded successfully - version: 4.0.5 - missing functions: none
symbol engine: initialized successfully - sym options: 0x614 - pdb path: .;C:\Program Files\Android\Android Studio\jre\bin;C:\Windows\SYSTEM32;C:\Windows\WinSxS\amd64_microsoft.windows.common-controls_6595b64144ccf1df_6.0.19041.1110_none_60b5254171f9507e;C:\Program Files\Android\Android Studio\jre\bin\server;C:\Users\diaah\.gradle\native\e1d6ef7f7dcc3fd88c89a11ec53ec762bb8ba0a96d01ffa2cd45eb1d1d8dd5c5\windows-amd64;C:\Users\diaah\.gradle\native\5664cfc778a61ccfe75a443a1ab52a65af34e5dc3c78e0209fed803814484fcb\windows-amd64

VM Arguments:
jvm_args: --add-opens=java.base/java.util=ALL-UNNAMED --add-opens=java.base/java.lang=ALL-UNNAMED --add-opens=java.base/java.lang.invoke=ALL-UNNAMED --add-opens=java.base/java.util=ALL-UNNAMED --add-opens=java.prefs/java.util.prefs=ALL-UNNAMED --add-opens=java.prefs/java.util.prefs=ALL-UNNAMED --add-opens=java.base/java.nio.charset=ALL-UNNAMED --add-opens=java.base/java.net=ALL-UNNAMED --add-opens=java.base/java.util.concurrent.atomic=ALL-UNNAMED -Xmx2048m -Dfile.encoding=UTF-8 -Duser.country=US -Duser.language=en -Duser.variant 
java_command: org.gradle.launcher.daemon.bootstrap.GradleDaemon 7.3.3
java_class_path (initial): C:\Users\diaah\.gradle\wrapper\dists\gradle-7.3.3-bin\6a41zxkdtcxs8rphpq6y0069z\gradle-7.3.3\lib\gradle-launcher-7.3.3.jar
Launcher Type: SUN_STANDARD

[Global flags]
     intx CICompilerCount                          = 4                                         {product} {ergonomic}
     uint ConcGCThreads                            = 3                                         {product} {ergonomic}
     uint G1ConcRefinementThreads                  = 10                                        {product} {ergonomic}
   size_t G1HeapRegionSize                         = 1048576                                   {product} {ergonomic}
    uintx GCDrainStackTargetSize                   = 64                                        {product} {ergonomic}
   size_t InitialHeapSize                          = 266338304                                 {product} {ergonomic}
   size_t MarkStackSize                            = 4194304                                   {product} {ergonomic}
   size_t MaxHeapSize                              = 2147483648                                {product} {command line}
   size_t MaxNewSize                               = 1287651328                                {product} {ergonomic}
   size_t MinHeapDeltaBytes                        = 1048576                                   {product} {ergonomic}
    uintx NonNMethodCodeHeapSize                   = 5836300                                {pd product} {ergonomic}
    uintx NonProfiledCodeHeapSize                  = 122910970                              {pd product} {ergonomic}
    uintx ProfiledCodeHeapSize                     = 122910970                              {pd product} {ergonomic}
    uintx ReservedCodeCacheSize                    = 251658240                              {pd product} {ergonomic}
     bool SegmentedCodeCache                       = true                                      {product} {ergonomic}
     bool UseCompressedClassPointers               = true                                 {lp64_product} {ergonomic}
     bool UseCompressedOops                        = true                                 {lp64_product} {ergonomic}
     bool UseG1GC                                  = true                                      {product} {ergonomic}
     bool UseLargePagesIndividualAllocation        = false                                  {pd product} {ergonomic}

Logging:
Log output configuration:
 #0: stdout all=warning uptime,level,tags
 #1: stderr all=off uptime,level,tags

Environment Variables:
PATH=C:\Program Files\Common Files\Oracle\Java\javapath;C:\ProgramData\Oracle\Java\javapath;C:\Windows\system32;C:\Windows;C:\Windows\System32\Wbem;C:\Windows\System32\WindowsPowerShell\v1.0\;C:\Windows\System32\OpenSSH\;C:\Program Files (x86)\NVIDIA Corporation\PhysX\Common;C:\Program Files\NVIDIA Corporation\NVIDIA NvDLISR;D:\git\Git\cmd;C:\Users\diaah\AppData\Local\Microsoft\WindowsApps
USERNAME=diaa
OS=Windows_NT
PROCESSOR_IDENTIFIER=Intel64 Family 6 Model 165 Stepping 2, GenuineIntel



---------------  S Y S T E M  ---------------

OS: Windows 10 , 64 bit Build 19041 (10.0.19041.1706)
OS uptime: 0 days 0:54 hours

CPU:total 12 (initial active 12) (6 cores per cpu, 2 threads per core) family 6 model 165 stepping 2 microcode 0xe2, cmov, cx8, fxsr, mmx, sse, sse2, sse3, ssse3, sse4.1, sse4.2, popcnt, avx, avx2, aes, clmul, erms, 3dnowpref, lzcnt, ht, tsc, tscinvbit, bmi1, bmi2, adx, fma

Memory: 4k page, system-wide physical 16205M (3640M free)
TotalPageFile size 16205M (AvailPageFile size 3M)
current process WorkingSet (physical memory assigned to process): 460M, peak: 462M
current process commit charge ("private bytes"): 539M, peak: 542M

vm_info: OpenJDK 64-Bit Server VM (11.0.12+7-b1504.28-7817840) for windows-amd64 JRE (11.0.12+7-b1504.28-7817840), built on Oct 13 2021 22:12:33 by "builder" with MS VC++ 14.0 (VS2015)

END.
