#
# There is insufficient memory for the Java Runtime Environment to continue.
# Native memory allocation (malloc) failed to allocate 631696 bytes for Chunk::new
# Possible reasons:
#   The system is out of physical RAM or swap space
#   The process is running with CompressedOops enabled, and the Java Heap may be blocking the growth of the native heap
# Possible solutions:
#   Reduce memory load on the system
#   Increase physical memory or swap space
#   Check if swap backing store is full
#   Decrease Java heap size (-Xmx/-Xms)
#   Decrease number of Java threads
#   Decrease Java thread stack sizes (-Xss)
#   Set larger code cache with -XX:ReservedCodeCacheSize=
#   JVM is running with Unscaled Compressed Oops mode in which the Java heap is
#     placed in the first 4GB address space. The Java Heap base address is the
#     maximum limit for the native heap growth. Please use -XX:HeapBaseMinAddress
#     to set the Java Heap base and to place the Java Heap above 4GB virtual address.
# This output file may be truncated or incomplete.
#
#  Out of Memory Error (./src/hotspot/share/memory/arena.cpp:197), pid=18208, tid=19352
#
# JRE version: OpenJDK Runtime Environment (11.0.12+7) (build 11.0.12+7-b1504.28-7817840)
# Java VM: OpenJDK 64-Bit Server VM (11.0.12+7-b1504.28-7817840, mixed mode, tiered, compressed oops, g1 gc, windows-amd64)
# No core dump will be written. Minidumps are not enabled by default on client versions of Windows
#

---------------  S U M M A R Y ------------

Command Line: --add-opens=java.base/java.util=ALL-UNNAMED --add-opens=java.base/java.lang=ALL-UNNAMED --add-opens=java.base/java.lang.invoke=ALL-UNNAMED --add-opens=java.base/java.util=ALL-UNNAMED --add-opens=java.prefs/java.util.prefs=ALL-UNNAMED --add-opens=java.prefs/java.util.prefs=ALL-UNNAMED --add-opens=java.base/java.nio.charset=ALL-UNNAMED --add-opens=java.base/java.net=ALL-UNNAMED --add-opens=java.base/java.util.concurrent.atomic=ALL-UNNAMED -Xmx2048m -Dfile.encoding=UTF-8 -Duser.country=US -Duser.language=en -Duser.variant org.gradle.launcher.daemon.bootstrap.GradleDaemon 7.3.3

Host: Intel(R) Core(TM) i7-10750H CPU @ 2.60GHz, 12 cores, 15G,  Windows 10 , 64 bit Build 19041 (10.0.19041.1706)
Time: Thu Oct 13 22:09:57 2022 Egypt Standard Time elapsed time: 3.342918 seconds (0d 0h 0m 3s)

---------------  T H R E A D  ---------------

Current thread (0x00000198840b4000):  JavaThread "C2 CompilerThread0" daemon [_thread_in_native, id=19352, stack(0x0000005c48a00000,0x0000005c48b00000)]


Current CompileTask:
C2:   3343 1949   !   4       java.lang.ClassLoader::loadClass (122 bytes)

Stack: [0x0000005c48a00000,0x0000005c48b00000]
Native frames: (J=compiled Java code, j=interpreted, Vv=VM code, C=native code)
V  [jvm.dll+0x5fbcea]
V  [jvm.dll+0x731905]
V  [jvm.dll+0x732f1d]
V  [jvm.dll+0x7335d3]
V  [jvm.dll+0x247bf8]
V  [jvm.dll+0xc018c]
V  [jvm.dll+0xc06cc]
V  [jvm.dll+0x2bcc04]
V  [jvm.dll+0x5113a8]
V  [jvm.dll+0x208303]
V  [jvm.dll+0x201fe0]
V  [jvm.dll+0x1ff71f]
V  [jvm.dll+0x18868c]
V  [jvm.dll+0x20e0d7]
V  [jvm.dll+0x20c901]
V  [jvm.dll+0x6f9b7f]
V  [jvm.dll+0x6f26a5]
V  [jvm.dll+0x5fabf6]
C  [ucrtbase.dll+0x21bb2]
C  [KERNEL32.DLL+0x17034]
C  [ntdll.dll+0x52651]


---------------  P R O C E S S  ---------------

Threads class SMR info:
_java_thread_list=0x0000019886083980, length=23, elements={
0x00000198e8437800, 0x000001988403a800, 0x0000019884044000, 0x000001988409a000,
0x000001988409c000, 0x00000198840a4800, 0x00000198840b4000, 0x00000198840b8800,
0x000001988409e800, 0x00000198840a3800, 0x00000198840a1000, 0x000001988409f800,
0x00000198840a5000, 0x00000198840a0000, 0x00000198840a2000, 0x00000198840a2800,
0x0000019886aa0800, 0x0000019886a9c800, 0x0000019886a9e000, 0x0000019886aa2000,
0x0000019886a9d800, 0x0000019886aa4800, 0x0000019886aa3000
}

Java Threads: ( => current thread )
  0x00000198e8437800 JavaThread "main" [_thread_blocked, id=9492, stack(0x0000005c47e00000,0x0000005c47f00000)]
  0x000001988403a800 JavaThread "Reference Handler" daemon [_thread_blocked, id=2908, stack(0x0000005c48500000,0x0000005c48600000)]
  0x0000019884044000 JavaThread "Finalizer" daemon [_thread_blocked, id=17584, stack(0x0000005c48600000,0x0000005c48700000)]
  0x000001988409a000 JavaThread "Signal Dispatcher" daemon [_thread_blocked, id=12952, stack(0x0000005c48700000,0x0000005c48800000)]
  0x000001988409c000 JavaThread "Attach Listener" daemon [_thread_blocked, id=5480, stack(0x0000005c48800000,0x0000005c48900000)]
  0x00000198840a4800 JavaThread "Service Thread" daemon [_thread_blocked, id=19024, stack(0x0000005c48900000,0x0000005c48a00000)]
=>0x00000198840b4000 JavaThread "C2 CompilerThread0" daemon [_thread_in_native, id=19352, stack(0x0000005c48a00000,0x0000005c48b00000)]
  0x00000198840b8800 JavaThread "C1 CompilerThread0" daemon [_thread_blocked, id=13868, stack(0x0000005c48b00000,0x0000005c48c00000)]
  0x000001988409e800 JavaThread "Sweeper thread" daemon [_thread_blocked, id=6948, stack(0x0000005c48c00000,0x0000005c48d00000)]
  0x00000198840a3800 JavaThread "Common-Cleaner" daemon [_thread_blocked, id=4208, stack(0x0000005c48d00000,0x0000005c48e00000)]
  0x00000198840a1000 JavaThread "Daemon health stats" [_thread_blocked, id=3484, stack(0x0000005c49600000,0x0000005c49700000)]
  0x000001988409f800 JavaThread "Incoming local TCP Connector on port 5018" [_thread_in_native, id=10284, stack(0x0000005c48f00000,0x0000005c49000000)]
  0x00000198840a5000 JavaThread "Daemon periodic checks" [_thread_blocked, id=13516, stack(0x0000005c49500000,0x0000005c49600000)]
  0x00000198840a0000 JavaThread "Daemon" [_thread_blocked, id=15504, stack(0x0000005c49700000,0x0000005c49800000)]
  0x00000198840a2000 JavaThread "Handler for socket connection from /127.0.0.1:5018 to /127.0.0.1:5019" [_thread_in_native, id=9268, stack(0x0000005c49800000,0x0000005c49900000)]
  0x00000198840a2800 JavaThread "Cancel handler" [_thread_blocked, id=18656, stack(0x0000005c49900000,0x0000005c49a00000)]
  0x0000019886aa0800 JavaThread "Daemon worker" [_thread_in_native, id=16972, stack(0x0000005c49a00000,0x0000005c49b00000)]
  0x0000019886a9c800 JavaThread "Asynchronous log dispatcher for DefaultDaemonConnection: socket connection from /127.0.0.1:5018 to /127.0.0.1:5019" [_thread_blocked, id=10272, stack(0x0000005c49b00000,0x0000005c49c00000)]
  0x0000019886a9e000 JavaThread "Stdin handler" [_thread_blocked, id=16688, stack(0x0000005c49c00000,0x0000005c49d00000)]
  0x0000019886aa2000 JavaThread "Daemon client event forwarder" [_thread_blocked, id=12220, stack(0x0000005c49d00000,0x0000005c49e00000)]
  0x0000019886a9d800 JavaThread "Cache worker for journal cache (C:\Users\diaah\.gradle\caches\journal-1)" [_thread_blocked, id=5368, stack(0x0000005c49e00000,0x0000005c49f00000)]
  0x0000019886aa4800 JavaThread "File lock request listener" [_thread_in_native, id=16480, stack(0x0000005c49f00000,0x0000005c4a000000)]
  0x0000019886aa3000 JavaThread "Cache worker for file hash cache (C:\Users\diaah\.gradle\caches\7.3.3\fileHashes)" [_thread_blocked, id=4932, stack(0x0000005c4a000000,0x0000005c4a100000)]

Other Threads:
  0x0000019884034800 VMThread "VM Thread" [stack: 0x0000005c48400000,0x0000005c48500000] [id=13304]
  0x0000019884236000 WatcherThread [stack: 0x0000005c48e00000,0x0000005c48f00000] [id=8864]
  0x00000198e8454000 GCTaskThread "GC Thread#0" [stack: 0x0000005c47f00000,0x0000005c48000000] [id=2320]
  0x0000019884b81000 GCTaskThread "GC Thread#1" [stack: 0x0000005c49000000,0x0000005c49100000] [id=12108]
  0x0000019884dc0800 GCTaskThread "GC Thread#2" [stack: 0x0000005c49100000,0x0000005c49200000] [id=15644]
  0x0000019884b82000 GCTaskThread "GC Thread#3" [stack: 0x0000005c49200000,0x0000005c49300000] [id=9040]
  0x0000019884ccf000 GCTaskThread "GC Thread#4" [stack: 0x0000005c49300000,0x0000005c49400000] [id=10436]
  0x0000019884c0b000 GCTaskThread "GC Thread#5" [stack: 0x0000005c49400000,0x0000005c49500000] [id=13636]
  0x0000019884c0c000 GCTaskThread "GC Thread#6" [stack: 0x0000005c4a100000,0x0000005c4a200000] [id=18404]
  0x0000019884c0e000 GCTaskThread "GC Thread#7" [stack: 0x0000005c4a200000,0x0000005c4a300000] [id=1196]
  0x0000019884c0c800 GCTaskThread "GC Thread#8" [stack: 0x0000005c4a300000,0x0000005c4a400000] [id=2692]
  0x0000019884c0d800 GCTaskThread "GC Thread#9" [stack: 0x0000005c4a400000,0x0000005c4a500000] [id=17852]
  0x00000198e8486800 ConcurrentGCThread "G1 Main Marker" [stack: 0x0000005c48000000,0x0000005c48100000] [id=15376]
  0x00000198e8487800 ConcurrentGCThread "G1 Conc#0" [stack: 0x0000005c48100000,0x0000005c48200000] [id=16956]
  0x0000019884c0f000 ConcurrentGCThread "G1 Conc#1" [stack: 0x0000005c4a500000,0x0000005c4a600000] [id=12780]
  0x0000019884c08800 ConcurrentGCThread "G1 Conc#2" [stack: 0x0000005c4a600000,0x0000005c4a700000] [id=2560]
  0x00000198ff30e800 ConcurrentGCThread "G1 Refine#0" [stack: 0x0000005c48200000,0x0000005c48300000] [id=15516]
  0x00000198ff30f800 ConcurrentGCThread "G1 Young RemSet Sampling" [stack: 0x0000005c48300000,0x0000005c48400000] [id=13504]

Threads with active compile tasks:
C2 CompilerThread0   3373 1949   !   4       java.lang.ClassLoader::loadClass (122 bytes)

VM state:not at safepoint (normal execution)

VM Mutex/Monitor currently owned by a thread: None

Heap address: 0x0000000080000000, size: 2048 MB, Compressed Oops mode: 32-bit
Narrow klass base: 0x0000000000000000, Narrow klass shift: 3
Compressed class space size: 1073741824 Address: 0x0000000100000000

Heap:
 garbage-first heap   total 260096K, used 18956K [0x0000000080000000, 0x0000000100000000)
  region size 1024K, 4 young (4096K), 2 survivors (2048K)
 Metaspace       used 22868K, capacity 23326K, committed 23552K, reserved 1075200K
  class space    used 2899K, capacity 3064K, committed 3072K, reserved 1048576K
Heap Regions: E=young(eden), S=young(survivor), O=old, HS=humongous(starts), HC=humongous(continues), CS=collection set, F=free, A=archive, TAMS=top-at-mark-start (previous, next)
|   0|0x0000000080000000, 0x0000000080100000, 0x0000000080100000|100%| O|  |TAMS 0x0000000080100000, 0x0000000080000000| Untracked 
|   1|0x0000000080100000, 0x0000000080200000, 0x0000000080200000|100%| O|  |TAMS 0x0000000080200000, 0x0000000080100000| Untracked 
|   2|0x0000000080200000, 0x0000000080300000, 0x0000000080300000|100%| O|  |TAMS 0x0000000080300000, 0x0000000080200000| Untracked 
|   3|0x0000000080300000, 0x0000000080400000, 0x0000000080400000|100%|HS|  |TAMS 0x0000000080400000, 0x0000000080300000| Complete 
|   4|0x0000000080400000, 0x0000000080500000, 0x0000000080500000|100%|HC|  |TAMS 0x0000000080500000, 0x0000000080400000| Complete 
|   5|0x0000000080500000, 0x0000000080600000, 0x0000000080600000|100%|HC|  |TAMS 0x0000000080600000, 0x0000000080500000| Complete 
|   6|0x0000000080600000, 0x0000000080700000, 0x0000000080700000|100%| O|  |TAMS 0x0000000080700000, 0x0000000080600000| Untracked 
|   7|0x0000000080700000, 0x0000000080800000, 0x0000000080800000|100%| O|  |TAMS 0x0000000080800000, 0x0000000080700000| Untracked 
|   8|0x0000000080800000, 0x0000000080900000, 0x0000000080900000|100%| O|  |TAMS 0x0000000080900000, 0x0000000080800000| Untracked 
|   9|0x0000000080900000, 0x0000000080a00000, 0x0000000080a00000|100%| O|  |TAMS 0x0000000080a00000, 0x0000000080900000| Untracked 
|  10|0x0000000080a00000, 0x0000000080b00000, 0x0000000080b00000|100%| O|  |TAMS 0x0000000080b00000, 0x0000000080a00000| Untracked 
|  11|0x0000000080b00000, 0x0000000080c00000, 0x0000000080c00000|100%| O|  |TAMS 0x0000000080c00000, 0x0000000080b00000| Untracked 
|  12|0x0000000080c00000, 0x0000000080d00000, 0x0000000080d00000|100%| O|  |TAMS 0x0000000080d00000, 0x0000000080c00000| Untracked 
|  13|0x0000000080d00000, 0x0000000080e00000, 0x0000000080e00000|100%| O|  |TAMS 0x0000000080e00000, 0x0000000080d00000| Untracked 
|  14|0x0000000080e00000, 0x0000000080f00000, 0x0000000080f00000|100%| O|  |TAMS 0x0000000080f00000, 0x0000000080e00000| Untracked 
|  15|0x0000000080f00000, 0x0000000081000000, 0x0000000081000000|100%| O|  |TAMS 0x0000000081000000, 0x0000000080f00000| Untracked 
|  16|0x0000000081000000, 0x0000000081056000, 0x0000000081100000| 33%| O|  |TAMS 0x0000000081056000, 0x0000000081000000| Untracked 
|  17|0x0000000081100000, 0x0000000081100000, 0x0000000081200000|  0%| F|  |TAMS 0x0000000081100000, 0x0000000081100000| Untracked 
|  18|0x0000000081200000, 0x0000000081200000, 0x0000000081300000|  0%| F|  |TAMS 0x0000000081200000, 0x0000000081200000| Untracked 
|  19|0x0000000081300000, 0x0000000081300000, 0x0000000081400000|  0%| F|  |TAMS 0x0000000081300000, 0x0000000081300000| Untracked 
|  20|0x0000000081400000, 0x0000000081400000, 0x0000000081500000|  0%| F|  |TAMS 0x0000000081400000, 0x0000000081400000| Untracked 
|  21|0x0000000081500000, 0x0000000081500000, 0x0000000081600000|  0%| F|  |TAMS 0x0000000081500000, 0x0000000081500000| Untracked 
|  22|0x0000000081600000, 0x0000000081600000, 0x0000000081700000|  0%| F|  |TAMS 0x0000000081600000, 0x0000000081600000| Untracked 
|  23|0x0000000081700000, 0x0000000081700000, 0x0000000081800000|  0%| F|  |TAMS 0x0000000081700000, 0x0000000081700000| Untracked 
|  24|0x0000000081800000, 0x0000000081800000, 0x0000000081900000|  0%| F|  |TAMS 0x0000000081800000, 0x0000000081800000| Untracked 
|  25|0x0000000081900000, 0x0000000081900000, 0x0000000081a00000|  0%| F|  |TAMS 0x0000000081900000, 0x0000000081900000| Untracked 
|  26|0x0000000081a00000, 0x0000000081a00000, 0x0000000081b00000|  0%| F|  |TAMS 0x0000000081a00000, 0x0000000081a00000| Untracked 
|  27|0x0000000081b00000, 0x0000000081b00000, 0x0000000081c00000|  0%| F|  |TAMS 0x0000000081b00000, 0x0000000081b00000| Untracked 
|  28|0x0000000081c00000, 0x0000000081c00000, 0x0000000081d00000|  0%| F|  |TAMS 0x0000000081c00000, 0x0000000081c00000| Untracked 
|  29|0x0000000081d00000, 0x0000000081d00000, 0x0000000081e00000|  0%| F|  |TAMS 0x0000000081d00000, 0x0000000081d00000| Untracked 
|  30|0x0000000081e00000, 0x0000000081e00000, 0x0000000081f00000|  0%| F|  |TAMS 0x0000000081e00000, 0x0000000081e00000| Untracked 
|  31|0x0000000081f00000, 0x0000000081f00000, 0x0000000082000000|  0%| F|  |TAMS 0x0000000081f00000, 0x0000000081f00000| Untracked 
|  32|0x0000000082000000, 0x0000000082000000, 0x0000000082100000|  0%| F|  |TAMS 0x0000000082000000, 0x0000000082000000| Untracked 
|  33|0x0000000082100000, 0x0000000082100000, 0x0000000082200000|  0%| F|  |TAMS 0x0000000082100000, 0x0000000082100000| Untracked 
|  34|0x0000000082200000, 0x0000000082200000, 0x0000000082300000|  0%| F|  |TAMS 0x0000000082200000, 0x0000000082200000| Untracked 
|  35|0x0000000082300000, 0x0000000082300000, 0x0000000082400000|  0%| F|  |TAMS 0x0000000082300000, 0x0000000082300000| Untracked 
|  36|0x0000000082400000, 0x0000000082400000, 0x0000000082500000|  0%| F|  |TAMS 0x0000000082400000, 0x0000000082400000| Untracked 
|  37|0x0000000082500000, 0x0000000082500000, 0x0000000082600000|  0%| F|  |TAMS 0x0000000082500000, 0x0000000082500000| Untracked 
|  38|0x0000000082600000, 0x0000000082600000, 0x0000000082700000|  0%| F|  |TAMS 0x0000000082600000, 0x0000000082600000| Untracked 
|  39|0x0000000082700000, 0x0000000082700000, 0x0000000082800000|  0%| F|  |TAMS 0x0000000082700000, 0x0000000082700000| Untracked 
|  40|0x0000000082800000, 0x0000000082800000, 0x0000000082900000|  0%| F|  |TAMS 0x0000000082800000, 0x0000000082800000| Untracked 
|  41|0x0000000082900000, 0x0000000082900000, 0x0000000082a00000|  0%| F|  |TAMS 0x0000000082900000, 0x0000000082900000| Untracked 
|  42|0x0000000082a00000, 0x0000000082a00000, 0x0000000082b00000|  0%| F|  |TAMS 0x0000000082a00000, 0x0000000082a00000| Untracked 
|  43|0x0000000082b00000, 0x0000000082b00000, 0x0000000082c00000|  0%| F|  |TAMS 0x0000000082b00000, 0x0000000082b00000| Untracked 
|  44|0x0000000082c00000, 0x0000000082c00000, 0x0000000082d00000|  0%| F|  |TAMS 0x0000000082c00000, 0x0000000082c00000| Untracked 
|  45|0x0000000082d00000, 0x0000000082d00000, 0x0000000082e00000|  0%| F|  |TAMS 0x0000000082d00000, 0x0000000082d00000| Untracked 
|  46|0x0000000082e00000, 0x0000000082e00000, 0x0000000082f00000|  0%| F|  |TAMS 0x0000000082e00000, 0x0000000082e00000| Untracked 
|  47|0x0000000082f00000, 0x0000000082f00000, 0x0000000083000000|  0%| F|  |TAMS 0x0000000082f00000, 0x0000000082f00000| Untracked 
|  48|0x0000000083000000, 0x0000000083000000, 0x0000000083100000|  0%| F|  |TAMS 0x0000000083000000, 0x0000000083000000| Untracked 
|  49|0x0000000083100000, 0x0000000083100000, 0x0000000083200000|  0%| F|  |TAMS 0x0000000083100000, 0x0000000083100000| Untracked 
|  50|0x0000000083200000, 0x0000000083200000, 0x0000000083300000|  0%| F|  |TAMS 0x0000000083200000, 0x0000000083200000| Untracked 
|  51|0x0000000083300000, 0x0000000083300000, 0x0000000083400000|  0%| F|  |TAMS 0x0000000083300000, 0x0000000083300000| Untracked 
|  52|0x0000000083400000, 0x0000000083400000, 0x0000000083500000|  0%| F|  |TAMS 0x0000000083400000, 0x0000000083400000| Untracked 
|  53|0x0000000083500000, 0x0000000083500000, 0x0000000083600000|  0%| F|  |TAMS 0x0000000083500000, 0x0000000083500000| Untracked 
|  54|0x0000000083600000, 0x0000000083600000, 0x0000000083700000|  0%| F|  |TAMS 0x0000000083600000, 0x0000000083600000| Untracked 
|  55|0x0000000083700000, 0x0000000083700000, 0x0000000083800000|  0%| F|  |TAMS 0x0000000083700000, 0x0000000083700000| Untracked 
|  56|0x0000000083800000, 0x0000000083800000, 0x0000000083900000|  0%| F|  |TAMS 0x0000000083800000, 0x0000000083800000| Untracked 
|  57|0x0000000083900000, 0x0000000083900000, 0x0000000083a00000|  0%| F|  |TAMS 0x0000000083900000, 0x0000000083900000| Untracked 
|  58|0x0000000083a00000, 0x0000000083a00000, 0x0000000083b00000|  0%| F|  |TAMS 0x0000000083a00000, 0x0000000083a00000| Untracked 
|  59|0x0000000083b00000, 0x0000000083b00000, 0x0000000083c00000|  0%| F|  |TAMS 0x0000000083b00000, 0x0000000083b00000| Untracked 
|  60|0x0000000083c00000, 0x0000000083c00000, 0x0000000083d00000|  0%| F|  |TAMS 0x0000000083c00000, 0x0000000083c00000| Untracked 
|  61|0x0000000083d00000, 0x0000000083d00000, 0x0000000083e00000|  0%| F|  |TAMS 0x0000000083d00000, 0x0000000083d00000| Untracked 
|  62|0x0000000083e00000, 0x0000000083e00000, 0x0000000083f00000|  0%| F|  |TAMS 0x0000000083e00000, 0x0000000083e00000| Untracked 
|  63|0x0000000083f00000, 0x0000000083f00000, 0x0000000084000000|  0%| F|  |TAMS 0x0000000083f00000, 0x0000000083f00000| Untracked 
|  64|0x0000000084000000, 0x0000000084000000, 0x0000000084100000|  0%| F|  |TAMS 0x0000000084000000, 0x0000000084000000| Untracked 
|  65|0x0000000084100000, 0x0000000084100000, 0x0000000084200000|  0%| F|  |TAMS 0x0000000084100000, 0x0000000084100000| Untracked 
|  66|0x0000000084200000, 0x0000000084200000, 0x0000000084300000|  0%| F|  |TAMS 0x0000000084200000, 0x0000000084200000| Untracked 
|  67|0x0000000084300000, 0x0000000084300000, 0x0000000084400000|  0%| F|  |TAMS 0x0000000084300000, 0x0000000084300000| Untracked 
|  68|0x0000000084400000, 0x0000000084400000, 0x0000000084500000|  0%| F|  |TAMS 0x0000000084400000, 0x0000000084400000| Untracked 
|  69|0x0000000084500000, 0x0000000084500000, 0x0000000084600000|  0%| F|  |TAMS 0x0000000084500000, 0x0000000084500000| Untracked 
|  70|0x0000000084600000, 0x0000000084600000, 0x0000000084700000|  0%| F|  |TAMS 0x0000000084600000, 0x0000000084600000| Untracked 
|  71|0x0000000084700000, 0x0000000084700000, 0x0000000084800000|  0%| F|  |TAMS 0x0000000084700000, 0x0000000084700000| Untracked 
|  72|0x0000000084800000, 0x0000000084800000, 0x0000000084900000|  0%| F|  |TAMS 0x0000000084800000, 0x0000000084800000| Untracked 
|  73|0x0000000084900000, 0x0000000084900000, 0x0000000084a00000|  0%| F|  |TAMS 0x0000000084900000, 0x0000000084900000| Untracked 
|  74|0x0000000084a00000, 0x0000000084a00000, 0x0000000084b00000|  0%| F|  |TAMS 0x0000000084a00000, 0x0000000084a00000| Untracked 
|  75|0x0000000084b00000, 0x0000000084b00000, 0x0000000084c00000|  0%| F|  |TAMS 0x0000000084b00000, 0x0000000084b00000| Untracked 
|  76|0x0000000084c00000, 0x0000000084c00000, 0x0000000084d00000|  0%| F|  |TAMS 0x0000000084c00000, 0x0000000084c00000| Untracked 
|  77|0x0000000084d00000, 0x0000000084d00000, 0x0000000084e00000|  0%| F|  |TAMS 0x0000000084d00000, 0x0000000084d00000| Untracked 
|  78|0x0000000084e00000, 0x0000000084e00000, 0x0000000084f00000|  0%| F|  |TAMS 0x0000000084e00000, 0x0000000084e00000| Untracked 
|  79|0x0000000084f00000, 0x0000000084f00000, 0x0000000085000000|  0%| F|  |TAMS 0x0000000084f00000, 0x0000000084f00000| Untracked 
|  80|0x0000000085000000, 0x0000000085000000, 0x0000000085100000|  0%| F|  |TAMS 0x0000000085000000, 0x0000000085000000| Untracked 
|  81|0x0000000085100000, 0x0000000085100000, 0x0000000085200000|  0%| F|  |TAMS 0x0000000085100000, 0x0000000085100000| Untracked 
|  82|0x0000000085200000, 0x0000000085200000, 0x0000000085300000|  0%| F|  |TAMS 0x0000000085200000, 0x0000000085200000| Untracked 
|  83|0x0000000085300000, 0x0000000085300000, 0x0000000085400000|  0%| F|  |TAMS 0x0000000085300000, 0x0000000085300000| Untracked 
|  84|0x0000000085400000, 0x0000000085400000, 0x0000000085500000|  0%| F|  |TAMS 0x0000000085400000, 0x0000000085400000| Untracked 
|  85|0x0000000085500000, 0x0000000085500000, 0x0000000085600000|  0%| F|  |TAMS 0x0000000085500000, 0x0000000085500000| Untracked 
|  86|0x0000000085600000, 0x0000000085600000, 0x0000000085700000|  0%| F|  |TAMS 0x0000000085600000, 0x0000000085600000| Untracked 
|  87|0x0000000085700000, 0x0000000085700000, 0x0000000085800000|  0%| F|  |TAMS 0x0000000085700000, 0x0000000085700000| Untracked 
|  88|0x0000000085800000, 0x0000000085800000, 0x0000000085900000|  0%| F|  |TAMS 0x0000000085800000, 0x0000000085800000| Untracked 
|  89|0x0000000085900000, 0x0000000085900000, 0x0000000085a00000|  0%| F|  |TAMS 0x0000000085900000, 0x0000000085900000| Untracked 
|  90|0x0000000085a00000, 0x0000000085a00000, 0x0000000085b00000|  0%| F|  |TAMS 0x0000000085a00000, 0x0000000085a00000| Untracked 
|  91|0x0000000085b00000, 0x0000000085b00000, 0x0000000085c00000|  0%| F|  |TAMS 0x0000000085b00000, 0x0000000085b00000| Untracked 
|  92|0x0000000085c00000, 0x0000000085c00000, 0x0000000085d00000|  0%| F|  |TAMS 0x0000000085c00000, 0x0000000085c00000| Untracked 
|  93|0x0000000085d00000, 0x0000000085d00000, 0x0000000085e00000|  0%| F|  |TAMS 0x0000000085d00000, 0x0000000085d00000| Untracked 
|  94|0x0000000085e00000, 0x0000000085e00000, 0x0000000085f00000|  0%| F|  |TAMS 0x0000000085e00000, 0x0000000085e00000| Untracked 
|  95|0x0000000085f00000, 0x0000000085f00000, 0x0000000086000000|  0%| F|  |TAMS 0x0000000085f00000, 0x0000000085f00000| Untracked 
|  96|0x0000000086000000, 0x0000000086000000, 0x0000000086100000|  0%| F|  |TAMS 0x0000000086000000, 0x0000000086000000| Untracked 
|  97|0x0000000086100000, 0x0000000086100000, 0x0000000086200000|  0%| F|  |TAMS 0x0000000086100000, 0x0000000086100000| Untracked 
|  98|0x0000000086200000, 0x0000000086200000, 0x0000000086300000|  0%| F|  |TAMS 0x0000000086200000, 0x0000000086200000| Untracked 
|  99|0x0000000086300000, 0x0000000086300000, 0x0000000086400000|  0%| F|  |TAMS 0x0000000086300000, 0x0000000086300000| Untracked 
| 100|0x0000000086400000, 0x0000000086400000, 0x0000000086500000|  0%| F|  |TAMS 0x0000000086400000, 0x0000000086400000| Untracked 
| 101|0x0000000086500000, 0x0000000086500000, 0x0000000086600000|  0%| F|  |TAMS 0x0000000086500000, 0x0000000086500000| Untracked 
| 102|0x0000000086600000, 0x0000000086600000, 0x0000000086700000|  0%| F|  |TAMS 0x0000000086600000, 0x0000000086600000| Untracked 
| 103|0x0000000086700000, 0x0000000086700000, 0x0000000086800000|  0%| F|  |TAMS 0x0000000086700000, 0x0000000086700000| Untracked 
| 104|0x0000000086800000, 0x0000000086800000, 0x0000000086900000|  0%| F|  |TAMS 0x0000000086800000, 0x0000000086800000| Untracked 
| 105|0x0000000086900000, 0x0000000086900000, 0x0000000086a00000|  0%| F|  |TAMS 0x0000000086900000, 0x0000000086900000| Untracked 
| 106|0x0000000086a00000, 0x0000000086a00000, 0x0000000086b00000|  0%| F|  |TAMS 0x0000000086a00000, 0x0000000086a00000| Untracked 
| 107|0x0000000086b00000, 0x0000000086b00000, 0x0000000086c00000|  0%| F|  |TAMS 0x0000000086b00000, 0x0000000086b00000| Untracked 
| 108|0x0000000086c00000, 0x0000000086c00000, 0x0000000086d00000|  0%| F|  |TAMS 0x0000000086c00000, 0x0000000086c00000| Untracked 
| 109|0x0000000086d00000, 0x0000000086d00000, 0x0000000086e00000|  0%| F|  |TAMS 0x0000000086d00000, 0x0000000086d00000| Untracked 
| 110|0x0000000086e00000, 0x0000000086e00000, 0x0000000086f00000|  0%| F|  |TAMS 0x0000000086e00000, 0x0000000086e00000| Untracked 
| 111|0x0000000086f00000, 0x0000000086f00000, 0x0000000087000000|  0%| F|  |TAMS 0x0000000086f00000, 0x0000000086f00000| Untracked 
| 112|0x0000000087000000, 0x0000000087000000, 0x0000000087100000|  0%| F|  |TAMS 0x0000000087000000, 0x0000000087000000| Untracked 
| 113|0x0000000087100000, 0x0000000087100000, 0x0000000087200000|  0%| F|  |TAMS 0x0000000087100000, 0x0000000087100000| Untracked 
| 114|0x0000000087200000, 0x0000000087200000, 0x0000000087300000|  0%| F|  |TAMS 0x0000000087200000, 0x0000000087200000| Untracked 
| 115|0x0000000087300000, 0x0000000087300000, 0x0000000087400000|  0%| F|  |TAMS 0x0000000087300000, 0x0000000087300000| Untracked 
| 116|0x0000000087400000, 0x0000000087400000, 0x0000000087500000|  0%| F|  |TAMS 0x0000000087400000, 0x0000000087400000| Untracked 
| 117|0x0000000087500000, 0x0000000087500000, 0x0000000087600000|  0%| F|  |TAMS 0x0000000087500000, 0x0000000087500000| Untracked 
| 118|0x0000000087600000, 0x0000000087600000, 0x0000000087700000|  0%| F|  |TAMS 0x0000000087600000, 0x0000000087600000| Untracked 
| 119|0x0000000087700000, 0x0000000087700000, 0x0000000087800000|  0%| F|  |TAMS 0x0000000087700000, 0x0000000087700000| Untracked 
| 120|0x0000000087800000, 0x0000000087800000, 0x0000000087900000|  0%| F|  |TAMS 0x0000000087800000, 0x0000000087800000| Untracked 
| 121|0x0000000087900000, 0x0000000087900000, 0x0000000087a00000|  0%| F|  |TAMS 0x0000000087900000, 0x0000000087900000| Untracked 
| 122|0x0000000087a00000, 0x0000000087a00000, 0x0000000087b00000|  0%| F|  |TAMS 0x0000000087a00000, 0x0000000087a00000| Untracked 
| 123|0x0000000087b00000, 0x0000000087b00000, 0x0000000087c00000|  0%| F|  |TAMS 0x0000000087b00000, 0x0000000087b00000| Untracked 
| 124|0x0000000087c00000, 0x0000000087c00000, 0x0000000087d00000|  0%| F|  |TAMS 0x0000000087c00000, 0x0000000087c00000| Untracked 
| 125|0x0000000087d00000, 0x0000000087d00000, 0x0000000087e00000|  0%| F|  |TAMS 0x0000000087d00000, 0x0000000087d00000| Untracked 
| 126|0x0000000087e00000, 0x0000000087e00000, 0x0000000087f00000|  0%| F|  |TAMS 0x0000000087e00000, 0x0000000087e00000| Untracked 
| 127|0x0000000087f00000, 0x0000000087f00000, 0x0000000088000000|  0%| F|  |TAMS 0x0000000087f00000, 0x0000000087f00000| Untracked 
| 128|0x0000000088000000, 0x0000000088000000, 0x0000000088100000|  0%| F|  |TAMS 0x0000000088000000, 0x0000000088000000| Untracked 
| 129|0x0000000088100000, 0x0000000088100000, 0x0000000088200000|  0%| F|  |TAMS 0x0000000088100000, 0x0000000088100000| Untracked 
| 130|0x0000000088200000, 0x0000000088200000, 0x0000000088300000|  0%| F|  |TAMS 0x0000000088200000, 0x0000000088200000| Untracked 
| 131|0x0000000088300000, 0x0000000088300000, 0x0000000088400000|  0%| F|  |TAMS 0x0000000088300000, 0x0000000088300000| Untracked 
| 132|0x0000000088400000, 0x0000000088400000, 0x0000000088500000|  0%| F|  |TAMS 0x0000000088400000, 0x0000000088400000| Untracked 
| 133|0x0000000088500000, 0x0000000088500000, 0x0000000088600000|  0%| F|  |TAMS 0x0000000088500000, 0x0000000088500000| Untracked 
| 134|0x0000000088600000, 0x0000000088600000, 0x0000000088700000|  0%| F|  |TAMS 0x0000000088600000, 0x0000000088600000| Untracked 
| 135|0x0000000088700000, 0x0000000088700000, 0x0000000088800000|  0%| F|  |TAMS 0x0000000088700000, 0x0000000088700000| Untracked 
| 136|0x0000000088800000, 0x0000000088800000, 0x0000000088900000|  0%| F|  |TAMS 0x0000000088800000, 0x0000000088800000| Untracked 
| 137|0x0000000088900000, 0x0000000088900000, 0x0000000088a00000|  0%| F|  |TAMS 0x0000000088900000, 0x0000000088900000| Untracked 
| 138|0x0000000088a00000, 0x0000000088a00000, 0x0000000088b00000|  0%| F|  |TAMS 0x0000000088a00000, 0x0000000088a00000| Untracked 
| 139|0x0000000088b00000, 0x0000000088b00000, 0x0000000088c00000|  0%| F|  |TAMS 0x0000000088b00000, 0x0000000088b00000| Untracked 
| 140|0x0000000088c00000, 0x0000000088c00000, 0x0000000088d00000|  0%| F|  |TAMS 0x0000000088c00000, 0x0000000088c00000| Untracked 
| 141|0x0000000088d00000, 0x0000000088d00000, 0x0000000088e00000|  0%| F|  |TAMS 0x0000000088d00000, 0x0000000088d00000| Untracked 
| 142|0x0000000088e00000, 0x0000000088e00000, 0x0000000088f00000|  0%| F|  |TAMS 0x0000000088e00000, 0x0000000088e00000| Untracked 
| 143|0x0000000088f00000, 0x0000000088f00000, 0x0000000089000000|  0%| F|  |TAMS 0x0000000088f00000, 0x0000000088f00000| Untracked 
| 144|0x0000000089000000, 0x0000000089000000, 0x0000000089100000|  0%| F|  |TAMS 0x0000000089000000, 0x0000000089000000| Untracked 
| 145|0x0000000089100000, 0x0000000089100000, 0x0000000089200000|  0%| F|  |TAMS 0x0000000089100000, 0x0000000089100000| Untracked 
| 146|0x0000000089200000, 0x0000000089200000, 0x0000000089300000|  0%| F|  |TAMS 0x0000000089200000, 0x0000000089200000| Untracked 
| 147|0x0000000089300000, 0x0000000089300000, 0x0000000089400000|  0%| F|  |TAMS 0x0000000089300000, 0x0000000089300000| Untracked 
| 148|0x0000000089400000, 0x0000000089400000, 0x0000000089500000|  0%| F|  |TAMS 0x0000000089400000, 0x0000000089400000| Untracked 
| 149|0x0000000089500000, 0x0000000089500000, 0x0000000089600000|  0%| F|  |TAMS 0x0000000089500000, 0x0000000089500000| Untracked 
| 150|0x0000000089600000, 0x0000000089600000, 0x0000000089700000|  0%| F|  |TAMS 0x0000000089600000, 0x0000000089600000| Untracked 
| 151|0x0000000089700000, 0x0000000089700000, 0x0000000089800000|  0%| F|  |TAMS 0x0000000089700000, 0x0000000089700000| Untracked 
| 152|0x0000000089800000, 0x0000000089800000, 0x0000000089900000|  0%| F|  |TAMS 0x0000000089800000, 0x0000000089800000| Untracked 
| 153|0x0000000089900000, 0x0000000089900000, 0x0000000089a00000|  0%| F|  |TAMS 0x0000000089900000, 0x0000000089900000| Untracked 
| 154|0x0000000089a00000, 0x0000000089a00000, 0x0000000089b00000|  0%| F|  |TAMS 0x0000000089a00000, 0x0000000089a00000| Untracked 
| 155|0x0000000089b00000, 0x0000000089b00000, 0x0000000089c00000|  0%| F|  |TAMS 0x0000000089b00000, 0x0000000089b00000| Untracked 
| 156|0x0000000089c00000, 0x0000000089c00000, 0x0000000089d00000|  0%| F|  |TAMS 0x0000000089c00000, 0x0000000089c00000| Untracked 
| 157|0x0000000089d00000, 0x0000000089d00000, 0x0000000089e00000|  0%| F|  |TAMS 0x0000000089d00000, 0x0000000089d00000| Untracked 
| 158|0x0000000089e00000, 0x0000000089e00000, 0x0000000089f00000|  0%| F|  |TAMS 0x0000000089e00000, 0x0000000089e00000| Untracked 
| 159|0x0000000089f00000, 0x0000000089f00000, 0x000000008a000000|  0%| F|  |TAMS 0x0000000089f00000, 0x0000000089f00000| Untracked 
| 160|0x000000008a000000, 0x000000008a000000, 0x000000008a100000|  0%| F|  |TAMS 0x000000008a000000, 0x000000008a000000| Untracked 
| 161|0x000000008a100000, 0x000000008a100000, 0x000000008a200000|  0%| F|  |TAMS 0x000000008a100000, 0x000000008a100000| Untracked 
| 162|0x000000008a200000, 0x000000008a200000, 0x000000008a300000|  0%| F|  |TAMS 0x000000008a200000, 0x000000008a200000| Untracked 
| 163|0x000000008a300000, 0x000000008a300000, 0x000000008a400000|  0%| F|  |TAMS 0x000000008a300000, 0x000000008a300000| Untracked 
| 164|0x000000008a400000, 0x000000008a400000, 0x000000008a500000|  0%| F|  |TAMS 0x000000008a400000, 0x000000008a400000| Untracked 
| 165|0x000000008a500000, 0x000000008a500000, 0x000000008a600000|  0%| F|  |TAMS 0x000000008a500000, 0x000000008a500000| Untracked 
| 166|0x000000008a600000, 0x000000008a600000, 0x000000008a700000|  0%| F|  |TAMS 0x000000008a600000, 0x000000008a600000| Untracked 
| 167|0x000000008a700000, 0x000000008a700000, 0x000000008a800000|  0%| F|  |TAMS 0x000000008a700000, 0x000000008a700000| Untracked 
| 168|0x000000008a800000, 0x000000008a800000, 0x000000008a900000|  0%| F|  |TAMS 0x000000008a800000, 0x000000008a800000| Untracked 
| 169|0x000000008a900000, 0x000000008a900000, 0x000000008aa00000|  0%| F|  |TAMS 0x000000008a900000, 0x000000008a900000| Untracked 
| 170|0x000000008aa00000, 0x000000008aa00000, 0x000000008ab00000|  0%| F|  |TAMS 0x000000008aa00000, 0x000000008aa00000| Untracked 
| 171|0x000000008ab00000, 0x000000008ab00000, 0x000000008ac00000|  0%| F|  |TAMS 0x000000008ab00000, 0x000000008ab00000| Untracked 
| 172|0x000000008ac00000, 0x000000008ac00000, 0x000000008ad00000|  0%| F|  |TAMS 0x000000008ac00000, 0x000000008ac00000| Untracked 
| 173|0x000000008ad00000, 0x000000008ad00000, 0x000000008ae00000|  0%| F|  |TAMS 0x000000008ad00000, 0x000000008ad00000| Untracked 
| 174|0x000000008ae00000, 0x000000008ae00000, 0x000000008af00000|  0%| F|  |TAMS 0x000000008ae00000, 0x000000008ae00000| Untracked 
| 175|0x000000008af00000, 0x000000008af00000, 0x000000008b000000|  0%| F|  |TAMS 0x000000008af00000, 0x000000008af00000| Untracked 
| 176|0x000000008b000000, 0x000000008b000000, 0x000000008b100000|  0%| F|  |TAMS 0x000000008b000000, 0x000000008b000000| Untracked 
| 177|0x000000008b100000, 0x000000008b100000, 0x000000008b200000|  0%| F|  |TAMS 0x000000008b100000, 0x000000008b100000| Untracked 
| 178|0x000000008b200000, 0x000000008b200000, 0x000000008b300000|  0%| F|  |TAMS 0x000000008b200000, 0x000000008b200000| Untracked 
| 179|0x000000008b300000, 0x000000008b300000, 0x000000008b400000|  0%| F|  |TAMS 0x000000008b300000, 0x000000008b300000| Untracked 
| 180|0x000000008b400000, 0x000000008b400000, 0x000000008b500000|  0%| F|  |TAMS 0x000000008b400000, 0x000000008b400000| Untracked 
| 181|0x000000008b500000, 0x000000008b500000, 0x000000008b600000|  0%| F|  |TAMS 0x000000008b500000, 0x000000008b500000| Untracked 
| 182|0x000000008b600000, 0x000000008b600000, 0x000000008b700000|  0%| F|  |TAMS 0x000000008b600000, 0x000000008b600000| Untracked 
| 183|0x000000008b700000, 0x000000008b700000, 0x000000008b800000|  0%| F|  |TAMS 0x000000008b700000, 0x000000008b700000| Untracked 
| 184|0x000000008b800000, 0x000000008b800000, 0x000000008b900000|  0%| F|  |TAMS 0x000000008b800000, 0x000000008b800000| Untracked 
| 185|0x000000008b900000, 0x000000008b900000, 0x000000008ba00000|  0%| F|  |TAMS 0x000000008b900000, 0x000000008b900000| Untracked 
| 186|0x000000008ba00000, 0x000000008ba00000, 0x000000008bb00000|  0%| F|  |TAMS 0x000000008ba00000, 0x000000008ba00000| Untracked 
| 187|0x000000008bb00000, 0x000000008bb00000, 0x000000008bc00000|  0%| F|  |TAMS 0x000000008bb00000, 0x000000008bb00000| Untracked 
| 188|0x000000008bc00000, 0x000000008bc00000, 0x000000008bd00000|  0%| F|  |TAMS 0x000000008bc00000, 0x000000008bc00000| Untracked 
| 189|0x000000008bd00000, 0x000000008bd00000, 0x000000008be00000|  0%| F|  |TAMS 0x000000008bd00000, 0x000000008bd00000| Untracked 
| 190|0x000000008be00000, 0x000000008be00000, 0x000000008bf00000|  0%| F|  |TAMS 0x000000008be00000, 0x000000008be00000| Untracked 
| 191|0x000000008bf00000, 0x000000008bf00000, 0x000000008c000000|  0%| F|  |TAMS 0x000000008bf00000, 0x000000008bf00000| Untracked 
| 192|0x000000008c000000, 0x000000008c000000, 0x000000008c100000|  0%| F|  |TAMS 0x000000008c000000, 0x000000008c000000| Untracked 
| 193|0x000000008c100000, 0x000000008c100000, 0x000000008c200000|  0%| F|  |TAMS 0x000000008c100000, 0x000000008c100000| Untracked 
| 194|0x000000008c200000, 0x000000008c200000, 0x000000008c300000|  0%| F|  |TAMS 0x000000008c200000, 0x000000008c200000| Untracked 
| 195|0x000000008c300000, 0x000000008c300000, 0x000000008c400000|  0%| F|  |TAMS 0x000000008c300000, 0x000000008c300000| Untracked 
| 196|0x000000008c400000, 0x000000008c400000, 0x000000008c500000|  0%| F|  |TAMS 0x000000008c400000, 0x000000008c400000| Untracked 
| 197|0x000000008c500000, 0x000000008c500000, 0x000000008c600000|  0%| F|  |TAMS 0x000000008c500000, 0x000000008c500000| Untracked 
| 198|0x000000008c600000, 0x000000008c600000, 0x000000008c700000|  0%| F|  |TAMS 0x000000008c600000, 0x000000008c600000| Untracked 
| 199|0x000000008c700000, 0x000000008c700000, 0x000000008c800000|  0%| F|  |TAMS 0x000000008c700000, 0x000000008c700000| Untracked 
| 200|0x000000008c800000, 0x000000008c800000, 0x000000008c900000|  0%| F|  |TAMS 0x000000008c800000, 0x000000008c800000| Untracked 
| 201|0x000000008c900000, 0x000000008c900000, 0x000000008ca00000|  0%| F|  |TAMS 0x000000008c900000, 0x000000008c900000| Untracked 
| 202|0x000000008ca00000, 0x000000008ca00000, 0x000000008cb00000|  0%| F|  |TAMS 0x000000008ca00000, 0x000000008ca00000| Untracked 
| 203|0x000000008cb00000, 0x000000008cb00000, 0x000000008cc00000|  0%| F|  |TAMS 0x000000008cb00000, 0x000000008cb00000| Untracked 
| 204|0x000000008cc00000, 0x000000008cc00000, 0x000000008cd00000|  0%| F|  |TAMS 0x000000008cc00000, 0x000000008cc00000| Untracked 
| 205|0x000000008cd00000, 0x000000008cd00000, 0x000000008ce00000|  0%| F|  |TAMS 0x000000008cd00000, 0x000000008cd00000| Untracked 
| 206|0x000000008ce00000, 0x000000008ce00000, 0x000000008cf00000|  0%| F|  |TAMS 0x000000008ce00000, 0x000000008ce00000| Untracked 
| 207|0x000000008cf00000, 0x000000008cf00000, 0x000000008d000000|  0%| F|  |TAMS 0x000000008cf00000, 0x000000008cf00000| Untracked 
| 208|0x000000008d000000, 0x000000008d000000, 0x000000008d100000|  0%| F|  |TAMS 0x000000008d000000, 0x000000008d000000| Untracked 
| 209|0x000000008d100000, 0x000000008d100000, 0x000000008d200000|  0%| F|  |TAMS 0x000000008d100000, 0x000000008d100000| Untracked 
| 210|0x000000008d200000, 0x000000008d200000, 0x000000008d300000|  0%| F|  |TAMS 0x000000008d200000, 0x000000008d200000| Untracked 
| 211|0x000000008d300000, 0x000000008d300000, 0x000000008d400000|  0%| F|  |TAMS 0x000000008d300000, 0x000000008d300000| Untracked 
| 212|0x000000008d400000, 0x000000008d400000, 0x000000008d500000|  0%| F|  |TAMS 0x000000008d400000, 0x000000008d400000| Untracked 
| 213|0x000000008d500000, 0x000000008d500000, 0x000000008d600000|  0%| F|  |TAMS 0x000000008d500000, 0x000000008d500000| Untracked 
| 214|0x000000008d600000, 0x000000008d600000, 0x000000008d700000|  0%| F|  |TAMS 0x000000008d600000, 0x000000008d600000| Untracked 
| 215|0x000000008d700000, 0x000000008d700000, 0x000000008d800000|  0%| F|  |TAMS 0x000000008d700000, 0x000000008d700000| Untracked 
| 216|0x000000008d800000, 0x000000008d800000, 0x000000008d900000|  0%| F|  |TAMS 0x000000008d800000, 0x000000008d800000| Untracked 
| 217|0x000000008d900000, 0x000000008d900000, 0x000000008da00000|  0%| F|  |TAMS 0x000000008d900000, 0x000000008d900000| Untracked 
| 218|0x000000008da00000, 0x000000008da00000, 0x000000008db00000|  0%| F|  |TAMS 0x000000008da00000, 0x000000008da00000| Untracked 
| 219|0x000000008db00000, 0x000000008db00000, 0x000000008dc00000|  0%| F|  |TAMS 0x000000008db00000, 0x000000008db00000| Untracked 
| 220|0x000000008dc00000, 0x000000008dc00000, 0x000000008dd00000|  0%| F|  |TAMS 0x000000008dc00000, 0x000000008dc00000| Untracked 
| 221|0x000000008dd00000, 0x000000008dd00000, 0x000000008de00000|  0%| F|  |TAMS 0x000000008dd00000, 0x000000008dd00000| Untracked 
| 222|0x000000008de00000, 0x000000008de00000, 0x000000008df00000|  0%| F|  |TAMS 0x000000008de00000, 0x000000008de00000| Untracked 
| 223|0x000000008df00000, 0x000000008df00000, 0x000000008e000000|  0%| F|  |TAMS 0x000000008df00000, 0x000000008df00000| Untracked 
| 224|0x000000008e000000, 0x000000008e000000, 0x000000008e100000|  0%| F|  |TAMS 0x000000008e000000, 0x000000008e000000| Untracked 
| 225|0x000000008e100000, 0x000000008e100000, 0x000000008e200000|  0%| F|  |TAMS 0x000000008e100000, 0x000000008e100000| Untracked 
| 226|0x000000008e200000, 0x000000008e200000, 0x000000008e300000|  0%| F|  |TAMS 0x000000008e200000, 0x000000008e200000| Untracked 
| 227|0x000000008e300000, 0x000000008e300000, 0x000000008e400000|  0%| F|  |TAMS 0x000000008e300000, 0x000000008e300000| Untracked 
| 228|0x000000008e400000, 0x000000008e400000, 0x000000008e500000|  0%| F|  |TAMS 0x000000008e400000, 0x000000008e400000| Untracked 
| 229|0x000000008e500000, 0x000000008e500000, 0x000000008e600000|  0%| F|  |TAMS 0x000000008e500000, 0x000000008e500000| Untracked 
| 230|0x000000008e600000, 0x000000008e600000, 0x000000008e700000|  0%| F|  |TAMS 0x000000008e600000, 0x000000008e600000| Untracked 
| 231|0x000000008e700000, 0x000000008e72d3b0, 0x000000008e800000| 17%| S|CS|TAMS 0x000000008e700000, 0x000000008e700000| Complete 
| 232|0x000000008e800000, 0x000000008e900000, 0x000000008e900000|100%| S|CS|TAMS 0x000000008e800000, 0x000000008e800000| Complete 
| 233|0x000000008e900000, 0x000000008e900000, 0x000000008ea00000|  0%| F|  |TAMS 0x000000008e900000, 0x000000008e900000| Untracked 
| 234|0x000000008ea00000, 0x000000008ea00000, 0x000000008eb00000|  0%| F|  |TAMS 0x000000008ea00000, 0x000000008ea00000| Untracked 
| 235|0x000000008eb00000, 0x000000008eb00000, 0x000000008ec00000|  0%| F|  |TAMS 0x000000008eb00000, 0x000000008eb00000| Untracked 
| 236|0x000000008ec00000, 0x000000008ec00000, 0x000000008ed00000|  0%| F|  |TAMS 0x000000008ec00000, 0x000000008ec00000| Untracked 
| 237|0x000000008ed00000, 0x000000008ed00000, 0x000000008ee00000|  0%| F|  |TAMS 0x000000008ed00000, 0x000000008ed00000| Untracked 
| 238|0x000000008ee00000, 0x000000008ee00000, 0x000000008ef00000|  0%| F|  |TAMS 0x000000008ee00000, 0x000000008ee00000| Untracked 
| 239|0x000000008ef00000, 0x000000008ef00000, 0x000000008f000000|  0%| F|  |TAMS 0x000000008ef00000, 0x000000008ef00000| Untracked 
| 240|0x000000008f000000, 0x000000008f000000, 0x000000008f100000|  0%| F|  |TAMS 0x000000008f000000, 0x000000008f000000| Untracked 
| 241|0x000000008f100000, 0x000000008f100000, 0x000000008f200000|  0%| F|  |TAMS 0x000000008f100000, 0x000000008f100000| Untracked 
| 242|0x000000008f200000, 0x000000008f200000, 0x000000008f300000|  0%| F|  |TAMS 0x000000008f200000, 0x000000008f200000| Untracked 
| 243|0x000000008f300000, 0x000000008f300000, 0x000000008f400000|  0%| F|  |TAMS 0x000000008f300000, 0x000000008f300000| Untracked 
| 244|0x000000008f400000, 0x000000008f400000, 0x000000008f500000|  0%| F|  |TAMS 0x000000008f400000, 0x000000008f400000| Untracked 
| 245|0x000000008f500000, 0x000000008f500000, 0x000000008f600000|  0%| F|  |TAMS 0x000000008f500000, 0x000000008f500000| Untracked 
| 246|0x000000008f600000, 0x000000008f600000, 0x000000008f700000|  0%| F|  |TAMS 0x000000008f600000, 0x000000008f600000| Untracked 
| 247|0x000000008f700000, 0x000000008f700000, 0x000000008f800000|  0%| F|  |TAMS 0x000000008f700000, 0x000000008f700000| Untracked 
| 248|0x000000008f800000, 0x000000008f800000, 0x000000008f900000|  0%| F|  |TAMS 0x000000008f800000, 0x000000008f800000| Untracked 
| 249|0x000000008f900000, 0x000000008f900000, 0x000000008fa00000|  0%| F|  |TAMS 0x000000008f900000, 0x000000008f900000| Untracked 
| 250|0x000000008fa00000, 0x000000008fa80800, 0x000000008fb00000| 50%| E|  |TAMS 0x000000008fa00000, 0x000000008fa00000| Complete 
| 251|0x000000008fb00000, 0x000000008fc00000, 0x000000008fc00000|100%| E|CS|TAMS 0x000000008fb00000, 0x000000008fb00000| Complete 
| 252|0x000000008fc00000, 0x000000008fd00000, 0x000000008fd00000|100%| E|CS|TAMS 0x000000008fc00000, 0x000000008fc00000| Complete 
| 253|0x000000008fd00000, 0x000000008fe00000, 0x000000008fe00000|100%| E|CS|TAMS 0x000000008fd00000, 0x000000008fd00000| Complete 

Card table byte_map: [0x00000198fbfe0000,0x00000198fc3e0000] _byte_map_base: 0x00000198fbbe0000

Marking Bits (Prev, Next): (CMBitMap*) 0x00000198e847d8e8, (CMBitMap*) 0x00000198e847d920
 Prev Bits: [0x00000198fc7e0000, 0x00000198fe7e0000)
 Next Bits: [0x0000019880000000, 0x0000019882000000)

Polling page: 0x00000198e6b80000

Metaspace:

Usage:
  Non-class:     19.85 MB capacity,    19.55 MB ( 99%) used,   265.09 KB (  1%) free+waste,    38.63 KB ( <1%) overhead. 
      Class:      3.03 MB capacity,     2.85 MB ( 94%) used,   159.30 KB (  5%) free+waste,    19.19 KB ( <1%) overhead. 
       Both:     22.88 MB capacity,    22.41 MB ( 98%) used,   424.39 KB (  2%) free+waste,    57.81 KB ( <1%) overhead. 

Virtual space:
  Non-class space:       26.00 MB reserved,      20.00 MB ( 77%) committed 
      Class space:        1.00 GB reserved,       3.13 MB ( <1%) committed 
             Both:        1.03 GB reserved,      23.13 MB (  2%) committed 

Chunk freelists:
   Non-Class:  24.00 KB
       Class:  6.00 KB
        Both:  30.00 KB

MaxMetaspaceSize: 17179869184.00 GB
CompressedClassSpaceSize: 1.00 GB
Initial GC threshold: 20.80 MB
Current GC threshold: 38.34 MB
CDS: off

CodeHeap 'non-profiled nmethods': size=120000Kb used=992Kb max_used=992Kb free=119007Kb
 bounds [0x00000198f3a20000, 0x00000198f3c90000, 0x00000198faf50000]
CodeHeap 'profiled nmethods': size=120000Kb used=4135Kb max_used=4135Kb free=115865Kb
 bounds [0x00000198ec4f0000, 0x00000198ec900000, 0x00000198f3a20000]
CodeHeap 'non-nmethods': size=5760Kb used=1218Kb max_used=1231Kb free=4541Kb
 bounds [0x00000198ebf50000, 0x00000198ec1c0000, 0x00000198ec4f0000]
 total_blobs=2450 nmethods=1964 adapters=398
 compilation: enabled
              stopped_count=0, restarted_count=0
 full_count=0

Compilation events (20 events):
Event: 3.291 Thread 0x00000198840b8800 1950       3       java.lang.Package$VersionInfo::<init> (44 bytes)
Event: 3.291 Thread 0x00000198840b8800 nmethod 1950 0x00000198ec8ec310 code [0x00000198ec8ec4e0, 0x00000198ec8ec8d8]
Event: 3.320 Thread 0x00000198840b8800 1951       3       java.util.LinkedList$ListItr::remove (84 bytes)
Event: 3.321 Thread 0x00000198840b8800 nmethod 1951 0x00000198ec8ec990 code [0x00000198ec8ecba0, 0x00000198ec8ed008]
Event: 3.321 Thread 0x00000198840b8800 1952       3       java.util.LinkedList::unlink (91 bytes)
Event: 3.321 Thread 0x00000198840b8800 nmethod 1952 0x00000198ec8ed210 code [0x00000198ec8ed3e0, 0x00000198ec8ed7b8]
Event: 3.322 Thread 0x00000198840b8800 1953       3       org.gradle.internal.service.DefaultServiceMethodFactory::toServiceMethod (11 bytes)
Event: 3.322 Thread 0x00000198840b8800 nmethod 1953 0x00000198ec8ed910 code [0x00000198ec8edac0, 0x00000198ec8edc88]
Event: 3.322 Thread 0x00000198840b8800 1959       3       org.gradle.internal.service.AbstractServiceMethod::<init> (42 bytes)
Event: 3.324 Thread 0x00000198840b8800 nmethod 1959 0x00000198ec8edd90 code [0x00000198ec8ee100, 0x00000198ec8efc28]
Event: 3.324 Thread 0x00000198840b8800 1954   !   3       org.gradle.internal.service.MethodHandleBasedServiceMethodFactory::toServiceMethod (51 bytes)
Event: 3.326 Thread 0x00000198840b8800 nmethod 1954 0x00000198ec8f0410 code [0x00000198ec8f0780, 0x00000198ec8f1ce8]
Event: 3.326 Thread 0x00000198840b8800 1955       3       java.lang.reflect.Method::getGenericParameterTypes (5 bytes)
Event: 3.328 Thread 0x00000198840b8800 nmethod 1955 0x00000198ec8f2410 code [0x00000198ec8f26e0, 0x00000198ec8f3738]
Event: 3.328 Thread 0x00000198840b8800 1956       3       java.lang.reflect.Method::hasGenericInformation (13 bytes)
Event: 3.328 Thread 0x00000198840b8800 nmethod 1956 0x00000198ec8f3c10 code [0x00000198ec8f3dc0, 0x00000198ec8f3f38]
Event: 3.328 Thread 0x00000198840b8800 1957       3       java.lang.reflect.Method::getGenericReturnType (20 bytes)
Event: 3.329 Thread 0x00000198840b8800 nmethod 1957 0x00000198ec8f4010 code [0x00000198ec8f42c0, 0x00000198ec8f5378]
Event: 3.329 Thread 0x00000198840b8800 1960       3       org.gradle.internal.service.DefaultServiceRegistry$FactoryMethodService::<init> (22 bytes)
Event: 3.330 Thread 0x00000198840b8800 nmethod 1960 0x00000198ec8f5890 code [0x00000198ec8f5ae0, 0x00000198ec8f6528]

GC Heap History (4 events):
Event: 0.728 GC heap before
{Heap before GC invocations=0 (full 0):
 garbage-first heap   total 260096K, used 30720K [0x0000000080000000, 0x0000000100000000)
  region size 1024K, 24 young (24576K), 0 survivors (0K)
 Metaspace       used 9849K, capacity 10050K, committed 10112K, reserved 1058816K
  class space    used 1027K, capacity 1102K, committed 1152K, reserved 1048576K
}
Event: 0.731 GC heap after
{Heap after GC invocations=1 (full 0):
 garbage-first heap   total 260096K, used 9169K [0x0000000080000000, 0x0000000100000000)
  region size 1024K, 3 young (3072K), 3 survivors (3072K)
 Metaspace       used 9849K, capacity 10050K, committed 10112K, reserved 1058816K
  class space    used 1027K, capacity 1102K, committed 1152K, reserved 1048576K
}
Event: 3.050 GC heap before
{Heap before GC invocations=1 (full 0):
 garbage-first heap   total 260096K, used 111569K [0x0000000080000000, 0x0000000100000000)
  region size 1024K, 104 young (106496K), 3 survivors (3072K)
 Metaspace       used 20709K, capacity 21131K, committed 21248K, reserved 1067008K
  class space    used 2547K, capacity 2710K, committed 2816K, reserved 1048576K
}
Event: 3.062 GC heap after
{Heap after GC invocations=2 (full 0):
 garbage-first heap   total 260096K, used 16863K [0x0000000080000000, 0x0000000100000000)
  region size 1024K, 11 young (11264K), 11 survivors (11264K)
 Metaspace       used 20709K, capacity 21131K, committed 21248K, reserved 1067008K
  class space    used 2547K, capacity 2710K, committed 2816K, reserved 1048576K
}

Deoptimization events (20 events):
Event: 3.017 Thread 0x0000019886aa0800 Uncommon trap: trap_request=0xffffffc6 fr.pc=0x00000198f3a929a4 relative=0x0000000000000084
Event: 3.017 Thread 0x0000019886aa0800 Uncommon trap: reason=bimorphic_or_optimized_type_check action=maybe_recompile pc=0x00000198f3a929a4 method=java.util.AbstractList$Itr.hasNext()Z @ 8 c2
Event: 3.017 Thread 0x0000019886aa0800 DEOPT PACKING pc=0x00000198f3a929a4 sp=0x0000005c49afac80
Event: 3.017 Thread 0x0000019886aa0800 DEOPT UNPACKING pc=0x00000198ebf9a1af sp=0x0000005c49afac18 mode 2
Event: 3.017 Thread 0x0000019886aa0800 Uncommon trap: trap_request=0xffffffc6 fr.pc=0x00000198f3a92d40 relative=0x0000000000000100
Event: 3.017 Thread 0x0000019886aa0800 Uncommon trap: reason=bimorphic_or_optimized_type_check action=maybe_recompile pc=0x00000198f3a92d40 method=java.util.AbstractList$Itr.next()Ljava/lang/Object; @ 14 c2
Event: 3.017 Thread 0x0000019886aa0800 DEOPT PACKING pc=0x00000198f3a92d40 sp=0x0000005c49afac70
Event: 3.017 Thread 0x0000019886aa0800 DEOPT UNPACKING pc=0x00000198ebf9a1af sp=0x0000005c49afac08 mode 2
Event: 3.018 Thread 0x0000019886aa0800 Uncommon trap: trap_request=0xffffff4d fr.pc=0x00000198f3a8f2f8 relative=0x00000000000005b8
Event: 3.018 Thread 0x0000019886aa0800 Uncommon trap: reason=unstable_if action=reinterpret pc=0x00000198f3a8f2f8 method=java.io.File.getName()Ljava/lang/String; @ 16 c2
Event: 3.018 Thread 0x0000019886aa0800 DEOPT PACKING pc=0x00000198f3a8f2f8 sp=0x0000005c49afb640
Event: 3.018 Thread 0x0000019886aa0800 DEOPT UNPACKING pc=0x00000198ebf9a1af sp=0x0000005c49afb610 mode 2
Event: 3.018 Thread 0x0000019886aa0800 Uncommon trap: trap_request=0xffffff4d fr.pc=0x00000198f3a8d090 relative=0x0000000000000450
Event: 3.018 Thread 0x0000019886aa0800 Uncommon trap: reason=unstable_if action=reinterpret pc=0x00000198f3a8d090 method=java.lang.String.substring(I)Ljava/lang/String; @ 34 c2
Event: 3.018 Thread 0x0000019886aa0800 DEOPT PACKING pc=0x00000198f3a8d090 sp=0x0000005c49afb5c0
Event: 3.018 Thread 0x0000019886aa0800 DEOPT UNPACKING pc=0x00000198ebf9a1af sp=0x0000005c49afb598 mode 2
Event: 3.169 Thread 0x0000019886aa0800 Uncommon trap: trap_request=0xffffff4d fr.pc=0x00000198f3b04498 relative=0x0000000000000398
Event: 3.169 Thread 0x0000019886aa0800 Uncommon trap: reason=unstable_if action=reinterpret pc=0x00000198f3b04498 method=jdk.internal.org.objectweb.asm.Type.getArgumentsAndReturnSizes(Ljava/lang/String;)I @ 88 c2
Event: 3.169 Thread 0x0000019886aa0800 DEOPT PACKING pc=0x00000198f3b04498 sp=0x0000005c49af9bb0
Event: 3.169 Thread 0x0000019886aa0800 DEOPT UNPACKING pc=0x00000198ebf9a1af sp=0x0000005c49af9b38 mode 2

Classes redefined (0 events):
No events

Internal exceptions (20 events):
Event: 0.487 Thread 0x00000198e8437800 Exception <a 'java/lang/NoClassDefFoundError'{0x000000008efa5620}: org/slf4j/impl/StaticMarkerBinder> (0x000000008efa5620) thrown at [./src/hotspot/share/classfile/systemDictionary.cpp, line 220]
Event: 0.554 Thread 0x00000198e8437800 Exception <a 'java/lang/NoSuchMethodError'{0x000000008ecbc9e8}: 'java.lang.Object java.lang.invoke.DirectMethodHandle$Holder.invokeVirtual(java.lang.Object, java.lang.Object, java.lang.Object, java.lang.Object, java.lang.Object, java.lang.Object, java.lang.Object)'> (0x000000008ecbc9e8) thrown at [./src/hotspot/share/interpreter/linkResolver.cpp, line 773]
Event: 0.557 Thread 0x00000198e8437800 Exception <a 'java/lang/NoSuchMethodError'{0x000000008ecd14f0}: 'java.lang.Object java.lang.invoke.Invokers$Holder.invoker(java.lang.Object, java.lang.Object, java.lang.Object)'> (0x000000008ecd14f0) thrown at [./src/hotspot/share/interpreter/linkResolver.cpp, line 773]
Event: 0.561 Thread 0x00000198e8437800 Exception <a 'java/lang/NoSuchMethodError'{0x000000008ece2568}: 'void java.lang.invoke.DelegatingMethodHandle$Holder.delegate(java.lang.Object, java.lang.Object, int, java.lang.Object)'> (0x000000008ece2568) thrown at [./src/hotspot/share/interpreter/linkResolver.cpp, line 773]
Event: 1.272 Thread 0x00000198e8437800 Exception <a 'java/security/PrivilegedActionException'{0x000000008d8a3fd8}> (0x000000008d8a3fd8) thrown at [./src/hotspot/share/prims/jvm.cpp, line 1306]
Event: 1.272 Thread 0x00000198e8437800 Exception <a 'java/security/PrivilegedActionException'{0x000000008d8a4550}> (0x000000008d8a4550) thrown at [./src/hotspot/share/prims/jvm.cpp, line 1306]
Event: 1.552 Thread 0x00000198e8437800 Exception <a 'java/lang/NoSuchMethodError'{0x000000008c60dd20}: 'java.lang.Object java.lang.invoke.DirectMethodHandle$Holder.invokeStaticInit(java.lang.Object, java.lang.Object, java.lang.Object)'> (0x000000008c60dd20) thrown at [./src/hotspot/share/interpreter/linkResolver.cpp, line 773]
Event: 1.722 Thread 0x00000198e8437800 Exception <a 'java/lang/NoSuchMethodError'{0x000000008c0745b0}: 'java.lang.Object java.lang.invoke.DirectMethodHandle$Holder.invokeStaticInit(java.lang.Object, int, int, int, int)'> (0x000000008c0745b0) thrown at [./src/hotspot/share/interpreter/linkResolver.cpp, line 773]
Event: 2.009 Thread 0x00000198e8437800 Exception <a 'java/lang/NoSuchMethodError'{0x000000008c0bbb70}: 'java.lang.Object java.lang.invoke.DirectMethodHandle$Holder.invokeStaticInit(java.lang.Object, java.lang.Object, int, int, int, int)'> (0x000000008c0bbb70) thrown at [./src/hotspot/share/interpreter/linkResolver.cpp, line 773]
Event: 2.436 Thread 0x00000198e8437800 Exception <a 'java/io/IOException'{0x000000008bd190a0}> (0x000000008bd190a0) thrown at [./src/hotspot/share/prims/jni.cpp, line 615]
Event: 2.571 Thread 0x0000019886aa0800 Exception <a 'java/lang/NoSuchMethodError'{0x000000008b7eadb8}: 'long java.lang.invoke.DirectMethodHandle$Holder.invokeInterface(java.lang.Object, java.lang.Object)'> (0x000000008b7eadb8) thrown at [./src/hotspot/share/interpreter/linkResolver.cpp, line 773]
Event: 2.572 Thread 0x0000019886aa0800 Exception <a 'java/lang/NoSuchMethodError'{0x000000008b7f7e58}: 'void java.lang.invoke.DelegatingMethodHandle$Holder.reinvoke_L(java.lang.Object, java.lang.Object, java.lang.Object, java.lang.Object, java.lang.Object, java.lang.Object, java.lang.Object)'> (0x000000008b7f7e58) thrown at [./src/hotspot/share/interpreter/linkResolver.cpp, line 773]
Event: 2.916 Thread 0x0000019886aa0800 Exception <a 'java/lang/NoSuchMethodError'{0x0000000089b0bae8}: 'void java.lang.invoke.DirectMethodHandle$Holder.invokeStaticInit(java.lang.Object)'> (0x0000000089b0bae8) thrown at [./src/hotspot/share/interpreter/linkResolver.cpp, line 773]
Event: 2.932 Thread 0x0000019886aa0800 Exception <a 'java/lang/NoSuchMethodError'{0x0000000089bb8140}: 'java.lang.Object java.lang.invoke.DirectMethodHandle$Holder.invokeStatic(java.lang.Object, java.lang.Object, java.lang.Object, int)'> (0x0000000089bb8140) thrown at [./src/hotspot/share/interpreter/linkResolver.cpp, line 773]
Event: 2.933 Thread 0x0000019886aa0800 Exception <a 'java/lang/NoSuchMethodError'{0x0000000089bbc858}: 'java.lang.Object java.lang.invoke.DirectMethodHandle$Holder.invokeSpecial(java.lang.Object, java.lang.Object, java.lang.Object, java.lang.Object, int)'> (0x0000000089bbc858) thrown at [./src/hotspot/share/interpreter/linkResolver.cpp, line 773]
Event: 2.933 Thread 0x0000019886aa0800 Exception <a 'java/lang/NoSuchMethodError'{0x0000000089bc0790}: 'java.lang.Object java.lang.invoke.Invokers$Holder.linkToTargetMethod(java.lang.Object, java.lang.Object, int, java.lang.Object)'> (0x0000000089bc0790) thrown at [./src/hotspot/share/interpreter/linkResolver.cpp, line 773]
Event: 3.097 Thread 0x0000019886aa0800 Exception <a 'java/lang/NoSuchMethodError'{0x000000008fcdffa0}: 'int java.lang.invoke.DirectMethodHandle$Holder.invokeSpecialIFC(java.lang.Object, java.lang.Object, java.lang.Object, java.lang.Object)'> (0x000000008fcdffa0) thrown at [./src/hotspot/share/interpreter/linkResolver.cpp, line 773]
Event: 3.099 Thread 0x0000019886aa0800 Exception <a 'java/lang/NoSuchMethodError'{0x000000008fcedf58}: 'java.lang.Object java.lang.invoke.DirectMethodHandle$Holder.invokeInterface(java.lang.Object, java.lang.Object, java.lang.Object)'> (0x000000008fcedf58) thrown at [./src/hotspot/share/interpreter/linkResolver.cpp, line 773]
Event: 3.099 Thread 0x0000019886aa0800 Exception <a 'java/lang/IncompatibleClassChangeError'{0x000000008fcf1430}: Found class java.lang.Object, but interface was expected> (0x000000008fcf1430) thrown at [./src/hotspot/share/interpreter/linkResolver.cpp, line 839]
Event: 3.267 Thread 0x0000019886aa0800 Exception <a 'java/lang/NoSuchMethodError'{0x000000008f07c538}: 'java.lang.Object java.lang.invoke.DirectMethodHandle$Holder.invokeSpecial(java.lang.Object, java.lang.Object, java.lang.Object, java.lang.Object, java.lang.Object, java.lang.Object, java.lang.Object, java.lang.Object, java.lang.Object)'> (0x000000008f07c538) thrown at [./src/hotspot/share/interpreter/linkResolver.cpp, line 773]

Events (20 events):
Event: 3.336 loading class org/gradle/platform/base/internal/registry/ComponentModelBaseServiceRegistry$BuildScopeServices
Event: 3.336 loading class org/gradle/platform/base/internal/registry/ComponentModelBaseServiceRegistry$BuildScopeServices done
Event: 3.336 loading class org/gradle/api/internal/resolve/ProjectModelResolver
Event: 3.336 loading class org/gradle/api/internal/resolve/ProjectModelResolver done
Event: 3.337 loading class org/gradle/api/publish/ivy/internal/IvyServices$BuildServices
Event: 3.337 loading class org/gradle/api/publish/ivy/internal/IvyServices$BuildServices done
Event: 3.337 loading class org/gradle/api/publish/ivy/internal/publisher/IvyPublisher
Event: 3.337 loading class org/gradle/api/publish/ivy/internal/publisher/IvyPublisher done
Event: 3.338 loading class org/gradle/api/internal/component/DefaultComponentTypeRegistry
Event: 3.338 loading class org/gradle/api/internal/component/DefaultComponentTypeRegistry done
Event: 3.339 loading class org/gradle/api/internal/component/ComponentTypeRegistration
Event: 3.339 loading class org/gradle/api/internal/component/ComponentTypeRegistration done
Event: 3.340 loading class org/gradle/ivy/IvyModule
Event: 3.340 loading class org/gradle/ivy/IvyModule done
Event: 3.340 loading class org/gradle/api/component/Component
Event: 3.340 loading class org/gradle/api/component/Component done
Event: 3.340 loading class org/gradle/api/internal/component/DefaultComponentTypeRegistry$DefaultComponentTypeRegistration
Event: 3.340 loading class org/gradle/api/internal/component/DefaultComponentTypeRegistry$DefaultComponentTypeRegistration done
Event: 3.341 loading class org/gradle/ivy/IvyDescriptorArtifact
Event: 3.341 loading class org/gradle/ivy/IvyDescriptorArtifact done


Dynamic libraries:
0x00007ff660000000 - 0x00007ff66000a000 	C:\Program Files\Android\Android Studio\jre\bin\java.exe
0x00007ffbbadf0000 - 0x00007ffbbafe5000 	C:\Windows\SYSTEM32\ntdll.dll
0x00007ffbbac30000 - 0x00007ffbbaced000 	C:\Windows\System32\KERNEL32.DLL
0x00007ffbb8720000 - 0x00007ffbb89ed000 	C:\Windows\System32\KERNELBASE.dll
0x00007ffbb85a0000 - 0x00007ffbb86a0000 	C:\Windows\System32\ucrtbase.dll
0x00007ffb696b0000 - 0x00007ffb696c7000 	C:\Program Files\Android\Android Studio\jre\bin\VCRUNTIME140.dll
0x00007ffb69960000 - 0x00007ffb69979000 	C:\Program Files\Android\Android Studio\jre\bin\jli.dll
0x00007ffbba220000 - 0x00007ffbba3c0000 	C:\Windows\System32\USER32.dll
0x00007ffb992b0000 - 0x00007ffb9954a000 	C:\Windows\WinSxS\amd64_microsoft.windows.common-controls_6595b64144ccf1df_6.0.19041.1110_none_60b5254171f9507e\COMCTL32.dll
0x00007ffbb9410000 - 0x00007ffbb94ae000 	C:\Windows\System32\msvcrt.dll
0x00007ffbb86a0000 - 0x00007ffbb86c2000 	C:\Windows\System32\win32u.dll
0x00007ffbb9640000 - 0x00007ffbb966a000 	C:\Windows\System32\GDI32.dll
0x00007ffbb8c80000 - 0x00007ffbb8d8b000 	C:\Windows\System32\gdi32full.dll
0x00007ffbb8500000 - 0x00007ffbb859d000 	C:\Windows\System32\msvcp_win.dll
0x00007ffbbaa10000 - 0x00007ffbbaa40000 	C:\Windows\System32\IMM32.DLL
0x00007ffb41130000 - 0x00007ffb411cd000 	C:\Program Files\Android\Android Studio\jre\bin\msvcp140.dll
0x00007ffb5de70000 - 0x00007ffb5e955000 	C:\Program Files\Android\Android Studio\jre\bin\server\jvm.dll
0x00007ffbba0e0000 - 0x00007ffbba18e000 	C:\Windows\System32\ADVAPI32.dll
0x00007ffbb97c0000 - 0x00007ffbb985c000 	C:\Windows\System32\sechost.dll
0x00007ffbbab00000 - 0x00007ffbbac25000 	C:\Windows\System32\RPCRT4.dll
0x00007ffbb9670000 - 0x00007ffbb9678000 	C:\Windows\System32\PSAPI.DLL
0x00007ffbb2d70000 - 0x00007ffbb2d97000 	C:\Windows\SYSTEM32\WINMM.dll
0x00007ffbb2340000 - 0x00007ffbb2349000 	C:\Windows\SYSTEM32\WSOCK32.dll
0x00007ffbb2a30000 - 0x00007ffbb2a3a000 	C:\Windows\SYSTEM32\VERSION.dll
0x00007ffbb94b0000 - 0x00007ffbb951b000 	C:\Windows\System32\WS2_32.dll
0x00007ffbb6400000 - 0x00007ffbb6412000 	C:\Windows\SYSTEM32\kernel.appcore.dll
0x00007ffbb20b0000 - 0x00007ffbb20c1000 	C:\Program Files\Android\Android Studio\jre\bin\verify.dll
0x00007ffbb0620000 - 0x00007ffbb0804000 	C:\Windows\SYSTEM32\DBGHELP.DLL
0x00007ffba1910000 - 0x00007ffba193c000 	C:\Windows\SYSTEM32\dbgcore.DLL
0x00007ffbb89f0000 - 0x00007ffbb8a72000 	C:\Windows\System32\bcryptPrimitives.dll
0x00007ffba2d20000 - 0x00007ffba2d49000 	C:\Program Files\Android\Android Studio\jre\bin\java.dll
0x00007ffbb2330000 - 0x00007ffbb233b000 	C:\Program Files\Android\Android Studio\jre\bin\jimage.dll
0x00007ffba8510000 - 0x00007ffba8528000 	C:\Program Files\Android\Android Studio\jre\bin\zip.dll
0x00007ffbb9990000 - 0x00007ffbba0d4000 	C:\Windows\System32\SHELL32.dll
0x00007ffbb6600000 - 0x00007ffbb6d94000 	C:\Windows\SYSTEM32\windows.storage.dll
0x00007ffbb8ef0000 - 0x00007ffbb9244000 	C:\Windows\System32\combase.dll
0x00007ffbb7f60000 - 0x00007ffbb7f8c000 	C:\Windows\SYSTEM32\Wldp.dll
0x00007ffbb9680000 - 0x00007ffbb972d000 	C:\Windows\System32\SHCORE.dll
0x00007ffbbaa40000 - 0x00007ffbbaa95000 	C:\Windows\System32\shlwapi.dll
0x00007ffbb8440000 - 0x00007ffbb845f000 	C:\Windows\SYSTEM32\profapi.dll
0x00007ffba3590000 - 0x00007ffba35aa000 	C:\Program Files\Android\Android Studio\jre\bin\net.dll
0x00007ffbae920000 - 0x00007ffbaea2a000 	C:\Windows\SYSTEM32\WINHTTP.dll
0x00007ffbb7cc0000 - 0x00007ffbb7d2a000 	C:\Windows\system32\mswsock.dll
0x00007ffba2ce0000 - 0x00007ffba2cf4000 	C:\Program Files\Android\Android Studio\jre\bin\nio.dll
0x00007ffb74310000 - 0x00007ffb74337000 	C:\Users\diaah\.gradle\native\e1d6ef7f7dcc3fd88c89a11ec53ec762bb8ba0a96d01ffa2cd45eb1d1d8dd5c5\windows-amd64\native-platform.dll
0x00007ffb3c830000 - 0x00007ffb3c974000 	C:\Users\diaah\.gradle\native\5664cfc778a61ccfe75a443a1ab52a65af34e5dc3c78e0209fed803814484fcb\windows-amd64\native-platform-file-events.dll
0x00007ffbb2020000 - 0x00007ffbb202a000 	C:\Program Files\Android\Android Studio\jre\bin\management.dll
0x00007ffba85b0000 - 0x00007ffba85bd000 	C:\Program Files\Android\Android Studio\jre\bin\management_ext.dll
0x00007ffbb7eb0000 - 0x00007ffbb7ec8000 	C:\Windows\SYSTEM32\CRYPTSP.dll
0x00007ffbb75d0000 - 0x00007ffbb7604000 	C:\Windows\system32\rsaenh.dll
0x00007ffbb8c50000 - 0x00007ffbb8c77000 	C:\Windows\System32\bcrypt.dll
0x00007ffbb83c0000 - 0x00007ffbb83ee000 	C:\Windows\SYSTEM32\USERENV.dll
0x00007ffbb7ed0000 - 0x00007ffbb7edc000 	C:\Windows\SYSTEM32\CRYPTBASE.dll
0x00007ffbb7960000 - 0x00007ffbb799b000 	C:\Windows\SYSTEM32\IPHLPAPI.DLL
0x00007ffbb9250000 - 0x00007ffbb9258000 	C:\Windows\System32\NSI.dll
0x00007ffbb1eb0000 - 0x00007ffbb1ec7000 	C:\Windows\SYSTEM32\dhcpcsvc6.DLL
0x00007ffbb20f0000 - 0x00007ffbb210d000 	C:\Windows\SYSTEM32\dhcpcsvc.DLL
0x00007ffbb79a0000 - 0x00007ffbb7a6b000 	C:\Windows\SYSTEM32\DNSAPI.dll

dbghelp: loaded successfully - version: 4.0.5 - missing functions: none
symbol engine: initialized successfully - sym options: 0x614 - pdb path: .;C:\Program Files\Android\Android Studio\jre\bin;C:\Windows\SYSTEM32;C:\Windows\WinSxS\amd64_microsoft.windows.common-controls_6595b64144ccf1df_6.0.19041.1110_none_60b5254171f9507e;C:\Program Files\Android\Android Studio\jre\bin\server;C:\Users\diaah\.gradle\native\e1d6ef7f7dcc3fd88c89a11ec53ec762bb8ba0a96d01ffa2cd45eb1d1d8dd5c5\windows-amd64;C:\Users\diaah\.gradle\native\5664cfc778a61ccfe75a443a1ab52a65af34e5dc3c78e0209fed803814484fcb\windows-amd64

VM Arguments:
jvm_args: --add-opens=java.base/java.util=ALL-UNNAMED --add-opens=java.base/java.lang=ALL-UNNAMED --add-opens=java.base/java.lang.invoke=ALL-UNNAMED --add-opens=java.base/java.util=ALL-UNNAMED --add-opens=java.prefs/java.util.prefs=ALL-UNNAMED --add-opens=java.prefs/java.util.prefs=ALL-UNNAMED --add-opens=java.base/java.nio.charset=ALL-UNNAMED --add-opens=java.base/java.net=ALL-UNNAMED --add-opens=java.base/java.util.concurrent.atomic=ALL-UNNAMED -Xmx2048m -Dfile.encoding=UTF-8 -Duser.country=US -Duser.language=en -Duser.variant 
java_command: org.gradle.launcher.daemon.bootstrap.GradleDaemon 7.3.3
java_class_path (initial): C:\Users\diaah\.gradle\wrapper\dists\gradle-7.3.3-bin\6a41zxkdtcxs8rphpq6y0069z\gradle-7.3.3\lib\gradle-launcher-7.3.3.jar
Launcher Type: SUN_STANDARD

[Global flags]
     intx CICompilerCount                          = 4                                         {product} {ergonomic}
     uint ConcGCThreads                            = 3                                         {product} {ergonomic}
     uint G1ConcRefinementThreads                  = 10                                        {product} {ergonomic}
   size_t G1HeapRegionSize                         = 1048576                                   {product} {ergonomic}
    uintx GCDrainStackTargetSize                   = 64                                        {product} {ergonomic}
   size_t InitialHeapSize                          = 266338304                                 {product} {ergonomic}
   size_t MarkStackSize                            = 4194304                                   {product} {ergonomic}
   size_t MaxHeapSize                              = 2147483648                                {product} {command line}
   size_t MaxNewSize                               = 1287651328                                {product} {ergonomic}
   size_t MinHeapDeltaBytes                        = 1048576                                   {product} {ergonomic}
    uintx NonNMethodCodeHeapSize                   = 5836300                                {pd product} {ergonomic}
    uintx NonProfiledCodeHeapSize                  = 122910970                              {pd product} {ergonomic}
    uintx ProfiledCodeHeapSize                     = 122910970                              {pd product} {ergonomic}
    uintx ReservedCodeCacheSize                    = 251658240                              {pd product} {ergonomic}
     bool SegmentedCodeCache                       = true                                      {product} {ergonomic}
     bool UseCompressedClassPointers               = true                                 {lp64_product} {ergonomic}
     bool UseCompressedOops                        = true                                 {lp64_product} {ergonomic}
     bool UseG1GC                                  = true                                      {product} {ergonomic}
     bool UseLargePagesIndividualAllocation        = false                                  {pd product} {ergonomic}

Logging:
Log output configuration:
 #0: stdout all=warning uptime,level,tags
 #1: stderr all=off uptime,level,tags

Environment Variables:
PATH=C:\Program Files\Common Files\Oracle\Java\javapath;C:\ProgramData\Oracle\Java\javapath;C:\Windows\system32;C:\Windows;C:\Windows\System32\Wbem;C:\Windows\System32\WindowsPowerShell\v1.0\;C:\Windows\System32\OpenSSH\;C:\Program Files (x86)\NVIDIA Corporation\PhysX\Common;C:\Program Files\NVIDIA Corporation\NVIDIA NvDLISR;D:\git\Git\cmd;C:\Users\diaah\AppData\Local\Microsoft\WindowsApps
USERNAME=diaa
OS=Windows_NT
PROCESSOR_IDENTIFIER=Intel64 Family 6 Model 165 Stepping 2, GenuineIntel



---------------  S Y S T E M  ---------------

OS: Windows 10 , 64 bit Build 19041 (10.0.19041.1706)
OS uptime: 0 days 7:04 hours

CPU:total 12 (initial active 12) (6 cores per cpu, 2 threads per core) family 6 model 165 stepping 2 microcode 0xe2, cmov, cx8, fxsr, mmx, sse, sse2, sse3, ssse3, sse4.1, sse4.2, popcnt, avx, avx2, aes, clmul, erms, 3dnowpref, lzcnt, ht, tsc, tscinvbit, bmi1, bmi2, adx, fma

Memory: 4k page, system-wide physical 16205M (2859M free)
TotalPageFile size 16205M (AvailPageFile size 2M)
current process WorkingSet (physical memory assigned to process): 243M, peak: 243M
current process commit charge ("private bytes"): 411M, peak: 412M

vm_info: OpenJDK 64-Bit Server VM (11.0.12+7-b1504.28-7817840) for windows-amd64 JRE (11.0.12+7-b1504.28-7817840), built on Oct 13 2021 22:12:33 by "builder" with MS VC++ 14.0 (VS2015)

END.
